<?xml version="1.0" encoding="UTF-8" ?>
<testsuites name="vitest tests" tests="1" failures="1" errors="0" time="1640.607">
    <testsuite name="src/components/graph/__tests__/GraphContextMenu.test.jsx" timestamp="2025-08-14T06:38:35.952Z" hostname="Brians-MacBook-Pro.local" tests="1" failures="1" errors="0" skipped="0" time="0.036">
        <testcase classname="src/components/graph/__tests__/GraphContextMenu.test.jsx" name="shows menu items when open" time="0.034">
            <system-err>
Warning: `ReactDOMTestUtils.act` is deprecated in favor of `React.act`. Import `act` from `react` instead of `react-dom/test-utils`. See https://react.dev/warnings/react-dom-test-utils for more info.
Error: Uncaught [Invariant Violation: An error occurred! For more details, see the full error text at https://go.apollo.dev/c/err#%7B%22version%22%3A%223.13.9%22%2C%22message%22%3A58%2C%22args%22%3A%5B%5D%7D]
    at reportException (/Users/brianlong/Documents/GitHub/intelgraph/client/node_modules/jsdom/lib/jsdom/living/helpers/runtime-script-errors.js:66:24)
    at innerInvokeEventListeners (/Users/brianlong/Documents/GitHub/intelgraph/client/node_modules/jsdom/lib/jsdom/living/events/EventTarget-impl.js:353:9)
    at invokeEventListeners (/Users/brianlong/Documents/GitHub/intelgraph/client/node_modules/jsdom/lib/jsdom/living/events/EventTarget-impl.js:286:3)
    at HTMLUnknownElementImpl._dispatch (/Users/brianlong/Documents/GitHub/intelgraph/client/node_modules/jsdom/lib/jsdom/living/events/EventTarget-impl.js:233:9)
    at HTMLUnknownElementImpl.dispatchEvent (/Users/brianlong/Documents/GitHub/intelgraph/client/node_modules/jsdom/lib/jsdom/living/events/EventTarget-impl.js:104:17)
    at HTMLUnknownElement.dispatchEvent (/Users/brianlong/Documents/GitHub/intelgraph/client/node_modules/jsdom/lib/jsdom/living/generated/EventTarget.js:241:34)
    at Object.invokeGuardedCallbackDev (/Users/brianlong/Documents/GitHub/intelgraph/client/node_modules/react-dom/cjs/react-dom.development.js:4213:16)
    at invokeGuardedCallback (/Users/brianlong/Documents/GitHub/intelgraph/client/node_modules/react-dom/cjs/react-dom.development.js:4277:31)
    at beginWork$1 (/Users/brianlong/Documents/GitHub/intelgraph/client/node_modules/react-dom/cjs/react-dom.development.js:27490:7)
    at performUnitOfWork (/Users/brianlong/Documents/GitHub/intelgraph/client/node_modules/react-dom/cjs/react-dom.development.js:26599:12) Invariant Violation: An error occurred! For more details, see the full error text at https://go.apollo.dev/c/err#%7B%22version%22%3A%223.13.9%22%2C%22message%22%3A58%2C%22args%22%3A%5B%5D%7D
    at new InvariantError [90m(/Users/brianlong/Documents/GitHub/intelgraph/client/[39mnode_modules/[4mts-invariant[24m/lib/invariant.js:11:28[90m)[39m
    at Object.originalInvariant [as invariant] [90m(/Users/brianlong/Documents/GitHub/intelgraph/client/[39mnode_modules/[4mts-invariant[24m/lib/invariant.js:24:15[90m)[39m
    at Object.invariant [90m(/Users/brianlong/Documents/GitHub/intelgraph/client/[39mnode_modules/[4m@apollo[24m/client/utilities/globals/invariantWrappers.js:28:9[90m)[39m
    at useApolloClient [90m(/Users/brianlong/Documents/GitHub/intelgraph/client/[39mnode_modules/[4m@apollo[24m/client/react/hooks/useApolloClient.js:22:5[90m)[39m
    at Proxy.useMutation [90m(/Users/brianlong/Documents/GitHub/intelgraph/client/[39mnode_modules/[4m@apollo[24m/client/react/hooks/useMutation.js:57:18[90m)[39m
    at GraphContextMenu [90m(/Users/brianlong/Documents/GitHub/intelgraph/client/[39msrc/components/graph/GraphContextMenu.jsx:17:20[90m)[39m
    at renderWithHooks [90m(/Users/brianlong/Documents/GitHub/intelgraph/client/[39mnode_modules/[4mreact-dom[24m/cjs/react-dom.development.js:15486:18[90m)[39m
    at mountIndeterminateComponent [90m(/Users/brianlong/Documents/GitHub/intelgraph/client/[39mnode_modules/[4mreact-dom[24m/cjs/react-dom.development.js:20103:13[90m)[39m
    at beginWork [90m(/Users/brianlong/Documents/GitHub/intelgraph/client/[39mnode_modules/[4mreact-dom[24m/cjs/react-dom.development.js:21626:16[90m)[39m
    at HTMLUnknownElement.callCallback [90m(/Users/brianlong/Documents/GitHub/intelgraph/client/[39mnode_modules/[4mreact-dom[24m/cjs/react-dom.development.js:4164:14[90m)[39m {
  framesToPop: [33m1[39m
}
Error: Uncaught [Invariant Violation: An error occurred! For more details, see the full error text at https://go.apollo.dev/c/err#%7B%22version%22%3A%223.13.9%22%2C%22message%22%3A58%2C%22args%22%3A%5B%5D%7D]
    at reportException (/Users/brianlong/Documents/GitHub/intelgraph/client/node_modules/jsdom/lib/jsdom/living/helpers/runtime-script-errors.js:66:24)
    at innerInvokeEventListeners (/Users/brianlong/Documents/GitHub/intelgraph/client/node_modules/jsdom/lib/jsdom/living/events/EventTarget-impl.js:353:9)
    at invokeEventListeners (/Users/brianlong/Documents/GitHub/intelgraph/client/node_modules/jsdom/lib/jsdom/living/events/EventTarget-impl.js:286:3)
    at HTMLUnknownElementImpl._dispatch (/Users/brianlong/Documents/GitHub/intelgraph/client/node_modules/jsdom/lib/jsdom/living/events/EventTarget-impl.js:233:9)
    at HTMLUnknownElementImpl.dispatchEvent (/Users/brianlong/Documents/GitHub/intelgraph/client/node_modules/jsdom/lib/jsdom/living/events/EventTarget-impl.js:104:17)
    at HTMLUnknownElement.dispatchEvent (/Users/brianlong/Documents/GitHub/intelgraph/client/node_modules/jsdom/lib/jsdom/living/generated/EventTarget.js:241:34)
    at Object.invokeGuardedCallbackDev (/Users/brianlong/Documents/GitHub/intelgraph/client/node_modules/react-dom/cjs/react-dom.development.js:4213:16)
    at invokeGuardedCallback (/Users/brianlong/Documents/GitHub/intelgraph/client/node_modules/react-dom/cjs/react-dom.development.js:4277:31)
    at beginWork$1 (/Users/brianlong/Documents/GitHub/intelgraph/client/node_modules/react-dom/cjs/react-dom.development.js:27490:7)
    at performUnitOfWork (/Users/brianlong/Documents/GitHub/intelgraph/client/node_modules/react-dom/cjs/react-dom.development.js:26599:12) Invariant Violation: An error occurred! For more details, see the full error text at https://go.apollo.dev/c/err#%7B%22version%22%3A%223.13.9%22%2C%22message%22%3A58%2C%22args%22%3A%5B%5D%7D
    at new InvariantError [90m(/Users/brianlong/Documents/GitHub/intelgraph/client/[39mnode_modules/[4mts-invariant[24m/lib/invariant.js:11:28[90m)[39m
    at Object.originalInvariant [as invariant] [90m(/Users/brianlong/Documents/GitHub/intelgraph/client/[39mnode_modules/[4mts-invariant[24m/lib/invariant.js:24:15[90m)[39m
    at Object.invariant [90m(/Users/brianlong/Documents/GitHub/intelgraph/client/[39mnode_modules/[4m@apollo[24m/client/utilities/globals/invariantWrappers.js:28:9[90m)[39m
    at useApolloClient [90m(/Users/brianlong/Documents/GitHub/intelgraph/client/[39mnode_modules/[4m@apollo[24m/client/react/hooks/useApolloClient.js:22:5[90m)[39m
    at Proxy.useMutation [90m(/Users/brianlong/Documents/GitHub/intelgraph/client/[39mnode_modules/[4m@apollo[24m/client/react/hooks/useMutation.js:57:18[90m)[39m
    at GraphContextMenu [90m(/Users/brianlong/Documents/GitHub/intelgraph/client/[39msrc/components/graph/GraphContextMenu.jsx:17:20[90m)[39m
    at renderWithHooks [90m(/Users/brianlong/Documents/GitHub/intelgraph/client/[39mnode_modules/[4mreact-dom[24m/cjs/react-dom.development.js:15486:18[90m)[39m
    at mountIndeterminateComponent [90m(/Users/brianlong/Documents/GitHub/intelgraph/client/[39mnode_modules/[4mreact-dom[24m/cjs/react-dom.development.js:20103:13[90m)[39m
    at beginWork [90m(/Users/brianlong/Documents/GitHub/intelgraph/client/[39mnode_modules/[4mreact-dom[24m/cjs/react-dom.development.js:21626:16[90m)[39m
    at HTMLUnknownElement.callCallback [90m(/Users/brianlong/Documents/GitHub/intelgraph/client/[39mnode_modules/[4mreact-dom[24m/cjs/react-dom.development.js:4164:14[90m)[39m {
  framesToPop: [33m1[39m
}
The above error occurred in the &lt;GraphContextMenu&gt; component:

    at GraphContextMenu (/Users/brianlong/Documents/GitHub/intelgraph/client/src/components/graph/GraphContextMenu.jsx:18:42)
    at Provider (/Users/brianlong/Documents/GitHub/intelgraph/client/node_modules/react-redux/lib/components/Provider.js:19:3)

Consider adding an error boundary to your tree to customize error handling behavior.
Visit https://reactjs.org/link/error-boundaries to learn more about error boundaries.

            </system-err>
            <failure message="An error occurred! For more details, see the full error text at https://go.apollo.dev/c/err#%7B%22version%22%3A%223.13.9%22%2C%22message%22%3A58%2C%22args%22%3A%5B%5D%7D" type="Invariant Violation">
Invariant Violation: An error occurred! For more details, see the full error text at https://go.apollo.dev/c/err#%7B%22version%22%3A%223.13.9%22%2C%22message%22%3A58%2C%22args%22%3A%5B%5D%7D
 ❯ new InvariantError node_modules/ts-invariant/lib/invariant.js:11:28
 ❯ Object.originalInvariant [as invariant] node_modules/ts-invariant/lib/invariant.js:24:15
 ❯ Object.invariant node_modules/@apollo/client/utilities/globals/invariantWrappers.js:28:9
 ❯ useApolloClient node_modules/@apollo/client/react/hooks/useApolloClient.js:22:5
 ❯ Proxy.useMutation node_modules/@apollo/client/react/hooks/useMutation.js:57:18
 ❯ GraphContextMenu src/components/graph/GraphContextMenu.jsx:17:20
 ❯ renderWithHooks node_modules/react-dom/cjs/react-dom.development.js:15486:18
 ❯ mountIndeterminateComponent node_modules/react-dom/cjs/react-dom.development.js:20103:13
 ❯ beginWork node_modules/react-dom/cjs/react-dom.development.js:21626:16
 ❯ beginWork$1 node_modules/react-dom/cjs/react-dom.development.js:27465:14
            </failure>
        </testcase>
    </testsuite>
</testsuites>
