<?xml version="1.0" encoding="UTF-8"?>
<testsuites name="jest tests" tests="1" failures="0" errors="0" time="0.934">
  <testsuite name="undefined" errors="0" failures="0" skipped="0" timestamp="2025-08-14T23:32:20" time="0.477" tests="1">
    <testcase classname="" name="renders IntelGraph platform" time="0.027">
    </testcase>
  </testsuite>
</testsuites>