<?xml version="1.0" encoding="UTF-8"?>
<testsuites name="jest tests" tests="1700" failures="104" errors="0" time="138.219">
  <testsuite name="War Room Graph Sync - P0 Critical MVP1" errors="0" failures="9" skipped="0" timestamp="2025-08-14T19:28:21" time="30.272" tests="9">
    <testcase classname="War Room Graph Sync - P0 Critical MVP1 › P0 Requirement: &lt;300ms Latency" name="should initialize war room in under 50ms" time="0.005">
      <failure>Error: thrown: &quot;Exceeded timeout of 30000 ms for a hook while waiting for `done()` to be called.
Add a timeout value to this test to increase the timeout, if this is a long-running test. See https://jestjs.io/docs/api#testname-fn-timeout.&quot;
    at beforeAll (/Users/brianlong/Documents/GitHub/intelgraph/server/src/tests/warRoomSync.test.js:17:3)
    at _dispatchDescribe (/Users/brianlong/Documents/GitHub/intelgraph/server/node_modules/jest-circus/build/index.js:91:26)
    at describe (/Users/brianlong/Documents/GitHub/intelgraph/server/node_modules/jest-circus/build/index.js:55:5)
    at Object.describe (/Users/brianlong/Documents/GitHub/intelgraph/server/src/tests/warRoomSync.test.js:11:1)
    at Runtime._execModule (/Users/brianlong/Documents/GitHub/intelgraph/server/node_modules/jest-runtime/build/index.js:1439:24)
    at Runtime._loadModule (/Users/brianlong/Documents/GitHub/intelgraph/server/node_modules/jest-runtime/build/index.js:1022:12)
    at Runtime.requireModule (/Users/brianlong/Documents/GitHub/intelgraph/server/node_modules/jest-runtime/build/index.js:882:12)
    at jestAdapter (/Users/brianlong/Documents/GitHub/intelgraph/server/node_modules/jest-circus/build/legacy-code-todo-rewrite/jestAdapter.js:77:13)
    at processTicksAndRejections (node:internal/process/task_queues:105:5)
    at runTestInternal (/Users/brianlong/Documents/GitHub/intelgraph/server/node_modules/jest-runner/build/runTest.js:367:16)
    at runTest (/Users/brianlong/Documents/GitHub/intelgraph/server/node_modules/jest-runner/build/runTest.js:444:34)
    at Object.worker (/Users/brianlong/Documents/GitHub/intelgraph/server/node_modules/jest-runner/build/testWorker.js:106:12)</failure>
    </testcase>
    <testcase classname="War Room Graph Sync - P0 Critical MVP1 › P0 Requirement: &lt;300ms Latency" name="should handle graph operations with &lt;300ms latency" time="0">
      <failure>Error: thrown: &quot;Exceeded timeout of 30000 ms for a hook while waiting for `done()` to be called.
Add a timeout value to this test to increase the timeout, if this is a long-running test. See https://jestjs.io/docs/api#testname-fn-timeout.&quot;
    at beforeAll (/Users/brianlong/Documents/GitHub/intelgraph/server/src/tests/warRoomSync.test.js:17:3)
    at _dispatchDescribe (/Users/brianlong/Documents/GitHub/intelgraph/server/node_modules/jest-circus/build/index.js:91:26)
    at describe (/Users/brianlong/Documents/GitHub/intelgraph/server/node_modules/jest-circus/build/index.js:55:5)
    at Object.describe (/Users/brianlong/Documents/GitHub/intelgraph/server/src/tests/warRoomSync.test.js:11:1)
    at Runtime._execModule (/Users/brianlong/Documents/GitHub/intelgraph/server/node_modules/jest-runtime/build/index.js:1439:24)
    at Runtime._loadModule (/Users/brianlong/Documents/GitHub/intelgraph/server/node_modules/jest-runtime/build/index.js:1022:12)
    at Runtime.requireModule (/Users/brianlong/Documents/GitHub/intelgraph/server/node_modules/jest-runtime/build/index.js:882:12)
    at jestAdapter (/Users/brianlong/Documents/GitHub/intelgraph/server/node_modules/jest-circus/build/legacy-code-todo-rewrite/jestAdapter.js:77:13)
    at processTicksAndRejections (node:internal/process/task_queues:105:5)
    at runTestInternal (/Users/brianlong/Documents/GitHub/intelgraph/server/node_modules/jest-runner/build/runTest.js:367:16)
    at runTest (/Users/brianlong/Documents/GitHub/intelgraph/server/node_modules/jest-runner/build/runTest.js:444:34)
    at Object.worker (/Users/brianlong/Documents/GitHub/intelgraph/server/node_modules/jest-runner/build/testWorker.js:106:12)</failure>
    </testcase>
    <testcase classname="War Room Graph Sync - P0 Critical MVP1 › P0 Requirement: &lt;300ms Latency" name="should handle concurrent operations without conflicts" time="0">
      <failure>Error: thrown: &quot;Exceeded timeout of 30000 ms for a hook while waiting for `done()` to be called.
Add a timeout value to this test to increase the timeout, if this is a long-running test. See https://jestjs.io/docs/api#testname-fn-timeout.&quot;
    at beforeAll (/Users/brianlong/Documents/GitHub/intelgraph/server/src/tests/warRoomSync.test.js:17:3)
    at _dispatchDescribe (/Users/brianlong/Documents/GitHub/intelgraph/server/node_modules/jest-circus/build/index.js:91:26)
    at describe (/Users/brianlong/Documents/GitHub/intelgraph/server/node_modules/jest-circus/build/index.js:55:5)
    at Object.describe (/Users/brianlong/Documents/GitHub/intelgraph/server/src/tests/warRoomSync.test.js:11:1)
    at Runtime._execModule (/Users/brianlong/Documents/GitHub/intelgraph/server/node_modules/jest-runtime/build/index.js:1439:24)
    at Runtime._loadModule (/Users/brianlong/Documents/GitHub/intelgraph/server/node_modules/jest-runtime/build/index.js:1022:12)
    at Runtime.requireModule (/Users/brianlong/Documents/GitHub/intelgraph/server/node_modules/jest-runtime/build/index.js:882:12)
    at jestAdapter (/Users/brianlong/Documents/GitHub/intelgraph/server/node_modules/jest-circus/build/legacy-code-todo-rewrite/jestAdapter.js:77:13)
    at processTicksAndRejections (node:internal/process/task_queues:105:5)
    at runTestInternal (/Users/brianlong/Documents/GitHub/intelgraph/server/node_modules/jest-runner/build/runTest.js:367:16)
    at runTest (/Users/brianlong/Documents/GitHub/intelgraph/server/node_modules/jest-runner/build/runTest.js:444:34)
    at Object.worker (/Users/brianlong/Documents/GitHub/intelgraph/server/node_modules/jest-runner/build/testWorker.js:106:12)</failure>
    </testcase>
    <testcase classname="War Room Graph Sync - P0 Critical MVP1 › P0 Requirement: &lt;300ms Latency" name="should resolve conflicts quickly" time="0">
      <failure>Error: thrown: &quot;Exceeded timeout of 30000 ms for a hook while waiting for `done()` to be called.
Add a timeout value to this test to increase the timeout, if this is a long-running test. See https://jestjs.io/docs/api#testname-fn-timeout.&quot;
    at beforeAll (/Users/brianlong/Documents/GitHub/intelgraph/server/src/tests/warRoomSync.test.js:17:3)
    at _dispatchDescribe (/Users/brianlong/Documents/GitHub/intelgraph/server/node_modules/jest-circus/build/index.js:91:26)
    at describe (/Users/brianlong/Documents/GitHub/intelgraph/server/node_modules/jest-circus/build/index.js:55:5)
    at Object.describe (/Users/brianlong/Documents/GitHub/intelgraph/server/src/tests/warRoomSync.test.js:11:1)
    at Runtime._execModule (/Users/brianlong/Documents/GitHub/intelgraph/server/node_modules/jest-runtime/build/index.js:1439:24)
    at Runtime._loadModule (/Users/brianlong/Documents/GitHub/intelgraph/server/node_modules/jest-runtime/build/index.js:1022:12)
    at Runtime.requireModule (/Users/brianlong/Documents/GitHub/intelgraph/server/node_modules/jest-runtime/build/index.js:882:12)
    at jestAdapter (/Users/brianlong/Documents/GitHub/intelgraph/server/node_modules/jest-circus/build/legacy-code-todo-rewrite/jestAdapter.js:77:13)
    at processTicksAndRejections (node:internal/process/task_queues:105:5)
    at runTestInternal (/Users/brianlong/Documents/GitHub/intelgraph/server/node_modules/jest-runner/build/runTest.js:367:16)
    at runTest (/Users/brianlong/Documents/GitHub/intelgraph/server/node_modules/jest-runner/build/runTest.js:444:34)
    at Object.worker (/Users/brianlong/Documents/GitHub/intelgraph/server/node_modules/jest-runner/build/testWorker.js:106:12)</failure>
    </testcase>
    <testcase classname="War Room Graph Sync - P0 Critical MVP1 › Operational Transform" name="should transform concurrent operations correctly" time="0">
      <failure>Error: thrown: &quot;Exceeded timeout of 30000 ms for a hook while waiting for `done()` to be called.
Add a timeout value to this test to increase the timeout, if this is a long-running test. See https://jestjs.io/docs/api#testname-fn-timeout.&quot;
    at beforeAll (/Users/brianlong/Documents/GitHub/intelgraph/server/src/tests/warRoomSync.test.js:17:3)
    at _dispatchDescribe (/Users/brianlong/Documents/GitHub/intelgraph/server/node_modules/jest-circus/build/index.js:91:26)
    at describe (/Users/brianlong/Documents/GitHub/intelgraph/server/node_modules/jest-circus/build/index.js:55:5)
    at Object.describe (/Users/brianlong/Documents/GitHub/intelgraph/server/src/tests/warRoomSync.test.js:11:1)
    at Runtime._execModule (/Users/brianlong/Documents/GitHub/intelgraph/server/node_modules/jest-runtime/build/index.js:1439:24)
    at Runtime._loadModule (/Users/brianlong/Documents/GitHub/intelgraph/server/node_modules/jest-runtime/build/index.js:1022:12)
    at Runtime.requireModule (/Users/brianlong/Documents/GitHub/intelgraph/server/node_modules/jest-runtime/build/index.js:882:12)
    at jestAdapter (/Users/brianlong/Documents/GitHub/intelgraph/server/node_modules/jest-circus/build/legacy-code-todo-rewrite/jestAdapter.js:77:13)
    at processTicksAndRejections (node:internal/process/task_queues:105:5)
    at runTestInternal (/Users/brianlong/Documents/GitHub/intelgraph/server/node_modules/jest-runner/build/runTest.js:367:16)
    at runTest (/Users/brianlong/Documents/GitHub/intelgraph/server/node_modules/jest-runner/build/runTest.js:444:34)
    at Object.worker (/Users/brianlong/Documents/GitHub/intelgraph/server/node_modules/jest-runner/build/testWorker.js:106:12)</failure>
    </testcase>
    <testcase classname="War Room Graph Sync - P0 Critical MVP1 › Performance Metrics" name="should track performance metrics accurately" time="0">
      <failure>Error: thrown: &quot;Exceeded timeout of 30000 ms for a hook while waiting for `done()` to be called.
Add a timeout value to this test to increase the timeout, if this is a long-running test. See https://jestjs.io/docs/api#testname-fn-timeout.&quot;
    at beforeAll (/Users/brianlong/Documents/GitHub/intelgraph/server/src/tests/warRoomSync.test.js:17:3)
    at _dispatchDescribe (/Users/brianlong/Documents/GitHub/intelgraph/server/node_modules/jest-circus/build/index.js:91:26)
    at describe (/Users/brianlong/Documents/GitHub/intelgraph/server/node_modules/jest-circus/build/index.js:55:5)
    at Object.describe (/Users/brianlong/Documents/GitHub/intelgraph/server/src/tests/warRoomSync.test.js:11:1)
    at Runtime._execModule (/Users/brianlong/Documents/GitHub/intelgraph/server/node_modules/jest-runtime/build/index.js:1439:24)
    at Runtime._loadModule (/Users/brianlong/Documents/GitHub/intelgraph/server/node_modules/jest-runtime/build/index.js:1022:12)
    at Runtime.requireModule (/Users/brianlong/Documents/GitHub/intelgraph/server/node_modules/jest-runtime/build/index.js:882:12)
    at jestAdapter (/Users/brianlong/Documents/GitHub/intelgraph/server/node_modules/jest-circus/build/legacy-code-todo-rewrite/jestAdapter.js:77:13)
    at processTicksAndRejections (node:internal/process/task_queues:105:5)
    at runTestInternal (/Users/brianlong/Documents/GitHub/intelgraph/server/node_modules/jest-runner/build/runTest.js:367:16)
    at runTest (/Users/brianlong/Documents/GitHub/intelgraph/server/node_modules/jest-runner/build/runTest.js:444:34)
    at Object.worker (/Users/brianlong/Documents/GitHub/intelgraph/server/node_modules/jest-runner/build/testWorker.js:106:12)</failure>
    </testcase>
    <testcase classname="War Room Graph Sync - P0 Critical MVP1 › Performance Metrics" name="should provide room statistics" time="0">
      <failure>Error: thrown: &quot;Exceeded timeout of 30000 ms for a hook while waiting for `done()` to be called.
Add a timeout value to this test to increase the timeout, if this is a long-running test. See https://jestjs.io/docs/api#testname-fn-timeout.&quot;
    at beforeAll (/Users/brianlong/Documents/GitHub/intelgraph/server/src/tests/warRoomSync.test.js:17:3)
    at _dispatchDescribe (/Users/brianlong/Documents/GitHub/intelgraph/server/node_modules/jest-circus/build/index.js:91:26)
    at describe (/Users/brianlong/Documents/GitHub/intelgraph/server/node_modules/jest-circus/build/index.js:55:5)
    at Object.describe (/Users/brianlong/Documents/GitHub/intelgraph/server/src/tests/warRoomSync.test.js:11:1)
    at Runtime._execModule (/Users/brianlong/Documents/GitHub/intelgraph/server/node_modules/jest-runtime/build/index.js:1439:24)
    at Runtime._loadModule (/Users/brianlong/Documents/GitHub/intelgraph/server/node_modules/jest-runtime/build/index.js:1022:12)
    at Runtime.requireModule (/Users/brianlong/Documents/GitHub/intelgraph/server/node_modules/jest-runtime/build/index.js:882:12)
    at jestAdapter (/Users/brianlong/Documents/GitHub/intelgraph/server/node_modules/jest-circus/build/legacy-code-todo-rewrite/jestAdapter.js:77:13)
    at processTicksAndRejections (node:internal/process/task_queues:105:5)
    at runTestInternal (/Users/brianlong/Documents/GitHub/intelgraph/server/node_modules/jest-runner/build/runTest.js:367:16)
    at runTest (/Users/brianlong/Documents/GitHub/intelgraph/server/node_modules/jest-runner/build/runTest.js:444:34)
    at Object.worker (/Users/brianlong/Documents/GitHub/intelgraph/server/node_modules/jest-runner/build/testWorker.js:106:12)</failure>
    </testcase>
    <testcase classname="War Room Graph Sync - P0 Critical MVP1 › Error Handling" name="should handle invalid operations gracefully" time="0">
      <failure>Error: thrown: &quot;Exceeded timeout of 30000 ms for a hook while waiting for `done()` to be called.
Add a timeout value to this test to increase the timeout, if this is a long-running test. See https://jestjs.io/docs/api#testname-fn-timeout.&quot;
    at beforeAll (/Users/brianlong/Documents/GitHub/intelgraph/server/src/tests/warRoomSync.test.js:17:3)
    at _dispatchDescribe (/Users/brianlong/Documents/GitHub/intelgraph/server/node_modules/jest-circus/build/index.js:91:26)
    at describe (/Users/brianlong/Documents/GitHub/intelgraph/server/node_modules/jest-circus/build/index.js:55:5)
    at Object.describe (/Users/brianlong/Documents/GitHub/intelgraph/server/src/tests/warRoomSync.test.js:11:1)
    at Runtime._execModule (/Users/brianlong/Documents/GitHub/intelgraph/server/node_modules/jest-runtime/build/index.js:1439:24)
    at Runtime._loadModule (/Users/brianlong/Documents/GitHub/intelgraph/server/node_modules/jest-runtime/build/index.js:1022:12)
    at Runtime.requireModule (/Users/brianlong/Documents/GitHub/intelgraph/server/node_modules/jest-runtime/build/index.js:882:12)
    at jestAdapter (/Users/brianlong/Documents/GitHub/intelgraph/server/node_modules/jest-circus/build/legacy-code-todo-rewrite/jestAdapter.js:77:13)
    at processTicksAndRejections (node:internal/process/task_queues:105:5)
    at runTestInternal (/Users/brianlong/Documents/GitHub/intelgraph/server/node_modules/jest-runner/build/runTest.js:367:16)
    at runTest (/Users/brianlong/Documents/GitHub/intelgraph/server/node_modules/jest-runner/build/runTest.js:444:34)
    at Object.worker (/Users/brianlong/Documents/GitHub/intelgraph/server/node_modules/jest-runner/build/testWorker.js:106:12)</failure>
    </testcase>
    <testcase classname="War Room Graph Sync - P0 Critical MVP1 › Error Handling" name="should handle user permission violations" time="0">
      <failure>Error: thrown: &quot;Exceeded timeout of 30000 ms for a hook while waiting for `done()` to be called.
Add a timeout value to this test to increase the timeout, if this is a long-running test. See https://jestjs.io/docs/api#testname-fn-timeout.&quot;
    at beforeAll (/Users/brianlong/Documents/GitHub/intelgraph/server/src/tests/warRoomSync.test.js:17:3)
    at _dispatchDescribe (/Users/brianlong/Documents/GitHub/intelgraph/server/node_modules/jest-circus/build/index.js:91:26)
    at describe (/Users/brianlong/Documents/GitHub/intelgraph/server/node_modules/jest-circus/build/index.js:55:5)
    at Object.describe (/Users/brianlong/Documents/GitHub/intelgraph/server/src/tests/warRoomSync.test.js:11:1)
    at Runtime._execModule (/Users/brianlong/Documents/GitHub/intelgraph/server/node_modules/jest-runtime/build/index.js:1439:24)
    at Runtime._loadModule (/Users/brianlong/Documents/GitHub/intelgraph/server/node_modules/jest-runtime/build/index.js:1022:12)
    at Runtime.requireModule (/Users/brianlong/Documents/GitHub/intelgraph/server/node_modules/jest-runtime/build/index.js:882:12)
    at jestAdapter (/Users/brianlong/Documents/GitHub/intelgraph/server/node_modules/jest-circus/build/legacy-code-todo-rewrite/jestAdapter.js:77:13)
    at processTicksAndRejections (node:internal/process/task_queues:105:5)
    at runTestInternal (/Users/brianlong/Documents/GitHub/intelgraph/server/node_modules/jest-runner/build/runTest.js:367:16)
    at runTest (/Users/brianlong/Documents/GitHub/intelgraph/server/node_modules/jest-runner/build/runTest.js:444:34)
    at Object.worker (/Users/brianlong/Documents/GitHub/intelgraph/server/node_modules/jest-runner/build/testWorker.js:106:12)</failure>
    </testcase>
  </testsuite>
  <testsuite name="War Room Graph Sync - P0 Critical MVP1" errors="0" failures="9" skipped="0" timestamp="2025-08-14T19:28:21" time="30.284" tests="9">
    <testcase classname="War Room Graph Sync - P0 Critical MVP1 › P0 Requirement: &lt;300ms Latency" name="should initialize war room in under 50ms" time="0.005">
      <failure>Error: thrown: &quot;Exceeded timeout of 30000 ms for a hook while waiting for `done()` to be called.
Add a timeout value to this test to increase the timeout, if this is a long-running test. See https://jestjs.io/docs/api#testname-fn-timeout.&quot;
    at beforeAll (/Users/brianlong/Documents/GitHub/intelgraph/server/src/tests/warRoomSync.test.js:17:3)
    at _dispatchDescribe (/Users/brianlong/Documents/GitHub/intelgraph/server/node_modules/jest-circus/build/index.js:91:26)
    at describe (/Users/brianlong/Documents/GitHub/intelgraph/server/node_modules/jest-circus/build/index.js:55:5)
    at Object.describe (/Users/brianlong/Documents/GitHub/intelgraph/server/src/tests/warRoomSync.test.js:11:1)
    at Runtime._execModule (/Users/brianlong/Documents/GitHub/intelgraph/server/node_modules/jest-runtime/build/index.js:1439:24)
    at Runtime._loadModule (/Users/brianlong/Documents/GitHub/intelgraph/server/node_modules/jest-runtime/build/index.js:1022:12)
    at Runtime.requireModule (/Users/brianlong/Documents/GitHub/intelgraph/server/node_modules/jest-runtime/build/index.js:882:12)
    at jestAdapter (/Users/brianlong/Documents/GitHub/intelgraph/server/node_modules/jest-circus/build/legacy-code-todo-rewrite/jestAdapter.js:77:13)
    at processTicksAndRejections (node:internal/process/task_queues:105:5)
    at runTestInternal (/Users/brianlong/Documents/GitHub/intelgraph/server/node_modules/jest-runner/build/runTest.js:367:16)
    at runTest (/Users/brianlong/Documents/GitHub/intelgraph/server/node_modules/jest-runner/build/runTest.js:444:34)
    at Object.worker (/Users/brianlong/Documents/GitHub/intelgraph/server/node_modules/jest-runner/build/testWorker.js:106:12)</failure>
    </testcase>
    <testcase classname="War Room Graph Sync - P0 Critical MVP1 › P0 Requirement: &lt;300ms Latency" name="should handle graph operations with &lt;300ms latency" time="0">
      <failure>Error: thrown: &quot;Exceeded timeout of 30000 ms for a hook while waiting for `done()` to be called.
Add a timeout value to this test to increase the timeout, if this is a long-running test. See https://jestjs.io/docs/api#testname-fn-timeout.&quot;
    at beforeAll (/Users/brianlong/Documents/GitHub/intelgraph/server/src/tests/warRoomSync.test.js:17:3)
    at _dispatchDescribe (/Users/brianlong/Documents/GitHub/intelgraph/server/node_modules/jest-circus/build/index.js:91:26)
    at describe (/Users/brianlong/Documents/GitHub/intelgraph/server/node_modules/jest-circus/build/index.js:55:5)
    at Object.describe (/Users/brianlong/Documents/GitHub/intelgraph/server/src/tests/warRoomSync.test.js:11:1)
    at Runtime._execModule (/Users/brianlong/Documents/GitHub/intelgraph/server/node_modules/jest-runtime/build/index.js:1439:24)
    at Runtime._loadModule (/Users/brianlong/Documents/GitHub/intelgraph/server/node_modules/jest-runtime/build/index.js:1022:12)
    at Runtime.requireModule (/Users/brianlong/Documents/GitHub/intelgraph/server/node_modules/jest-runtime/build/index.js:882:12)
    at jestAdapter (/Users/brianlong/Documents/GitHub/intelgraph/server/node_modules/jest-circus/build/legacy-code-todo-rewrite/jestAdapter.js:77:13)
    at processTicksAndRejections (node:internal/process/task_queues:105:5)
    at runTestInternal (/Users/brianlong/Documents/GitHub/intelgraph/server/node_modules/jest-runner/build/runTest.js:367:16)
    at runTest (/Users/brianlong/Documents/GitHub/intelgraph/server/node_modules/jest-runner/build/runTest.js:444:34)
    at Object.worker (/Users/brianlong/Documents/GitHub/intelgraph/server/node_modules/jest-runner/build/testWorker.js:106:12)</failure>
    </testcase>
    <testcase classname="War Room Graph Sync - P0 Critical MVP1 › P0 Requirement: &lt;300ms Latency" name="should handle concurrent operations without conflicts" time="0">
      <failure>Error: thrown: &quot;Exceeded timeout of 30000 ms for a hook while waiting for `done()` to be called.
Add a timeout value to this test to increase the timeout, if this is a long-running test. See https://jestjs.io/docs/api#testname-fn-timeout.&quot;
    at beforeAll (/Users/brianlong/Documents/GitHub/intelgraph/server/src/tests/warRoomSync.test.js:17:3)
    at _dispatchDescribe (/Users/brianlong/Documents/GitHub/intelgraph/server/node_modules/jest-circus/build/index.js:91:26)
    at describe (/Users/brianlong/Documents/GitHub/intelgraph/server/node_modules/jest-circus/build/index.js:55:5)
    at Object.describe (/Users/brianlong/Documents/GitHub/intelgraph/server/src/tests/warRoomSync.test.js:11:1)
    at Runtime._execModule (/Users/brianlong/Documents/GitHub/intelgraph/server/node_modules/jest-runtime/build/index.js:1439:24)
    at Runtime._loadModule (/Users/brianlong/Documents/GitHub/intelgraph/server/node_modules/jest-runtime/build/index.js:1022:12)
    at Runtime.requireModule (/Users/brianlong/Documents/GitHub/intelgraph/server/node_modules/jest-runtime/build/index.js:882:12)
    at jestAdapter (/Users/brianlong/Documents/GitHub/intelgraph/server/node_modules/jest-circus/build/legacy-code-todo-rewrite/jestAdapter.js:77:13)
    at processTicksAndRejections (node:internal/process/task_queues:105:5)
    at runTestInternal (/Users/brianlong/Documents/GitHub/intelgraph/server/node_modules/jest-runner/build/runTest.js:367:16)
    at runTest (/Users/brianlong/Documents/GitHub/intelgraph/server/node_modules/jest-runner/build/runTest.js:444:34)
    at Object.worker (/Users/brianlong/Documents/GitHub/intelgraph/server/node_modules/jest-runner/build/testWorker.js:106:12)</failure>
    </testcase>
    <testcase classname="War Room Graph Sync - P0 Critical MVP1 › P0 Requirement: &lt;300ms Latency" name="should resolve conflicts quickly" time="0">
      <failure>Error: thrown: &quot;Exceeded timeout of 30000 ms for a hook while waiting for `done()` to be called.
Add a timeout value to this test to increase the timeout, if this is a long-running test. See https://jestjs.io/docs/api#testname-fn-timeout.&quot;
    at beforeAll (/Users/brianlong/Documents/GitHub/intelgraph/server/src/tests/warRoomSync.test.js:17:3)
    at _dispatchDescribe (/Users/brianlong/Documents/GitHub/intelgraph/server/node_modules/jest-circus/build/index.js:91:26)
    at describe (/Users/brianlong/Documents/GitHub/intelgraph/server/node_modules/jest-circus/build/index.js:55:5)
    at Object.describe (/Users/brianlong/Documents/GitHub/intelgraph/server/src/tests/warRoomSync.test.js:11:1)
    at Runtime._execModule (/Users/brianlong/Documents/GitHub/intelgraph/server/node_modules/jest-runtime/build/index.js:1439:24)
    at Runtime._loadModule (/Users/brianlong/Documents/GitHub/intelgraph/server/node_modules/jest-runtime/build/index.js:1022:12)
    at Runtime.requireModule (/Users/brianlong/Documents/GitHub/intelgraph/server/node_modules/jest-runtime/build/index.js:882:12)
    at jestAdapter (/Users/brianlong/Documents/GitHub/intelgraph/server/node_modules/jest-circus/build/legacy-code-todo-rewrite/jestAdapter.js:77:13)
    at processTicksAndRejections (node:internal/process/task_queues:105:5)
    at runTestInternal (/Users/brianlong/Documents/GitHub/intelgraph/server/node_modules/jest-runner/build/runTest.js:367:16)
    at runTest (/Users/brianlong/Documents/GitHub/intelgraph/server/node_modules/jest-runner/build/runTest.js:444:34)
    at Object.worker (/Users/brianlong/Documents/GitHub/intelgraph/server/node_modules/jest-runner/build/testWorker.js:106:12)</failure>
    </testcase>
    <testcase classname="War Room Graph Sync - P0 Critical MVP1 › Operational Transform" name="should transform concurrent operations correctly" time="0">
      <failure>Error: thrown: &quot;Exceeded timeout of 30000 ms for a hook while waiting for `done()` to be called.
Add a timeout value to this test to increase the timeout, if this is a long-running test. See https://jestjs.io/docs/api#testname-fn-timeout.&quot;
    at beforeAll (/Users/brianlong/Documents/GitHub/intelgraph/server/src/tests/warRoomSync.test.js:17:3)
    at _dispatchDescribe (/Users/brianlong/Documents/GitHub/intelgraph/server/node_modules/jest-circus/build/index.js:91:26)
    at describe (/Users/brianlong/Documents/GitHub/intelgraph/server/node_modules/jest-circus/build/index.js:55:5)
    at Object.describe (/Users/brianlong/Documents/GitHub/intelgraph/server/src/tests/warRoomSync.test.js:11:1)
    at Runtime._execModule (/Users/brianlong/Documents/GitHub/intelgraph/server/node_modules/jest-runtime/build/index.js:1439:24)
    at Runtime._loadModule (/Users/brianlong/Documents/GitHub/intelgraph/server/node_modules/jest-runtime/build/index.js:1022:12)
    at Runtime.requireModule (/Users/brianlong/Documents/GitHub/intelgraph/server/node_modules/jest-runtime/build/index.js:882:12)
    at jestAdapter (/Users/brianlong/Documents/GitHub/intelgraph/server/node_modules/jest-circus/build/legacy-code-todo-rewrite/jestAdapter.js:77:13)
    at processTicksAndRejections (node:internal/process/task_queues:105:5)
    at runTestInternal (/Users/brianlong/Documents/GitHub/intelgraph/server/node_modules/jest-runner/build/runTest.js:367:16)
    at runTest (/Users/brianlong/Documents/GitHub/intelgraph/server/node_modules/jest-runner/build/runTest.js:444:34)
    at Object.worker (/Users/brianlong/Documents/GitHub/intelgraph/server/node_modules/jest-runner/build/testWorker.js:106:12)</failure>
    </testcase>
    <testcase classname="War Room Graph Sync - P0 Critical MVP1 › Performance Metrics" name="should track performance metrics accurately" time="0">
      <failure>Error: thrown: &quot;Exceeded timeout of 30000 ms for a hook while waiting for `done()` to be called.
Add a timeout value to this test to increase the timeout, if this is a long-running test. See https://jestjs.io/docs/api#testname-fn-timeout.&quot;
    at beforeAll (/Users/brianlong/Documents/GitHub/intelgraph/server/src/tests/warRoomSync.test.js:17:3)
    at _dispatchDescribe (/Users/brianlong/Documents/GitHub/intelgraph/server/node_modules/jest-circus/build/index.js:91:26)
    at describe (/Users/brianlong/Documents/GitHub/intelgraph/server/node_modules/jest-circus/build/index.js:55:5)
    at Object.describe (/Users/brianlong/Documents/GitHub/intelgraph/server/src/tests/warRoomSync.test.js:11:1)
    at Runtime._execModule (/Users/brianlong/Documents/GitHub/intelgraph/server/node_modules/jest-runtime/build/index.js:1439:24)
    at Runtime._loadModule (/Users/brianlong/Documents/GitHub/intelgraph/server/node_modules/jest-runtime/build/index.js:1022:12)
    at Runtime.requireModule (/Users/brianlong/Documents/GitHub/intelgraph/server/node_modules/jest-runtime/build/index.js:882:12)
    at jestAdapter (/Users/brianlong/Documents/GitHub/intelgraph/server/node_modules/jest-circus/build/legacy-code-todo-rewrite/jestAdapter.js:77:13)
    at processTicksAndRejections (node:internal/process/task_queues:105:5)
    at runTestInternal (/Users/brianlong/Documents/GitHub/intelgraph/server/node_modules/jest-runner/build/runTest.js:367:16)
    at runTest (/Users/brianlong/Documents/GitHub/intelgraph/server/node_modules/jest-runner/build/runTest.js:444:34)
    at Object.worker (/Users/brianlong/Documents/GitHub/intelgraph/server/node_modules/jest-runner/build/testWorker.js:106:12)</failure>
    </testcase>
    <testcase classname="War Room Graph Sync - P0 Critical MVP1 › Performance Metrics" name="should provide room statistics" time="0">
      <failure>Error: thrown: &quot;Exceeded timeout of 30000 ms for a hook while waiting for `done()` to be called.
Add a timeout value to this test to increase the timeout, if this is a long-running test. See https://jestjs.io/docs/api#testname-fn-timeout.&quot;
    at beforeAll (/Users/brianlong/Documents/GitHub/intelgraph/server/src/tests/warRoomSync.test.js:17:3)
    at _dispatchDescribe (/Users/brianlong/Documents/GitHub/intelgraph/server/node_modules/jest-circus/build/index.js:91:26)
    at describe (/Users/brianlong/Documents/GitHub/intelgraph/server/node_modules/jest-circus/build/index.js:55:5)
    at Object.describe (/Users/brianlong/Documents/GitHub/intelgraph/server/src/tests/warRoomSync.test.js:11:1)
    at Runtime._execModule (/Users/brianlong/Documents/GitHub/intelgraph/server/node_modules/jest-runtime/build/index.js:1439:24)
    at Runtime._loadModule (/Users/brianlong/Documents/GitHub/intelgraph/server/node_modules/jest-runtime/build/index.js:1022:12)
    at Runtime.requireModule (/Users/brianlong/Documents/GitHub/intelgraph/server/node_modules/jest-runtime/build/index.js:882:12)
    at jestAdapter (/Users/brianlong/Documents/GitHub/intelgraph/server/node_modules/jest-circus/build/legacy-code-todo-rewrite/jestAdapter.js:77:13)
    at processTicksAndRejections (node:internal/process/task_queues:105:5)
    at runTestInternal (/Users/brianlong/Documents/GitHub/intelgraph/server/node_modules/jest-runner/build/runTest.js:367:16)
    at runTest (/Users/brianlong/Documents/GitHub/intelgraph/server/node_modules/jest-runner/build/runTest.js:444:34)
    at Object.worker (/Users/brianlong/Documents/GitHub/intelgraph/server/node_modules/jest-runner/build/testWorker.js:106:12)</failure>
    </testcase>
    <testcase classname="War Room Graph Sync - P0 Critical MVP1 › Error Handling" name="should handle invalid operations gracefully" time="0">
      <failure>Error: thrown: &quot;Exceeded timeout of 30000 ms for a hook while waiting for `done()` to be called.
Add a timeout value to this test to increase the timeout, if this is a long-running test. See https://jestjs.io/docs/api#testname-fn-timeout.&quot;
    at beforeAll (/Users/brianlong/Documents/GitHub/intelgraph/server/src/tests/warRoomSync.test.js:17:3)
    at _dispatchDescribe (/Users/brianlong/Documents/GitHub/intelgraph/server/node_modules/jest-circus/build/index.js:91:26)
    at describe (/Users/brianlong/Documents/GitHub/intelgraph/server/node_modules/jest-circus/build/index.js:55:5)
    at Object.describe (/Users/brianlong/Documents/GitHub/intelgraph/server/src/tests/warRoomSync.test.js:11:1)
    at Runtime._execModule (/Users/brianlong/Documents/GitHub/intelgraph/server/node_modules/jest-runtime/build/index.js:1439:24)
    at Runtime._loadModule (/Users/brianlong/Documents/GitHub/intelgraph/server/node_modules/jest-runtime/build/index.js:1022:12)
    at Runtime.requireModule (/Users/brianlong/Documents/GitHub/intelgraph/server/node_modules/jest-runtime/build/index.js:882:12)
    at jestAdapter (/Users/brianlong/Documents/GitHub/intelgraph/server/node_modules/jest-circus/build/legacy-code-todo-rewrite/jestAdapter.js:77:13)
    at processTicksAndRejections (node:internal/process/task_queues:105:5)
    at runTestInternal (/Users/brianlong/Documents/GitHub/intelgraph/server/node_modules/jest-runner/build/runTest.js:367:16)
    at runTest (/Users/brianlong/Documents/GitHub/intelgraph/server/node_modules/jest-runner/build/runTest.js:444:34)
    at Object.worker (/Users/brianlong/Documents/GitHub/intelgraph/server/node_modules/jest-runner/build/testWorker.js:106:12)</failure>
    </testcase>
    <testcase classname="War Room Graph Sync - P0 Critical MVP1 › Error Handling" name="should handle user permission violations" time="0">
      <failure>Error: thrown: &quot;Exceeded timeout of 30000 ms for a hook while waiting for `done()` to be called.
Add a timeout value to this test to increase the timeout, if this is a long-running test. See https://jestjs.io/docs/api#testname-fn-timeout.&quot;
    at beforeAll (/Users/brianlong/Documents/GitHub/intelgraph/server/src/tests/warRoomSync.test.js:17:3)
    at _dispatchDescribe (/Users/brianlong/Documents/GitHub/intelgraph/server/node_modules/jest-circus/build/index.js:91:26)
    at describe (/Users/brianlong/Documents/GitHub/intelgraph/server/node_modules/jest-circus/build/index.js:55:5)
    at Object.describe (/Users/brianlong/Documents/GitHub/intelgraph/server/src/tests/warRoomSync.test.js:11:1)
    at Runtime._execModule (/Users/brianlong/Documents/GitHub/intelgraph/server/node_modules/jest-runtime/build/index.js:1439:24)
    at Runtime._loadModule (/Users/brianlong/Documents/GitHub/intelgraph/server/node_modules/jest-runtime/build/index.js:1022:12)
    at Runtime.requireModule (/Users/brianlong/Documents/GitHub/intelgraph/server/node_modules/jest-runtime/build/index.js:882:12)
    at jestAdapter (/Users/brianlong/Documents/GitHub/intelgraph/server/node_modules/jest-circus/build/legacy-code-todo-rewrite/jestAdapter.js:77:13)
    at processTicksAndRejections (node:internal/process/task_queues:105:5)
    at runTestInternal (/Users/brianlong/Documents/GitHub/intelgraph/server/node_modules/jest-runner/build/runTest.js:367:16)
    at runTest (/Users/brianlong/Documents/GitHub/intelgraph/server/node_modules/jest-runner/build/runTest.js:444:34)
    at Object.worker (/Users/brianlong/Documents/GitHub/intelgraph/server/node_modules/jest-runner/build/testWorker.js:106:12)</failure>
    </testcase>
  </testsuite>
  <testsuite name="Visualization Service - P2 Priority" errors="0" failures="1" skipped="0" timestamp="2025-08-14T19:28:51" time="0.192" tests="36">
    <testcase classname="Visualization Service - P2 Priority › Visualization Engine Initialization" name="should initialize all supported visualization types" time="0.002">
    </testcase>
    <testcase classname="Visualization Service - P2 Priority › Visualization Engine Initialization" name="should configure rendering engines correctly" time="0">
    </testcase>
    <testcase classname="Visualization Service - P2 Priority › Visualization Engine Initialization" name="should validate engine-type compatibility" time="0.001">
    </testcase>
    <testcase classname="Visualization Service - P2 Priority › Visualization Creation" name="should create network graph visualizations" time="0.001">
    </testcase>
    <testcase classname="Visualization Service - P2 Priority › Visualization Creation" name="should create timeline visualizations" time="0.001">
    </testcase>
    <testcase classname="Visualization Service - P2 Priority › Visualization Creation" name="should create geospatial map visualizations" time="0.001">
      <failure>Error: expect(received).toBe(expected) // Object.is equality

Expected: &quot;GEOSPATIAL_MAP&quot;
Received: undefined
    at Object.toBe (/Users/brianlong/Documents/GitHub/intelgraph/server/src/tests/visualizationService.test.js:210:34)
    at processTicksAndRejections (node:internal/process/task_queues:105:5)</failure>
    </testcase>
    <testcase classname="Visualization Service - P2 Priority › Visualization Creation" name="should create hierarchical tree visualizations" time="0">
    </testcase>
    <testcase classname="Visualization Service - P2 Priority › Advanced Visualization Types" name="should create matrix visualizations" time="0.001">
    </testcase>
    <testcase classname="Visualization Service - P2 Priority › Advanced Visualization Types" name="should create Sankey diagram visualizations" time="0">
    </testcase>
    <testcase classname="Visualization Service - P2 Priority › Advanced Visualization Types" name="should create 3D force-directed visualizations" time="0">
    </testcase>
    <testcase classname="Visualization Service - P2 Priority › Interactive Features" name="should handle node selection and highlighting" time="0.001">
    </testcase>
    <testcase classname="Visualization Service - P2 Priority › Interactive Features" name="should support node filtering and search" time="0">
    </testcase>
    <testcase classname="Visualization Service - P2 Priority › Interactive Features" name="should handle layout changes" time="0">
    </testcase>
    <testcase classname="Visualization Service - P2 Priority › Interactive Features" name="should support zoom and pan operations" time="0.001">
    </testcase>
    <testcase classname="Visualization Service - P2 Priority › Export Functionality" name="should export visualizations to PNG format" time="0">
    </testcase>
    <testcase classname="Visualization Service - P2 Priority › Export Functionality" name="should export visualizations to SVG format" time="0">
    </testcase>
    <testcase classname="Visualization Service - P2 Priority › Export Functionality" name="should export visualizations to JSON format" time="0">
    </testcase>
    <testcase classname="Visualization Service - P2 Priority › Export Functionality" name="should export interactive HTML visualizations" time="0.001">
    </testcase>
    <testcase classname="Visualization Service - P2 Priority › Layout Algorithms" name="should implement force-directed layout" time="0">
    </testcase>
    <testcase classname="Visualization Service - P2 Priority › Layout Algorithms" name="should implement hierarchical layout" time="0.001">
    </testcase>
    <testcase classname="Visualization Service - P2 Priority › Layout Algorithms" name="should implement circular layout" time="0.001">
    </testcase>
    <testcase classname="Visualization Service - P2 Priority › Layout Algorithms" name="should implement grid layout" time="0">
    </testcase>
    <testcase classname="Visualization Service - P2 Priority › Real-time Updates" name="should handle real-time node additions" time="0">
    </testcase>
    <testcase classname="Visualization Service - P2 Priority › Real-time Updates" name="should handle real-time edge additions" time="0.001">
    </testcase>
    <testcase classname="Visualization Service - P2 Priority › Real-time Updates" name="should handle node property updates" time="0">
    </testcase>
    <testcase classname="Visualization Service - P2 Priority › Performance Optimization" name="should implement level-of-detail rendering" time="0.004">
    </testcase>
    <testcase classname="Visualization Service - P2 Priority › Performance Optimization" name="should implement node clustering for large graphs" time="0.007">
    </testcase>
    <testcase classname="Visualization Service - P2 Priority › Performance Optimization" name="should implement edge bundling for complex networks" time="0">
    </testcase>
    <testcase classname="Visualization Service - P2 Priority › Visualization Management" name="should save and load visualization configurations" time="0.001">
    </testcase>
    <testcase classname="Visualization Service - P2 Priority › Visualization Management" name="should share visualizations between users" time="0">
    </testcase>
    <testcase classname="Visualization Service - P2 Priority › Visualization Management" name="should create visualization snapshots" time="0">
    </testcase>
    <testcase classname="Visualization Service - P2 Priority › Metrics and Analytics" name="should track visualization usage metrics" time="0">
    </testcase>
    <testcase classname="Visualization Service - P2 Priority › Metrics and Analytics" name="should provide performance analytics" time="0.001">
    </testcase>
    <testcase classname="Visualization Service - P2 Priority › Error Handling" name="should handle data loading failures gracefully" time="0">
    </testcase>
    <testcase classname="Visualization Service - P2 Priority › Error Handling" name="should validate visualization parameters" time="0.01">
    </testcase>
    <testcase classname="Visualization Service Performance" name="should handle large graph rendering efficiently" time="0.014">
    </testcase>
  </testsuite>
  <testsuite name="Entity Model System" errors="0" failures="12" skipped="0" timestamp="2025-08-14T19:28:51" time="0.298" tests="12">
    <testcase classname="Entity Model System › Migration System" name="should initialize migration tracking table" time="0">
      <failure>AggregateError: 
    at /Users/brianlong/Documents/GitHub/intelgraph/server/node_modules/pg-pool/index.js:45:11
    at processTicksAndRejections (node:internal/process/task_queues:105:5)
    at connectPostgres (/Users/brianlong/Documents/GitHub/intelgraph/server/src/config/database.js:112:20)
    at Object.&lt;anonymous&gt; (/Users/brianlong/Documents/GitHub/intelgraph/server/src/tests/entityModel.test.js:13:5)</failure>
    </testcase>
    <testcase classname="Entity Model System › Migration System" name="should get migration status" time="0">
      <failure>AggregateError: 
    at /Users/brianlong/Documents/GitHub/intelgraph/server/node_modules/pg-pool/index.js:45:11
    at processTicksAndRejections (node:internal/process/task_queues:105:5)
    at connectPostgres (/Users/brianlong/Documents/GitHub/intelgraph/server/src/config/database.js:112:20)
    at Object.&lt;anonymous&gt; (/Users/brianlong/Documents/GitHub/intelgraph/server/src/tests/entityModel.test.js:13:5)</failure>
    </testcase>
    <testcase classname="Entity Model System › Migration System" name="should track applied migrations" time="0">
      <failure>AggregateError: 
    at /Users/brianlong/Documents/GitHub/intelgraph/server/node_modules/pg-pool/index.js:45:11
    at processTicksAndRejections (node:internal/process/task_queues:105:5)
    at connectPostgres (/Users/brianlong/Documents/GitHub/intelgraph/server/src/config/database.js:112:20)
    at Object.&lt;anonymous&gt; (/Users/brianlong/Documents/GitHub/intelgraph/server/src/tests/entityModel.test.js:13:5)</failure>
    </testcase>
    <testcase classname="Entity Model System › Entity Model Constraints" name="should enforce unique entity IDs" time="0.001">
      <failure>AggregateError: 
    at /Users/brianlong/Documents/GitHub/intelgraph/server/node_modules/pg-pool/index.js:45:11
    at processTicksAndRejections (node:internal/process/task_queues:105:5)
    at connectPostgres (/Users/brianlong/Documents/GitHub/intelgraph/server/src/config/database.js:112:20)
    at Object.&lt;anonymous&gt; (/Users/brianlong/Documents/GitHub/intelgraph/server/src/tests/entityModel.test.js:13:5)</failure>
    </testcase>
    <testcase classname="Entity Model System › Entity Model Constraints" name="should enforce required fields" time="0">
      <failure>AggregateError: 
    at /Users/brianlong/Documents/GitHub/intelgraph/server/node_modules/pg-pool/index.js:45:11
    at processTicksAndRejections (node:internal/process/task_queues:105:5)
    at connectPostgres (/Users/brianlong/Documents/GitHub/intelgraph/server/src/config/database.js:112:20)
    at Object.&lt;anonymous&gt; (/Users/brianlong/Documents/GitHub/intelgraph/server/src/tests/entityModel.test.js:13:5)</failure>
    </testcase>
    <testcase classname="Entity Model System › Entity Model Constraints" name="should enforce email format for EMAIL entities" time="0">
      <failure>AggregateError: 
    at /Users/brianlong/Documents/GitHub/intelgraph/server/node_modules/pg-pool/index.js:45:11
    at processTicksAndRejections (node:internal/process/task_queues:105:5)
    at connectPostgres (/Users/brianlong/Documents/GitHub/intelgraph/server/src/config/database.js:112:20)
    at Object.&lt;anonymous&gt; (/Users/brianlong/Documents/GitHub/intelgraph/server/src/tests/entityModel.test.js:13:5)</failure>
    </testcase>
    <testcase classname="Entity Model System › Entity Model Service" name="should get entity statistics" time="0">
      <failure>AggregateError: 
    at /Users/brianlong/Documents/GitHub/intelgraph/server/node_modules/pg-pool/index.js:45:11
    at processTicksAndRejections (node:internal/process/task_queues:105:5)
    at connectPostgres (/Users/brianlong/Documents/GitHub/intelgraph/server/src/config/database.js:112:20)
    at Object.&lt;anonymous&gt; (/Users/brianlong/Documents/GitHub/intelgraph/server/src/tests/entityModel.test.js:13:5)</failure>
      <failure>Error: Neo4j driver not initialized
    at getNeo4jDriver (/Users/brianlong/Documents/GitHub/intelgraph/server/src/config/database.js:266:27)
    at Object.getNeo4jDriver (/Users/brianlong/Documents/GitHub/intelgraph/server/src/tests/entityModel.test.js:181:22)
    at Promise.then.completed (/Users/brianlong/Documents/GitHub/intelgraph/server/node_modules/jest-circus/build/utils.js:298:28)
    at new Promise (&lt;anonymous&gt;)
    at callAsyncCircusFn (/Users/brianlong/Documents/GitHub/intelgraph/server/node_modules/jest-circus/build/utils.js:231:10)
    at _callCircusHook (/Users/brianlong/Documents/GitHub/intelgraph/server/node_modules/jest-circus/build/run.js:281:40)
    at processTicksAndRejections (node:internal/process/task_queues:105:5)
    at _runTest (/Users/brianlong/Documents/GitHub/intelgraph/server/node_modules/jest-circus/build/run.js:254:5)
    at _runTestsForDescribeBlock (/Users/brianlong/Documents/GitHub/intelgraph/server/node_modules/jest-circus/build/run.js:126:9)
    at _runTestsForDescribeBlock (/Users/brianlong/Documents/GitHub/intelgraph/server/node_modules/jest-circus/build/run.js:121:9)
    at _runTestsForDescribeBlock (/Users/brianlong/Documents/GitHub/intelgraph/server/node_modules/jest-circus/build/run.js:121:9)
    at run (/Users/brianlong/Documents/GitHub/intelgraph/server/node_modules/jest-circus/build/run.js:71:3)
    at runAndTransformResultsToJestFormat (/Users/brianlong/Documents/GitHub/intelgraph/server/node_modules/jest-circus/build/legacy-code-todo-rewrite/jestAdapterInit.js:122:21)
    at jestAdapter (/Users/brianlong/Documents/GitHub/intelgraph/server/node_modules/jest-circus/build/legacy-code-todo-rewrite/jestAdapter.js:79:19)
    at runTestInternal (/Users/brianlong/Documents/GitHub/intelgraph/server/node_modules/jest-runner/build/runTest.js:367:16)
    at runTest (/Users/brianlong/Documents/GitHub/intelgraph/server/node_modules/jest-runner/build/runTest.js:444:34)
    at Object.worker (/Users/brianlong/Documents/GitHub/intelgraph/server/node_modules/jest-runner/build/testWorker.js:106:12)</failure>
    </testcase>
    <testcase classname="Entity Model System › Entity Model Service" name="should find hub entities" time="0">
      <failure>AggregateError: 
    at /Users/brianlong/Documents/GitHub/intelgraph/server/node_modules/pg-pool/index.js:45:11
    at processTicksAndRejections (node:internal/process/task_queues:105:5)
    at connectPostgres (/Users/brianlong/Documents/GitHub/intelgraph/server/src/config/database.js:112:20)
    at Object.&lt;anonymous&gt; (/Users/brianlong/Documents/GitHub/intelgraph/server/src/tests/entityModel.test.js:13:5)</failure>
      <failure>Error: Neo4j driver not initialized
    at getNeo4jDriver (/Users/brianlong/Documents/GitHub/intelgraph/server/src/config/database.js:266:27)
    at Object.getNeo4jDriver (/Users/brianlong/Documents/GitHub/intelgraph/server/src/tests/entityModel.test.js:181:22)
    at Promise.then.completed (/Users/brianlong/Documents/GitHub/intelgraph/server/node_modules/jest-circus/build/utils.js:298:28)
    at new Promise (&lt;anonymous&gt;)
    at callAsyncCircusFn (/Users/brianlong/Documents/GitHub/intelgraph/server/node_modules/jest-circus/build/utils.js:231:10)
    at _callCircusHook (/Users/brianlong/Documents/GitHub/intelgraph/server/node_modules/jest-circus/build/run.js:281:40)
    at processTicksAndRejections (node:internal/process/task_queues:105:5)
    at _runTest (/Users/brianlong/Documents/GitHub/intelgraph/server/node_modules/jest-circus/build/run.js:254:5)
    at _runTestsForDescribeBlock (/Users/brianlong/Documents/GitHub/intelgraph/server/node_modules/jest-circus/build/run.js:126:9)
    at _runTestsForDescribeBlock (/Users/brianlong/Documents/GitHub/intelgraph/server/node_modules/jest-circus/build/run.js:121:9)
    at _runTestsForDescribeBlock (/Users/brianlong/Documents/GitHub/intelgraph/server/node_modules/jest-circus/build/run.js:121:9)
    at run (/Users/brianlong/Documents/GitHub/intelgraph/server/node_modules/jest-circus/build/run.js:71:3)
    at runAndTransformResultsToJestFormat (/Users/brianlong/Documents/GitHub/intelgraph/server/node_modules/jest-circus/build/legacy-code-todo-rewrite/jestAdapterInit.js:122:21)
    at jestAdapter (/Users/brianlong/Documents/GitHub/intelgraph/server/node_modules/jest-circus/build/legacy-code-todo-rewrite/jestAdapter.js:79:19)
    at runTestInternal (/Users/brianlong/Documents/GitHub/intelgraph/server/node_modules/jest-runner/build/runTest.js:367:16)
    at runTest (/Users/brianlong/Documents/GitHub/intelgraph/server/node_modules/jest-runner/build/runTest.js:444:34)
    at Object.worker (/Users/brianlong/Documents/GitHub/intelgraph/server/node_modules/jest-runner/build/testWorker.js:106:12)</failure>
    </testcase>
    <testcase classname="Entity Model System › Entity Model Service" name="should validate model integrity" time="0">
      <failure>AggregateError: 
    at /Users/brianlong/Documents/GitHub/intelgraph/server/node_modules/pg-pool/index.js:45:11
    at processTicksAndRejections (node:internal/process/task_queues:105:5)
    at connectPostgres (/Users/brianlong/Documents/GitHub/intelgraph/server/src/config/database.js:112:20)
    at Object.&lt;anonymous&gt; (/Users/brianlong/Documents/GitHub/intelgraph/server/src/tests/entityModel.test.js:13:5)</failure>
      <failure>Error: Neo4j driver not initialized
    at getNeo4jDriver (/Users/brianlong/Documents/GitHub/intelgraph/server/src/config/database.js:266:27)
    at Object.getNeo4jDriver (/Users/brianlong/Documents/GitHub/intelgraph/server/src/tests/entityModel.test.js:181:22)
    at Promise.then.completed (/Users/brianlong/Documents/GitHub/intelgraph/server/node_modules/jest-circus/build/utils.js:298:28)
    at new Promise (&lt;anonymous&gt;)
    at callAsyncCircusFn (/Users/brianlong/Documents/GitHub/intelgraph/server/node_modules/jest-circus/build/utils.js:231:10)
    at _callCircusHook (/Users/brianlong/Documents/GitHub/intelgraph/server/node_modules/jest-circus/build/run.js:281:40)
    at processTicksAndRejections (node:internal/process/task_queues:105:5)
    at _runTest (/Users/brianlong/Documents/GitHub/intelgraph/server/node_modules/jest-circus/build/run.js:254:5)
    at _runTestsForDescribeBlock (/Users/brianlong/Documents/GitHub/intelgraph/server/node_modules/jest-circus/build/run.js:126:9)
    at _runTestsForDescribeBlock (/Users/brianlong/Documents/GitHub/intelgraph/server/node_modules/jest-circus/build/run.js:121:9)
    at _runTestsForDescribeBlock (/Users/brianlong/Documents/GitHub/intelgraph/server/node_modules/jest-circus/build/run.js:121:9)
    at run (/Users/brianlong/Documents/GitHub/intelgraph/server/node_modules/jest-circus/build/run.js:71:3)
    at runAndTransformResultsToJestFormat (/Users/brianlong/Documents/GitHub/intelgraph/server/node_modules/jest-circus/build/legacy-code-todo-rewrite/jestAdapterInit.js:122:21)
    at jestAdapter (/Users/brianlong/Documents/GitHub/intelgraph/server/node_modules/jest-circus/build/legacy-code-todo-rewrite/jestAdapter.js:79:19)
    at runTestInternal (/Users/brianlong/Documents/GitHub/intelgraph/server/node_modules/jest-runner/build/runTest.js:367:16)
    at runTest (/Users/brianlong/Documents/GitHub/intelgraph/server/node_modules/jest-runner/build/runTest.js:444:34)
    at Object.worker (/Users/brianlong/Documents/GitHub/intelgraph/server/node_modules/jest-runner/build/testWorker.js:106:12)</failure>
    </testcase>
    <testcase classname="Entity Model System › Entity Model Service" name="should get query performance stats" time="0">
      <failure>AggregateError: 
    at /Users/brianlong/Documents/GitHub/intelgraph/server/node_modules/pg-pool/index.js:45:11
    at processTicksAndRejections (node:internal/process/task_queues:105:5)
    at connectPostgres (/Users/brianlong/Documents/GitHub/intelgraph/server/src/config/database.js:112:20)
    at Object.&lt;anonymous&gt; (/Users/brianlong/Documents/GitHub/intelgraph/server/src/tests/entityModel.test.js:13:5)</failure>
      <failure>Error: Neo4j driver not initialized
    at getNeo4jDriver (/Users/brianlong/Documents/GitHub/intelgraph/server/src/config/database.js:266:27)
    at Object.getNeo4jDriver (/Users/brianlong/Documents/GitHub/intelgraph/server/src/tests/entityModel.test.js:181:22)
    at Promise.then.completed (/Users/brianlong/Documents/GitHub/intelgraph/server/node_modules/jest-circus/build/utils.js:298:28)
    at new Promise (&lt;anonymous&gt;)
    at callAsyncCircusFn (/Users/brianlong/Documents/GitHub/intelgraph/server/node_modules/jest-circus/build/utils.js:231:10)
    at _callCircusHook (/Users/brianlong/Documents/GitHub/intelgraph/server/node_modules/jest-circus/build/run.js:281:40)
    at processTicksAndRejections (node:internal/process/task_queues:105:5)
    at _runTest (/Users/brianlong/Documents/GitHub/intelgraph/server/node_modules/jest-circus/build/run.js:254:5)
    at _runTestsForDescribeBlock (/Users/brianlong/Documents/GitHub/intelgraph/server/node_modules/jest-circus/build/run.js:126:9)
    at _runTestsForDescribeBlock (/Users/brianlong/Documents/GitHub/intelgraph/server/node_modules/jest-circus/build/run.js:121:9)
    at _runTestsForDescribeBlock (/Users/brianlong/Documents/GitHub/intelgraph/server/node_modules/jest-circus/build/run.js:121:9)
    at run (/Users/brianlong/Documents/GitHub/intelgraph/server/node_modules/jest-circus/build/run.js:71:3)
    at runAndTransformResultsToJestFormat (/Users/brianlong/Documents/GitHub/intelgraph/server/node_modules/jest-circus/build/legacy-code-todo-rewrite/jestAdapterInit.js:122:21)
    at jestAdapter (/Users/brianlong/Documents/GitHub/intelgraph/server/node_modules/jest-circus/build/legacy-code-todo-rewrite/jestAdapter.js:79:19)
    at runTestInternal (/Users/brianlong/Documents/GitHub/intelgraph/server/node_modules/jest-runner/build/runTest.js:367:16)
    at runTest (/Users/brianlong/Documents/GitHub/intelgraph/server/node_modules/jest-runner/build/runTest.js:444:34)
    at Object.worker (/Users/brianlong/Documents/GitHub/intelgraph/server/node_modules/jest-runner/build/testWorker.js:106:12)</failure>
    </testcase>
    <testcase classname="Entity Model System › Index Performance" name="should have efficient entity type queries" time="0">
      <failure>AggregateError: 
    at /Users/brianlong/Documents/GitHub/intelgraph/server/node_modules/pg-pool/index.js:45:11
    at processTicksAndRejections (node:internal/process/task_queues:105:5)
    at connectPostgres (/Users/brianlong/Documents/GitHub/intelgraph/server/src/config/database.js:112:20)
    at Object.&lt;anonymous&gt; (/Users/brianlong/Documents/GitHub/intelgraph/server/src/tests/entityModel.test.js:13:5)</failure>
    </testcase>
    <testcase classname="Entity Model System › Index Performance" name="should have efficient investigation queries" time="0">
      <failure>AggregateError: 
    at /Users/brianlong/Documents/GitHub/intelgraph/server/node_modules/pg-pool/index.js:45:11
    at processTicksAndRejections (node:internal/process/task_queues:105:5)
    at connectPostgres (/Users/brianlong/Documents/GitHub/intelgraph/server/src/config/database.js:112:20)
    at Object.&lt;anonymous&gt; (/Users/brianlong/Documents/GitHub/intelgraph/server/src/tests/entityModel.test.js:13:5)</failure>
    </testcase>
  </testsuite>
  <testsuite name="Visualization Service - P2 Priority" errors="0" failures="1" skipped="0" timestamp="2025-08-14T19:28:51" time="0.133" tests="36">
    <testcase classname="Visualization Service - P2 Priority › Visualization Engine Initialization" name="should initialize all supported visualization types" time="0.001">
    </testcase>
    <testcase classname="Visualization Service - P2 Priority › Visualization Engine Initialization" name="should configure rendering engines correctly" time="0.001">
    </testcase>
    <testcase classname="Visualization Service - P2 Priority › Visualization Engine Initialization" name="should validate engine-type compatibility" time="0">
    </testcase>
    <testcase classname="Visualization Service - P2 Priority › Visualization Creation" name="should create network graph visualizations" time="0">
    </testcase>
    <testcase classname="Visualization Service - P2 Priority › Visualization Creation" name="should create timeline visualizations" time="0">
    </testcase>
    <testcase classname="Visualization Service - P2 Priority › Visualization Creation" name="should create geospatial map visualizations" time="0.001">
      <failure>Error: expect(received).toBe(expected) // Object.is equality

Expected: &quot;GEOSPATIAL_MAP&quot;
Received: undefined
    at Object.toBe (/Users/brianlong/Documents/GitHub/intelgraph/server/src/tests/visualizationService.test.js:210:34)
    at processTicksAndRejections (node:internal/process/task_queues:105:5)</failure>
    </testcase>
    <testcase classname="Visualization Service - P2 Priority › Visualization Creation" name="should create hierarchical tree visualizations" time="0.001">
    </testcase>
    <testcase classname="Visualization Service - P2 Priority › Advanced Visualization Types" name="should create matrix visualizations" time="0">
    </testcase>
    <testcase classname="Visualization Service - P2 Priority › Advanced Visualization Types" name="should create Sankey diagram visualizations" time="0">
    </testcase>
    <testcase classname="Visualization Service - P2 Priority › Advanced Visualization Types" name="should create 3D force-directed visualizations" time="0">
    </testcase>
    <testcase classname="Visualization Service - P2 Priority › Interactive Features" name="should handle node selection and highlighting" time="0">
    </testcase>
    <testcase classname="Visualization Service - P2 Priority › Interactive Features" name="should support node filtering and search" time="0">
    </testcase>
    <testcase classname="Visualization Service - P2 Priority › Interactive Features" name="should handle layout changes" time="0.001">
    </testcase>
    <testcase classname="Visualization Service - P2 Priority › Interactive Features" name="should support zoom and pan operations" time="0">
    </testcase>
    <testcase classname="Visualization Service - P2 Priority › Export Functionality" name="should export visualizations to PNG format" time="0">
    </testcase>
    <testcase classname="Visualization Service - P2 Priority › Export Functionality" name="should export visualizations to SVG format" time="0">
    </testcase>
    <testcase classname="Visualization Service - P2 Priority › Export Functionality" name="should export visualizations to JSON format" time="0">
    </testcase>
    <testcase classname="Visualization Service - P2 Priority › Export Functionality" name="should export interactive HTML visualizations" time="0">
    </testcase>
    <testcase classname="Visualization Service - P2 Priority › Layout Algorithms" name="should implement force-directed layout" time="0.001">
    </testcase>
    <testcase classname="Visualization Service - P2 Priority › Layout Algorithms" name="should implement hierarchical layout" time="0">
    </testcase>
    <testcase classname="Visualization Service - P2 Priority › Layout Algorithms" name="should implement circular layout" time="0">
    </testcase>
    <testcase classname="Visualization Service - P2 Priority › Layout Algorithms" name="should implement grid layout" time="0">
    </testcase>
    <testcase classname="Visualization Service - P2 Priority › Real-time Updates" name="should handle real-time node additions" time="0.001">
    </testcase>
    <testcase classname="Visualization Service - P2 Priority › Real-time Updates" name="should handle real-time edge additions" time="0">
    </testcase>
    <testcase classname="Visualization Service - P2 Priority › Real-time Updates" name="should handle node property updates" time="0">
    </testcase>
    <testcase classname="Visualization Service - P2 Priority › Performance Optimization" name="should implement level-of-detail rendering" time="0.004">
    </testcase>
    <testcase classname="Visualization Service - P2 Priority › Performance Optimization" name="should implement node clustering for large graphs" time="0.007">
    </testcase>
    <testcase classname="Visualization Service - P2 Priority › Performance Optimization" name="should implement edge bundling for complex networks" time="0.001">
    </testcase>
    <testcase classname="Visualization Service - P2 Priority › Visualization Management" name="should save and load visualization configurations" time="0">
    </testcase>
    <testcase classname="Visualization Service - P2 Priority › Visualization Management" name="should share visualizations between users" time="0">
    </testcase>
    <testcase classname="Visualization Service - P2 Priority › Visualization Management" name="should create visualization snapshots" time="0">
    </testcase>
    <testcase classname="Visualization Service - P2 Priority › Metrics and Analytics" name="should track visualization usage metrics" time="0.001">
    </testcase>
    <testcase classname="Visualization Service - P2 Priority › Metrics and Analytics" name="should provide performance analytics" time="0">
    </testcase>
    <testcase classname="Visualization Service - P2 Priority › Error Handling" name="should handle data loading failures gracefully" time="0">
    </testcase>
    <testcase classname="Visualization Service - P2 Priority › Error Handling" name="should validate visualization parameters" time="0.011">
    </testcase>
    <testcase classname="Visualization Service Performance" name="should handle large graph rendering efficiently" time="0.014">
    </testcase>
  </testsuite>
  <testsuite name="Entity Model System" errors="0" failures="12" skipped="0" timestamp="2025-08-14T19:28:51" time="0.092" tests="12">
    <testcase classname="Entity Model System › Migration System" name="should initialize migration tracking table" time="0">
      <failure>AggregateError: 
    at /Users/brianlong/Documents/GitHub/intelgraph/server/node_modules/pg-pool/index.js:45:11
    at processTicksAndRejections (node:internal/process/task_queues:105:5)
    at connectPostgres (/Users/brianlong/Documents/GitHub/intelgraph/server/src/config/database.js:112:20)
    at Object.&lt;anonymous&gt; (/Users/brianlong/Documents/GitHub/intelgraph/server/src/tests/entityModel.test.js:13:5)</failure>
    </testcase>
    <testcase classname="Entity Model System › Migration System" name="should get migration status" time="0">
      <failure>AggregateError: 
    at /Users/brianlong/Documents/GitHub/intelgraph/server/node_modules/pg-pool/index.js:45:11
    at processTicksAndRejections (node:internal/process/task_queues:105:5)
    at connectPostgres (/Users/brianlong/Documents/GitHub/intelgraph/server/src/config/database.js:112:20)
    at Object.&lt;anonymous&gt; (/Users/brianlong/Documents/GitHub/intelgraph/server/src/tests/entityModel.test.js:13:5)</failure>
    </testcase>
    <testcase classname="Entity Model System › Migration System" name="should track applied migrations" time="0">
      <failure>AggregateError: 
    at /Users/brianlong/Documents/GitHub/intelgraph/server/node_modules/pg-pool/index.js:45:11
    at processTicksAndRejections (node:internal/process/task_queues:105:5)
    at connectPostgres (/Users/brianlong/Documents/GitHub/intelgraph/server/src/config/database.js:112:20)
    at Object.&lt;anonymous&gt; (/Users/brianlong/Documents/GitHub/intelgraph/server/src/tests/entityModel.test.js:13:5)</failure>
    </testcase>
    <testcase classname="Entity Model System › Entity Model Constraints" name="should enforce unique entity IDs" time="0">
      <failure>AggregateError: 
    at /Users/brianlong/Documents/GitHub/intelgraph/server/node_modules/pg-pool/index.js:45:11
    at processTicksAndRejections (node:internal/process/task_queues:105:5)
    at connectPostgres (/Users/brianlong/Documents/GitHub/intelgraph/server/src/config/database.js:112:20)
    at Object.&lt;anonymous&gt; (/Users/brianlong/Documents/GitHub/intelgraph/server/src/tests/entityModel.test.js:13:5)</failure>
    </testcase>
    <testcase classname="Entity Model System › Entity Model Constraints" name="should enforce required fields" time="0">
      <failure>AggregateError: 
    at /Users/brianlong/Documents/GitHub/intelgraph/server/node_modules/pg-pool/index.js:45:11
    at processTicksAndRejections (node:internal/process/task_queues:105:5)
    at connectPostgres (/Users/brianlong/Documents/GitHub/intelgraph/server/src/config/database.js:112:20)
    at Object.&lt;anonymous&gt; (/Users/brianlong/Documents/GitHub/intelgraph/server/src/tests/entityModel.test.js:13:5)</failure>
    </testcase>
    <testcase classname="Entity Model System › Entity Model Constraints" name="should enforce email format for EMAIL entities" time="0">
      <failure>AggregateError: 
    at /Users/brianlong/Documents/GitHub/intelgraph/server/node_modules/pg-pool/index.js:45:11
    at processTicksAndRejections (node:internal/process/task_queues:105:5)
    at connectPostgres (/Users/brianlong/Documents/GitHub/intelgraph/server/src/config/database.js:112:20)
    at Object.&lt;anonymous&gt; (/Users/brianlong/Documents/GitHub/intelgraph/server/src/tests/entityModel.test.js:13:5)</failure>
    </testcase>
    <testcase classname="Entity Model System › Entity Model Service" name="should get entity statistics" time="0">
      <failure>AggregateError: 
    at /Users/brianlong/Documents/GitHub/intelgraph/server/node_modules/pg-pool/index.js:45:11
    at processTicksAndRejections (node:internal/process/task_queues:105:5)
    at connectPostgres (/Users/brianlong/Documents/GitHub/intelgraph/server/src/config/database.js:112:20)
    at Object.&lt;anonymous&gt; (/Users/brianlong/Documents/GitHub/intelgraph/server/src/tests/entityModel.test.js:13:5)</failure>
      <failure>Error: Neo4j driver not initialized
    at getNeo4jDriver (/Users/brianlong/Documents/GitHub/intelgraph/server/src/config/database.js:266:27)
    at Object.getNeo4jDriver (/Users/brianlong/Documents/GitHub/intelgraph/server/src/tests/entityModel.test.js:181:22)
    at Promise.then.completed (/Users/brianlong/Documents/GitHub/intelgraph/server/node_modules/jest-circus/build/utils.js:298:28)
    at new Promise (&lt;anonymous&gt;)
    at callAsyncCircusFn (/Users/brianlong/Documents/GitHub/intelgraph/server/node_modules/jest-circus/build/utils.js:231:10)
    at _callCircusHook (/Users/brianlong/Documents/GitHub/intelgraph/server/node_modules/jest-circus/build/run.js:281:40)
    at processTicksAndRejections (node:internal/process/task_queues:105:5)
    at _runTest (/Users/brianlong/Documents/GitHub/intelgraph/server/node_modules/jest-circus/build/run.js:254:5)
    at _runTestsForDescribeBlock (/Users/brianlong/Documents/GitHub/intelgraph/server/node_modules/jest-circus/build/run.js:126:9)
    at _runTestsForDescribeBlock (/Users/brianlong/Documents/GitHub/intelgraph/server/node_modules/jest-circus/build/run.js:121:9)
    at _runTestsForDescribeBlock (/Users/brianlong/Documents/GitHub/intelgraph/server/node_modules/jest-circus/build/run.js:121:9)
    at run (/Users/brianlong/Documents/GitHub/intelgraph/server/node_modules/jest-circus/build/run.js:71:3)
    at runAndTransformResultsToJestFormat (/Users/brianlong/Documents/GitHub/intelgraph/server/node_modules/jest-circus/build/legacy-code-todo-rewrite/jestAdapterInit.js:122:21)
    at jestAdapter (/Users/brianlong/Documents/GitHub/intelgraph/server/node_modules/jest-circus/build/legacy-code-todo-rewrite/jestAdapter.js:79:19)
    at runTestInternal (/Users/brianlong/Documents/GitHub/intelgraph/server/node_modules/jest-runner/build/runTest.js:367:16)
    at runTest (/Users/brianlong/Documents/GitHub/intelgraph/server/node_modules/jest-runner/build/runTest.js:444:34)
    at Object.worker (/Users/brianlong/Documents/GitHub/intelgraph/server/node_modules/jest-runner/build/testWorker.js:106:12)</failure>
    </testcase>
    <testcase classname="Entity Model System › Entity Model Service" name="should find hub entities" time="0">
      <failure>AggregateError: 
    at /Users/brianlong/Documents/GitHub/intelgraph/server/node_modules/pg-pool/index.js:45:11
    at processTicksAndRejections (node:internal/process/task_queues:105:5)
    at connectPostgres (/Users/brianlong/Documents/GitHub/intelgraph/server/src/config/database.js:112:20)
    at Object.&lt;anonymous&gt; (/Users/brianlong/Documents/GitHub/intelgraph/server/src/tests/entityModel.test.js:13:5)</failure>
      <failure>Error: Neo4j driver not initialized
    at getNeo4jDriver (/Users/brianlong/Documents/GitHub/intelgraph/server/src/config/database.js:266:27)
    at Object.getNeo4jDriver (/Users/brianlong/Documents/GitHub/intelgraph/server/src/tests/entityModel.test.js:181:22)
    at Promise.then.completed (/Users/brianlong/Documents/GitHub/intelgraph/server/node_modules/jest-circus/build/utils.js:298:28)
    at new Promise (&lt;anonymous&gt;)
    at callAsyncCircusFn (/Users/brianlong/Documents/GitHub/intelgraph/server/node_modules/jest-circus/build/utils.js:231:10)
    at _callCircusHook (/Users/brianlong/Documents/GitHub/intelgraph/server/node_modules/jest-circus/build/run.js:281:40)
    at processTicksAndRejections (node:internal/process/task_queues:105:5)
    at _runTest (/Users/brianlong/Documents/GitHub/intelgraph/server/node_modules/jest-circus/build/run.js:254:5)
    at _runTestsForDescribeBlock (/Users/brianlong/Documents/GitHub/intelgraph/server/node_modules/jest-circus/build/run.js:126:9)
    at _runTestsForDescribeBlock (/Users/brianlong/Documents/GitHub/intelgraph/server/node_modules/jest-circus/build/run.js:121:9)
    at _runTestsForDescribeBlock (/Users/brianlong/Documents/GitHub/intelgraph/server/node_modules/jest-circus/build/run.js:121:9)
    at run (/Users/brianlong/Documents/GitHub/intelgraph/server/node_modules/jest-circus/build/run.js:71:3)
    at runAndTransformResultsToJestFormat (/Users/brianlong/Documents/GitHub/intelgraph/server/node_modules/jest-circus/build/legacy-code-todo-rewrite/jestAdapterInit.js:122:21)
    at jestAdapter (/Users/brianlong/Documents/GitHub/intelgraph/server/node_modules/jest-circus/build/legacy-code-todo-rewrite/jestAdapter.js:79:19)
    at runTestInternal (/Users/brianlong/Documents/GitHub/intelgraph/server/node_modules/jest-runner/build/runTest.js:367:16)
    at runTest (/Users/brianlong/Documents/GitHub/intelgraph/server/node_modules/jest-runner/build/runTest.js:444:34)
    at Object.worker (/Users/brianlong/Documents/GitHub/intelgraph/server/node_modules/jest-runner/build/testWorker.js:106:12)</failure>
    </testcase>
    <testcase classname="Entity Model System › Entity Model Service" name="should validate model integrity" time="0">
      <failure>AggregateError: 
    at /Users/brianlong/Documents/GitHub/intelgraph/server/node_modules/pg-pool/index.js:45:11
    at processTicksAndRejections (node:internal/process/task_queues:105:5)
    at connectPostgres (/Users/brianlong/Documents/GitHub/intelgraph/server/src/config/database.js:112:20)
    at Object.&lt;anonymous&gt; (/Users/brianlong/Documents/GitHub/intelgraph/server/src/tests/entityModel.test.js:13:5)</failure>
      <failure>Error: Neo4j driver not initialized
    at getNeo4jDriver (/Users/brianlong/Documents/GitHub/intelgraph/server/src/config/database.js:266:27)
    at Object.getNeo4jDriver (/Users/brianlong/Documents/GitHub/intelgraph/server/src/tests/entityModel.test.js:181:22)
    at Promise.then.completed (/Users/brianlong/Documents/GitHub/intelgraph/server/node_modules/jest-circus/build/utils.js:298:28)
    at new Promise (&lt;anonymous&gt;)
    at callAsyncCircusFn (/Users/brianlong/Documents/GitHub/intelgraph/server/node_modules/jest-circus/build/utils.js:231:10)
    at _callCircusHook (/Users/brianlong/Documents/GitHub/intelgraph/server/node_modules/jest-circus/build/run.js:281:40)
    at processTicksAndRejections (node:internal/process/task_queues:105:5)
    at _runTest (/Users/brianlong/Documents/GitHub/intelgraph/server/node_modules/jest-circus/build/run.js:254:5)
    at _runTestsForDescribeBlock (/Users/brianlong/Documents/GitHub/intelgraph/server/node_modules/jest-circus/build/run.js:126:9)
    at _runTestsForDescribeBlock (/Users/brianlong/Documents/GitHub/intelgraph/server/node_modules/jest-circus/build/run.js:121:9)
    at _runTestsForDescribeBlock (/Users/brianlong/Documents/GitHub/intelgraph/server/node_modules/jest-circus/build/run.js:121:9)
    at run (/Users/brianlong/Documents/GitHub/intelgraph/server/node_modules/jest-circus/build/run.js:71:3)
    at runAndTransformResultsToJestFormat (/Users/brianlong/Documents/GitHub/intelgraph/server/node_modules/jest-circus/build/legacy-code-todo-rewrite/jestAdapterInit.js:122:21)
    at jestAdapter (/Users/brianlong/Documents/GitHub/intelgraph/server/node_modules/jest-circus/build/legacy-code-todo-rewrite/jestAdapter.js:79:19)
    at runTestInternal (/Users/brianlong/Documents/GitHub/intelgraph/server/node_modules/jest-runner/build/runTest.js:367:16)
    at runTest (/Users/brianlong/Documents/GitHub/intelgraph/server/node_modules/jest-runner/build/runTest.js:444:34)
    at Object.worker (/Users/brianlong/Documents/GitHub/intelgraph/server/node_modules/jest-runner/build/testWorker.js:106:12)</failure>
    </testcase>
    <testcase classname="Entity Model System › Entity Model Service" name="should get query performance stats" time="0">
      <failure>AggregateError: 
    at /Users/brianlong/Documents/GitHub/intelgraph/server/node_modules/pg-pool/index.js:45:11
    at processTicksAndRejections (node:internal/process/task_queues:105:5)
    at connectPostgres (/Users/brianlong/Documents/GitHub/intelgraph/server/src/config/database.js:112:20)
    at Object.&lt;anonymous&gt; (/Users/brianlong/Documents/GitHub/intelgraph/server/src/tests/entityModel.test.js:13:5)</failure>
      <failure>Error: Neo4j driver not initialized
    at getNeo4jDriver (/Users/brianlong/Documents/GitHub/intelgraph/server/src/config/database.js:266:27)
    at Object.getNeo4jDriver (/Users/brianlong/Documents/GitHub/intelgraph/server/src/tests/entityModel.test.js:181:22)
    at Promise.then.completed (/Users/brianlong/Documents/GitHub/intelgraph/server/node_modules/jest-circus/build/utils.js:298:28)
    at new Promise (&lt;anonymous&gt;)
    at callAsyncCircusFn (/Users/brianlong/Documents/GitHub/intelgraph/server/node_modules/jest-circus/build/utils.js:231:10)
    at _callCircusHook (/Users/brianlong/Documents/GitHub/intelgraph/server/node_modules/jest-circus/build/run.js:281:40)
    at processTicksAndRejections (node:internal/process/task_queues:105:5)
    at _runTest (/Users/brianlong/Documents/GitHub/intelgraph/server/node_modules/jest-circus/build/run.js:254:5)
    at _runTestsForDescribeBlock (/Users/brianlong/Documents/GitHub/intelgraph/server/node_modules/jest-circus/build/run.js:126:9)
    at _runTestsForDescribeBlock (/Users/brianlong/Documents/GitHub/intelgraph/server/node_modules/jest-circus/build/run.js:121:9)
    at _runTestsForDescribeBlock (/Users/brianlong/Documents/GitHub/intelgraph/server/node_modules/jest-circus/build/run.js:121:9)
    at run (/Users/brianlong/Documents/GitHub/intelgraph/server/node_modules/jest-circus/build/run.js:71:3)
    at runAndTransformResultsToJestFormat (/Users/brianlong/Documents/GitHub/intelgraph/server/node_modules/jest-circus/build/legacy-code-todo-rewrite/jestAdapterInit.js:122:21)
    at jestAdapter (/Users/brianlong/Documents/GitHub/intelgraph/server/node_modules/jest-circus/build/legacy-code-todo-rewrite/jestAdapter.js:79:19)
    at runTestInternal (/Users/brianlong/Documents/GitHub/intelgraph/server/node_modules/jest-runner/build/runTest.js:367:16)
    at runTest (/Users/brianlong/Documents/GitHub/intelgraph/server/node_modules/jest-runner/build/runTest.js:444:34)
    at Object.worker (/Users/brianlong/Documents/GitHub/intelgraph/server/node_modules/jest-runner/build/testWorker.js:106:12)</failure>
    </testcase>
    <testcase classname="Entity Model System › Index Performance" name="should have efficient entity type queries" time="0">
      <failure>AggregateError: 
    at /Users/brianlong/Documents/GitHub/intelgraph/server/node_modules/pg-pool/index.js:45:11
    at processTicksAndRejections (node:internal/process/task_queues:105:5)
    at connectPostgres (/Users/brianlong/Documents/GitHub/intelgraph/server/src/config/database.js:112:20)
    at Object.&lt;anonymous&gt; (/Users/brianlong/Documents/GitHub/intelgraph/server/src/tests/entityModel.test.js:13:5)</failure>
    </testcase>
    <testcase classname="Entity Model System › Index Performance" name="should have efficient investigation queries" time="0">
      <failure>AggregateError: 
    at /Users/brianlong/Documents/GitHub/intelgraph/server/node_modules/pg-pool/index.js:45:11
    at processTicksAndRejections (node:internal/process/task_queues:105:5)
    at connectPostgres (/Users/brianlong/Documents/GitHub/intelgraph/server/src/config/database.js:112:20)
    at Object.&lt;anonymous&gt; (/Users/brianlong/Documents/GitHub/intelgraph/server/src/tests/entityModel.test.js:13:5)</failure>
    </testcase>
  </testsuite>
  <testsuite name="Integration Service - P2 Priority" errors="0" failures="0" skipped="0" timestamp="2025-08-14T19:28:51" time="1.166" tests="49">
    <testcase classname="Integration Service - P2 Priority › Connector Initialization" name="should initialize all enterprise connectors" time="0.001">
    </testcase>
    <testcase classname="Integration Service - P2 Priority › Connector Initialization" name="should configure connector categories correctly" time="0.001">
    </testcase>
    <testcase classname="Integration Service - P2 Priority › Connector Initialization" name="should define authentication methods for each connector" time="0">
    </testcase>
    <testcase classname="Integration Service - P2 Priority › Connector Initialization" name="should configure data types for each connector" time="0">
    </testcase>
    <testcase classname="Integration Service - P2 Priority › Connection Management" name="should create connections successfully" time="0.001">
    </testcase>
    <testcase classname="Integration Service - P2 Priority › Connection Management" name="should validate authentication before creating connections" time="0.012">
    </testcase>
    <testcase classname="Integration Service - P2 Priority › Connection Management" name="should reject connections with invalid connectors" time="0">
    </testcase>
    <testcase classname="Integration Service - P2 Priority › Connection Management" name="should fail connection creation on test failure" time="0">
    </testcase>
    <testcase classname="Integration Service - P2 Priority › Connection Management" name="should update existing connections" time="0.001">
    </testcase>
    <testcase classname="Integration Service - P2 Priority › Connection Management" name="should delete connections and cleanup sync jobs" time="0">
    </testcase>
    <testcase classname="Integration Service - P2 Priority › Authentication Validation" name="should validate API key authentication" time="0">
    </testcase>
    <testcase classname="Integration Service - P2 Priority › Authentication Validation" name="should validate username/password authentication" time="0">
    </testcase>
    <testcase classname="Integration Service - P2 Priority › Authentication Validation" name="should validate OAuth2 authentication" time="0">
    </testcase>
    <testcase classname="Integration Service - P2 Priority › Authentication Validation" name="should validate AWS credentials" time="0">
    </testcase>
    <testcase classname="Integration Service - P2 Priority › Authentication Validation" name="should reject unsupported authentication types" time="0.001">
    </testcase>
    <testcase classname="Integration Service - P2 Priority › Authentication Validation" name="should reject incomplete credentials" time="0">
    </testcase>
    <testcase classname="Integration Service - P2 Priority › Connection Testing" name="should test connections successfully" time="0">
    </testcase>
    <testcase classname="Integration Service - P2 Priority › Connection Testing" name="should handle connection test failures" time="0">
    </testcase>
    <testcase classname="Integration Service - P2 Priority › Connection Testing" name="should use appropriate test endpoints for each connector" time="0">
    </testcase>
    <testcase classname="Integration Service - P2 Priority › Data Operations" name="should execute queries on active connections" time="0.001">
    </testcase>
    <testcase classname="Integration Service - P2 Priority › Data Operations" name="should reject queries on inactive connections" time="0">
    </testcase>
    <testcase classname="Integration Service - P2 Priority › Data Operations" name="should handle query execution failures" time="0">
    </testcase>
    <testcase classname="Integration Service - P2 Priority › Sync Job Management" name="should create sync jobs" time="0">
    </testcase>
    <testcase classname="Integration Service - P2 Priority › Sync Job Management" name="should run sync jobs successfully" time="0.001">
    </testcase>
    <testcase classname="Integration Service - P2 Priority › Sync Job Management" name="should handle sync job failures" time="0">
    </testcase>
    <testcase classname="Integration Service - P2 Priority › Sync Job Management" name="should process scheduled syncs" time="0">
    </testcase>
    <testcase classname="Integration Service - P2 Priority › Webhook Management" name="should create webhooks" time="0">
    </testcase>
    <testcase classname="Integration Service - P2 Priority › Webhook Management" name="should trigger webhooks for matching events" time="0.001">
    </testcase>
    <testcase classname="Integration Service - P2 Priority › Webhook Management" name="should handle webhook delivery failures with retry" time="1.103">
    </testcase>
    <testcase classname="Integration Service - P2 Priority › Webhook Management" name="should skip disabled webhooks" time="0">
    </testcase>
    <testcase classname="Integration Service - P2 Priority › Webhook Management" name="should filter events based on webhook configuration" time="0.001">
    </testcase>
    <testcase classname="Integration Service - P2 Priority › Security and Encryption" name="should encrypt and decrypt credentials" time="0.001">
    </testcase>
    <testcase classname="Integration Service - P2 Priority › Security and Encryption" name="should generate webhook signatures" time="0.001">
    </testcase>
    <testcase classname="Integration Service - P2 Priority › Security and Encryption" name="should generate consistent signatures" time="0">
    </testcase>
    <testcase classname="Integration Service - P2 Priority › Connection Health and Metrics" name="should track connection metrics" time="0.001">
    </testcase>
    <testcase classname="Integration Service - P2 Priority › Connection Health and Metrics" name="should calculate connection health percentage" time="0.001">
    </testcase>
    <testcase classname="Integration Service - P2 Priority › Connection Health and Metrics" name="should provide connector breakdown statistics" time="0">
    </testcase>
    <testcase classname="Integration Service - P2 Priority › API Methods" name="should list connectors" time="0">
    </testcase>
    <testcase classname="Integration Service - P2 Priority › API Methods" name="should get specific connector details" time="0">
    </testcase>
    <testcase classname="Integration Service - P2 Priority › API Methods" name="should list connections with user filtering" time="0.001">
    </testcase>
    <testcase classname="Integration Service - P2 Priority › API Methods" name="should list webhooks with user filtering" time="0">
    </testcase>
    <testcase classname="Integration Service - P2 Priority › API Methods" name="should list sync jobs with connection filtering" time="0.001">
    </testcase>
    <testcase classname="Integration Service - P2 Priority › Error Handling" name="should handle connection not found errors" time="0.001">
    </testcase>
    <testcase classname="Integration Service - P2 Priority › Error Handling" name="should handle sync job not found errors" time="0.001">
    </testcase>
    <testcase classname="Integration Service - P2 Priority › Error Handling" name="should handle webhook not found gracefully" time="0">
    </testcase>
    <testcase classname="Integration Service - P2 Priority › Utility Methods" name="should calculate next run times" time="0.001">
    </testcase>
    <testcase classname="Integration Service - P2 Priority › Utility Methods" name="should make HTTP requests" time="0">
    </testcase>
    <testcase classname="Integration Service Performance" name="should handle many concurrent connections efficiently" time="0.002">
    </testcase>
    <testcase classname="Integration Service Performance" name="should efficiently process webhook deliveries" time="0.004">
    </testcase>
  </testsuite>
  <testsuite name="Integration Service - P2 Priority" errors="0" failures="0" skipped="0" timestamp="2025-08-14T19:28:51" time="1.155" tests="49">
    <testcase classname="Integration Service - P2 Priority › Connector Initialization" name="should initialize all enterprise connectors" time="0.002">
    </testcase>
    <testcase classname="Integration Service - P2 Priority › Connector Initialization" name="should configure connector categories correctly" time="0">
    </testcase>
    <testcase classname="Integration Service - P2 Priority › Connector Initialization" name="should define authentication methods for each connector" time="0">
    </testcase>
    <testcase classname="Integration Service - P2 Priority › Connector Initialization" name="should configure data types for each connector" time="0.003">
    </testcase>
    <testcase classname="Integration Service - P2 Priority › Connection Management" name="should create connections successfully" time="0">
    </testcase>
    <testcase classname="Integration Service - P2 Priority › Connection Management" name="should validate authentication before creating connections" time="0.012">
    </testcase>
    <testcase classname="Integration Service - P2 Priority › Connection Management" name="should reject connections with invalid connectors" time="0">
    </testcase>
    <testcase classname="Integration Service - P2 Priority › Connection Management" name="should fail connection creation on test failure" time="0">
    </testcase>
    <testcase classname="Integration Service - P2 Priority › Connection Management" name="should update existing connections" time="0.001">
    </testcase>
    <testcase classname="Integration Service - P2 Priority › Connection Management" name="should delete connections and cleanup sync jobs" time="0">
    </testcase>
    <testcase classname="Integration Service - P2 Priority › Authentication Validation" name="should validate API key authentication" time="0">
    </testcase>
    <testcase classname="Integration Service - P2 Priority › Authentication Validation" name="should validate username/password authentication" time="0.001">
    </testcase>
    <testcase classname="Integration Service - P2 Priority › Authentication Validation" name="should validate OAuth2 authentication" time="0">
    </testcase>
    <testcase classname="Integration Service - P2 Priority › Authentication Validation" name="should validate AWS credentials" time="0">
    </testcase>
    <testcase classname="Integration Service - P2 Priority › Authentication Validation" name="should reject unsupported authentication types" time="0">
    </testcase>
    <testcase classname="Integration Service - P2 Priority › Authentication Validation" name="should reject incomplete credentials" time="0">
    </testcase>
    <testcase classname="Integration Service - P2 Priority › Connection Testing" name="should test connections successfully" time="0">
    </testcase>
    <testcase classname="Integration Service - P2 Priority › Connection Testing" name="should handle connection test failures" time="0.001">
    </testcase>
    <testcase classname="Integration Service - P2 Priority › Connection Testing" name="should use appropriate test endpoints for each connector" time="0">
    </testcase>
    <testcase classname="Integration Service - P2 Priority › Data Operations" name="should execute queries on active connections" time="0">
    </testcase>
    <testcase classname="Integration Service - P2 Priority › Data Operations" name="should reject queries on inactive connections" time="0">
    </testcase>
    <testcase classname="Integration Service - P2 Priority › Data Operations" name="should handle query execution failures" time="0">
    </testcase>
    <testcase classname="Integration Service - P2 Priority › Sync Job Management" name="should create sync jobs" time="0.001">
    </testcase>
    <testcase classname="Integration Service - P2 Priority › Sync Job Management" name="should run sync jobs successfully" time="0">
    </testcase>
    <testcase classname="Integration Service - P2 Priority › Sync Job Management" name="should handle sync job failures" time="0">
    </testcase>
    <testcase classname="Integration Service - P2 Priority › Sync Job Management" name="should process scheduled syncs" time="0">
    </testcase>
    <testcase classname="Integration Service - P2 Priority › Webhook Management" name="should create webhooks" time="0.001">
    </testcase>
    <testcase classname="Integration Service - P2 Priority › Webhook Management" name="should trigger webhooks for matching events" time="0">
    </testcase>
    <testcase classname="Integration Service - P2 Priority › Webhook Management" name="should handle webhook delivery failures with retry" time="1.102">
    </testcase>
    <testcase classname="Integration Service - P2 Priority › Webhook Management" name="should skip disabled webhooks" time="0">
    </testcase>
    <testcase classname="Integration Service - P2 Priority › Webhook Management" name="should filter events based on webhook configuration" time="0">
    </testcase>
    <testcase classname="Integration Service - P2 Priority › Security and Encryption" name="should encrypt and decrypt credentials" time="0">
    </testcase>
    <testcase classname="Integration Service - P2 Priority › Security and Encryption" name="should generate webhook signatures" time="0.001">
    </testcase>
    <testcase classname="Integration Service - P2 Priority › Security and Encryption" name="should generate consistent signatures" time="0">
    </testcase>
    <testcase classname="Integration Service - P2 Priority › Connection Health and Metrics" name="should track connection metrics" time="0">
    </testcase>
    <testcase classname="Integration Service - P2 Priority › Connection Health and Metrics" name="should calculate connection health percentage" time="0">
    </testcase>
    <testcase classname="Integration Service - P2 Priority › Connection Health and Metrics" name="should provide connector breakdown statistics" time="0.001">
    </testcase>
    <testcase classname="Integration Service - P2 Priority › API Methods" name="should list connectors" time="0">
    </testcase>
    <testcase classname="Integration Service - P2 Priority › API Methods" name="should get specific connector details" time="0">
    </testcase>
    <testcase classname="Integration Service - P2 Priority › API Methods" name="should list connections with user filtering" time="0">
    </testcase>
    <testcase classname="Integration Service - P2 Priority › API Methods" name="should list webhooks with user filtering" time="0">
    </testcase>
    <testcase classname="Integration Service - P2 Priority › API Methods" name="should list sync jobs with connection filtering" time="0.001">
    </testcase>
    <testcase classname="Integration Service - P2 Priority › Error Handling" name="should handle connection not found errors" time="0">
    </testcase>
    <testcase classname="Integration Service - P2 Priority › Error Handling" name="should handle sync job not found errors" time="0">
    </testcase>
    <testcase classname="Integration Service - P2 Priority › Error Handling" name="should handle webhook not found gracefully" time="0">
    </testcase>
    <testcase classname="Integration Service - P2 Priority › Utility Methods" name="should calculate next run times" time="0.001">
    </testcase>
    <testcase classname="Integration Service - P2 Priority › Utility Methods" name="should make HTTP requests" time="0">
    </testcase>
    <testcase classname="Integration Service Performance" name="should handle many concurrent connections efficiently" time="0.001">
    </testcase>
    <testcase classname="Integration Service Performance" name="should efficiently process webhook deliveries" time="0.001">
    </testcase>
  </testsuite>
  <testsuite name="Mobile Service - P2 Priority" errors="0" failures="0" skipped="0" timestamp="2025-08-14T19:28:52" time="0.071" tests="39">
    <testcase classname="Mobile Service - P2 Priority › Mobile Client Registration" name="should register mobile clients successfully" time="0.001">
    </testcase>
    <testcase classname="Mobile Service - P2 Priority › Mobile Client Registration" name="should initialize offline data for new clients" time="0">
    </testcase>
    <testcase classname="Mobile Service - P2 Priority › Mobile Client Registration" name="should handle device token mapping" time="0">
    </testcase>
    <testcase classname="Mobile Service - P2 Priority › Offline Data Management" name="should provide offline investigations data" time="0.001">
    </testcase>
    <testcase classname="Mobile Service - P2 Priority › Offline Data Management" name="should provide lightweight entity data" time="0">
    </testcase>
    <testcase classname="Mobile Service - P2 Priority › Offline Data Management" name="should provide offline notifications" time="0">
    </testcase>
    <testcase classname="Mobile Service - P2 Priority › Offline Data Management" name="should provide user settings" time="0.001">
    </testcase>
    <testcase classname="Mobile Service - P2 Priority › Sync Operations" name="should handle full sync requests" time="0">
    </testcase>
    <testcase classname="Mobile Service - P2 Priority › Sync Operations" name="should handle incremental sync requests" time="0">
    </testcase>
    <testcase classname="Mobile Service - P2 Priority › Sync Operations" name="should process offline operations during sync" time="0.001">
    </testcase>
    <testcase classname="Mobile Service - P2 Priority › Sync Operations" name="should optimize changes for mobile consumption" time="0">
    </testcase>
    <testcase classname="Mobile Service - P2 Priority › Sync Operations" name="should handle sync failures gracefully" time="0.008">
    </testcase>
    <testcase classname="Mobile Service - P2 Priority › Offline Operations Processing" name="should process entity creation operations" time="0.001">
    </testcase>
    <testcase classname="Mobile Service - P2 Priority › Offline Operations Processing" name="should handle invalid operations gracefully" time="0">
    </testcase>
    <testcase classname="Mobile Service - P2 Priority › Offline Operations Processing" name="should process multiple operation types" time="0">
    </testcase>
    <testcase classname="Mobile Service - P2 Priority › Mobile-Optimized API Endpoints" name="should provide investigation summaries" time="0.001">
    </testcase>
    <testcase classname="Mobile Service - P2 Priority › Mobile-Optimized API Endpoints" name="should provide lightweight entity data" time="0">
    </testcase>
    <testcase classname="Mobile Service - P2 Priority › Mobile-Optimized API Endpoints" name="should provide mobile-optimized notifications" time="0">
    </testcase>
    <testcase classname="Mobile Service - P2 Priority › Push Notification Support" name="should send push notifications to mobile devices" time="0.001">
    </testcase>
    <testcase classname="Mobile Service - P2 Priority › Push Notification Support" name="should customize notifications for iOS platform" time="0">
    </testcase>
    <testcase classname="Mobile Service - P2 Priority › Push Notification Support" name="should customize notifications for Android platform" time="0">
    </testcase>
    <testcase classname="Mobile Service - P2 Priority › Push Notification Support" name="should handle push notification failures" time="0">
    </testcase>
    <testcase classname="Mobile Service - P2 Priority › Mobile Client Management" name="should update mobile client information" time="0.001">
    </testcase>
    <testcase classname="Mobile Service - P2 Priority › Mobile Client Management" name="should deregister mobile clients" time="0">
    </testcase>
    <testcase classname="Mobile Service - P2 Priority › Background Sync and Cleanup" name="should perform background sync for clients" time="0">
    </testcase>
    <testcase classname="Mobile Service - P2 Priority › Background Sync and Cleanup" name="should skip background sync for disabled clients" time="0">
    </testcase>
    <testcase classname="Mobile Service - P2 Priority › Background Sync and Cleanup" name="should clean up expired sync data" time="0.001">
    </testcase>
    <testcase classname="Mobile Service - P2 Priority › Helper Methods" name="should generate current sync version" time="0">
    </testcase>
    <testcase classname="Mobile Service - P2 Priority › Helper Methods" name="should get appropriate notification icons" time="0">
    </testcase>
    <testcase classname="Mobile Service - P2 Priority › Helper Methods" name="should detect important changes" time="0">
    </testcase>
    <testcase classname="Mobile Service - P2 Priority › Helper Methods" name="should calculate unread notification count" time="0">
    </testcase>
    <testcase classname="Mobile Service - P2 Priority › Analytics and Metrics" name="should track mobile service metrics" time="0">
    </testcase>
    <testcase classname="Mobile Service - P2 Priority › Analytics and Metrics" name="should provide platform breakdown" time="0.001">
    </testcase>
    <testcase classname="Mobile Service - P2 Priority › Analytics and Metrics" name="should calculate average sync interval" time="0">
    </testcase>
    <testcase classname="Mobile Service - P2 Priority › Error Handling" name="should handle client not found errors" time="0.004">
    </testcase>
    <testcase classname="Mobile Service - P2 Priority › Error Handling" name="should handle push notification errors gracefully" time="0">
    </testcase>
    <testcase classname="Mobile Service - P2 Priority › Error Handling" name="should handle background sync failures" time="0">
    </testcase>
    <testcase classname="Mobile Service Performance" name="should handle many concurrent sync operations" time="0.001">
    </testcase>
    <testcase classname="Mobile Service Performance" name="should efficiently manage large offline datasets" time="0.016">
    </testcase>
  </testsuite>
  <testsuite name="Mobile Service - P2 Priority" errors="0" failures="0" skipped="0" timestamp="2025-08-14T19:28:53" time="0.065" tests="39">
    <testcase classname="Mobile Service - P2 Priority › Mobile Client Registration" name="should register mobile clients successfully" time="0.001">
    </testcase>
    <testcase classname="Mobile Service - P2 Priority › Mobile Client Registration" name="should initialize offline data for new clients" time="0.001">
    </testcase>
    <testcase classname="Mobile Service - P2 Priority › Mobile Client Registration" name="should handle device token mapping" time="0">
    </testcase>
    <testcase classname="Mobile Service - P2 Priority › Offline Data Management" name="should provide offline investigations data" time="0.001">
    </testcase>
    <testcase classname="Mobile Service - P2 Priority › Offline Data Management" name="should provide lightweight entity data" time="0">
    </testcase>
    <testcase classname="Mobile Service - P2 Priority › Offline Data Management" name="should provide offline notifications" time="0">
    </testcase>
    <testcase classname="Mobile Service - P2 Priority › Offline Data Management" name="should provide user settings" time="0.001">
    </testcase>
    <testcase classname="Mobile Service - P2 Priority › Sync Operations" name="should handle full sync requests" time="0.001">
    </testcase>
    <testcase classname="Mobile Service - P2 Priority › Sync Operations" name="should handle incremental sync requests" time="0">
    </testcase>
    <testcase classname="Mobile Service - P2 Priority › Sync Operations" name="should process offline operations during sync" time="0.001">
    </testcase>
    <testcase classname="Mobile Service - P2 Priority › Sync Operations" name="should optimize changes for mobile consumption" time="0">
    </testcase>
    <testcase classname="Mobile Service - P2 Priority › Sync Operations" name="should handle sync failures gracefully" time="0.011">
    </testcase>
    <testcase classname="Mobile Service - P2 Priority › Offline Operations Processing" name="should process entity creation operations" time="0">
    </testcase>
    <testcase classname="Mobile Service - P2 Priority › Offline Operations Processing" name="should handle invalid operations gracefully" time="0">
    </testcase>
    <testcase classname="Mobile Service - P2 Priority › Offline Operations Processing" name="should process multiple operation types" time="0.001">
    </testcase>
    <testcase classname="Mobile Service - P2 Priority › Mobile-Optimized API Endpoints" name="should provide investigation summaries" time="0.001">
    </testcase>
    <testcase classname="Mobile Service - P2 Priority › Mobile-Optimized API Endpoints" name="should provide lightweight entity data" time="0">
    </testcase>
    <testcase classname="Mobile Service - P2 Priority › Mobile-Optimized API Endpoints" name="should provide mobile-optimized notifications" time="0.001">
    </testcase>
    <testcase classname="Mobile Service - P2 Priority › Push Notification Support" name="should send push notifications to mobile devices" time="0">
    </testcase>
    <testcase classname="Mobile Service - P2 Priority › Push Notification Support" name="should customize notifications for iOS platform" time="0">
    </testcase>
    <testcase classname="Mobile Service - P2 Priority › Push Notification Support" name="should customize notifications for Android platform" time="0.001">
    </testcase>
    <testcase classname="Mobile Service - P2 Priority › Push Notification Support" name="should handle push notification failures" time="0">
    </testcase>
    <testcase classname="Mobile Service - P2 Priority › Mobile Client Management" name="should update mobile client information" time="0.001">
    </testcase>
    <testcase classname="Mobile Service - P2 Priority › Mobile Client Management" name="should deregister mobile clients" time="0">
    </testcase>
    <testcase classname="Mobile Service - P2 Priority › Background Sync and Cleanup" name="should perform background sync for clients" time="0.001">
    </testcase>
    <testcase classname="Mobile Service - P2 Priority › Background Sync and Cleanup" name="should skip background sync for disabled clients" time="0">
    </testcase>
    <testcase classname="Mobile Service - P2 Priority › Background Sync and Cleanup" name="should clean up expired sync data" time="0">
    </testcase>
    <testcase classname="Mobile Service - P2 Priority › Helper Methods" name="should generate current sync version" time="0">
    </testcase>
    <testcase classname="Mobile Service - P2 Priority › Helper Methods" name="should get appropriate notification icons" time="0.001">
    </testcase>
    <testcase classname="Mobile Service - P2 Priority › Helper Methods" name="should detect important changes" time="0">
    </testcase>
    <testcase classname="Mobile Service - P2 Priority › Helper Methods" name="should calculate unread notification count" time="0">
    </testcase>
    <testcase classname="Mobile Service - P2 Priority › Analytics and Metrics" name="should track mobile service metrics" time="0.001">
    </testcase>
    <testcase classname="Mobile Service - P2 Priority › Analytics and Metrics" name="should provide platform breakdown" time="0">
    </testcase>
    <testcase classname="Mobile Service - P2 Priority › Analytics and Metrics" name="should calculate average sync interval" time="0">
    </testcase>
    <testcase classname="Mobile Service - P2 Priority › Error Handling" name="should handle client not found errors" time="0.005">
    </testcase>
    <testcase classname="Mobile Service - P2 Priority › Error Handling" name="should handle push notification errors gracefully" time="0">
    </testcase>
    <testcase classname="Mobile Service - P2 Priority › Error Handling" name="should handle background sync failures" time="0.005">
    </testcase>
    <testcase classname="Mobile Service Performance" name="should handle many concurrent sync operations" time="0.001">
    </testcase>
    <testcase classname="Mobile Service Performance" name="should efficiently manage large offline datasets" time="0.011">
    </testcase>
  </testsuite>
  <testsuite name="Mobile Service - P2 Priority" errors="0" failures="0" skipped="0" timestamp="2025-08-14T19:28:53" time="0.048" tests="39">
    <testcase classname="Mobile Service - P2 Priority › Mobile Client Registration" name="should register mobile clients successfully" time="0.001">
    </testcase>
    <testcase classname="Mobile Service - P2 Priority › Mobile Client Registration" name="should initialize offline data for new clients" time="0">
    </testcase>
    <testcase classname="Mobile Service - P2 Priority › Mobile Client Registration" name="should handle device token mapping" time="0.001">
    </testcase>
    <testcase classname="Mobile Service - P2 Priority › Offline Data Management" name="should provide offline investigations data" time="0">
    </testcase>
    <testcase classname="Mobile Service - P2 Priority › Offline Data Management" name="should provide lightweight entity data" time="0">
    </testcase>
    <testcase classname="Mobile Service - P2 Priority › Offline Data Management" name="should provide offline notifications" time="0">
    </testcase>
    <testcase classname="Mobile Service - P2 Priority › Offline Data Management" name="should provide user settings" time="0.001">
    </testcase>
    <testcase classname="Mobile Service - P2 Priority › Sync Operations" name="should handle full sync requests" time="0">
    </testcase>
    <testcase classname="Mobile Service - P2 Priority › Sync Operations" name="should handle incremental sync requests" time="0">
    </testcase>
    <testcase classname="Mobile Service - P2 Priority › Sync Operations" name="should process offline operations during sync" time="0">
    </testcase>
    <testcase classname="Mobile Service - P2 Priority › Sync Operations" name="should optimize changes for mobile consumption" time="0.001">
    </testcase>
    <testcase classname="Mobile Service - P2 Priority › Sync Operations" name="should handle sync failures gracefully" time="0.008">
    </testcase>
    <testcase classname="Mobile Service - P2 Priority › Offline Operations Processing" name="should process entity creation operations" time="0">
    </testcase>
    <testcase classname="Mobile Service - P2 Priority › Offline Operations Processing" name="should handle invalid operations gracefully" time="0">
    </testcase>
    <testcase classname="Mobile Service - P2 Priority › Offline Operations Processing" name="should process multiple operation types" time="0">
    </testcase>
    <testcase classname="Mobile Service - P2 Priority › Mobile-Optimized API Endpoints" name="should provide investigation summaries" time="0.001">
    </testcase>
    <testcase classname="Mobile Service - P2 Priority › Mobile-Optimized API Endpoints" name="should provide lightweight entity data" time="0">
    </testcase>
    <testcase classname="Mobile Service - P2 Priority › Mobile-Optimized API Endpoints" name="should provide mobile-optimized notifications" time="0">
    </testcase>
    <testcase classname="Mobile Service - P2 Priority › Push Notification Support" name="should send push notifications to mobile devices" time="0">
    </testcase>
    <testcase classname="Mobile Service - P2 Priority › Push Notification Support" name="should customize notifications for iOS platform" time="0">
    </testcase>
    <testcase classname="Mobile Service - P2 Priority › Push Notification Support" name="should customize notifications for Android platform" time="0.001">
    </testcase>
    <testcase classname="Mobile Service - P2 Priority › Push Notification Support" name="should handle push notification failures" time="0">
    </testcase>
    <testcase classname="Mobile Service - P2 Priority › Mobile Client Management" name="should update mobile client information" time="0">
    </testcase>
    <testcase classname="Mobile Service - P2 Priority › Mobile Client Management" name="should deregister mobile clients" time="0">
    </testcase>
    <testcase classname="Mobile Service - P2 Priority › Background Sync and Cleanup" name="should perform background sync for clients" time="0">
    </testcase>
    <testcase classname="Mobile Service - P2 Priority › Background Sync and Cleanup" name="should skip background sync for disabled clients" time="0.001">
    </testcase>
    <testcase classname="Mobile Service - P2 Priority › Background Sync and Cleanup" name="should clean up expired sync data" time="0">
    </testcase>
    <testcase classname="Mobile Service - P2 Priority › Helper Methods" name="should generate current sync version" time="0">
    </testcase>
    <testcase classname="Mobile Service - P2 Priority › Helper Methods" name="should get appropriate notification icons" time="0">
    </testcase>
    <testcase classname="Mobile Service - P2 Priority › Helper Methods" name="should detect important changes" time="0">
    </testcase>
    <testcase classname="Mobile Service - P2 Priority › Helper Methods" name="should calculate unread notification count" time="0">
    </testcase>
    <testcase classname="Mobile Service - P2 Priority › Analytics and Metrics" name="should track mobile service metrics" time="0">
    </testcase>
    <testcase classname="Mobile Service - P2 Priority › Analytics and Metrics" name="should provide platform breakdown" time="0.001">
    </testcase>
    <testcase classname="Mobile Service - P2 Priority › Analytics and Metrics" name="should calculate average sync interval" time="0">
    </testcase>
    <testcase classname="Mobile Service - P2 Priority › Error Handling" name="should handle client not found errors" time="0.004">
    </testcase>
    <testcase classname="Mobile Service - P2 Priority › Error Handling" name="should handle push notification errors gracefully" time="0">
    </testcase>
    <testcase classname="Mobile Service - P2 Priority › Error Handling" name="should handle background sync failures" time="0.001">
    </testcase>
    <testcase classname="Mobile Service Performance" name="should handle many concurrent sync operations" time="0">
    </testcase>
    <testcase classname="Mobile Service Performance" name="should efficiently manage large offline datasets" time="0.013">
    </testcase>
  </testsuite>
  <testsuite name="Integration Service - P2 Priority" errors="0" failures="0" skipped="0" timestamp="2025-08-14T19:28:52" time="1.171" tests="49">
    <testcase classname="Integration Service - P2 Priority › Connector Initialization" name="should initialize all enterprise connectors" time="0.001">
    </testcase>
    <testcase classname="Integration Service - P2 Priority › Connector Initialization" name="should configure connector categories correctly" time="0">
    </testcase>
    <testcase classname="Integration Service - P2 Priority › Connector Initialization" name="should define authentication methods for each connector" time="0.001">
    </testcase>
    <testcase classname="Integration Service - P2 Priority › Connector Initialization" name="should configure data types for each connector" time="0">
    </testcase>
    <testcase classname="Integration Service - P2 Priority › Connection Management" name="should create connections successfully" time="0">
    </testcase>
    <testcase classname="Integration Service - P2 Priority › Connection Management" name="should validate authentication before creating connections" time="0.019">
    </testcase>
    <testcase classname="Integration Service - P2 Priority › Connection Management" name="should reject connections with invalid connectors" time="0">
    </testcase>
    <testcase classname="Integration Service - P2 Priority › Connection Management" name="should fail connection creation on test failure" time="0">
    </testcase>
    <testcase classname="Integration Service - P2 Priority › Connection Management" name="should update existing connections" time="0">
    </testcase>
    <testcase classname="Integration Service - P2 Priority › Connection Management" name="should delete connections and cleanup sync jobs" time="0.001">
    </testcase>
    <testcase classname="Integration Service - P2 Priority › Authentication Validation" name="should validate API key authentication" time="0">
    </testcase>
    <testcase classname="Integration Service - P2 Priority › Authentication Validation" name="should validate username/password authentication" time="0">
    </testcase>
    <testcase classname="Integration Service - P2 Priority › Authentication Validation" name="should validate OAuth2 authentication" time="0">
    </testcase>
    <testcase classname="Integration Service - P2 Priority › Authentication Validation" name="should validate AWS credentials" time="0">
    </testcase>
    <testcase classname="Integration Service - P2 Priority › Authentication Validation" name="should reject unsupported authentication types" time="0">
    </testcase>
    <testcase classname="Integration Service - P2 Priority › Authentication Validation" name="should reject incomplete credentials" time="0">
    </testcase>
    <testcase classname="Integration Service - P2 Priority › Connection Testing" name="should test connections successfully" time="0">
    </testcase>
    <testcase classname="Integration Service - P2 Priority › Connection Testing" name="should handle connection test failures" time="0.001">
    </testcase>
    <testcase classname="Integration Service - P2 Priority › Connection Testing" name="should use appropriate test endpoints for each connector" time="0">
    </testcase>
    <testcase classname="Integration Service - P2 Priority › Data Operations" name="should execute queries on active connections" time="0">
    </testcase>
    <testcase classname="Integration Service - P2 Priority › Data Operations" name="should reject queries on inactive connections" time="0">
    </testcase>
    <testcase classname="Integration Service - P2 Priority › Data Operations" name="should handle query execution failures" time="0">
    </testcase>
    <testcase classname="Integration Service - P2 Priority › Sync Job Management" name="should create sync jobs" time="0.001">
    </testcase>
    <testcase classname="Integration Service - P2 Priority › Sync Job Management" name="should run sync jobs successfully" time="0">
    </testcase>
    <testcase classname="Integration Service - P2 Priority › Sync Job Management" name="should handle sync job failures" time="0">
    </testcase>
    <testcase classname="Integration Service - P2 Priority › Sync Job Management" name="should process scheduled syncs" time="0.003">
    </testcase>
    <testcase classname="Integration Service - P2 Priority › Webhook Management" name="should create webhooks" time="0">
    </testcase>
    <testcase classname="Integration Service - P2 Priority › Webhook Management" name="should trigger webhooks for matching events" time="0">
    </testcase>
    <testcase classname="Integration Service - P2 Priority › Webhook Management" name="should handle webhook delivery failures with retry" time="1.102">
    </testcase>
    <testcase classname="Integration Service - P2 Priority › Webhook Management" name="should skip disabled webhooks" time="0">
    </testcase>
    <testcase classname="Integration Service - P2 Priority › Webhook Management" name="should filter events based on webhook configuration" time="0.001">
    </testcase>
    <testcase classname="Integration Service - P2 Priority › Security and Encryption" name="should encrypt and decrypt credentials" time="0.001">
    </testcase>
    <testcase classname="Integration Service - P2 Priority › Security and Encryption" name="should generate webhook signatures" time="0">
    </testcase>
    <testcase classname="Integration Service - P2 Priority › Security and Encryption" name="should generate consistent signatures" time="0.001">
    </testcase>
    <testcase classname="Integration Service - P2 Priority › Connection Health and Metrics" name="should track connection metrics" time="0">
    </testcase>
    <testcase classname="Integration Service - P2 Priority › Connection Health and Metrics" name="should calculate connection health percentage" time="0">
    </testcase>
    <testcase classname="Integration Service - P2 Priority › Connection Health and Metrics" name="should provide connector breakdown statistics" time="0.001">
    </testcase>
    <testcase classname="Integration Service - P2 Priority › API Methods" name="should list connectors" time="0">
    </testcase>
    <testcase classname="Integration Service - P2 Priority › API Methods" name="should get specific connector details" time="0">
    </testcase>
    <testcase classname="Integration Service - P2 Priority › API Methods" name="should list connections with user filtering" time="0.001">
    </testcase>
    <testcase classname="Integration Service - P2 Priority › API Methods" name="should list webhooks with user filtering" time="0">
    </testcase>
    <testcase classname="Integration Service - P2 Priority › API Methods" name="should list sync jobs with connection filtering" time="0">
    </testcase>
    <testcase classname="Integration Service - P2 Priority › Error Handling" name="should handle connection not found errors" time="0.002">
    </testcase>
    <testcase classname="Integration Service - P2 Priority › Error Handling" name="should handle sync job not found errors" time="0">
    </testcase>
    <testcase classname="Integration Service - P2 Priority › Error Handling" name="should handle webhook not found gracefully" time="0">
    </testcase>
    <testcase classname="Integration Service - P2 Priority › Utility Methods" name="should calculate next run times" time="0.001">
    </testcase>
    <testcase classname="Integration Service - P2 Priority › Utility Methods" name="should make HTTP requests" time="0">
    </testcase>
    <testcase classname="Integration Service Performance" name="should handle many concurrent connections efficiently" time="0.001">
    </testcase>
    <testcase classname="Integration Service Performance" name="should efficiently process webhook deliveries" time="0.002">
    </testcase>
  </testsuite>
  <testsuite name="Plugin Service - P2 Priority" errors="0" failures="0" skipped="0" timestamp="2025-08-14T19:28:53" time="3.091" tests="40">
    <testcase classname="Plugin Service - P2 Priority › Extension Points Initialization" name="should initialize all required extension points" time="0.001">
    </testcase>
    <testcase classname="Plugin Service - P2 Priority › Extension Points Initialization" name="should configure extension point interfaces correctly" time="0.001">
    </testcase>
    <testcase classname="Plugin Service - P2 Priority › Extension Points Initialization" name="should define security requirements for extension points" time="0">
    </testcase>
    <testcase classname="Plugin Service - P2 Priority › Plugin Registration" name="should register valid plugins successfully" time="0">
    </testcase>
    <testcase classname="Plugin Service - P2 Priority › Plugin Registration" name="should validate plugin data during registration" time="0.015">
    </testcase>
    <testcase classname="Plugin Service - P2 Priority › Plugin Registration" name="should check plugin dependencies" time="0">
    </testcase>
    <testcase classname="Plugin Service - P2 Priority › Plugin Registration" name="should reject plugins with missing dependencies" time="0">
    </testcase>
    <testcase classname="Plugin Service - P2 Priority › Plugin Loading and Sandboxing" name="should create secure sandboxes for plugins" time="0.001">
    </testcase>
    <testcase classname="Plugin Service - P2 Priority › Plugin Loading and Sandboxing" name="should provide restricted API to sandboxed plugins" time="0">
    </testcase>
    <testcase classname="Plugin Service - P2 Priority › Plugin Loading and Sandboxing" name="should restrict API access based on permissions" time="0.001">
    </testcase>
    <testcase classname="Plugin Service - P2 Priority › Plugin Loading and Sandboxing" name="should validate required modules in sandbox" time="0.01">
    </testcase>
    <testcase classname="Plugin Service - P2 Priority › Plugin Lifecycle Management" name="should load plugins correctly" time="0">
    </testcase>
    <testcase classname="Plugin Service - P2 Priority › Plugin Lifecycle Management" name="should activate plugins successfully" time="0">
    </testcase>
    <testcase classname="Plugin Service - P2 Priority › Plugin Lifecycle Management" name="should deactivate plugins cleanly" time="0.001">
    </testcase>
    <testcase classname="Plugin Service - P2 Priority › Plugin Lifecycle Management" name="should handle plugin loading failures" time="0">
    </testcase>
    <testcase classname="Plugin Service - P2 Priority › Hook System" name="should register and execute plugin hooks" time="0.001">
    </testcase>
    <testcase classname="Plugin Service - P2 Priority › Hook System" name="should handle hook execution failures gracefully" time="0">
    </testcase>
    <testcase classname="Plugin Service - P2 Priority › Hook System" name="should respect hook priorities" time="0.001">
    </testcase>
    <testcase classname="Plugin Service - P2 Priority › Extension System" name="should register plugin extensions" time="0">
    </testcase>
    <testcase classname="Plugin Service - P2 Priority › Extension System" name="should execute extensions" time="0.001">
    </testcase>
    <testcase classname="Plugin Service - P2 Priority › Extension System" name="should validate extension permissions" time="0">
    </testcase>
    <testcase classname="Plugin Service - P2 Priority › Plugin Installation and Updates" name="should install plugin packages" time="0">
    </testcase>
    <testcase classname="Plugin Service - P2 Priority › Plugin Installation and Updates" name="should update existing plugins" time="0">
    </testcase>
    <testcase classname="Plugin Service - P2 Priority › Plugin Installation and Updates" name="should restore backup on update failure" time="0">
    </testcase>
    <testcase classname="Plugin Service - P2 Priority › Plugin Configuration" name="should save and load plugin configurations" time="0">
    </testcase>
    <testcase classname="Plugin Service - P2 Priority › Plugin Configuration" name="should handle configuration loading errors" time="0">
    </testcase>
    <testcase classname="Plugin Service - P2 Priority › Security and Access Control" name="should encrypt and decrypt plugin data" time="0">
    </testcase>
    <testcase classname="Plugin Service - P2 Priority › Security and Access Control" name="should validate plugin API access" time="0.001">
    </testcase>
    <testcase classname="Plugin Service - P2 Priority › Security and Access Control" name="should audit plugin security operations" time="0">
    </testcase>
    <testcase classname="Plugin Service - P2 Priority › Plugin Management API" name="should list plugins with filtering" time="0">
    </testcase>
    <testcase classname="Plugin Service - P2 Priority › Plugin Management API" name="should get plugin details" time="0">
    </testcase>
    <testcase classname="Plugin Service - P2 Priority › Plugin Management API" name="should remove plugins completely" time="0">
    </testcase>
    <testcase classname="Plugin Service - P2 Priority › Metrics and Monitoring" name="should track plugin system metrics" time="0.001">
    </testcase>
    <testcase classname="Plugin Service - P2 Priority › Metrics and Monitoring" name="should provide plugin performance data" time="0.001">
    </testcase>
    <testcase classname="Plugin Service - P2 Priority › Error Handling and Recovery" name="should handle sandbox creation failures" time="0">
    </testcase>
    <testcase classname="Plugin Service - P2 Priority › Error Handling and Recovery" name="should handle plugin timeout scenarios" time="3.001">
    </testcase>
    <testcase classname="Plugin Service - P2 Priority › Version Compatibility" name="should check semantic version compatibility" time="0.002">
    </testcase>
    <testcase classname="Plugin Service - P2 Priority › Version Compatibility" name="should handle version range specifications" time="0.001">
    </testcase>
    <testcase classname="Plugin Service Performance" name="should handle many plugins efficiently" time="0.003">
    </testcase>
    <testcase classname="Plugin Service Performance" name="should execute hooks efficiently with many plugins" time="0.029">
    </testcase>
  </testsuite>
  <testsuite name="Plugin Service - P2 Priority" errors="0" failures="0" skipped="0" timestamp="2025-08-14T19:28:54" time="3.108" tests="40">
    <testcase classname="Plugin Service - P2 Priority › Extension Points Initialization" name="should initialize all required extension points" time="0.001">
    </testcase>
    <testcase classname="Plugin Service - P2 Priority › Extension Points Initialization" name="should configure extension point interfaces correctly" time="0.001">
    </testcase>
    <testcase classname="Plugin Service - P2 Priority › Extension Points Initialization" name="should define security requirements for extension points" time="0">
    </testcase>
    <testcase classname="Plugin Service - P2 Priority › Plugin Registration" name="should register valid plugins successfully" time="0.001">
    </testcase>
    <testcase classname="Plugin Service - P2 Priority › Plugin Registration" name="should validate plugin data during registration" time="0.014">
    </testcase>
    <testcase classname="Plugin Service - P2 Priority › Plugin Registration" name="should check plugin dependencies" time="0.001">
    </testcase>
    <testcase classname="Plugin Service - P2 Priority › Plugin Registration" name="should reject plugins with missing dependencies" time="0">
    </testcase>
    <testcase classname="Plugin Service - P2 Priority › Plugin Loading and Sandboxing" name="should create secure sandboxes for plugins" time="0.001">
    </testcase>
    <testcase classname="Plugin Service - P2 Priority › Plugin Loading and Sandboxing" name="should provide restricted API to sandboxed plugins" time="0">
    </testcase>
    <testcase classname="Plugin Service - P2 Priority › Plugin Loading and Sandboxing" name="should restrict API access based on permissions" time="0">
    </testcase>
    <testcase classname="Plugin Service - P2 Priority › Plugin Loading and Sandboxing" name="should validate required modules in sandbox" time="0.009">
    </testcase>
    <testcase classname="Plugin Service - P2 Priority › Plugin Lifecycle Management" name="should load plugins correctly" time="0">
    </testcase>
    <testcase classname="Plugin Service - P2 Priority › Plugin Lifecycle Management" name="should activate plugins successfully" time="0.001">
    </testcase>
    <testcase classname="Plugin Service - P2 Priority › Plugin Lifecycle Management" name="should deactivate plugins cleanly" time="0">
    </testcase>
    <testcase classname="Plugin Service - P2 Priority › Plugin Lifecycle Management" name="should handle plugin loading failures" time="0.001">
    </testcase>
    <testcase classname="Plugin Service - P2 Priority › Hook System" name="should register and execute plugin hooks" time="0">
    </testcase>
    <testcase classname="Plugin Service - P2 Priority › Hook System" name="should handle hook execution failures gracefully" time="0.001">
    </testcase>
    <testcase classname="Plugin Service - P2 Priority › Hook System" name="should respect hook priorities" time="0.001">
    </testcase>
    <testcase classname="Plugin Service - P2 Priority › Extension System" name="should register plugin extensions" time="0">
    </testcase>
    <testcase classname="Plugin Service - P2 Priority › Extension System" name="should execute extensions" time="0.001">
    </testcase>
    <testcase classname="Plugin Service - P2 Priority › Extension System" name="should validate extension permissions" time="0">
    </testcase>
    <testcase classname="Plugin Service - P2 Priority › Plugin Installation and Updates" name="should install plugin packages" time="0">
    </testcase>
    <testcase classname="Plugin Service - P2 Priority › Plugin Installation and Updates" name="should update existing plugins" time="0.001">
    </testcase>
    <testcase classname="Plugin Service - P2 Priority › Plugin Installation and Updates" name="should restore backup on update failure" time="0">
    </testcase>
    <testcase classname="Plugin Service - P2 Priority › Plugin Configuration" name="should save and load plugin configurations" time="0">
    </testcase>
    <testcase classname="Plugin Service - P2 Priority › Plugin Configuration" name="should handle configuration loading errors" time="0">
    </testcase>
    <testcase classname="Plugin Service - P2 Priority › Security and Access Control" name="should encrypt and decrypt plugin data" time="0">
    </testcase>
    <testcase classname="Plugin Service - P2 Priority › Security and Access Control" name="should validate plugin API access" time="0.001">
    </testcase>
    <testcase classname="Plugin Service - P2 Priority › Security and Access Control" name="should audit plugin security operations" time="0">
    </testcase>
    <testcase classname="Plugin Service - P2 Priority › Plugin Management API" name="should list plugins with filtering" time="0">
    </testcase>
    <testcase classname="Plugin Service - P2 Priority › Plugin Management API" name="should get plugin details" time="0">
    </testcase>
    <testcase classname="Plugin Service - P2 Priority › Plugin Management API" name="should remove plugins completely" time="0">
    </testcase>
    <testcase classname="Plugin Service - P2 Priority › Metrics and Monitoring" name="should track plugin system metrics" time="0.001">
    </testcase>
    <testcase classname="Plugin Service - P2 Priority › Metrics and Monitoring" name="should provide plugin performance data" time="0.001">
    </testcase>
    <testcase classname="Plugin Service - P2 Priority › Error Handling and Recovery" name="should handle sandbox creation failures" time="0">
    </testcase>
    <testcase classname="Plugin Service - P2 Priority › Error Handling and Recovery" name="should handle plugin timeout scenarios" time="3.001">
    </testcase>
    <testcase classname="Plugin Service - P2 Priority › Version Compatibility" name="should check semantic version compatibility" time="0.002">
    </testcase>
    <testcase classname="Plugin Service - P2 Priority › Version Compatibility" name="should handle version range specifications" time="0.001">
    </testcase>
    <testcase classname="Plugin Service Performance" name="should handle many plugins efficiently" time="0.002">
    </testcase>
    <testcase classname="Plugin Service Performance" name="should execute hooks efficiently with many plugins" time="0.03">
    </testcase>
  </testsuite>
  <testsuite name="Simulation Engine Service - P0 Critical MVP1" errors="0" failures="0" skipped="0" timestamp="2025-08-14T19:28:57" time="1.647" tests="41">
    <testcase classname="Simulation Engine Service - P0 Critical MVP1 › Simulation Engine Initialization" name="should initialize all required simulation engines" time="0.002">
    </testcase>
    <testcase classname="Simulation Engine Service - P0 Critical MVP1 › Simulation Engine Initialization" name="should configure engine parameters correctly" time="0">
    </testcase>
    <testcase classname="Simulation Engine Service - P0 Critical MVP1 › Simulation Engine Initialization" name="should load scenario templates" time="0.001">
    </testcase>
    <testcase classname="Simulation Engine Service - P0 Critical MVP1 › Simulation Configuration and Validation" name="should validate simulation configuration" time="0">
    </testcase>
    <testcase classname="Simulation Engine Service - P0 Critical MVP1 › Simulation Configuration and Validation" name="should reject unknown engines" time="0.016">
    </testcase>
    <testcase classname="Simulation Engine Service - P0 Critical MVP1 › Simulation Configuration and Validation" name="should validate engine parameters" time="0.001">
    </testcase>
    <testcase classname="Simulation Engine Service - P0 Critical MVP1 › Simulation Configuration and Validation" name="should reject simulations with no graph data" time="0">
    </testcase>
    <testcase classname="Simulation Engine Service - P0 Critical MVP1 › Graph Data Loading" name="should load graph data from Neo4j" time="0.001">
    </testcase>
    <testcase classname="Simulation Engine Service - P0 Critical MVP1 › Graph Data Loading" name="should handle database connection errors" time="0">
    </testcase>
    <testcase classname="Simulation Engine Service - P0 Critical MVP1 › Simulation Execution" name="should run complete simulation successfully" time="0.001">
    </testcase>
    <testcase classname="Simulation Engine Service - P0 Critical MVP1 › Simulation Execution" name="should handle simulation initialization failure" time="0">
    </testcase>
    <testcase classname="Simulation Engine Service - P0 Critical MVP1 › Simulation Execution" name="should emit simulation lifecycle events" time="0">
    </testcase>
    <testcase classname="Simulation Engine Service - P0 Critical MVP1 › Network Propagation Engine" name="should simulate network propagation correctly" time="0.001">
    </testcase>
    <testcase classname="Simulation Engine Service - P0 Critical MVP1 › Network Propagation Engine" name="should handle convergence detection" time="0">
    </testcase>
    <testcase classname="Simulation Engine Service - P0 Critical MVP1 › Behavioral Prediction Engine" name="should generate behavioral predictions" time="0">
    </testcase>
    <testcase classname="Simulation Engine Service - P0 Critical MVP1 › Behavioral Prediction Engine" name="should include temporal factors in predictions" time="0.001">
    </testcase>
    <testcase classname="Simulation Engine Service - P0 Critical MVP1 › Risk Assessment Engine" name="should assess risk for entities" time="0">
    </testcase>
    <testcase classname="Simulation Engine Service - P0 Critical MVP1 › Risk Assessment Engine" name="should identify risk clusters" time="0">
    </testcase>
    <testcase classname="Simulation Engine Service - P0 Critical MVP1 › Monte Carlo Engine" name="should run Monte Carlo simulation" time="1.103">
    </testcase>
    <testcase classname="Simulation Engine Service - P0 Critical MVP1 › Monte Carlo Engine" name="should calculate statistical measures correctly" time="0.001">
    </testcase>
    <testcase classname="Simulation Engine Service - P0 Critical MVP1 › Monte Carlo Engine" name="should handle parallel execution" time="0.111">
    </testcase>
    <testcase classname="Simulation Engine Service - P0 Critical MVP1 › Event Cascade Engine" name="should simulate event cascades" time="0.002">
    </testcase>
    <testcase classname="Simulation Engine Service - P0 Critical MVP1 › Event Cascade Engine" name="should respect cascade depth limits" time="0.001">
    </testcase>
    <testcase classname="Simulation Engine Service - P0 Critical MVP1 › Resource Allocation Engine" name="should optimize resource allocation" time="0.001">
    </testcase>
    <testcase classname="Simulation Engine Service - P0 Critical MVP1 › Resource Allocation Engine" name="should track resource utilization over time" time="0.002">
    </testcase>
    <testcase classname="Simulation Engine Service - P0 Critical MVP1 › Simulation Management" name="should track active simulations" time="0">
    </testcase>
    <testcase classname="Simulation Engine Service - P0 Critical MVP1 › Simulation Management" name="should get simulation status" time="0.001">
    </testcase>
    <testcase classname="Simulation Engine Service - P0 Critical MVP1 › Simulation Management" name="should cancel running simulation" time="0.118">
    </testcase>
    <testcase classname="Simulation Engine Service - P0 Critical MVP1 › Performance Metrics" name="should track simulation metrics" time="0">
    </testcase>
    <testcase classname="Simulation Engine Service - P0 Critical MVP1 › Performance Metrics" name="should calculate success rate" time="0.001">
    </testcase>
    <testcase classname="Simulation Engine Service - P0 Critical MVP1 › Error Handling" name="should handle engine execution failures gracefully" time="0.001">
    </testcase>
    <testcase classname="Simulation Engine Service - P0 Critical MVP1 › Error Handling" name="should validate parameter ranges" time="0.001">
    </testcase>
    <testcase classname="Simulation Engine Service - P0 Critical MVP1 › Utility Functions" name="should calculate statistical measures correctly" time="0.001">
    </testcase>
    <testcase classname="Simulation Engine Service - P0 Critical MVP1 › Utility Functions" name="should calculate Value at Risk correctly" time="0">
    </testcase>
    <testcase classname="Simulation Engine Service - P0 Critical MVP1 › Utility Functions" name="should calculate Conditional Value at Risk correctly" time="0.001">
    </testcase>
    <testcase classname="Simulation Engine Service - P0 Critical MVP1 › Utility Functions" name="should create proper delay promises" time="0.101">
    </testcase>
    <testcase classname="Simulation Engine Service - P0 Critical MVP1 › Scenario Templates" name="should provide threat propagation scenario" time="0.002">
    </testcase>
    <testcase classname="Simulation Engine Service - P0 Critical MVP1 › Scenario Templates" name="should provide operational planning scenario" time="0">
    </testcase>
    <testcase classname="Simulation Engine Service - P0 Critical MVP1 › Scenario Templates" name="should provide crisis response scenario" time="0.001">
    </testcase>
    <testcase classname="Simulation Engine Performance - P0 Critical" name="should complete network propagation simulation within reasonable time" time="0.035">
    </testcase>
    <testcase classname="Simulation Engine Performance - P0 Critical" name="should handle Monte Carlo simulation with many iterations efficiently" time="0.112">
    </testcase>
  </testsuite>
  <testsuite name="Plugin Service - P2 Priority" errors="0" failures="0" skipped="0" timestamp="2025-08-14T19:28:56" time="3.067" tests="40">
    <testcase classname="Plugin Service - P2 Priority › Extension Points Initialization" name="should initialize all required extension points" time="0">
    </testcase>
    <testcase classname="Plugin Service - P2 Priority › Extension Points Initialization" name="should configure extension point interfaces correctly" time="0">
    </testcase>
    <testcase classname="Plugin Service - P2 Priority › Extension Points Initialization" name="should define security requirements for extension points" time="0">
    </testcase>
    <testcase classname="Plugin Service - P2 Priority › Plugin Registration" name="should register valid plugins successfully" time="0.001">
    </testcase>
    <testcase classname="Plugin Service - P2 Priority › Plugin Registration" name="should validate plugin data during registration" time="0.014">
    </testcase>
    <testcase classname="Plugin Service - P2 Priority › Plugin Registration" name="should check plugin dependencies" time="0">
    </testcase>
    <testcase classname="Plugin Service - P2 Priority › Plugin Registration" name="should reject plugins with missing dependencies" time="0">
    </testcase>
    <testcase classname="Plugin Service - P2 Priority › Plugin Loading and Sandboxing" name="should create secure sandboxes for plugins" time="0.001">
    </testcase>
    <testcase classname="Plugin Service - P2 Priority › Plugin Loading and Sandboxing" name="should provide restricted API to sandboxed plugins" time="0">
    </testcase>
    <testcase classname="Plugin Service - P2 Priority › Plugin Loading and Sandboxing" name="should restrict API access based on permissions" time="0.001">
    </testcase>
    <testcase classname="Plugin Service - P2 Priority › Plugin Loading and Sandboxing" name="should validate required modules in sandbox" time="0.003">
    </testcase>
    <testcase classname="Plugin Service - P2 Priority › Plugin Lifecycle Management" name="should load plugins correctly" time="0.001">
    </testcase>
    <testcase classname="Plugin Service - P2 Priority › Plugin Lifecycle Management" name="should activate plugins successfully" time="0.001">
    </testcase>
    <testcase classname="Plugin Service - P2 Priority › Plugin Lifecycle Management" name="should deactivate plugins cleanly" time="0">
    </testcase>
    <testcase classname="Plugin Service - P2 Priority › Plugin Lifecycle Management" name="should handle plugin loading failures" time="0.001">
    </testcase>
    <testcase classname="Plugin Service - P2 Priority › Hook System" name="should register and execute plugin hooks" time="0">
    </testcase>
    <testcase classname="Plugin Service - P2 Priority › Hook System" name="should handle hook execution failures gracefully" time="0.001">
    </testcase>
    <testcase classname="Plugin Service - P2 Priority › Hook System" name="should respect hook priorities" time="0">
    </testcase>
    <testcase classname="Plugin Service - P2 Priority › Extension System" name="should register plugin extensions" time="0.001">
    </testcase>
    <testcase classname="Plugin Service - P2 Priority › Extension System" name="should execute extensions" time="0">
    </testcase>
    <testcase classname="Plugin Service - P2 Priority › Extension System" name="should validate extension permissions" time="0">
    </testcase>
    <testcase classname="Plugin Service - P2 Priority › Plugin Installation and Updates" name="should install plugin packages" time="0.001">
    </testcase>
    <testcase classname="Plugin Service - P2 Priority › Plugin Installation and Updates" name="should update existing plugins" time="0">
    </testcase>
    <testcase classname="Plugin Service - P2 Priority › Plugin Installation and Updates" name="should restore backup on update failure" time="0">
    </testcase>
    <testcase classname="Plugin Service - P2 Priority › Plugin Configuration" name="should save and load plugin configurations" time="0">
    </testcase>
    <testcase classname="Plugin Service - P2 Priority › Plugin Configuration" name="should handle configuration loading errors" time="0">
    </testcase>
    <testcase classname="Plugin Service - P2 Priority › Security and Access Control" name="should encrypt and decrypt plugin data" time="0">
    </testcase>
    <testcase classname="Plugin Service - P2 Priority › Security and Access Control" name="should validate plugin API access" time="0.001">
    </testcase>
    <testcase classname="Plugin Service - P2 Priority › Security and Access Control" name="should audit plugin security operations" time="0">
    </testcase>
    <testcase classname="Plugin Service - P2 Priority › Plugin Management API" name="should list plugins with filtering" time="0">
    </testcase>
    <testcase classname="Plugin Service - P2 Priority › Plugin Management API" name="should get plugin details" time="0">
    </testcase>
    <testcase classname="Plugin Service - P2 Priority › Plugin Management API" name="should remove plugins completely" time="0">
    </testcase>
    <testcase classname="Plugin Service - P2 Priority › Metrics and Monitoring" name="should track plugin system metrics" time="0.001">
    </testcase>
    <testcase classname="Plugin Service - P2 Priority › Metrics and Monitoring" name="should provide plugin performance data" time="0">
    </testcase>
    <testcase classname="Plugin Service - P2 Priority › Error Handling and Recovery" name="should handle sandbox creation failures" time="0">
    </testcase>
    <testcase classname="Plugin Service - P2 Priority › Error Handling and Recovery" name="should handle plugin timeout scenarios" time="3.001">
    </testcase>
    <testcase classname="Plugin Service - P2 Priority › Version Compatibility" name="should check semantic version compatibility" time="0.001">
    </testcase>
    <testcase classname="Plugin Service - P2 Priority › Version Compatibility" name="should handle version range specifications" time="0">
    </testcase>
    <testcase classname="Plugin Service Performance" name="should handle many plugins efficiently" time="0">
    </testcase>
    <testcase classname="Plugin Service Performance" name="should execute hooks efficiently with many plugins" time="0.014">
    </testcase>
  </testsuite>
  <testsuite name="Simulation Engine Service - P0 Critical MVP1" errors="0" failures="0" skipped="0" timestamp="2025-08-14T19:28:58" time="1.612" tests="41">
    <testcase classname="Simulation Engine Service - P0 Critical MVP1 › Simulation Engine Initialization" name="should initialize all required simulation engines" time="0">
    </testcase>
    <testcase classname="Simulation Engine Service - P0 Critical MVP1 › Simulation Engine Initialization" name="should configure engine parameters correctly" time="0.001">
    </testcase>
    <testcase classname="Simulation Engine Service - P0 Critical MVP1 › Simulation Engine Initialization" name="should load scenario templates" time="0">
    </testcase>
    <testcase classname="Simulation Engine Service - P0 Critical MVP1 › Simulation Configuration and Validation" name="should validate simulation configuration" time="0">
    </testcase>
    <testcase classname="Simulation Engine Service - P0 Critical MVP1 › Simulation Configuration and Validation" name="should reject unknown engines" time="0.018">
    </testcase>
    <testcase classname="Simulation Engine Service - P0 Critical MVP1 › Simulation Configuration and Validation" name="should validate engine parameters" time="0">
    </testcase>
    <testcase classname="Simulation Engine Service - P0 Critical MVP1 › Simulation Configuration and Validation" name="should reject simulations with no graph data" time="0">
    </testcase>
    <testcase classname="Simulation Engine Service - P0 Critical MVP1 › Graph Data Loading" name="should load graph data from Neo4j" time="0.001">
    </testcase>
    <testcase classname="Simulation Engine Service - P0 Critical MVP1 › Graph Data Loading" name="should handle database connection errors" time="0">
    </testcase>
    <testcase classname="Simulation Engine Service - P0 Critical MVP1 › Simulation Execution" name="should run complete simulation successfully" time="0">
    </testcase>
    <testcase classname="Simulation Engine Service - P0 Critical MVP1 › Simulation Execution" name="should handle simulation initialization failure" time="0">
    </testcase>
    <testcase classname="Simulation Engine Service - P0 Critical MVP1 › Simulation Execution" name="should emit simulation lifecycle events" time="0.001">
    </testcase>
    <testcase classname="Simulation Engine Service - P0 Critical MVP1 › Network Propagation Engine" name="should simulate network propagation correctly" time="0">
    </testcase>
    <testcase classname="Simulation Engine Service - P0 Critical MVP1 › Network Propagation Engine" name="should handle convergence detection" time="0">
    </testcase>
    <testcase classname="Simulation Engine Service - P0 Critical MVP1 › Behavioral Prediction Engine" name="should generate behavioral predictions" time="0">
    </testcase>
    <testcase classname="Simulation Engine Service - P0 Critical MVP1 › Behavioral Prediction Engine" name="should include temporal factors in predictions" time="0">
    </testcase>
    <testcase classname="Simulation Engine Service - P0 Critical MVP1 › Risk Assessment Engine" name="should assess risk for entities" time="0.001">
    </testcase>
    <testcase classname="Simulation Engine Service - P0 Critical MVP1 › Risk Assessment Engine" name="should identify risk clusters" time="0">
    </testcase>
    <testcase classname="Simulation Engine Service - P0 Critical MVP1 › Monte Carlo Engine" name="should run Monte Carlo simulation" time="1.106">
    </testcase>
    <testcase classname="Simulation Engine Service - P0 Critical MVP1 › Monte Carlo Engine" name="should calculate statistical measures correctly" time="0.001">
    </testcase>
    <testcase classname="Simulation Engine Service - P0 Critical MVP1 › Monte Carlo Engine" name="should handle parallel execution" time="0.112">
    </testcase>
    <testcase classname="Simulation Engine Service - P0 Critical MVP1 › Event Cascade Engine" name="should simulate event cascades" time="0.001">
    </testcase>
    <testcase classname="Simulation Engine Service - P0 Critical MVP1 › Event Cascade Engine" name="should respect cascade depth limits" time="0.001">
    </testcase>
    <testcase classname="Simulation Engine Service - P0 Critical MVP1 › Resource Allocation Engine" name="should optimize resource allocation" time="0.001">
    </testcase>
    <testcase classname="Simulation Engine Service - P0 Critical MVP1 › Resource Allocation Engine" name="should track resource utilization over time" time="0.001">
    </testcase>
    <testcase classname="Simulation Engine Service - P0 Critical MVP1 › Simulation Management" name="should track active simulations" time="0">
    </testcase>
    <testcase classname="Simulation Engine Service - P0 Critical MVP1 › Simulation Management" name="should get simulation status" time="0.001">
    </testcase>
    <testcase classname="Simulation Engine Service - P0 Critical MVP1 › Simulation Management" name="should cancel running simulation" time="0.111">
    </testcase>
    <testcase classname="Simulation Engine Service - P0 Critical MVP1 › Performance Metrics" name="should track simulation metrics" time="0">
    </testcase>
    <testcase classname="Simulation Engine Service - P0 Critical MVP1 › Performance Metrics" name="should calculate success rate" time="0">
    </testcase>
    <testcase classname="Simulation Engine Service - P0 Critical MVP1 › Error Handling" name="should handle engine execution failures gracefully" time="0.001">
    </testcase>
    <testcase classname="Simulation Engine Service - P0 Critical MVP1 › Error Handling" name="should validate parameter ranges" time="0.001">
    </testcase>
    <testcase classname="Simulation Engine Service - P0 Critical MVP1 › Utility Functions" name="should calculate statistical measures correctly" time="0">
    </testcase>
    <testcase classname="Simulation Engine Service - P0 Critical MVP1 › Utility Functions" name="should calculate Value at Risk correctly" time="0">
    </testcase>
    <testcase classname="Simulation Engine Service - P0 Critical MVP1 › Utility Functions" name="should calculate Conditional Value at Risk correctly" time="0">
    </testcase>
    <testcase classname="Simulation Engine Service - P0 Critical MVP1 › Utility Functions" name="should create proper delay promises" time="0.1">
    </testcase>
    <testcase classname="Simulation Engine Service - P0 Critical MVP1 › Scenario Templates" name="should provide threat propagation scenario" time="0.001">
    </testcase>
    <testcase classname="Simulation Engine Service - P0 Critical MVP1 › Scenario Templates" name="should provide operational planning scenario" time="0">
    </testcase>
    <testcase classname="Simulation Engine Service - P0 Critical MVP1 › Scenario Templates" name="should provide crisis response scenario" time="0">
    </testcase>
    <testcase classname="Simulation Engine Performance - P0 Critical" name="should complete network propagation simulation within reasonable time" time="0.016">
    </testcase>
    <testcase classname="Simulation Engine Performance - P0 Critical" name="should handle Monte Carlo simulation with many iterations efficiently" time="0.111">
    </testcase>
  </testsuite>
  <testsuite name="Visualization Service - P2 Priority" errors="0" failures="1" skipped="0" timestamp="2025-08-14T19:29:00" time="0.097" tests="36">
    <testcase classname="Visualization Service - P2 Priority › Visualization Engine Initialization" name="should initialize all supported visualization types" time="0.001">
    </testcase>
    <testcase classname="Visualization Service - P2 Priority › Visualization Engine Initialization" name="should configure rendering engines correctly" time="0">
    </testcase>
    <testcase classname="Visualization Service - P2 Priority › Visualization Engine Initialization" name="should validate engine-type compatibility" time="0">
    </testcase>
    <testcase classname="Visualization Service - P2 Priority › Visualization Creation" name="should create network graph visualizations" time="0">
    </testcase>
    <testcase classname="Visualization Service - P2 Priority › Visualization Creation" name="should create timeline visualizations" time="0">
    </testcase>
    <testcase classname="Visualization Service - P2 Priority › Visualization Creation" name="should create geospatial map visualizations" time="0.001">
      <failure>Error: expect(received).toBe(expected) // Object.is equality

Expected: &quot;GEOSPATIAL_MAP&quot;
Received: undefined
    at Object.toBe (/Users/brianlong/Documents/GitHub/intelgraph/server/src/tests/visualizationService.test.js:210:34)
    at processTicksAndRejections (node:internal/process/task_queues:105:5)</failure>
    </testcase>
    <testcase classname="Visualization Service - P2 Priority › Visualization Creation" name="should create hierarchical tree visualizations" time="0">
    </testcase>
    <testcase classname="Visualization Service - P2 Priority › Advanced Visualization Types" name="should create matrix visualizations" time="0">
    </testcase>
    <testcase classname="Visualization Service - P2 Priority › Advanced Visualization Types" name="should create Sankey diagram visualizations" time="0">
    </testcase>
    <testcase classname="Visualization Service - P2 Priority › Advanced Visualization Types" name="should create 3D force-directed visualizations" time="0.001">
    </testcase>
    <testcase classname="Visualization Service - P2 Priority › Interactive Features" name="should handle node selection and highlighting" time="0">
    </testcase>
    <testcase classname="Visualization Service - P2 Priority › Interactive Features" name="should support node filtering and search" time="0">
    </testcase>
    <testcase classname="Visualization Service - P2 Priority › Interactive Features" name="should handle layout changes" time="0">
    </testcase>
    <testcase classname="Visualization Service - P2 Priority › Interactive Features" name="should support zoom and pan operations" time="0">
    </testcase>
    <testcase classname="Visualization Service - P2 Priority › Export Functionality" name="should export visualizations to PNG format" time="0.001">
    </testcase>
    <testcase classname="Visualization Service - P2 Priority › Export Functionality" name="should export visualizations to SVG format" time="0">
    </testcase>
    <testcase classname="Visualization Service - P2 Priority › Export Functionality" name="should export visualizations to JSON format" time="0">
    </testcase>
    <testcase classname="Visualization Service - P2 Priority › Export Functionality" name="should export interactive HTML visualizations" time="0">
    </testcase>
    <testcase classname="Visualization Service - P2 Priority › Layout Algorithms" name="should implement force-directed layout" time="0">
    </testcase>
    <testcase classname="Visualization Service - P2 Priority › Layout Algorithms" name="should implement hierarchical layout" time="0.001">
    </testcase>
    <testcase classname="Visualization Service - P2 Priority › Layout Algorithms" name="should implement circular layout" time="0">
    </testcase>
    <testcase classname="Visualization Service - P2 Priority › Layout Algorithms" name="should implement grid layout" time="0">
    </testcase>
    <testcase classname="Visualization Service - P2 Priority › Real-time Updates" name="should handle real-time node additions" time="0">
    </testcase>
    <testcase classname="Visualization Service - P2 Priority › Real-time Updates" name="should handle real-time edge additions" time="0">
    </testcase>
    <testcase classname="Visualization Service - P2 Priority › Real-time Updates" name="should handle node property updates" time="0.001">
    </testcase>
    <testcase classname="Visualization Service - P2 Priority › Performance Optimization" name="should implement level-of-detail rendering" time="0.004">
    </testcase>
    <testcase classname="Visualization Service - P2 Priority › Performance Optimization" name="should implement node clustering for large graphs" time="0.007">
    </testcase>
    <testcase classname="Visualization Service - P2 Priority › Performance Optimization" name="should implement edge bundling for complex networks" time="0.001">
    </testcase>
    <testcase classname="Visualization Service - P2 Priority › Visualization Management" name="should save and load visualization configurations" time="0">
    </testcase>
    <testcase classname="Visualization Service - P2 Priority › Visualization Management" name="should share visualizations between users" time="0">
    </testcase>
    <testcase classname="Visualization Service - P2 Priority › Visualization Management" name="should create visualization snapshots" time="0">
    </testcase>
    <testcase classname="Visualization Service - P2 Priority › Metrics and Analytics" name="should track visualization usage metrics" time="0.001">
    </testcase>
    <testcase classname="Visualization Service - P2 Priority › Metrics and Analytics" name="should provide performance analytics" time="0">
    </testcase>
    <testcase classname="Visualization Service - P2 Priority › Error Handling" name="should handle data loading failures gracefully" time="0">
    </testcase>
    <testcase classname="Visualization Service - P2 Priority › Error Handling" name="should validate visualization parameters" time="0.009">
    </testcase>
    <testcase classname="Visualization Service Performance" name="should handle large graph rendering efficiently" time="0.015">
    </testcase>
  </testsuite>
  <testsuite name="Visualization Service - P2 Priority" errors="0" failures="1" skipped="0" timestamp="2025-08-14T19:29:00" time="0.081" tests="36">
    <testcase classname="Visualization Service - P2 Priority › Visualization Engine Initialization" name="should initialize all supported visualization types" time="0.001">
    </testcase>
    <testcase classname="Visualization Service - P2 Priority › Visualization Engine Initialization" name="should configure rendering engines correctly" time="0">
    </testcase>
    <testcase classname="Visualization Service - P2 Priority › Visualization Engine Initialization" name="should validate engine-type compatibility" time="0">
    </testcase>
    <testcase classname="Visualization Service - P2 Priority › Visualization Creation" name="should create network graph visualizations" time="0">
    </testcase>
    <testcase classname="Visualization Service - P2 Priority › Visualization Creation" name="should create timeline visualizations" time="0">
    </testcase>
    <testcase classname="Visualization Service - P2 Priority › Visualization Creation" name="should create geospatial map visualizations" time="0.001">
      <failure>Error: expect(received).toBe(expected) // Object.is equality

Expected: &quot;GEOSPATIAL_MAP&quot;
Received: undefined
    at Object.toBe (/Users/brianlong/Documents/GitHub/intelgraph/server/src/tests/visualizationService.test.js:210:34)
    at processTicksAndRejections (node:internal/process/task_queues:105:5)</failure>
    </testcase>
    <testcase classname="Visualization Service - P2 Priority › Visualization Creation" name="should create hierarchical tree visualizations" time="0">
    </testcase>
    <testcase classname="Visualization Service - P2 Priority › Advanced Visualization Types" name="should create matrix visualizations" time="0">
    </testcase>
    <testcase classname="Visualization Service - P2 Priority › Advanced Visualization Types" name="should create Sankey diagram visualizations" time="0">
    </testcase>
    <testcase classname="Visualization Service - P2 Priority › Advanced Visualization Types" name="should create 3D force-directed visualizations" time="0">
    </testcase>
    <testcase classname="Visualization Service - P2 Priority › Interactive Features" name="should handle node selection and highlighting" time="0">
    </testcase>
    <testcase classname="Visualization Service - P2 Priority › Interactive Features" name="should support node filtering and search" time="0">
    </testcase>
    <testcase classname="Visualization Service - P2 Priority › Interactive Features" name="should handle layout changes" time="0">
    </testcase>
    <testcase classname="Visualization Service - P2 Priority › Interactive Features" name="should support zoom and pan operations" time="0">
    </testcase>
    <testcase classname="Visualization Service - P2 Priority › Export Functionality" name="should export visualizations to PNG format" time="0">
    </testcase>
    <testcase classname="Visualization Service - P2 Priority › Export Functionality" name="should export visualizations to SVG format" time="0.001">
    </testcase>
    <testcase classname="Visualization Service - P2 Priority › Export Functionality" name="should export visualizations to JSON format" time="0">
    </testcase>
    <testcase classname="Visualization Service - P2 Priority › Export Functionality" name="should export interactive HTML visualizations" time="0">
    </testcase>
    <testcase classname="Visualization Service - P2 Priority › Layout Algorithms" name="should implement force-directed layout" time="0">
    </testcase>
    <testcase classname="Visualization Service - P2 Priority › Layout Algorithms" name="should implement hierarchical layout" time="0">
    </testcase>
    <testcase classname="Visualization Service - P2 Priority › Layout Algorithms" name="should implement circular layout" time="0">
    </testcase>
    <testcase classname="Visualization Service - P2 Priority › Layout Algorithms" name="should implement grid layout" time="0.001">
    </testcase>
    <testcase classname="Visualization Service - P2 Priority › Real-time Updates" name="should handle real-time node additions" time="0">
    </testcase>
    <testcase classname="Visualization Service - P2 Priority › Real-time Updates" name="should handle real-time edge additions" time="0">
    </testcase>
    <testcase classname="Visualization Service - P2 Priority › Real-time Updates" name="should handle node property updates" time="0">
    </testcase>
    <testcase classname="Visualization Service - P2 Priority › Performance Optimization" name="should implement level-of-detail rendering" time="0.004">
    </testcase>
    <testcase classname="Visualization Service - P2 Priority › Performance Optimization" name="should implement node clustering for large graphs" time="0.005">
    </testcase>
    <testcase classname="Visualization Service - P2 Priority › Performance Optimization" name="should implement edge bundling for complex networks" time="0.001">
    </testcase>
    <testcase classname="Visualization Service - P2 Priority › Visualization Management" name="should save and load visualization configurations" time="0">
    </testcase>
    <testcase classname="Visualization Service - P2 Priority › Visualization Management" name="should share visualizations between users" time="0">
    </testcase>
    <testcase classname="Visualization Service - P2 Priority › Visualization Management" name="should create visualization snapshots" time="0">
    </testcase>
    <testcase classname="Visualization Service - P2 Priority › Metrics and Analytics" name="should track visualization usage metrics" time="0">
    </testcase>
    <testcase classname="Visualization Service - P2 Priority › Metrics and Analytics" name="should provide performance analytics" time="0">
    </testcase>
    <testcase classname="Visualization Service - P2 Priority › Error Handling" name="should handle data loading failures gracefully" time="0.001">
    </testcase>
    <testcase classname="Visualization Service - P2 Priority › Error Handling" name="should validate visualization parameters" time="0.012">
    </testcase>
    <testcase classname="Visualization Service Performance" name="should handle large graph rendering efficiently" time="0.011">
    </testcase>
  </testsuite>
  <testsuite name="Reporting Service - P1 Priority" errors="0" failures="0" skipped="0" timestamp="2025-08-14T19:29:00" time="0.213" tests="30">
    <testcase classname="Reporting Service - P1 Priority › Report Template Management" name="should initialize all required report templates" time="0.001">
    </testcase>
    <testcase classname="Reporting Service - P1 Priority › Report Template Management" name="should configure template metadata correctly" time="0">
    </testcase>
    <testcase classname="Reporting Service - P1 Priority › Report Template Management" name="should validate template sections and parameters" time="0">
    </testcase>
    <testcase classname="Reporting Service - P1 Priority › Report Generation" name="should generate comprehensive investigation report" time="0.001">
    </testcase>
    <testcase classname="Reporting Service - P1 Priority › Report Generation" name="should handle entity analysis reports" time="0">
    </testcase>
    <testcase classname="Reporting Service - P1 Priority › Report Generation" name="should generate network analysis reports" time="0">
    </testcase>
    <testcase classname="Reporting Service - P1 Priority › Export Format Support" name="should export reports to PDF format" time="0">
    </testcase>
    <testcase classname="Reporting Service - P1 Priority › Export Format Support" name="should export reports to DOCX format" time="0.001">
    </testcase>
    <testcase classname="Reporting Service - P1 Priority › Export Format Support" name="should export reports to HTML format" time="0">
    </testcase>
    <testcase classname="Reporting Service - P1 Priority › Export Format Support" name="should export reports to JSON format" time="0">
    </testcase>
    <testcase classname="Reporting Service - P1 Priority › Export Format Support" name="should export reports to CSV format" time="0">
    </testcase>
    <testcase classname="Reporting Service - P1 Priority › Export Format Support" name="should export reports to Excel format" time="0.001">
    </testcase>
    <testcase classname="Reporting Service - P1 Priority › Advanced Export Formats" name="should export reports to PowerPoint format" time="0">
    </testcase>
    <testcase classname="Reporting Service - P1 Priority › Advanced Export Formats" name="should export reports to Gephi format" time="0">
    </testcase>
    <testcase classname="Reporting Service - P1 Priority › Report Scheduling" name="should create scheduled reports" time="0">
    </testcase>
    <testcase classname="Reporting Service - P1 Priority › Report Scheduling" name="should execute scheduled reports" time="0">
    </testcase>
    <testcase classname="Reporting Service - P1 Priority › Report Scheduling" name="should handle scheduled report failures gracefully" time="0">
    </testcase>
    <testcase classname="Reporting Service - P1 Priority › Report Templates and Customization" name="should allow custom template creation" time="0">
    </testcase>
    <testcase classname="Reporting Service - P1 Priority › Report Templates and Customization" name="should validate template configurations" time="0.015">
    </testcase>
    <testcase classname="Reporting Service - P1 Priority › Report Templates and Customization" name="should support template inheritance" time="0">
    </testcase>
    <testcase classname="Reporting Service - P1 Priority › Data Processing and Analysis" name="should process complex investigation data" time="0">
    </testcase>
    <testcase classname="Reporting Service - P1 Priority › Data Processing and Analysis" name="should calculate network metrics for reports" time="0">
    </testcase>
    <testcase classname="Reporting Service - P1 Priority › Report Management" name="should list user reports with filtering" time="0">
    </testcase>
    <testcase classname="Reporting Service - P1 Priority › Report Management" name="should delete reports and cleanup files" time="0.001">
    </testcase>
    <testcase classname="Reporting Service - P1 Priority › Report Management" name="should get report download URLs" time="0">
    </testcase>
    <testcase classname="Reporting Service - P1 Priority › Metrics and Analytics" name="should track reporting metrics" time="0">
    </testcase>
    <testcase classname="Reporting Service - P1 Priority › Metrics and Analytics" name="should provide usage analytics" time="0">
    </testcase>
    <testcase classname="Reporting Service - P1 Priority › Error Handling and Recovery" name="should handle data source failures gracefully" time="0">
    </testcase>
    <testcase classname="Reporting Service - P1 Priority › Error Handling and Recovery" name="should retry failed report generation" time="0">
    </testcase>
    <testcase classname="Reporting Service Performance" name="should handle large dataset processing efficiently" time="0.001">
    </testcase>
  </testsuite>
  <testsuite name="Simulation Engine Service - P0 Critical MVP1" errors="0" failures="0" skipped="0" timestamp="2025-08-14T19:28:59" time="1.603" tests="41">
    <testcase classname="Simulation Engine Service - P0 Critical MVP1 › Simulation Engine Initialization" name="should initialize all required simulation engines" time="0.001">
    </testcase>
    <testcase classname="Simulation Engine Service - P0 Critical MVP1 › Simulation Engine Initialization" name="should configure engine parameters correctly" time="0">
    </testcase>
    <testcase classname="Simulation Engine Service - P0 Critical MVP1 › Simulation Engine Initialization" name="should load scenario templates" time="0.001">
    </testcase>
    <testcase classname="Simulation Engine Service - P0 Critical MVP1 › Simulation Configuration and Validation" name="should validate simulation configuration" time="0">
    </testcase>
    <testcase classname="Simulation Engine Service - P0 Critical MVP1 › Simulation Configuration and Validation" name="should reject unknown engines" time="0.017">
    </testcase>
    <testcase classname="Simulation Engine Service - P0 Critical MVP1 › Simulation Configuration and Validation" name="should validate engine parameters" time="0.001">
    </testcase>
    <testcase classname="Simulation Engine Service - P0 Critical MVP1 › Simulation Configuration and Validation" name="should reject simulations with no graph data" time="0">
    </testcase>
    <testcase classname="Simulation Engine Service - P0 Critical MVP1 › Graph Data Loading" name="should load graph data from Neo4j" time="0">
    </testcase>
    <testcase classname="Simulation Engine Service - P0 Critical MVP1 › Graph Data Loading" name="should handle database connection errors" time="0.001">
    </testcase>
    <testcase classname="Simulation Engine Service - P0 Critical MVP1 › Simulation Execution" name="should run complete simulation successfully" time="0.001">
    </testcase>
    <testcase classname="Simulation Engine Service - P0 Critical MVP1 › Simulation Execution" name="should handle simulation initialization failure" time="0">
    </testcase>
    <testcase classname="Simulation Engine Service - P0 Critical MVP1 › Simulation Execution" name="should emit simulation lifecycle events" time="0">
    </testcase>
    <testcase classname="Simulation Engine Service - P0 Critical MVP1 › Network Propagation Engine" name="should simulate network propagation correctly" time="0.005">
    </testcase>
    <testcase classname="Simulation Engine Service - P0 Critical MVP1 › Network Propagation Engine" name="should handle convergence detection" time="0">
    </testcase>
    <testcase classname="Simulation Engine Service - P0 Critical MVP1 › Behavioral Prediction Engine" name="should generate behavioral predictions" time="0.001">
    </testcase>
    <testcase classname="Simulation Engine Service - P0 Critical MVP1 › Behavioral Prediction Engine" name="should include temporal factors in predictions" time="0">
    </testcase>
    <testcase classname="Simulation Engine Service - P0 Critical MVP1 › Risk Assessment Engine" name="should assess risk for entities" time="0">
    </testcase>
    <testcase classname="Simulation Engine Service - P0 Critical MVP1 › Risk Assessment Engine" name="should identify risk clusters" time="0">
    </testcase>
    <testcase classname="Simulation Engine Service - P0 Critical MVP1 › Monte Carlo Engine" name="should run Monte Carlo simulation" time="1.103">
    </testcase>
    <testcase classname="Simulation Engine Service - P0 Critical MVP1 › Monte Carlo Engine" name="should calculate statistical measures correctly" time="0">
    </testcase>
    <testcase classname="Simulation Engine Service - P0 Critical MVP1 › Monte Carlo Engine" name="should handle parallel execution" time="0.11">
    </testcase>
    <testcase classname="Simulation Engine Service - P0 Critical MVP1 › Event Cascade Engine" name="should simulate event cascades" time="0">
    </testcase>
    <testcase classname="Simulation Engine Service - P0 Critical MVP1 › Event Cascade Engine" name="should respect cascade depth limits" time="0.001">
    </testcase>
    <testcase classname="Simulation Engine Service - P0 Critical MVP1 › Resource Allocation Engine" name="should optimize resource allocation" time="0">
    </testcase>
    <testcase classname="Simulation Engine Service - P0 Critical MVP1 › Resource Allocation Engine" name="should track resource utilization over time" time="0">
    </testcase>
    <testcase classname="Simulation Engine Service - P0 Critical MVP1 › Simulation Management" name="should track active simulations" time="0.001">
    </testcase>
    <testcase classname="Simulation Engine Service - P0 Critical MVP1 › Simulation Management" name="should get simulation status" time="0">
    </testcase>
    <testcase classname="Simulation Engine Service - P0 Critical MVP1 › Simulation Management" name="should cancel running simulation" time="0.112">
    </testcase>
    <testcase classname="Simulation Engine Service - P0 Critical MVP1 › Performance Metrics" name="should track simulation metrics" time="0">
    </testcase>
    <testcase classname="Simulation Engine Service - P0 Critical MVP1 › Performance Metrics" name="should calculate success rate" time="0">
    </testcase>
    <testcase classname="Simulation Engine Service - P0 Critical MVP1 › Error Handling" name="should handle engine execution failures gracefully" time="0">
    </testcase>
    <testcase classname="Simulation Engine Service - P0 Critical MVP1 › Error Handling" name="should validate parameter ranges" time="0.001">
    </testcase>
    <testcase classname="Simulation Engine Service - P0 Critical MVP1 › Utility Functions" name="should calculate statistical measures correctly" time="0">
    </testcase>
    <testcase classname="Simulation Engine Service - P0 Critical MVP1 › Utility Functions" name="should calculate Value at Risk correctly" time="0">
    </testcase>
    <testcase classname="Simulation Engine Service - P0 Critical MVP1 › Utility Functions" name="should calculate Conditional Value at Risk correctly" time="0">
    </testcase>
    <testcase classname="Simulation Engine Service - P0 Critical MVP1 › Utility Functions" name="should create proper delay promises" time="0.101">
    </testcase>
    <testcase classname="Simulation Engine Service - P0 Critical MVP1 › Scenario Templates" name="should provide threat propagation scenario" time="0.001">
    </testcase>
    <testcase classname="Simulation Engine Service - P0 Critical MVP1 › Scenario Templates" name="should provide operational planning scenario" time="0">
    </testcase>
    <testcase classname="Simulation Engine Service - P0 Critical MVP1 › Scenario Templates" name="should provide crisis response scenario" time="0">
    </testcase>
    <testcase classname="Simulation Engine Performance - P0 Critical" name="should complete network propagation simulation within reasonable time" time="0.016">
    </testcase>
    <testcase classname="Simulation Engine Performance - P0 Critical" name="should handle Monte Carlo simulation with many iterations efficiently" time="0.108">
    </testcase>
  </testsuite>
  <testsuite name="Reporting Service - P1 Priority" errors="0" failures="0" skipped="0" timestamp="2025-08-14T19:29:00" time="0.078" tests="30">
    <testcase classname="Reporting Service - P1 Priority › Report Template Management" name="should initialize all required report templates" time="0.001">
    </testcase>
    <testcase classname="Reporting Service - P1 Priority › Report Template Management" name="should configure template metadata correctly" time="0">
    </testcase>
    <testcase classname="Reporting Service - P1 Priority › Report Template Management" name="should validate template sections and parameters" time="0.001">
    </testcase>
    <testcase classname="Reporting Service - P1 Priority › Report Generation" name="should generate comprehensive investigation report" time="0">
    </testcase>
    <testcase classname="Reporting Service - P1 Priority › Report Generation" name="should handle entity analysis reports" time="0">
    </testcase>
    <testcase classname="Reporting Service - P1 Priority › Report Generation" name="should generate network analysis reports" time="0">
    </testcase>
    <testcase classname="Reporting Service - P1 Priority › Export Format Support" name="should export reports to PDF format" time="0.001">
    </testcase>
    <testcase classname="Reporting Service - P1 Priority › Export Format Support" name="should export reports to DOCX format" time="0">
    </testcase>
    <testcase classname="Reporting Service - P1 Priority › Export Format Support" name="should export reports to HTML format" time="0">
    </testcase>
    <testcase classname="Reporting Service - P1 Priority › Export Format Support" name="should export reports to JSON format" time="0">
    </testcase>
    <testcase classname="Reporting Service - P1 Priority › Export Format Support" name="should export reports to CSV format" time="0">
    </testcase>
    <testcase classname="Reporting Service - P1 Priority › Export Format Support" name="should export reports to Excel format" time="0.001">
    </testcase>
    <testcase classname="Reporting Service - P1 Priority › Advanced Export Formats" name="should export reports to PowerPoint format" time="0">
    </testcase>
    <testcase classname="Reporting Service - P1 Priority › Advanced Export Formats" name="should export reports to Gephi format" time="0">
    </testcase>
    <testcase classname="Reporting Service - P1 Priority › Report Scheduling" name="should create scheduled reports" time="0">
    </testcase>
    <testcase classname="Reporting Service - P1 Priority › Report Scheduling" name="should execute scheduled reports" time="0">
    </testcase>
    <testcase classname="Reporting Service - P1 Priority › Report Scheduling" name="should handle scheduled report failures gracefully" time="0.001">
    </testcase>
    <testcase classname="Reporting Service - P1 Priority › Report Templates and Customization" name="should allow custom template creation" time="0">
    </testcase>
    <testcase classname="Reporting Service - P1 Priority › Report Templates and Customization" name="should validate template configurations" time="0.015">
    </testcase>
    <testcase classname="Reporting Service - P1 Priority › Report Templates and Customization" name="should support template inheritance" time="0">
    </testcase>
    <testcase classname="Reporting Service - P1 Priority › Data Processing and Analysis" name="should process complex investigation data" time="0">
    </testcase>
    <testcase classname="Reporting Service - P1 Priority › Data Processing and Analysis" name="should calculate network metrics for reports" time="0">
    </testcase>
    <testcase classname="Reporting Service - P1 Priority › Report Management" name="should list user reports with filtering" time="0">
    </testcase>
    <testcase classname="Reporting Service - P1 Priority › Report Management" name="should delete reports and cleanup files" time="0.001">
    </testcase>
    <testcase classname="Reporting Service - P1 Priority › Report Management" name="should get report download URLs" time="0">
    </testcase>
    <testcase classname="Reporting Service - P1 Priority › Metrics and Analytics" name="should track reporting metrics" time="0">
    </testcase>
    <testcase classname="Reporting Service - P1 Priority › Metrics and Analytics" name="should provide usage analytics" time="0">
    </testcase>
    <testcase classname="Reporting Service - P1 Priority › Error Handling and Recovery" name="should handle data source failures gracefully" time="0">
    </testcase>
    <testcase classname="Reporting Service - P1 Priority › Error Handling and Recovery" name="should retry failed report generation" time="0">
    </testcase>
    <testcase classname="Reporting Service Performance" name="should handle large dataset processing efficiently" time="0.001">
    </testcase>
  </testsuite>
  <testsuite name="Reporting Service - P1 Priority" errors="0" failures="0" skipped="0" timestamp="2025-08-14T19:29:00" time="0.15" tests="30">
    <testcase classname="Reporting Service - P1 Priority › Report Template Management" name="should initialize all required report templates" time="0.001">
    </testcase>
    <testcase classname="Reporting Service - P1 Priority › Report Template Management" name="should configure template metadata correctly" time="0">
    </testcase>
    <testcase classname="Reporting Service - P1 Priority › Report Template Management" name="should validate template sections and parameters" time="0.001">
    </testcase>
    <testcase classname="Reporting Service - P1 Priority › Report Generation" name="should generate comprehensive investigation report" time="0">
    </testcase>
    <testcase classname="Reporting Service - P1 Priority › Report Generation" name="should handle entity analysis reports" time="0">
    </testcase>
    <testcase classname="Reporting Service - P1 Priority › Report Generation" name="should generate network analysis reports" time="0.001">
    </testcase>
    <testcase classname="Reporting Service - P1 Priority › Export Format Support" name="should export reports to PDF format" time="0">
    </testcase>
    <testcase classname="Reporting Service - P1 Priority › Export Format Support" name="should export reports to DOCX format" time="0">
    </testcase>
    <testcase classname="Reporting Service - P1 Priority › Export Format Support" name="should export reports to HTML format" time="0.001">
    </testcase>
    <testcase classname="Reporting Service - P1 Priority › Export Format Support" name="should export reports to JSON format" time="0">
    </testcase>
    <testcase classname="Reporting Service - P1 Priority › Export Format Support" name="should export reports to CSV format" time="0">
    </testcase>
    <testcase classname="Reporting Service - P1 Priority › Export Format Support" name="should export reports to Excel format" time="0">
    </testcase>
    <testcase classname="Reporting Service - P1 Priority › Advanced Export Formats" name="should export reports to PowerPoint format" time="0.001">
    </testcase>
    <testcase classname="Reporting Service - P1 Priority › Advanced Export Formats" name="should export reports to Gephi format" time="0">
    </testcase>
    <testcase classname="Reporting Service - P1 Priority › Report Scheduling" name="should create scheduled reports" time="0">
    </testcase>
    <testcase classname="Reporting Service - P1 Priority › Report Scheduling" name="should execute scheduled reports" time="0">
    </testcase>
    <testcase classname="Reporting Service - P1 Priority › Report Scheduling" name="should handle scheduled report failures gracefully" time="0">
    </testcase>
    <testcase classname="Reporting Service - P1 Priority › Report Templates and Customization" name="should allow custom template creation" time="0">
    </testcase>
    <testcase classname="Reporting Service - P1 Priority › Report Templates and Customization" name="should validate template configurations" time="0.015">
    </testcase>
    <testcase classname="Reporting Service - P1 Priority › Report Templates and Customization" name="should support template inheritance" time="0.003">
    </testcase>
    <testcase classname="Reporting Service - P1 Priority › Data Processing and Analysis" name="should process complex investigation data" time="0">
    </testcase>
    <testcase classname="Reporting Service - P1 Priority › Data Processing and Analysis" name="should calculate network metrics for reports" time="0.001">
    </testcase>
    <testcase classname="Reporting Service - P1 Priority › Report Management" name="should list user reports with filtering" time="0">
    </testcase>
    <testcase classname="Reporting Service - P1 Priority › Report Management" name="should delete reports and cleanup files" time="0">
    </testcase>
    <testcase classname="Reporting Service - P1 Priority › Report Management" name="should get report download URLs" time="0">
    </testcase>
    <testcase classname="Reporting Service - P1 Priority › Metrics and Analytics" name="should track reporting metrics" time="0.001">
    </testcase>
    <testcase classname="Reporting Service - P1 Priority › Metrics and Analytics" name="should provide usage analytics" time="0">
    </testcase>
    <testcase classname="Reporting Service - P1 Priority › Error Handling and Recovery" name="should handle data source failures gracefully" time="0">
    </testcase>
    <testcase classname="Reporting Service - P1 Priority › Error Handling and Recovery" name="should retry failed report generation" time="0">
    </testcase>
    <testcase classname="Reporting Service Performance" name="should handle large dataset processing efficiently" time="0.001">
    </testcase>
  </testsuite>
  <testsuite name="Copilot Orchestration Service - P0 Critical MVP1" errors="0" failures="0" skipped="0" timestamp="2025-08-14T19:29:00" time="10.072" tests="37">
    <testcase classname="Copilot Orchestration Service - P0 Critical MVP1 › Query Planner Initialization" name="should initialize all required query planners" time="0.001">
    </testcase>
    <testcase classname="Copilot Orchestration Service - P0 Critical MVP1 › Query Planner Initialization" name="should configure planner patterns correctly" time="0">
    </testcase>
    <testcase classname="Copilot Orchestration Service - P0 Critical MVP1 › Natural Language Query Analysis" name="should analyze entity-focused queries" time="0.001">
    </testcase>
    <testcase classname="Copilot Orchestration Service - P0 Critical MVP1 › Natural Language Query Analysis" name="should analyze relationship discovery queries" time="0">
    </testcase>
    <testcase classname="Copilot Orchestration Service - P0 Critical MVP1 › Natural Language Query Analysis" name="should analyze temporal queries" time="0">
    </testcase>
    <testcase classname="Copilot Orchestration Service - P0 Critical MVP1 › Natural Language Query Analysis" name="should classify query intents correctly" time="0">
    </testcase>
    <testcase classname="Copilot Orchestration Service - P0 Critical MVP1 › Natural Language Query Analysis" name="should extract keywords from query text" time="0">
    </testcase>
    <testcase classname="Copilot Orchestration Service - P0 Critical MVP1 › Natural Language Query Analysis" name="should identify query types using pattern matching" time="0.001">
    </testcase>
    <testcase classname="Copilot Orchestration Service - P0 Critical MVP1 › Execution Plan Generation" name="should generate entity analysis plan" time="0">
    </testcase>
    <testcase classname="Copilot Orchestration Service - P0 Critical MVP1 › Execution Plan Generation" name="should generate relationship discovery plan" time="0">
    </testcase>
    <testcase classname="Copilot Orchestration Service - P0 Critical MVP1 › Execution Plan Generation" name="should generate multi-source investigation plan" time="0.001">
    </testcase>
    <testcase classname="Copilot Orchestration Service - P0 Critical MVP1 › Execution Plan Generation" name="should handle unknown query type" time="0.011">
    </testcase>
    <testcase classname="Copilot Orchestration Service - P0 Critical MVP1 › Query Orchestration End-to-End" name="should orchestrate simple entity query" time="1.202">
    </testcase>
    <testcase classname="Copilot Orchestration Service - P0 Critical MVP1 › Query Orchestration End-to-End" name="should handle query orchestration failure" time="1.201">
    </testcase>
    <testcase classname="Copilot Orchestration Service - P0 Critical MVP1 › Query Orchestration End-to-End" name="should track active queries" time="1.201">
    </testcase>
    <testcase classname="Copilot Orchestration Service - P0 Critical MVP1 › Query Orchestration End-to-End" name="should emit query lifecycle events" time="1.205">
    </testcase>
    <testcase classname="Copilot Orchestration Service - P0 Critical MVP1 › Step Execution" name="should execute graph query steps" time="0.502">
    </testcase>
    <testcase classname="Copilot Orchestration Service - P0 Critical MVP1 › Step Execution" name="should execute multimodal search steps" time="1.501">
    </testcase>
    <testcase classname="Copilot Orchestration Service - P0 Critical MVP1 › Step Execution" name="should execute federated search steps" time="2.003">
    </testcase>
    <testcase classname="Copilot Orchestration Service - P0 Critical MVP1 › Step Execution" name="should handle step execution errors" time="0.002">
    </testcase>
    <testcase classname="Copilot Orchestration Service - P0 Critical MVP1 › Domain Knowledge and Understanding" name="should load entity type knowledge" time="0.001">
    </testcase>
    <testcase classname="Copilot Orchestration Service - P0 Critical MVP1 › Domain Knowledge and Understanding" name="should load relationship type knowledge" time="0.003">
    </testcase>
    <testcase classname="Copilot Orchestration Service - P0 Critical MVP1 › Domain Knowledge and Understanding" name="should extract entity mentions from text" time="0.001">
    </testcase>
    <testcase classname="Copilot Orchestration Service - P0 Critical MVP1 › Domain Knowledge and Understanding" name="should extract relationship mentions" time="0.001">
    </testcase>
    <testcase classname="Copilot Orchestration Service - P0 Critical MVP1 › Domain Knowledge and Understanding" name="should extract temporal scope from queries" time="0">
    </testcase>
    <testcase classname="Copilot Orchestration Service - P0 Critical MVP1 › Domain Knowledge and Understanding" name="should extract spatial scope from queries" time="0.001">
    </testcase>
    <testcase classname="Copilot Orchestration Service - P0 Critical MVP1 › Query Complexity and Confidence Calculation" name="should calculate query complexity correctly" time="0.001">
    </testcase>
    <testcase classname="Copilot Orchestration Service - P0 Critical MVP1 › Query Complexity and Confidence Calculation" name="should calculate analysis confidence" time="0.001">
    </testcase>
    <testcase classname="Copilot Orchestration Service - P0 Critical MVP1 › Results Processing and Insights" name="should merge step results correctly" time="0">
    </testcase>
    <testcase classname="Copilot Orchestration Service - P0 Critical MVP1 › Results Processing and Insights" name="should generate query summary" time="0.001">
    </testcase>
    <testcase classname="Copilot Orchestration Service - P0 Critical MVP1 › Results Processing and Insights" name="should generate insights from results" time="0.001">
    </testcase>
    <testcase classname="Copilot Orchestration Service - P0 Critical MVP1 › Performance Metrics" name="should track orchestration metrics" time="0">
    </testcase>
    <testcase classname="Copilot Orchestration Service - P0 Critical MVP1 › Performance Metrics" name="should calculate success rate correctly" time="0.001">
    </testcase>
    <testcase classname="Copilot Orchestration Service - P0 Critical MVP1 › Performance Metrics" name="should update execution time metrics" time="0.001">
    </testcase>
    <testcase classname="Copilot Orchestration Service - P0 Critical MVP1 › Query Management" name="should get query status" time="0">
    </testcase>
    <testcase classname="Copilot Orchestration Service - P0 Critical MVP1 › Query Management" name="should cancel active query" time="1.202">
    </testcase>
    <testcase classname="Copilot Orchestration Service - P0 Critical MVP1 › Query Management" name="should return false for cancelling non-existent query" time="0.001">
    </testcase>
  </testsuite>
  <testsuite name="Copilot Orchestration Service - P0 Critical MVP1" errors="0" failures="0" skipped="0" timestamp="2025-08-14T19:29:01" time="10.068" tests="37">
    <testcase classname="Copilot Orchestration Service - P0 Critical MVP1 › Query Planner Initialization" name="should initialize all required query planners" time="0.001">
    </testcase>
    <testcase classname="Copilot Orchestration Service - P0 Critical MVP1 › Query Planner Initialization" name="should configure planner patterns correctly" time="0.001">
    </testcase>
    <testcase classname="Copilot Orchestration Service - P0 Critical MVP1 › Natural Language Query Analysis" name="should analyze entity-focused queries" time="0.001">
    </testcase>
    <testcase classname="Copilot Orchestration Service - P0 Critical MVP1 › Natural Language Query Analysis" name="should analyze relationship discovery queries" time="0">
    </testcase>
    <testcase classname="Copilot Orchestration Service - P0 Critical MVP1 › Natural Language Query Analysis" name="should analyze temporal queries" time="0">
    </testcase>
    <testcase classname="Copilot Orchestration Service - P0 Critical MVP1 › Natural Language Query Analysis" name="should classify query intents correctly" time="0.001">
    </testcase>
    <testcase classname="Copilot Orchestration Service - P0 Critical MVP1 › Natural Language Query Analysis" name="should extract keywords from query text" time="0">
    </testcase>
    <testcase classname="Copilot Orchestration Service - P0 Critical MVP1 › Natural Language Query Analysis" name="should identify query types using pattern matching" time="0.001">
    </testcase>
    <testcase classname="Copilot Orchestration Service - P0 Critical MVP1 › Execution Plan Generation" name="should generate entity analysis plan" time="0">
    </testcase>
    <testcase classname="Copilot Orchestration Service - P0 Critical MVP1 › Execution Plan Generation" name="should generate relationship discovery plan" time="0">
    </testcase>
    <testcase classname="Copilot Orchestration Service - P0 Critical MVP1 › Execution Plan Generation" name="should generate multi-source investigation plan" time="0">
    </testcase>
    <testcase classname="Copilot Orchestration Service - P0 Critical MVP1 › Execution Plan Generation" name="should handle unknown query type" time="0.014">
    </testcase>
    <testcase classname="Copilot Orchestration Service - P0 Critical MVP1 › Query Orchestration End-to-End" name="should orchestrate simple entity query" time="1.201">
    </testcase>
    <testcase classname="Copilot Orchestration Service - P0 Critical MVP1 › Query Orchestration End-to-End" name="should handle query orchestration failure" time="1.202">
    </testcase>
    <testcase classname="Copilot Orchestration Service - P0 Critical MVP1 › Query Orchestration End-to-End" name="should track active queries" time="1.203">
    </testcase>
    <testcase classname="Copilot Orchestration Service - P0 Critical MVP1 › Query Orchestration End-to-End" name="should emit query lifecycle events" time="1.204">
    </testcase>
    <testcase classname="Copilot Orchestration Service - P0 Critical MVP1 › Step Execution" name="should execute graph query steps" time="0.502">
    </testcase>
    <testcase classname="Copilot Orchestration Service - P0 Critical MVP1 › Step Execution" name="should execute multimodal search steps" time="1.501">
    </testcase>
    <testcase classname="Copilot Orchestration Service - P0 Critical MVP1 › Step Execution" name="should execute federated search steps" time="2.002">
    </testcase>
    <testcase classname="Copilot Orchestration Service - P0 Critical MVP1 › Step Execution" name="should handle step execution errors" time="0.001">
    </testcase>
    <testcase classname="Copilot Orchestration Service - P0 Critical MVP1 › Domain Knowledge and Understanding" name="should load entity type knowledge" time="0.001">
    </testcase>
    <testcase classname="Copilot Orchestration Service - P0 Critical MVP1 › Domain Knowledge and Understanding" name="should load relationship type knowledge" time="0.002">
    </testcase>
    <testcase classname="Copilot Orchestration Service - P0 Critical MVP1 › Domain Knowledge and Understanding" name="should extract entity mentions from text" time="0.001">
    </testcase>
    <testcase classname="Copilot Orchestration Service - P0 Critical MVP1 › Domain Knowledge and Understanding" name="should extract relationship mentions" time="0.002">
    </testcase>
    <testcase classname="Copilot Orchestration Service - P0 Critical MVP1 › Domain Knowledge and Understanding" name="should extract temporal scope from queries" time="0">
    </testcase>
    <testcase classname="Copilot Orchestration Service - P0 Critical MVP1 › Domain Knowledge and Understanding" name="should extract spatial scope from queries" time="0.001">
    </testcase>
    <testcase classname="Copilot Orchestration Service - P0 Critical MVP1 › Query Complexity and Confidence Calculation" name="should calculate query complexity correctly" time="0.001">
    </testcase>
    <testcase classname="Copilot Orchestration Service - P0 Critical MVP1 › Query Complexity and Confidence Calculation" name="should calculate analysis confidence" time="0">
    </testcase>
    <testcase classname="Copilot Orchestration Service - P0 Critical MVP1 › Results Processing and Insights" name="should merge step results correctly" time="0.001">
    </testcase>
    <testcase classname="Copilot Orchestration Service - P0 Critical MVP1 › Results Processing and Insights" name="should generate query summary" time="0.001">
    </testcase>
    <testcase classname="Copilot Orchestration Service - P0 Critical MVP1 › Results Processing and Insights" name="should generate insights from results" time="0">
    </testcase>
    <testcase classname="Copilot Orchestration Service - P0 Critical MVP1 › Performance Metrics" name="should track orchestration metrics" time="0.001">
    </testcase>
    <testcase classname="Copilot Orchestration Service - P0 Critical MVP1 › Performance Metrics" name="should calculate success rate correctly" time="0.001">
    </testcase>
    <testcase classname="Copilot Orchestration Service - P0 Critical MVP1 › Performance Metrics" name="should update execution time metrics" time="0">
    </testcase>
    <testcase classname="Copilot Orchestration Service - P0 Critical MVP1 › Query Management" name="should get query status" time="0">
    </testcase>
    <testcase classname="Copilot Orchestration Service - P0 Critical MVP1 › Query Management" name="should cancel active query" time="1.201">
    </testcase>
    <testcase classname="Copilot Orchestration Service - P0 Critical MVP1 › Query Management" name="should return false for cancelling non-existent query" time="0.001">
    </testcase>
  </testsuite>
  <testsuite name="Enterprise Security Service - P1 Priority" errors="0" failures="0" skipped="0" timestamp="2025-08-14T19:29:11" time="0.283" tests="31">
    <testcase classname="Enterprise Security Service - P1 Priority › RBAC System Initialization" name="should initialize all system permissions" time="0.001">
    </testcase>
    <testcase classname="Enterprise Security Service - P1 Priority › RBAC System Initialization" name="should initialize system roles with correct permissions" time="0.001">
    </testcase>
    <testcase classname="Enterprise Security Service - P1 Priority › RBAC System Initialization" name="should configure role hierarchy correctly" time="0">
    </testcase>
    <testcase classname="Enterprise Security Service - P1 Priority › Authentication System" name="should authenticate valid user credentials" time="0.003">
    </testcase>
    <testcase classname="Enterprise Security Service - P1 Priority › Authentication System" name="should reject invalid credentials" time="0.012">
    </testcase>
    <testcase classname="Enterprise Security Service - P1 Priority › Authentication System" name="should enforce rate limiting" time="0">
    </testcase>
    <testcase classname="Enterprise Security Service - P1 Priority › Authentication System" name="should reject disabled accounts" time="0.001">
    </testcase>
    <testcase classname="Enterprise Security Service - P1 Priority › Session Management" name="should create secure sessions" time="0.001">
    </testcase>
    <testcase classname="Enterprise Security Service - P1 Priority › Session Management" name="should verify valid sessions" time="0.001">
    </testcase>
    <testcase classname="Enterprise Security Service - P1 Priority › Session Management" name="should reject expired sessions" time="0.001">
    </testcase>
    <testcase classname="Enterprise Security Service - P1 Priority › Session Management" name="should handle idle timeout" time="0">
    </testcase>
    <testcase classname="Enterprise Security Service - P1 Priority › Permission System" name="should grant access with valid permissions" time="0">
    </testcase>
    <testcase classname="Enterprise Security Service - P1 Priority › Permission System" name="should deny access without required permissions" time="0">
    </testcase>
    <testcase classname="Enterprise Security Service - P1 Priority › Permission System" name="should deny access to higher classification data" time="0">
    </testcase>
    <testcase classname="Enterprise Security Service - P1 Priority › User Management" name="should create new users with proper validation" time="0.062">
    </testcase>
    <testcase classname="Enterprise Security Service - P1 Priority › User Management" name="should validate user data before creation" time="0">
    </testcase>
    <testcase classname="Enterprise Security Service - P1 Priority › User Management" name="should validate password strength" time="0.001">
    </testcase>
    <testcase classname="Enterprise Security Service - P1 Priority › Audit Logging" name="should log security events with required fields" time="0">
    </testcase>
    <testcase classname="Enterprise Security Service - P1 Priority › Audit Logging" name="should determine compliance flags correctly" time="0">
    </testcase>
    <testcase classname="Enterprise Security Service - P1 Priority › Audit Logging" name="should track metrics for audit events" time="0">
    </testcase>
    <testcase classname="Enterprise Security Service - P1 Priority › API Token Management" name="should generate secure API tokens" time="0.069">
    </testcase>
    <testcase classname="Enterprise Security Service - P1 Priority › API Token Management" name="should verify valid API tokens" time="0.063">
    </testcase>
    <testcase classname="Enterprise Security Service - P1 Priority › API Token Management" name="should reject expired API tokens" time="0.001">
    </testcase>
    <testcase classname="Enterprise Security Service - P1 Priority › Compliance Reporting" name="should generate SOC2 compliance reports" time="0">
    </testcase>
    <testcase classname="Enterprise Security Service - P1 Priority › Compliance Reporting" name="should calculate compliance scores accurately" time="0">
    </testcase>
    <testcase classname="Enterprise Security Service - P1 Priority › Security Monitoring" name="should detect brute force attacks" time="0">
    </testcase>
    <testcase classname="Enterprise Security Service - P1 Priority › Security Monitoring" name="should trigger security alerts for violations" time="0">
    </testcase>
    <testcase classname="Enterprise Security Service - P1 Priority › Metrics and Performance" name="should track security metrics accurately" time="0">
    </testcase>
    <testcase classname="Enterprise Security Service - P1 Priority › Metrics and Performance" name="should calculate success rate correctly" time="0">
    </testcase>
    <testcase classname="Enterprise Security Service - P1 Priority › Email Validation" name="should validate email addresses correctly" time="0.001">
    </testcase>
    <testcase classname="Enterprise Security Service - P1 Priority › Time Parsing" name="should parse time strings correctly" time="0">
    </testcase>
  </testsuite>
  <testsuite name="Enterprise Security Service - P1 Priority" errors="0" failures="0" skipped="0" timestamp="2025-08-14T19:29:11" time="0.165" tests="31">
    <testcase classname="Enterprise Security Service - P1 Priority › RBAC System Initialization" name="should initialize all system permissions" time="0">
    </testcase>
    <testcase classname="Enterprise Security Service - P1 Priority › RBAC System Initialization" name="should initialize system roles with correct permissions" time="0.001">
    </testcase>
    <testcase classname="Enterprise Security Service - P1 Priority › RBAC System Initialization" name="should configure role hierarchy correctly" time="0">
    </testcase>
    <testcase classname="Enterprise Security Service - P1 Priority › Authentication System" name="should authenticate valid user credentials" time="0.001">
    </testcase>
    <testcase classname="Enterprise Security Service - P1 Priority › Authentication System" name="should reject invalid credentials" time="0.011">
    </testcase>
    <testcase classname="Enterprise Security Service - P1 Priority › Authentication System" name="should enforce rate limiting" time="0">
    </testcase>
    <testcase classname="Enterprise Security Service - P1 Priority › Authentication System" name="should reject disabled accounts" time="0">
    </testcase>
    <testcase classname="Enterprise Security Service - P1 Priority › Session Management" name="should create secure sessions" time="0.001">
    </testcase>
    <testcase classname="Enterprise Security Service - P1 Priority › Session Management" name="should verify valid sessions" time="0">
    </testcase>
    <testcase classname="Enterprise Security Service - P1 Priority › Session Management" name="should reject expired sessions" time="0">
    </testcase>
    <testcase classname="Enterprise Security Service - P1 Priority › Session Management" name="should handle idle timeout" time="0.001">
    </testcase>
    <testcase classname="Enterprise Security Service - P1 Priority › Permission System" name="should grant access with valid permissions" time="0">
    </testcase>
    <testcase classname="Enterprise Security Service - P1 Priority › Permission System" name="should deny access without required permissions" time="0">
    </testcase>
    <testcase classname="Enterprise Security Service - P1 Priority › Permission System" name="should deny access to higher classification data" time="0.001">
    </testcase>
    <testcase classname="Enterprise Security Service - P1 Priority › User Management" name="should create new users with proper validation" time="0.036">
    </testcase>
    <testcase classname="Enterprise Security Service - P1 Priority › User Management" name="should validate user data before creation" time="0">
    </testcase>
    <testcase classname="Enterprise Security Service - P1 Priority › User Management" name="should validate password strength" time="0.001">
    </testcase>
    <testcase classname="Enterprise Security Service - P1 Priority › Audit Logging" name="should log security events with required fields" time="0">
    </testcase>
    <testcase classname="Enterprise Security Service - P1 Priority › Audit Logging" name="should determine compliance flags correctly" time="0">
    </testcase>
    <testcase classname="Enterprise Security Service - P1 Priority › Audit Logging" name="should track metrics for audit events" time="0">
    </testcase>
    <testcase classname="Enterprise Security Service - P1 Priority › API Token Management" name="should generate secure API tokens" time="0.036">
    </testcase>
    <testcase classname="Enterprise Security Service - P1 Priority › API Token Management" name="should verify valid API tokens" time="0.047">
    </testcase>
    <testcase classname="Enterprise Security Service - P1 Priority › API Token Management" name="should reject expired API tokens" time="0">
    </testcase>
    <testcase classname="Enterprise Security Service - P1 Priority › Compliance Reporting" name="should generate SOC2 compliance reports" time="0.001">
    </testcase>
    <testcase classname="Enterprise Security Service - P1 Priority › Compliance Reporting" name="should calculate compliance scores accurately" time="0">
    </testcase>
    <testcase classname="Enterprise Security Service - P1 Priority › Security Monitoring" name="should detect brute force attacks" time="0">
    </testcase>
    <testcase classname="Enterprise Security Service - P1 Priority › Security Monitoring" name="should trigger security alerts for violations" time="0">
    </testcase>
    <testcase classname="Enterprise Security Service - P1 Priority › Metrics and Performance" name="should track security metrics accurately" time="0">
    </testcase>
    <testcase classname="Enterprise Security Service - P1 Priority › Metrics and Performance" name="should calculate success rate correctly" time="0.001">
    </testcase>
    <testcase classname="Enterprise Security Service - P1 Priority › Email Validation" name="should validate email addresses correctly" time="0">
    </testcase>
    <testcase classname="Enterprise Security Service - P1 Priority › Time Parsing" name="should parse time strings correctly" time="0">
    </testcase>
  </testsuite>
  <testsuite name="Enterprise Security Service - P1 Priority" errors="0" failures="0" skipped="0" timestamp="2025-08-14T19:29:11" time="0.153" tests="31">
    <testcase classname="Enterprise Security Service - P1 Priority › RBAC System Initialization" name="should initialize all system permissions" time="0.001">
    </testcase>
    <testcase classname="Enterprise Security Service - P1 Priority › RBAC System Initialization" name="should initialize system roles with correct permissions" time="0">
    </testcase>
    <testcase classname="Enterprise Security Service - P1 Priority › RBAC System Initialization" name="should configure role hierarchy correctly" time="0">
    </testcase>
    <testcase classname="Enterprise Security Service - P1 Priority › Authentication System" name="should authenticate valid user credentials" time="0">
    </testcase>
    <testcase classname="Enterprise Security Service - P1 Priority › Authentication System" name="should reject invalid credentials" time="0.013">
    </testcase>
    <testcase classname="Enterprise Security Service - P1 Priority › Authentication System" name="should enforce rate limiting" time="0.001">
    </testcase>
    <testcase classname="Enterprise Security Service - P1 Priority › Authentication System" name="should reject disabled accounts" time="0">
    </testcase>
    <testcase classname="Enterprise Security Service - P1 Priority › Session Management" name="should create secure sessions" time="0.002">
    </testcase>
    <testcase classname="Enterprise Security Service - P1 Priority › Session Management" name="should verify valid sessions" time="0.001">
    </testcase>
    <testcase classname="Enterprise Security Service - P1 Priority › Session Management" name="should reject expired sessions" time="0">
    </testcase>
    <testcase classname="Enterprise Security Service - P1 Priority › Session Management" name="should handle idle timeout" time="0">
    </testcase>
    <testcase classname="Enterprise Security Service - P1 Priority › Permission System" name="should grant access with valid permissions" time="0">
    </testcase>
    <testcase classname="Enterprise Security Service - P1 Priority › Permission System" name="should deny access without required permissions" time="0">
    </testcase>
    <testcase classname="Enterprise Security Service - P1 Priority › Permission System" name="should deny access to higher classification data" time="0">
    </testcase>
    <testcase classname="Enterprise Security Service - P1 Priority › User Management" name="should create new users with proper validation" time="0.035">
    </testcase>
    <testcase classname="Enterprise Security Service - P1 Priority › User Management" name="should validate user data before creation" time="0">
    </testcase>
    <testcase classname="Enterprise Security Service - P1 Priority › User Management" name="should validate password strength" time="0">
    </testcase>
    <testcase classname="Enterprise Security Service - P1 Priority › Audit Logging" name="should log security events with required fields" time="0">
    </testcase>
    <testcase classname="Enterprise Security Service - P1 Priority › Audit Logging" name="should determine compliance flags correctly" time="0.001">
    </testcase>
    <testcase classname="Enterprise Security Service - P1 Priority › Audit Logging" name="should track metrics for audit events" time="0">
    </testcase>
    <testcase classname="Enterprise Security Service - P1 Priority › API Token Management" name="should generate secure API tokens" time="0.034">
    </testcase>
    <testcase classname="Enterprise Security Service - P1 Priority › API Token Management" name="should verify valid API tokens" time="0.035">
    </testcase>
    <testcase classname="Enterprise Security Service - P1 Priority › API Token Management" name="should reject expired API tokens" time="0.001">
    </testcase>
    <testcase classname="Enterprise Security Service - P1 Priority › Compliance Reporting" name="should generate SOC2 compliance reports" time="0">
    </testcase>
    <testcase classname="Enterprise Security Service - P1 Priority › Compliance Reporting" name="should calculate compliance scores accurately" time="0">
    </testcase>
    <testcase classname="Enterprise Security Service - P1 Priority › Security Monitoring" name="should detect brute force attacks" time="0">
    </testcase>
    <testcase classname="Enterprise Security Service - P1 Priority › Security Monitoring" name="should trigger security alerts for violations" time="0.001">
    </testcase>
    <testcase classname="Enterprise Security Service - P1 Priority › Metrics and Performance" name="should track security metrics accurately" time="0">
    </testcase>
    <testcase classname="Enterprise Security Service - P1 Priority › Metrics and Performance" name="should calculate success rate correctly" time="0">
    </testcase>
    <testcase classname="Enterprise Security Service - P1 Priority › Email Validation" name="should validate email addresses correctly" time="0">
    </testcase>
    <testcase classname="Enterprise Security Service - P1 Priority › Time Parsing" name="should parse time strings correctly" time="0">
    </testcase>
  </testsuite>
  <testsuite name="Copilot Orchestration Service - P0 Critical MVP1" errors="0" failures="0" skipped="0" timestamp="2025-08-14T19:29:11" time="10.08" tests="37">
    <testcase classname="Copilot Orchestration Service - P0 Critical MVP1 › Query Planner Initialization" name="should initialize all required query planners" time="0.001">
    </testcase>
    <testcase classname="Copilot Orchestration Service - P0 Critical MVP1 › Query Planner Initialization" name="should configure planner patterns correctly" time="0">
    </testcase>
    <testcase classname="Copilot Orchestration Service - P0 Critical MVP1 › Natural Language Query Analysis" name="should analyze entity-focused queries" time="0.001">
    </testcase>
    <testcase classname="Copilot Orchestration Service - P0 Critical MVP1 › Natural Language Query Analysis" name="should analyze relationship discovery queries" time="0.001">
    </testcase>
    <testcase classname="Copilot Orchestration Service - P0 Critical MVP1 › Natural Language Query Analysis" name="should analyze temporal queries" time="0">
    </testcase>
    <testcase classname="Copilot Orchestration Service - P0 Critical MVP1 › Natural Language Query Analysis" name="should classify query intents correctly" time="0">
    </testcase>
    <testcase classname="Copilot Orchestration Service - P0 Critical MVP1 › Natural Language Query Analysis" name="should extract keywords from query text" time="0.001">
    </testcase>
    <testcase classname="Copilot Orchestration Service - P0 Critical MVP1 › Natural Language Query Analysis" name="should identify query types using pattern matching" time="0">
    </testcase>
    <testcase classname="Copilot Orchestration Service - P0 Critical MVP1 › Execution Plan Generation" name="should generate entity analysis plan" time="0">
    </testcase>
    <testcase classname="Copilot Orchestration Service - P0 Critical MVP1 › Execution Plan Generation" name="should generate relationship discovery plan" time="0.001">
    </testcase>
    <testcase classname="Copilot Orchestration Service - P0 Critical MVP1 › Execution Plan Generation" name="should generate multi-source investigation plan" time="0">
    </testcase>
    <testcase classname="Copilot Orchestration Service - P0 Critical MVP1 › Execution Plan Generation" name="should handle unknown query type" time="0.014">
    </testcase>
    <testcase classname="Copilot Orchestration Service - P0 Critical MVP1 › Query Orchestration End-to-End" name="should orchestrate simple entity query" time="1.202">
    </testcase>
    <testcase classname="Copilot Orchestration Service - P0 Critical MVP1 › Query Orchestration End-to-End" name="should handle query orchestration failure" time="1.202">
    </testcase>
    <testcase classname="Copilot Orchestration Service - P0 Critical MVP1 › Query Orchestration End-to-End" name="should track active queries" time="1.202">
    </testcase>
    <testcase classname="Copilot Orchestration Service - P0 Critical MVP1 › Query Orchestration End-to-End" name="should emit query lifecycle events" time="1.204">
    </testcase>
    <testcase classname="Copilot Orchestration Service - P0 Critical MVP1 › Step Execution" name="should execute graph query steps" time="0.501">
    </testcase>
    <testcase classname="Copilot Orchestration Service - P0 Critical MVP1 › Step Execution" name="should execute multimodal search steps" time="1.502">
    </testcase>
    <testcase classname="Copilot Orchestration Service - P0 Critical MVP1 › Step Execution" name="should execute federated search steps" time="2.003">
    </testcase>
    <testcase classname="Copilot Orchestration Service - P0 Critical MVP1 › Step Execution" name="should handle step execution errors" time="0.001">
    </testcase>
    <testcase classname="Copilot Orchestration Service - P0 Critical MVP1 › Domain Knowledge and Understanding" name="should load entity type knowledge" time="0">
    </testcase>
    <testcase classname="Copilot Orchestration Service - P0 Critical MVP1 › Domain Knowledge and Understanding" name="should load relationship type knowledge" time="0.001">
    </testcase>
    <testcase classname="Copilot Orchestration Service - P0 Critical MVP1 › Domain Knowledge and Understanding" name="should extract entity mentions from text" time="0.001">
    </testcase>
    <testcase classname="Copilot Orchestration Service - P0 Critical MVP1 › Domain Knowledge and Understanding" name="should extract relationship mentions" time="0">
    </testcase>
    <testcase classname="Copilot Orchestration Service - P0 Critical MVP1 › Domain Knowledge and Understanding" name="should extract temporal scope from queries" time="0">
    </testcase>
    <testcase classname="Copilot Orchestration Service - P0 Critical MVP1 › Domain Knowledge and Understanding" name="should extract spatial scope from queries" time="0.001">
    </testcase>
    <testcase classname="Copilot Orchestration Service - P0 Critical MVP1 › Query Complexity and Confidence Calculation" name="should calculate query complexity correctly" time="0">
    </testcase>
    <testcase classname="Copilot Orchestration Service - P0 Critical MVP1 › Query Complexity and Confidence Calculation" name="should calculate analysis confidence" time="0.001">
    </testcase>
    <testcase classname="Copilot Orchestration Service - P0 Critical MVP1 › Results Processing and Insights" name="should merge step results correctly" time="0">
    </testcase>
    <testcase classname="Copilot Orchestration Service - P0 Critical MVP1 › Results Processing and Insights" name="should generate query summary" time="0">
    </testcase>
    <testcase classname="Copilot Orchestration Service - P0 Critical MVP1 › Results Processing and Insights" name="should generate insights from results" time="0.001">
    </testcase>
    <testcase classname="Copilot Orchestration Service - P0 Critical MVP1 › Performance Metrics" name="should track orchestration metrics" time="0">
    </testcase>
    <testcase classname="Copilot Orchestration Service - P0 Critical MVP1 › Performance Metrics" name="should calculate success rate correctly" time="0">
    </testcase>
    <testcase classname="Copilot Orchestration Service - P0 Critical MVP1 › Performance Metrics" name="should update execution time metrics" time="0.001">
    </testcase>
    <testcase classname="Copilot Orchestration Service - P0 Critical MVP1 › Query Management" name="should get query status" time="0">
    </testcase>
    <testcase classname="Copilot Orchestration Service - P0 Critical MVP1 › Query Management" name="should cancel active query" time="1.202">
    </testcase>
    <testcase classname="Copilot Orchestration Service - P0 Critical MVP1 › Query Management" name="should return false for cancelling non-existent query" time="0">
    </testcase>
  </testsuite>
  <testsuite name="AI Extraction Service - P0 Critical MVP1" errors="0" failures="4" skipped="0" timestamp="2025-08-14T19:28:21" time="77.76" tests="24">
    <testcase classname="AI Extraction Service - P0 Critical MVP1 › Pipeline Initialization" name="should initialize all required extraction pipelines" time="0.003">
    </testcase>
    <testcase classname="AI Extraction Service - P0 Critical MVP1 › Pipeline Initialization" name="should configure pipeline capabilities correctly" time="0.001">
    </testcase>
    <testcase classname="AI Extraction Service - P0 Critical MVP1 › Job Submission and Queue Management" name="should queue extraction job successfully" time="0.001">
    </testcase>
    <testcase classname="AI Extraction Service - P0 Critical MVP1 › Job Submission and Queue Management" name="should handle concurrent job submissions" time="0">
    </testcase>
    <testcase classname="AI Extraction Service - P0 Critical MVP1 › Job Submission and Queue Management" name="should enforce maximum concurrent jobs limit" time="0">
    </testcase>
    <testcase classname="AI Extraction Service - P0 Critical MVP1 › Text Processing Pipelines" name="should extract entities from text using spaCy pipeline" time="0.503">
    </testcase>
    <testcase classname="AI Extraction Service - P0 Critical MVP1 › Text Processing Pipelines" name="should extract entities using Transformers pipeline" time="2.003">
    </testcase>
    <testcase classname="AI Extraction Service - P0 Critical MVP1 › Computer Vision Pipeline" name="should extract entities from images" time="3.003">
    </testcase>
    <testcase classname="AI Extraction Service - P0 Critical MVP1 › Computer Vision Pipeline" name="should detect vehicles in images" time="3.002">
    </testcase>
    <testcase classname="AI Extraction Service - P0 Critical MVP1 › OCR Pipeline" name="should extract text and entities from images using OCR" time="4.003">
    </testcase>
    <testcase classname="AI Extraction Service - P0 Critical MVP1 › Speech-to-Text Pipeline" name="should extract entities from audio transcription" time="8.004">
    </testcase>
    <testcase classname="AI Extraction Service - P0 Critical MVP1 › Hybrid AI Pipeline" name="should combine multiple extraction methods" time="21.004">
    </testcase>
    <testcase classname="AI Extraction Service - P0 Critical MVP1 › Hybrid AI Pipeline" name="should boost confidence for consensus entities" time="0.001">
    </testcase>
    <testcase classname="AI Extraction Service - P0 Critical MVP1 › Processing Loop and Job Execution" name="should execute extraction job with proper lifecycle" time="30.002">
      <failure>Error: thrown: &quot;Exceeded timeout of 30000 ms for a test.
Add a timeout value to this test to increase the timeout, if this is a long-running test. See https://jestjs.io/docs/api#testname-fn-timeout.&quot;
    at test (/Users/brianlong/Documents/GitHub/intelgraph/server/src/tests/aiExtraction.test.js:293:5)
    at _dispatchDescribe (/Users/brianlong/Documents/GitHub/intelgraph/server/node_modules/jest-circus/build/index.js:91:26)
    at describe (/Users/brianlong/Documents/GitHub/intelgraph/server/node_modules/jest-circus/build/index.js:55:5)
    at describe (/Users/brianlong/Documents/GitHub/intelgraph/server/src/tests/aiExtraction.test.js:292:3)
    at _dispatchDescribe (/Users/brianlong/Documents/GitHub/intelgraph/server/node_modules/jest-circus/build/index.js:91:26)
    at describe (/Users/brianlong/Documents/GitHub/intelgraph/server/node_modules/jest-circus/build/index.js:55:5)
    at Object.describe (/Users/brianlong/Documents/GitHub/intelgraph/server/src/tests/aiExtraction.test.js:8:1)
    at Runtime._execModule (/Users/brianlong/Documents/GitHub/intelgraph/server/node_modules/jest-runtime/build/index.js:1439:24)
    at Runtime._loadModule (/Users/brianlong/Documents/GitHub/intelgraph/server/node_modules/jest-runtime/build/index.js:1022:12)
    at Runtime.requireModule (/Users/brianlong/Documents/GitHub/intelgraph/server/node_modules/jest-runtime/build/index.js:882:12)
    at jestAdapter (/Users/brianlong/Documents/GitHub/intelgraph/server/node_modules/jest-circus/build/legacy-code-todo-rewrite/jestAdapter.js:77:13)
    at processTicksAndRejections (node:internal/process/task_queues:105:5)
    at runTestInternal (/Users/brianlong/Documents/GitHub/intelgraph/server/node_modules/jest-runner/build/runTest.js:367:16)
    at runTest (/Users/brianlong/Documents/GitHub/intelgraph/server/node_modules/jest-runner/build/runTest.js:444:34)
    at Object.worker (/Users/brianlong/Documents/GitHub/intelgraph/server/node_modules/jest-runner/build/testWorker.js:106:12)</failure>
    </testcase>
    <testcase classname="AI Extraction Service - P0 Critical MVP1 › Processing Loop and Job Execution" name="should handle job failures gracefully" time="2.001">
      <failure>TypeError: Cannot read properties of null (reading &apos;status&apos;)
    at Object.status (/Users/brianlong/Documents/GitHub/intelgraph/server/src/tests/aiExtraction.test.js:351:24)</failure>
    </testcase>
    <testcase classname="AI Extraction Service - P0 Critical MVP1 › Performance Metrics" name="should track extraction metrics accurately" time="1.503">
    </testcase>
    <testcase classname="AI Extraction Service - P0 Critical MVP1 › Performance Metrics" name="should calculate success rate correctly" time="0">
    </testcase>
    <testcase classname="AI Extraction Service - P0 Critical MVP1 › Performance Metrics" name="should track entities and relationships extracted" time="0">
    </testcase>
    <testcase classname="AI Extraction Service - P0 Critical MVP1 › Entity Similarity and Fusion" name="should identify similar entities correctly" time="0">
    </testcase>
    <testcase classname="AI Extraction Service - P0 Critical MVP1 › Entity Similarity and Fusion" name="should calculate string similarity accurately" time="0.001">
    </testcase>
    <testcase classname="AI Extraction Service - P0 Critical MVP1 › Entity Similarity and Fusion" name="should group similar entities for fusion" time="0">
    </testcase>
    <testcase classname="AI Extraction Service - P0 Critical MVP1 › Error Handling and Validation" name="should validate extraction methods" time="0.001">
      <failure>Error: expect(received).toContain(expected) // indexOf

Expected value: &quot;Unknown extraction method: NONEXISTENT_METHOD&quot;
Received array: []
    at Object.toContain (/Users/brianlong/Documents/GitHub/intelgraph/server/src/tests/aiExtraction.test.js:431:28)
    at runNextTicks (node:internal/process/task_queues:65:5)
    at processTimers (node:internal/timers:540:9)</failure>
    </testcase>
    <testcase classname="AI Extraction Service - P0 Critical MVP1 › Error Handling and Validation" name="should handle media source not found" time="1">
      <failure>TypeError: Cannot read properties of null (reading &apos;status&apos;)
    at Object.status (/Users/brianlong/Documents/GitHub/intelgraph/server/src/tests/aiExtraction.test.js:449:24)</failure>
    </testcase>
    <testcase classname="AI Extraction Service - P0 Critical MVP1 › Event Emission" name="should emit job lifecycle events" time="1.501">
    </testcase>
  </testsuite>
  <testsuite name="AI Extraction Service - P0 Critical MVP1" errors="0" failures="4" skipped="0" timestamp="2025-08-14T19:28:21" time="77.773" tests="24">
    <testcase classname="AI Extraction Service - P0 Critical MVP1 › Pipeline Initialization" name="should initialize all required extraction pipelines" time="0.003">
    </testcase>
    <testcase classname="AI Extraction Service - P0 Critical MVP1 › Pipeline Initialization" name="should configure pipeline capabilities correctly" time="0.001">
    </testcase>
    <testcase classname="AI Extraction Service - P0 Critical MVP1 › Job Submission and Queue Management" name="should queue extraction job successfully" time="0">
    </testcase>
    <testcase classname="AI Extraction Service - P0 Critical MVP1 › Job Submission and Queue Management" name="should handle concurrent job submissions" time="0.001">
    </testcase>
    <testcase classname="AI Extraction Service - P0 Critical MVP1 › Job Submission and Queue Management" name="should enforce maximum concurrent jobs limit" time="0">
    </testcase>
    <testcase classname="AI Extraction Service - P0 Critical MVP1 › Text Processing Pipelines" name="should extract entities from text using spaCy pipeline" time="0.504">
    </testcase>
    <testcase classname="AI Extraction Service - P0 Critical MVP1 › Text Processing Pipelines" name="should extract entities using Transformers pipeline" time="2.002">
    </testcase>
    <testcase classname="AI Extraction Service - P0 Critical MVP1 › Computer Vision Pipeline" name="should extract entities from images" time="3.003">
    </testcase>
    <testcase classname="AI Extraction Service - P0 Critical MVP1 › Computer Vision Pipeline" name="should detect vehicles in images" time="3.004">
    </testcase>
    <testcase classname="AI Extraction Service - P0 Critical MVP1 › OCR Pipeline" name="should extract text and entities from images using OCR" time="4.003">
    </testcase>
    <testcase classname="AI Extraction Service - P0 Critical MVP1 › Speech-to-Text Pipeline" name="should extract entities from audio transcription" time="8.003">
    </testcase>
    <testcase classname="AI Extraction Service - P0 Critical MVP1 › Hybrid AI Pipeline" name="should combine multiple extraction methods" time="21.007">
    </testcase>
    <testcase classname="AI Extraction Service - P0 Critical MVP1 › Hybrid AI Pipeline" name="should boost confidence for consensus entities" time="0.002">
    </testcase>
    <testcase classname="AI Extraction Service - P0 Critical MVP1 › Processing Loop and Job Execution" name="should execute extraction job with proper lifecycle" time="30.001">
      <failure>Error: thrown: &quot;Exceeded timeout of 30000 ms for a test.
Add a timeout value to this test to increase the timeout, if this is a long-running test. See https://jestjs.io/docs/api#testname-fn-timeout.&quot;
    at test (/Users/brianlong/Documents/GitHub/intelgraph/server/src/tests/aiExtraction.test.js:293:5)
    at _dispatchDescribe (/Users/brianlong/Documents/GitHub/intelgraph/server/node_modules/jest-circus/build/index.js:91:26)
    at describe (/Users/brianlong/Documents/GitHub/intelgraph/server/node_modules/jest-circus/build/index.js:55:5)
    at describe (/Users/brianlong/Documents/GitHub/intelgraph/server/src/tests/aiExtraction.test.js:292:3)
    at _dispatchDescribe (/Users/brianlong/Documents/GitHub/intelgraph/server/node_modules/jest-circus/build/index.js:91:26)
    at describe (/Users/brianlong/Documents/GitHub/intelgraph/server/node_modules/jest-circus/build/index.js:55:5)
    at Object.describe (/Users/brianlong/Documents/GitHub/intelgraph/server/src/tests/aiExtraction.test.js:8:1)
    at Runtime._execModule (/Users/brianlong/Documents/GitHub/intelgraph/server/node_modules/jest-runtime/build/index.js:1439:24)
    at Runtime._loadModule (/Users/brianlong/Documents/GitHub/intelgraph/server/node_modules/jest-runtime/build/index.js:1022:12)
    at Runtime.requireModule (/Users/brianlong/Documents/GitHub/intelgraph/server/node_modules/jest-runtime/build/index.js:882:12)
    at jestAdapter (/Users/brianlong/Documents/GitHub/intelgraph/server/node_modules/jest-circus/build/legacy-code-todo-rewrite/jestAdapter.js:77:13)
    at processTicksAndRejections (node:internal/process/task_queues:105:5)
    at runTestInternal (/Users/brianlong/Documents/GitHub/intelgraph/server/node_modules/jest-runner/build/runTest.js:367:16)
    at runTest (/Users/brianlong/Documents/GitHub/intelgraph/server/node_modules/jest-runner/build/runTest.js:444:34)
    at Object.worker (/Users/brianlong/Documents/GitHub/intelgraph/server/node_modules/jest-runner/build/testWorker.js:106:12)</failure>
    </testcase>
    <testcase classname="AI Extraction Service - P0 Critical MVP1 › Processing Loop and Job Execution" name="should handle job failures gracefully" time="2.002">
      <failure>TypeError: Cannot read properties of null (reading &apos;status&apos;)
    at Object.status (/Users/brianlong/Documents/GitHub/intelgraph/server/src/tests/aiExtraction.test.js:351:24)
    at runNextTicks (node:internal/process/task_queues:65:5)
    at processTimers (node:internal/timers:540:9)</failure>
    </testcase>
    <testcase classname="AI Extraction Service - P0 Critical MVP1 › Performance Metrics" name="should track extraction metrics accurately" time="1.501">
    </testcase>
    <testcase classname="AI Extraction Service - P0 Critical MVP1 › Performance Metrics" name="should calculate success rate correctly" time="0">
    </testcase>
    <testcase classname="AI Extraction Service - P0 Critical MVP1 › Performance Metrics" name="should track entities and relationships extracted" time="0">
    </testcase>
    <testcase classname="AI Extraction Service - P0 Critical MVP1 › Entity Similarity and Fusion" name="should identify similar entities correctly" time="0">
    </testcase>
    <testcase classname="AI Extraction Service - P0 Critical MVP1 › Entity Similarity and Fusion" name="should calculate string similarity accurately" time="0.001">
    </testcase>
    <testcase classname="AI Extraction Service - P0 Critical MVP1 › Entity Similarity and Fusion" name="should group similar entities for fusion" time="0">
    </testcase>
    <testcase classname="AI Extraction Service - P0 Critical MVP1 › Error Handling and Validation" name="should validate extraction methods" time="0.001">
      <failure>Error: expect(received).toContain(expected) // indexOf

Expected value: &quot;Unknown extraction method: NONEXISTENT_METHOD&quot;
Received array: []
    at Object.toContain (/Users/brianlong/Documents/GitHub/intelgraph/server/src/tests/aiExtraction.test.js:431:28)</failure>
    </testcase>
    <testcase classname="AI Extraction Service - P0 Critical MVP1 › Error Handling and Validation" name="should handle media source not found" time="1">
      <failure>TypeError: Cannot read properties of null (reading &apos;status&apos;)
    at Object.status (/Users/brianlong/Documents/GitHub/intelgraph/server/src/tests/aiExtraction.test.js:449:24)</failure>
    </testcase>
    <testcase classname="AI Extraction Service - P0 Critical MVP1 › Event Emission" name="should emit job lifecycle events" time="1.502">
    </testcase>
  </testsuite>
  <testsuite name="Advanced Analytics Service - P1 Priority" errors="0" failures="0" skipped="0" timestamp="2025-08-14T19:29:38" time="1.216" tests="27">
    <testcase classname="Advanced Analytics Service - P1 Priority › ML Model Initialization" name="should initialize all required ML models" time="0.001">
    </testcase>
    <testcase classname="Advanced Analytics Service - P1 Priority › ML Model Initialization" name="should configure model parameters correctly" time="0">
    </testcase>
    <testcase classname="Advanced Analytics Service - P1 Priority › Anomaly Detection" name="should initialize anomaly detectors" time="0.001">
    </testcase>
    <testcase classname="Advanced Analytics Service - P1 Priority › Anomaly Detection" name="should configure detector thresholds" time="0">
    </testcase>
    <testcase classname="Advanced Analytics Service - P1 Priority › Link Prediction" name="should perform link prediction analysis" time="0">
    </testcase>
    <testcase classname="Advanced Analytics Service - P1 Priority › Link Prediction" name="should calculate link prediction features" time="0">
    </testcase>
    <testcase classname="Advanced Analytics Service - P1 Priority › Link Prediction" name="should predict link probability" time="0.001">
    </testcase>
    <testcase classname="Advanced Analytics Service - P1 Priority › Entity Classification" name="should classify entities using ML features" time="0">
    </testcase>
    <testcase classname="Advanced Analytics Service - P1 Priority › Entity Classification" name="should extract entity features" time="0.002">
    </testcase>
    <testcase classname="Advanced Analytics Service - P1 Priority › Entity Classification" name="should classify entity based on features" time="0">
    </testcase>
    <testcase classname="Advanced Analytics Service - P1 Priority › Behavior Prediction" name="should predict behavioral patterns" time="0">
    </testcase>
    <testcase classname="Advanced Analytics Service - P1 Priority › Behavior Prediction" name="should analyze historical patterns" time="0">
    </testcase>
    <testcase classname="Advanced Analytics Service - P1 Priority › Behavior Prediction" name="should predict future behavior" time="0.001">
    </testcase>
    <testcase classname="Advanced Analytics Service - P1 Priority › Risk Scoring" name="should calculate comprehensive risk scores" time="0">
    </testcase>
    <testcase classname="Advanced Analytics Service - P1 Priority › Risk Scoring" name="should calculate risk components" time="0">
    </testcase>
    <testcase classname="Advanced Analytics Service - P1 Priority › Community Detection" name="should detect communities in networks" time="0">
    </testcase>
    <testcase classname="Advanced Analytics Service - P1 Priority › Community Detection" name="should build adjacency list from edges" time="0">
    </testcase>
    <testcase classname="Advanced Analytics Service - P1 Priority › Community Detection" name="should calculate community density" time="0.001">
    </testcase>
    <testcase classname="Advanced Analytics Service - P1 Priority › Analytics Job Management" name="should queue and track analytics jobs" time="0">
    </testcase>
    <testcase classname="Advanced Analytics Service - P1 Priority › Analytics Job Management" name="should retrieve job status" time="0">
    </testcase>
    <testcase classname="Advanced Analytics Service - P1 Priority › Analytics Job Management" name="should get active jobs" time="0">
    </testcase>
    <testcase classname="Advanced Analytics Service - P1 Priority › Metrics and Performance" name="should track analytics metrics" time="0">
    </testcase>
    <testcase classname="Advanced Analytics Service - P1 Priority › Metrics and Performance" name="should calculate success rate correctly" time="0">
    </testcase>
    <testcase classname="Advanced Analytics Service - P1 Priority › Utility Functions" name="should calculate shortest path correctly" time="0.001">
    </testcase>
    <testcase classname="Advanced Analytics Service - P1 Priority › Utility Functions" name="should handle no path found" time="0">
    </testcase>
    <testcase classname="Advanced Analytics Service - P1 Priority › Utility Functions" name="should check behavior type matching" time="0">
    </testcase>
    <testcase classname="Advanced Analytics Performance" name="should handle large datasets efficiently" time="1.146">
    </testcase>
  </testsuite>
  <testsuite name="Advanced Analytics Service - P1 Priority" errors="0" failures="0" skipped="0" timestamp="2025-08-14T19:29:38" time="1.262" tests="27">
    <testcase classname="Advanced Analytics Service - P1 Priority › ML Model Initialization" name="should initialize all required ML models" time="0.001">
    </testcase>
    <testcase classname="Advanced Analytics Service - P1 Priority › ML Model Initialization" name="should configure model parameters correctly" time="0">
    </testcase>
    <testcase classname="Advanced Analytics Service - P1 Priority › Anomaly Detection" name="should initialize anomaly detectors" time="0.001">
    </testcase>
    <testcase classname="Advanced Analytics Service - P1 Priority › Anomaly Detection" name="should configure detector thresholds" time="0">
    </testcase>
    <testcase classname="Advanced Analytics Service - P1 Priority › Link Prediction" name="should perform link prediction analysis" time="0">
    </testcase>
    <testcase classname="Advanced Analytics Service - P1 Priority › Link Prediction" name="should calculate link prediction features" time="0">
    </testcase>
    <testcase classname="Advanced Analytics Service - P1 Priority › Link Prediction" name="should predict link probability" time="0.001">
    </testcase>
    <testcase classname="Advanced Analytics Service - P1 Priority › Entity Classification" name="should classify entities using ML features" time="0">
    </testcase>
    <testcase classname="Advanced Analytics Service - P1 Priority › Entity Classification" name="should extract entity features" time="0.003">
    </testcase>
    <testcase classname="Advanced Analytics Service - P1 Priority › Entity Classification" name="should classify entity based on features" time="0">
    </testcase>
    <testcase classname="Advanced Analytics Service - P1 Priority › Behavior Prediction" name="should predict behavioral patterns" time="0">
    </testcase>
    <testcase classname="Advanced Analytics Service - P1 Priority › Behavior Prediction" name="should analyze historical patterns" time="0">
    </testcase>
    <testcase classname="Advanced Analytics Service - P1 Priority › Behavior Prediction" name="should predict future behavior" time="0.001">
    </testcase>
    <testcase classname="Advanced Analytics Service - P1 Priority › Risk Scoring" name="should calculate comprehensive risk scores" time="0">
    </testcase>
    <testcase classname="Advanced Analytics Service - P1 Priority › Risk Scoring" name="should calculate risk components" time="0">
    </testcase>
    <testcase classname="Advanced Analytics Service - P1 Priority › Community Detection" name="should detect communities in networks" time="0">
    </testcase>
    <testcase classname="Advanced Analytics Service - P1 Priority › Community Detection" name="should build adjacency list from edges" time="0">
    </testcase>
    <testcase classname="Advanced Analytics Service - P1 Priority › Community Detection" name="should calculate community density" time="0.001">
    </testcase>
    <testcase classname="Advanced Analytics Service - P1 Priority › Analytics Job Management" name="should queue and track analytics jobs" time="0">
    </testcase>
    <testcase classname="Advanced Analytics Service - P1 Priority › Analytics Job Management" name="should retrieve job status" time="0">
    </testcase>
    <testcase classname="Advanced Analytics Service - P1 Priority › Analytics Job Management" name="should get active jobs" time="0">
    </testcase>
    <testcase classname="Advanced Analytics Service - P1 Priority › Metrics and Performance" name="should track analytics metrics" time="0">
    </testcase>
    <testcase classname="Advanced Analytics Service - P1 Priority › Metrics and Performance" name="should calculate success rate correctly" time="0">
    </testcase>
    <testcase classname="Advanced Analytics Service - P1 Priority › Utility Functions" name="should calculate shortest path correctly" time="0.001">
    </testcase>
    <testcase classname="Advanced Analytics Service - P1 Priority › Utility Functions" name="should handle no path found" time="0">
    </testcase>
    <testcase classname="Advanced Analytics Service - P1 Priority › Utility Functions" name="should check behavior type matching" time="0">
    </testcase>
    <testcase classname="Advanced Analytics Performance" name="should handle large datasets efficiently" time="1.181">
    </testcase>
  </testsuite>
  <testsuite name="Docker Security Configuration" errors="0" failures="0" skipped="0" timestamp="2025-08-14T19:29:40" time="0.027" tests="14">
    <testcase classname="Docker Security Configuration › Dockerfile Security" name="Dockerfile.secure should implement security best practices" time="0.001">
    </testcase>
    <testcase classname="Docker Security Configuration › Dockerfile Security" name="production Dockerfile should be secure" time="0.001">
    </testcase>
    <testcase classname="Docker Security Configuration › Docker Compose Security" name="docker-compose.secure.yml should implement security hardening" time="0.001">
    </testcase>
    <testcase classname="Docker Security Configuration › Docker Compose Security" name="volumes should have security mount options" time="0.001">
    </testcase>
    <testcase classname="Docker Security Configuration › Nginx Security Configuration" name="nginx-secure.conf should implement security headers" time="0">
    </testcase>
    <testcase classname="Docker Security Configuration › Nginx Security Configuration" name="security-headers.conf should have comprehensive headers" time="0.001">
    </testcase>
    <testcase classname="Docker Security Configuration › Falco Security Rules" name="Falco rules should monitor IntelGraph containers" time="0.001">
    </testcase>
    <testcase classname="Docker Security Configuration › Security Scripts" name="docker-security-audit.sh should be executable and comprehensive" time="0">
    </testcase>
    <testcase classname="Docker Security Configuration › Security Scripts" name="generate-secrets.sh should create secure secrets" time="0.001">
    </testcase>
    <testcase classname="Docker Security Configuration › Package.json Security Scripts" name="should have Docker security npm scripts" time="0.002">
    </testcase>
    <testcase classname="Docker Security Configuration › Security Best Practices" name="should use secure secrets management in secure configurations" time="0">
    </testcase>
    <testcase classname="Docker Security Configuration › Security Best Practices" name="should have proper .dockerignore" time="0.001">
    </testcase>
    <testcase classname="Docker Security Configuration › Security Best Practices" name="should use proper file structure for security" time="0">
    </testcase>
    <testcase classname="Docker Security Configuration › Security Documentation" name="should have security documentation" time="0">
    </testcase>
  </testsuite>
  <testsuite name="Docker Security Configuration" errors="0" failures="0" skipped="0" timestamp="2025-08-14T19:29:40" time="0.036" tests="14">
    <testcase classname="Docker Security Configuration › Dockerfile Security" name="Dockerfile.secure should implement security best practices" time="0.003">
    </testcase>
    <testcase classname="Docker Security Configuration › Dockerfile Security" name="production Dockerfile should be secure" time="0.002">
    </testcase>
    <testcase classname="Docker Security Configuration › Docker Compose Security" name="docker-compose.secure.yml should implement security hardening" time="0.004">
    </testcase>
    <testcase classname="Docker Security Configuration › Docker Compose Security" name="volumes should have security mount options" time="0.002">
    </testcase>
    <testcase classname="Docker Security Configuration › Nginx Security Configuration" name="nginx-secure.conf should implement security headers" time="0.001">
    </testcase>
    <testcase classname="Docker Security Configuration › Nginx Security Configuration" name="security-headers.conf should have comprehensive headers" time="0.001">
    </testcase>
    <testcase classname="Docker Security Configuration › Falco Security Rules" name="Falco rules should monitor IntelGraph containers" time="0">
    </testcase>
    <testcase classname="Docker Security Configuration › Security Scripts" name="docker-security-audit.sh should be executable and comprehensive" time="0">
    </testcase>
    <testcase classname="Docker Security Configuration › Security Scripts" name="generate-secrets.sh should create secure secrets" time="0.001">
    </testcase>
    <testcase classname="Docker Security Configuration › Package.json Security Scripts" name="should have Docker security npm scripts" time="0">
    </testcase>
    <testcase classname="Docker Security Configuration › Security Best Practices" name="should use secure secrets management in secure configurations" time="0">
    </testcase>
    <testcase classname="Docker Security Configuration › Security Best Practices" name="should have proper .dockerignore" time="0.001">
    </testcase>
    <testcase classname="Docker Security Configuration › Security Best Practices" name="should use proper file structure for security" time="0">
    </testcase>
    <testcase classname="Docker Security Configuration › Security Documentation" name="should have security documentation" time="0">
    </testcase>
  </testsuite>
  <testsuite name="Docker Security Configuration" errors="0" failures="0" skipped="0" timestamp="2025-08-14T19:29:40" time="0.02" tests="14">
    <testcase classname="Docker Security Configuration › Dockerfile Security" name="Dockerfile.secure should implement security best practices" time="0.001">
    </testcase>
    <testcase classname="Docker Security Configuration › Dockerfile Security" name="production Dockerfile should be secure" time="0.001">
    </testcase>
    <testcase classname="Docker Security Configuration › Docker Compose Security" name="docker-compose.secure.yml should implement security hardening" time="0">
    </testcase>
    <testcase classname="Docker Security Configuration › Docker Compose Security" name="volumes should have security mount options" time="0">
    </testcase>
    <testcase classname="Docker Security Configuration › Nginx Security Configuration" name="nginx-secure.conf should implement security headers" time="0.001">
    </testcase>
    <testcase classname="Docker Security Configuration › Nginx Security Configuration" name="security-headers.conf should have comprehensive headers" time="0">
    </testcase>
    <testcase classname="Docker Security Configuration › Falco Security Rules" name="Falco rules should monitor IntelGraph containers" time="0.001">
    </testcase>
    <testcase classname="Docker Security Configuration › Security Scripts" name="docker-security-audit.sh should be executable and comprehensive" time="0">
    </testcase>
    <testcase classname="Docker Security Configuration › Security Scripts" name="generate-secrets.sh should create secure secrets" time="0">
    </testcase>
    <testcase classname="Docker Security Configuration › Package.json Security Scripts" name="should have Docker security npm scripts" time="0.001">
    </testcase>
    <testcase classname="Docker Security Configuration › Security Best Practices" name="should use secure secrets management in secure configurations" time="0">
    </testcase>
    <testcase classname="Docker Security Configuration › Security Best Practices" name="should have proper .dockerignore" time="0">
    </testcase>
    <testcase classname="Docker Security Configuration › Security Best Practices" name="should use proper file structure for security" time="0.001">
    </testcase>
    <testcase classname="Docker Security Configuration › Security Documentation" name="should have security documentation" time="0">
    </testcase>
  </testsuite>
  <testsuite name="Advanced Analytics Service - P1 Priority" errors="0" failures="0" skipped="0" timestamp="2025-08-14T19:29:40" time="1.185" tests="27">
    <testcase classname="Advanced Analytics Service - P1 Priority › ML Model Initialization" name="should initialize all required ML models" time="0.001">
    </testcase>
    <testcase classname="Advanced Analytics Service - P1 Priority › ML Model Initialization" name="should configure model parameters correctly" time="0">
    </testcase>
    <testcase classname="Advanced Analytics Service - P1 Priority › Anomaly Detection" name="should initialize anomaly detectors" time="0.001">
    </testcase>
    <testcase classname="Advanced Analytics Service - P1 Priority › Anomaly Detection" name="should configure detector thresholds" time="0.001">
    </testcase>
    <testcase classname="Advanced Analytics Service - P1 Priority › Link Prediction" name="should perform link prediction analysis" time="0">
    </testcase>
    <testcase classname="Advanced Analytics Service - P1 Priority › Link Prediction" name="should calculate link prediction features" time="0">
    </testcase>
    <testcase classname="Advanced Analytics Service - P1 Priority › Link Prediction" name="should predict link probability" time="0">
    </testcase>
    <testcase classname="Advanced Analytics Service - P1 Priority › Entity Classification" name="should classify entities using ML features" time="0">
    </testcase>
    <testcase classname="Advanced Analytics Service - P1 Priority › Entity Classification" name="should extract entity features" time="0.001">
    </testcase>
    <testcase classname="Advanced Analytics Service - P1 Priority › Entity Classification" name="should classify entity based on features" time="0">
    </testcase>
    <testcase classname="Advanced Analytics Service - P1 Priority › Behavior Prediction" name="should predict behavioral patterns" time="0">
    </testcase>
    <testcase classname="Advanced Analytics Service - P1 Priority › Behavior Prediction" name="should analyze historical patterns" time="0">
    </testcase>
    <testcase classname="Advanced Analytics Service - P1 Priority › Behavior Prediction" name="should predict future behavior" time="0">
    </testcase>
    <testcase classname="Advanced Analytics Service - P1 Priority › Risk Scoring" name="should calculate comprehensive risk scores" time="0">
    </testcase>
    <testcase classname="Advanced Analytics Service - P1 Priority › Risk Scoring" name="should calculate risk components" time="0.001">
    </testcase>
    <testcase classname="Advanced Analytics Service - P1 Priority › Community Detection" name="should detect communities in networks" time="0">
    </testcase>
    <testcase classname="Advanced Analytics Service - P1 Priority › Community Detection" name="should build adjacency list from edges" time="0">
    </testcase>
    <testcase classname="Advanced Analytics Service - P1 Priority › Community Detection" name="should calculate community density" time="0">
    </testcase>
    <testcase classname="Advanced Analytics Service - P1 Priority › Analytics Job Management" name="should queue and track analytics jobs" time="0">
    </testcase>
    <testcase classname="Advanced Analytics Service - P1 Priority › Analytics Job Management" name="should retrieve job status" time="0">
    </testcase>
    <testcase classname="Advanced Analytics Service - P1 Priority › Analytics Job Management" name="should get active jobs" time="0">
    </testcase>
    <testcase classname="Advanced Analytics Service - P1 Priority › Metrics and Performance" name="should track analytics metrics" time="0.001">
    </testcase>
    <testcase classname="Advanced Analytics Service - P1 Priority › Metrics and Performance" name="should calculate success rate correctly" time="0">
    </testcase>
    <testcase classname="Advanced Analytics Service - P1 Priority › Utility Functions" name="should calculate shortest path correctly" time="0">
    </testcase>
    <testcase classname="Advanced Analytics Service - P1 Priority › Utility Functions" name="should handle no path found" time="0">
    </testcase>
    <testcase classname="Advanced Analytics Service - P1 Priority › Utility Functions" name="should check behavior type matching" time="0">
    </testcase>
    <testcase classname="Advanced Analytics Performance" name="should handle large datasets efficiently" time="1.128">
    </testcase>
  </testsuite>
  <testsuite name="War Room Graph Sync - P0 Critical MVP1" errors="0" failures="9" skipped="0" timestamp="2025-08-14T19:29:40" time="30.126" tests="9">
    <testcase classname="War Room Graph Sync - P0 Critical MVP1 › P0 Requirement: &lt;300ms Latency" name="should initialize war room in under 50ms" time="0">
      <failure>Error: thrown: &quot;Exceeded timeout of 30000 ms for a hook while waiting for `done()` to be called.
Add a timeout value to this test to increase the timeout, if this is a long-running test. See https://jestjs.io/docs/api#testname-fn-timeout.&quot;
    at beforeAll (/Users/brianlong/Documents/GitHub/intelgraph/server/src/tests/warRoomSync.test.js:17:3)
    at _dispatchDescribe (/Users/brianlong/Documents/GitHub/intelgraph/server/node_modules/jest-circus/build/index.js:91:26)
    at describe (/Users/brianlong/Documents/GitHub/intelgraph/server/node_modules/jest-circus/build/index.js:55:5)
    at Object.describe (/Users/brianlong/Documents/GitHub/intelgraph/server/src/tests/warRoomSync.test.js:11:1)
    at Runtime._execModule (/Users/brianlong/Documents/GitHub/intelgraph/server/node_modules/jest-runtime/build/index.js:1439:24)
    at Runtime._loadModule (/Users/brianlong/Documents/GitHub/intelgraph/server/node_modules/jest-runtime/build/index.js:1022:12)
    at Runtime.requireModule (/Users/brianlong/Documents/GitHub/intelgraph/server/node_modules/jest-runtime/build/index.js:882:12)
    at jestAdapter (/Users/brianlong/Documents/GitHub/intelgraph/server/node_modules/jest-circus/build/legacy-code-todo-rewrite/jestAdapter.js:77:13)
    at processTicksAndRejections (node:internal/process/task_queues:105:5)
    at runTestInternal (/Users/brianlong/Documents/GitHub/intelgraph/server/node_modules/jest-runner/build/runTest.js:367:16)
    at runTest (/Users/brianlong/Documents/GitHub/intelgraph/server/node_modules/jest-runner/build/runTest.js:444:34)
    at Object.worker (/Users/brianlong/Documents/GitHub/intelgraph/server/node_modules/jest-runner/build/testWorker.js:106:12)</failure>
    </testcase>
    <testcase classname="War Room Graph Sync - P0 Critical MVP1 › P0 Requirement: &lt;300ms Latency" name="should handle graph operations with &lt;300ms latency" time="0">
      <failure>Error: thrown: &quot;Exceeded timeout of 30000 ms for a hook while waiting for `done()` to be called.
Add a timeout value to this test to increase the timeout, if this is a long-running test. See https://jestjs.io/docs/api#testname-fn-timeout.&quot;
    at beforeAll (/Users/brianlong/Documents/GitHub/intelgraph/server/src/tests/warRoomSync.test.js:17:3)
    at _dispatchDescribe (/Users/brianlong/Documents/GitHub/intelgraph/server/node_modules/jest-circus/build/index.js:91:26)
    at describe (/Users/brianlong/Documents/GitHub/intelgraph/server/node_modules/jest-circus/build/index.js:55:5)
    at Object.describe (/Users/brianlong/Documents/GitHub/intelgraph/server/src/tests/warRoomSync.test.js:11:1)
    at Runtime._execModule (/Users/brianlong/Documents/GitHub/intelgraph/server/node_modules/jest-runtime/build/index.js:1439:24)
    at Runtime._loadModule (/Users/brianlong/Documents/GitHub/intelgraph/server/node_modules/jest-runtime/build/index.js:1022:12)
    at Runtime.requireModule (/Users/brianlong/Documents/GitHub/intelgraph/server/node_modules/jest-runtime/build/index.js:882:12)
    at jestAdapter (/Users/brianlong/Documents/GitHub/intelgraph/server/node_modules/jest-circus/build/legacy-code-todo-rewrite/jestAdapter.js:77:13)
    at processTicksAndRejections (node:internal/process/task_queues:105:5)
    at runTestInternal (/Users/brianlong/Documents/GitHub/intelgraph/server/node_modules/jest-runner/build/runTest.js:367:16)
    at runTest (/Users/brianlong/Documents/GitHub/intelgraph/server/node_modules/jest-runner/build/runTest.js:444:34)
    at Object.worker (/Users/brianlong/Documents/GitHub/intelgraph/server/node_modules/jest-runner/build/testWorker.js:106:12)</failure>
    </testcase>
    <testcase classname="War Room Graph Sync - P0 Critical MVP1 › P0 Requirement: &lt;300ms Latency" name="should handle concurrent operations without conflicts" time="0">
      <failure>Error: thrown: &quot;Exceeded timeout of 30000 ms for a hook while waiting for `done()` to be called.
Add a timeout value to this test to increase the timeout, if this is a long-running test. See https://jestjs.io/docs/api#testname-fn-timeout.&quot;
    at beforeAll (/Users/brianlong/Documents/GitHub/intelgraph/server/src/tests/warRoomSync.test.js:17:3)
    at _dispatchDescribe (/Users/brianlong/Documents/GitHub/intelgraph/server/node_modules/jest-circus/build/index.js:91:26)
    at describe (/Users/brianlong/Documents/GitHub/intelgraph/server/node_modules/jest-circus/build/index.js:55:5)
    at Object.describe (/Users/brianlong/Documents/GitHub/intelgraph/server/src/tests/warRoomSync.test.js:11:1)
    at Runtime._execModule (/Users/brianlong/Documents/GitHub/intelgraph/server/node_modules/jest-runtime/build/index.js:1439:24)
    at Runtime._loadModule (/Users/brianlong/Documents/GitHub/intelgraph/server/node_modules/jest-runtime/build/index.js:1022:12)
    at Runtime.requireModule (/Users/brianlong/Documents/GitHub/intelgraph/server/node_modules/jest-runtime/build/index.js:882:12)
    at jestAdapter (/Users/brianlong/Documents/GitHub/intelgraph/server/node_modules/jest-circus/build/legacy-code-todo-rewrite/jestAdapter.js:77:13)
    at processTicksAndRejections (node:internal/process/task_queues:105:5)
    at runTestInternal (/Users/brianlong/Documents/GitHub/intelgraph/server/node_modules/jest-runner/build/runTest.js:367:16)
    at runTest (/Users/brianlong/Documents/GitHub/intelgraph/server/node_modules/jest-runner/build/runTest.js:444:34)
    at Object.worker (/Users/brianlong/Documents/GitHub/intelgraph/server/node_modules/jest-runner/build/testWorker.js:106:12)</failure>
    </testcase>
    <testcase classname="War Room Graph Sync - P0 Critical MVP1 › P0 Requirement: &lt;300ms Latency" name="should resolve conflicts quickly" time="0">
      <failure>Error: thrown: &quot;Exceeded timeout of 30000 ms for a hook while waiting for `done()` to be called.
Add a timeout value to this test to increase the timeout, if this is a long-running test. See https://jestjs.io/docs/api#testname-fn-timeout.&quot;
    at beforeAll (/Users/brianlong/Documents/GitHub/intelgraph/server/src/tests/warRoomSync.test.js:17:3)
    at _dispatchDescribe (/Users/brianlong/Documents/GitHub/intelgraph/server/node_modules/jest-circus/build/index.js:91:26)
    at describe (/Users/brianlong/Documents/GitHub/intelgraph/server/node_modules/jest-circus/build/index.js:55:5)
    at Object.describe (/Users/brianlong/Documents/GitHub/intelgraph/server/src/tests/warRoomSync.test.js:11:1)
    at Runtime._execModule (/Users/brianlong/Documents/GitHub/intelgraph/server/node_modules/jest-runtime/build/index.js:1439:24)
    at Runtime._loadModule (/Users/brianlong/Documents/GitHub/intelgraph/server/node_modules/jest-runtime/build/index.js:1022:12)
    at Runtime.requireModule (/Users/brianlong/Documents/GitHub/intelgraph/server/node_modules/jest-runtime/build/index.js:882:12)
    at jestAdapter (/Users/brianlong/Documents/GitHub/intelgraph/server/node_modules/jest-circus/build/legacy-code-todo-rewrite/jestAdapter.js:77:13)
    at processTicksAndRejections (node:internal/process/task_queues:105:5)
    at runTestInternal (/Users/brianlong/Documents/GitHub/intelgraph/server/node_modules/jest-runner/build/runTest.js:367:16)
    at runTest (/Users/brianlong/Documents/GitHub/intelgraph/server/node_modules/jest-runner/build/runTest.js:444:34)
    at Object.worker (/Users/brianlong/Documents/GitHub/intelgraph/server/node_modules/jest-runner/build/testWorker.js:106:12)</failure>
    </testcase>
    <testcase classname="War Room Graph Sync - P0 Critical MVP1 › Operational Transform" name="should transform concurrent operations correctly" time="0">
      <failure>Error: thrown: &quot;Exceeded timeout of 30000 ms for a hook while waiting for `done()` to be called.
Add a timeout value to this test to increase the timeout, if this is a long-running test. See https://jestjs.io/docs/api#testname-fn-timeout.&quot;
    at beforeAll (/Users/brianlong/Documents/GitHub/intelgraph/server/src/tests/warRoomSync.test.js:17:3)
    at _dispatchDescribe (/Users/brianlong/Documents/GitHub/intelgraph/server/node_modules/jest-circus/build/index.js:91:26)
    at describe (/Users/brianlong/Documents/GitHub/intelgraph/server/node_modules/jest-circus/build/index.js:55:5)
    at Object.describe (/Users/brianlong/Documents/GitHub/intelgraph/server/src/tests/warRoomSync.test.js:11:1)
    at Runtime._execModule (/Users/brianlong/Documents/GitHub/intelgraph/server/node_modules/jest-runtime/build/index.js:1439:24)
    at Runtime._loadModule (/Users/brianlong/Documents/GitHub/intelgraph/server/node_modules/jest-runtime/build/index.js:1022:12)
    at Runtime.requireModule (/Users/brianlong/Documents/GitHub/intelgraph/server/node_modules/jest-runtime/build/index.js:882:12)
    at jestAdapter (/Users/brianlong/Documents/GitHub/intelgraph/server/node_modules/jest-circus/build/legacy-code-todo-rewrite/jestAdapter.js:77:13)
    at processTicksAndRejections (node:internal/process/task_queues:105:5)
    at runTestInternal (/Users/brianlong/Documents/GitHub/intelgraph/server/node_modules/jest-runner/build/runTest.js:367:16)
    at runTest (/Users/brianlong/Documents/GitHub/intelgraph/server/node_modules/jest-runner/build/runTest.js:444:34)
    at Object.worker (/Users/brianlong/Documents/GitHub/intelgraph/server/node_modules/jest-runner/build/testWorker.js:106:12)</failure>
    </testcase>
    <testcase classname="War Room Graph Sync - P0 Critical MVP1 › Performance Metrics" name="should track performance metrics accurately" time="0">
      <failure>Error: thrown: &quot;Exceeded timeout of 30000 ms for a hook while waiting for `done()` to be called.
Add a timeout value to this test to increase the timeout, if this is a long-running test. See https://jestjs.io/docs/api#testname-fn-timeout.&quot;
    at beforeAll (/Users/brianlong/Documents/GitHub/intelgraph/server/src/tests/warRoomSync.test.js:17:3)
    at _dispatchDescribe (/Users/brianlong/Documents/GitHub/intelgraph/server/node_modules/jest-circus/build/index.js:91:26)
    at describe (/Users/brianlong/Documents/GitHub/intelgraph/server/node_modules/jest-circus/build/index.js:55:5)
    at Object.describe (/Users/brianlong/Documents/GitHub/intelgraph/server/src/tests/warRoomSync.test.js:11:1)
    at Runtime._execModule (/Users/brianlong/Documents/GitHub/intelgraph/server/node_modules/jest-runtime/build/index.js:1439:24)
    at Runtime._loadModule (/Users/brianlong/Documents/GitHub/intelgraph/server/node_modules/jest-runtime/build/index.js:1022:12)
    at Runtime.requireModule (/Users/brianlong/Documents/GitHub/intelgraph/server/node_modules/jest-runtime/build/index.js:882:12)
    at jestAdapter (/Users/brianlong/Documents/GitHub/intelgraph/server/node_modules/jest-circus/build/legacy-code-todo-rewrite/jestAdapter.js:77:13)
    at processTicksAndRejections (node:internal/process/task_queues:105:5)
    at runTestInternal (/Users/brianlong/Documents/GitHub/intelgraph/server/node_modules/jest-runner/build/runTest.js:367:16)
    at runTest (/Users/brianlong/Documents/GitHub/intelgraph/server/node_modules/jest-runner/build/runTest.js:444:34)
    at Object.worker (/Users/brianlong/Documents/GitHub/intelgraph/server/node_modules/jest-runner/build/testWorker.js:106:12)</failure>
    </testcase>
    <testcase classname="War Room Graph Sync - P0 Critical MVP1 › Performance Metrics" name="should provide room statistics" time="0">
      <failure>Error: thrown: &quot;Exceeded timeout of 30000 ms for a hook while waiting for `done()` to be called.
Add a timeout value to this test to increase the timeout, if this is a long-running test. See https://jestjs.io/docs/api#testname-fn-timeout.&quot;
    at beforeAll (/Users/brianlong/Documents/GitHub/intelgraph/server/src/tests/warRoomSync.test.js:17:3)
    at _dispatchDescribe (/Users/brianlong/Documents/GitHub/intelgraph/server/node_modules/jest-circus/build/index.js:91:26)
    at describe (/Users/brianlong/Documents/GitHub/intelgraph/server/node_modules/jest-circus/build/index.js:55:5)
    at Object.describe (/Users/brianlong/Documents/GitHub/intelgraph/server/src/tests/warRoomSync.test.js:11:1)
    at Runtime._execModule (/Users/brianlong/Documents/GitHub/intelgraph/server/node_modules/jest-runtime/build/index.js:1439:24)
    at Runtime._loadModule (/Users/brianlong/Documents/GitHub/intelgraph/server/node_modules/jest-runtime/build/index.js:1022:12)
    at Runtime.requireModule (/Users/brianlong/Documents/GitHub/intelgraph/server/node_modules/jest-runtime/build/index.js:882:12)
    at jestAdapter (/Users/brianlong/Documents/GitHub/intelgraph/server/node_modules/jest-circus/build/legacy-code-todo-rewrite/jestAdapter.js:77:13)
    at processTicksAndRejections (node:internal/process/task_queues:105:5)
    at runTestInternal (/Users/brianlong/Documents/GitHub/intelgraph/server/node_modules/jest-runner/build/runTest.js:367:16)
    at runTest (/Users/brianlong/Documents/GitHub/intelgraph/server/node_modules/jest-runner/build/runTest.js:444:34)
    at Object.worker (/Users/brianlong/Documents/GitHub/intelgraph/server/node_modules/jest-runner/build/testWorker.js:106:12)</failure>
    </testcase>
    <testcase classname="War Room Graph Sync - P0 Critical MVP1 › Error Handling" name="should handle invalid operations gracefully" time="0">
      <failure>Error: thrown: &quot;Exceeded timeout of 30000 ms for a hook while waiting for `done()` to be called.
Add a timeout value to this test to increase the timeout, if this is a long-running test. See https://jestjs.io/docs/api#testname-fn-timeout.&quot;
    at beforeAll (/Users/brianlong/Documents/GitHub/intelgraph/server/src/tests/warRoomSync.test.js:17:3)
    at _dispatchDescribe (/Users/brianlong/Documents/GitHub/intelgraph/server/node_modules/jest-circus/build/index.js:91:26)
    at describe (/Users/brianlong/Documents/GitHub/intelgraph/server/node_modules/jest-circus/build/index.js:55:5)
    at Object.describe (/Users/brianlong/Documents/GitHub/intelgraph/server/src/tests/warRoomSync.test.js:11:1)
    at Runtime._execModule (/Users/brianlong/Documents/GitHub/intelgraph/server/node_modules/jest-runtime/build/index.js:1439:24)
    at Runtime._loadModule (/Users/brianlong/Documents/GitHub/intelgraph/server/node_modules/jest-runtime/build/index.js:1022:12)
    at Runtime.requireModule (/Users/brianlong/Documents/GitHub/intelgraph/server/node_modules/jest-runtime/build/index.js:882:12)
    at jestAdapter (/Users/brianlong/Documents/GitHub/intelgraph/server/node_modules/jest-circus/build/legacy-code-todo-rewrite/jestAdapter.js:77:13)
    at processTicksAndRejections (node:internal/process/task_queues:105:5)
    at runTestInternal (/Users/brianlong/Documents/GitHub/intelgraph/server/node_modules/jest-runner/build/runTest.js:367:16)
    at runTest (/Users/brianlong/Documents/GitHub/intelgraph/server/node_modules/jest-runner/build/runTest.js:444:34)
    at Object.worker (/Users/brianlong/Documents/GitHub/intelgraph/server/node_modules/jest-runner/build/testWorker.js:106:12)</failure>
    </testcase>
    <testcase classname="War Room Graph Sync - P0 Critical MVP1 › Error Handling" name="should handle user permission violations" time="0">
      <failure>Error: thrown: &quot;Exceeded timeout of 30000 ms for a hook while waiting for `done()` to be called.
Add a timeout value to this test to increase the timeout, if this is a long-running test. See https://jestjs.io/docs/api#testname-fn-timeout.&quot;
    at beforeAll (/Users/brianlong/Documents/GitHub/intelgraph/server/src/tests/warRoomSync.test.js:17:3)
    at _dispatchDescribe (/Users/brianlong/Documents/GitHub/intelgraph/server/node_modules/jest-circus/build/index.js:91:26)
    at describe (/Users/brianlong/Documents/GitHub/intelgraph/server/node_modules/jest-circus/build/index.js:55:5)
    at Object.describe (/Users/brianlong/Documents/GitHub/intelgraph/server/src/tests/warRoomSync.test.js:11:1)
    at Runtime._execModule (/Users/brianlong/Documents/GitHub/intelgraph/server/node_modules/jest-runtime/build/index.js:1439:24)
    at Runtime._loadModule (/Users/brianlong/Documents/GitHub/intelgraph/server/node_modules/jest-runtime/build/index.js:1022:12)
    at Runtime.requireModule (/Users/brianlong/Documents/GitHub/intelgraph/server/node_modules/jest-runtime/build/index.js:882:12)
    at jestAdapter (/Users/brianlong/Documents/GitHub/intelgraph/server/node_modules/jest-circus/build/legacy-code-todo-rewrite/jestAdapter.js:77:13)
    at processTicksAndRejections (node:internal/process/task_queues:105:5)
    at runTestInternal (/Users/brianlong/Documents/GitHub/intelgraph/server/node_modules/jest-runner/build/runTest.js:367:16)
    at runTest (/Users/brianlong/Documents/GitHub/intelgraph/server/node_modules/jest-runner/build/runTest.js:444:34)
    at Object.worker (/Users/brianlong/Documents/GitHub/intelgraph/server/node_modules/jest-runner/build/testWorker.js:106:12)</failure>
    </testcase>
  </testsuite>
  <testsuite name="War Room Graph Sync - P0 Critical MVP1" errors="0" failures="9" skipped="0" timestamp="2025-08-14T19:29:41" time="30.077" tests="9">
    <testcase classname="War Room Graph Sync - P0 Critical MVP1 › P0 Requirement: &lt;300ms Latency" name="should initialize war room in under 50ms" time="0">
      <failure>Error: thrown: &quot;Exceeded timeout of 30000 ms for a hook while waiting for `done()` to be called.
Add a timeout value to this test to increase the timeout, if this is a long-running test. See https://jestjs.io/docs/api#testname-fn-timeout.&quot;
    at beforeAll (/Users/brianlong/Documents/GitHub/intelgraph/server/src/tests/warRoomSync.test.js:17:3)
    at _dispatchDescribe (/Users/brianlong/Documents/GitHub/intelgraph/server/node_modules/jest-circus/build/index.js:91:26)
    at describe (/Users/brianlong/Documents/GitHub/intelgraph/server/node_modules/jest-circus/build/index.js:55:5)
    at Object.describe (/Users/brianlong/Documents/GitHub/intelgraph/server/src/tests/warRoomSync.test.js:11:1)
    at Runtime._execModule (/Users/brianlong/Documents/GitHub/intelgraph/server/node_modules/jest-runtime/build/index.js:1439:24)
    at Runtime._loadModule (/Users/brianlong/Documents/GitHub/intelgraph/server/node_modules/jest-runtime/build/index.js:1022:12)
    at Runtime.requireModule (/Users/brianlong/Documents/GitHub/intelgraph/server/node_modules/jest-runtime/build/index.js:882:12)
    at jestAdapter (/Users/brianlong/Documents/GitHub/intelgraph/server/node_modules/jest-circus/build/legacy-code-todo-rewrite/jestAdapter.js:77:13)
    at processTicksAndRejections (node:internal/process/task_queues:105:5)
    at runTestInternal (/Users/brianlong/Documents/GitHub/intelgraph/server/node_modules/jest-runner/build/runTest.js:367:16)
    at runTest (/Users/brianlong/Documents/GitHub/intelgraph/server/node_modules/jest-runner/build/runTest.js:444:34)
    at Object.worker (/Users/brianlong/Documents/GitHub/intelgraph/server/node_modules/jest-runner/build/testWorker.js:106:12)</failure>
    </testcase>
    <testcase classname="War Room Graph Sync - P0 Critical MVP1 › P0 Requirement: &lt;300ms Latency" name="should handle graph operations with &lt;300ms latency" time="0">
      <failure>Error: thrown: &quot;Exceeded timeout of 30000 ms for a hook while waiting for `done()` to be called.
Add a timeout value to this test to increase the timeout, if this is a long-running test. See https://jestjs.io/docs/api#testname-fn-timeout.&quot;
    at beforeAll (/Users/brianlong/Documents/GitHub/intelgraph/server/src/tests/warRoomSync.test.js:17:3)
    at _dispatchDescribe (/Users/brianlong/Documents/GitHub/intelgraph/server/node_modules/jest-circus/build/index.js:91:26)
    at describe (/Users/brianlong/Documents/GitHub/intelgraph/server/node_modules/jest-circus/build/index.js:55:5)
    at Object.describe (/Users/brianlong/Documents/GitHub/intelgraph/server/src/tests/warRoomSync.test.js:11:1)
    at Runtime._execModule (/Users/brianlong/Documents/GitHub/intelgraph/server/node_modules/jest-runtime/build/index.js:1439:24)
    at Runtime._loadModule (/Users/brianlong/Documents/GitHub/intelgraph/server/node_modules/jest-runtime/build/index.js:1022:12)
    at Runtime.requireModule (/Users/brianlong/Documents/GitHub/intelgraph/server/node_modules/jest-runtime/build/index.js:882:12)
    at jestAdapter (/Users/brianlong/Documents/GitHub/intelgraph/server/node_modules/jest-circus/build/legacy-code-todo-rewrite/jestAdapter.js:77:13)
    at processTicksAndRejections (node:internal/process/task_queues:105:5)
    at runTestInternal (/Users/brianlong/Documents/GitHub/intelgraph/server/node_modules/jest-runner/build/runTest.js:367:16)
    at runTest (/Users/brianlong/Documents/GitHub/intelgraph/server/node_modules/jest-runner/build/runTest.js:444:34)
    at Object.worker (/Users/brianlong/Documents/GitHub/intelgraph/server/node_modules/jest-runner/build/testWorker.js:106:12)</failure>
    </testcase>
    <testcase classname="War Room Graph Sync - P0 Critical MVP1 › P0 Requirement: &lt;300ms Latency" name="should handle concurrent operations without conflicts" time="0">
      <failure>Error: thrown: &quot;Exceeded timeout of 30000 ms for a hook while waiting for `done()` to be called.
Add a timeout value to this test to increase the timeout, if this is a long-running test. See https://jestjs.io/docs/api#testname-fn-timeout.&quot;
    at beforeAll (/Users/brianlong/Documents/GitHub/intelgraph/server/src/tests/warRoomSync.test.js:17:3)
    at _dispatchDescribe (/Users/brianlong/Documents/GitHub/intelgraph/server/node_modules/jest-circus/build/index.js:91:26)
    at describe (/Users/brianlong/Documents/GitHub/intelgraph/server/node_modules/jest-circus/build/index.js:55:5)
    at Object.describe (/Users/brianlong/Documents/GitHub/intelgraph/server/src/tests/warRoomSync.test.js:11:1)
    at Runtime._execModule (/Users/brianlong/Documents/GitHub/intelgraph/server/node_modules/jest-runtime/build/index.js:1439:24)
    at Runtime._loadModule (/Users/brianlong/Documents/GitHub/intelgraph/server/node_modules/jest-runtime/build/index.js:1022:12)
    at Runtime.requireModule (/Users/brianlong/Documents/GitHub/intelgraph/server/node_modules/jest-runtime/build/index.js:882:12)
    at jestAdapter (/Users/brianlong/Documents/GitHub/intelgraph/server/node_modules/jest-circus/build/legacy-code-todo-rewrite/jestAdapter.js:77:13)
    at processTicksAndRejections (node:internal/process/task_queues:105:5)
    at runTestInternal (/Users/brianlong/Documents/GitHub/intelgraph/server/node_modules/jest-runner/build/runTest.js:367:16)
    at runTest (/Users/brianlong/Documents/GitHub/intelgraph/server/node_modules/jest-runner/build/runTest.js:444:34)
    at Object.worker (/Users/brianlong/Documents/GitHub/intelgraph/server/node_modules/jest-runner/build/testWorker.js:106:12)</failure>
    </testcase>
    <testcase classname="War Room Graph Sync - P0 Critical MVP1 › P0 Requirement: &lt;300ms Latency" name="should resolve conflicts quickly" time="0">
      <failure>Error: thrown: &quot;Exceeded timeout of 30000 ms for a hook while waiting for `done()` to be called.
Add a timeout value to this test to increase the timeout, if this is a long-running test. See https://jestjs.io/docs/api#testname-fn-timeout.&quot;
    at beforeAll (/Users/brianlong/Documents/GitHub/intelgraph/server/src/tests/warRoomSync.test.js:17:3)
    at _dispatchDescribe (/Users/brianlong/Documents/GitHub/intelgraph/server/node_modules/jest-circus/build/index.js:91:26)
    at describe (/Users/brianlong/Documents/GitHub/intelgraph/server/node_modules/jest-circus/build/index.js:55:5)
    at Object.describe (/Users/brianlong/Documents/GitHub/intelgraph/server/src/tests/warRoomSync.test.js:11:1)
    at Runtime._execModule (/Users/brianlong/Documents/GitHub/intelgraph/server/node_modules/jest-runtime/build/index.js:1439:24)
    at Runtime._loadModule (/Users/brianlong/Documents/GitHub/intelgraph/server/node_modules/jest-runtime/build/index.js:1022:12)
    at Runtime.requireModule (/Users/brianlong/Documents/GitHub/intelgraph/server/node_modules/jest-runtime/build/index.js:882:12)
    at jestAdapter (/Users/brianlong/Documents/GitHub/intelgraph/server/node_modules/jest-circus/build/legacy-code-todo-rewrite/jestAdapter.js:77:13)
    at processTicksAndRejections (node:internal/process/task_queues:105:5)
    at runTestInternal (/Users/brianlong/Documents/GitHub/intelgraph/server/node_modules/jest-runner/build/runTest.js:367:16)
    at runTest (/Users/brianlong/Documents/GitHub/intelgraph/server/node_modules/jest-runner/build/runTest.js:444:34)
    at Object.worker (/Users/brianlong/Documents/GitHub/intelgraph/server/node_modules/jest-runner/build/testWorker.js:106:12)</failure>
    </testcase>
    <testcase classname="War Room Graph Sync - P0 Critical MVP1 › Operational Transform" name="should transform concurrent operations correctly" time="0">
      <failure>Error: thrown: &quot;Exceeded timeout of 30000 ms for a hook while waiting for `done()` to be called.
Add a timeout value to this test to increase the timeout, if this is a long-running test. See https://jestjs.io/docs/api#testname-fn-timeout.&quot;
    at beforeAll (/Users/brianlong/Documents/GitHub/intelgraph/server/src/tests/warRoomSync.test.js:17:3)
    at _dispatchDescribe (/Users/brianlong/Documents/GitHub/intelgraph/server/node_modules/jest-circus/build/index.js:91:26)
    at describe (/Users/brianlong/Documents/GitHub/intelgraph/server/node_modules/jest-circus/build/index.js:55:5)
    at Object.describe (/Users/brianlong/Documents/GitHub/intelgraph/server/src/tests/warRoomSync.test.js:11:1)
    at Runtime._execModule (/Users/brianlong/Documents/GitHub/intelgraph/server/node_modules/jest-runtime/build/index.js:1439:24)
    at Runtime._loadModule (/Users/brianlong/Documents/GitHub/intelgraph/server/node_modules/jest-runtime/build/index.js:1022:12)
    at Runtime.requireModule (/Users/brianlong/Documents/GitHub/intelgraph/server/node_modules/jest-runtime/build/index.js:882:12)
    at jestAdapter (/Users/brianlong/Documents/GitHub/intelgraph/server/node_modules/jest-circus/build/legacy-code-todo-rewrite/jestAdapter.js:77:13)
    at processTicksAndRejections (node:internal/process/task_queues:105:5)
    at runTestInternal (/Users/brianlong/Documents/GitHub/intelgraph/server/node_modules/jest-runner/build/runTest.js:367:16)
    at runTest (/Users/brianlong/Documents/GitHub/intelgraph/server/node_modules/jest-runner/build/runTest.js:444:34)
    at Object.worker (/Users/brianlong/Documents/GitHub/intelgraph/server/node_modules/jest-runner/build/testWorker.js:106:12)</failure>
    </testcase>
    <testcase classname="War Room Graph Sync - P0 Critical MVP1 › Performance Metrics" name="should track performance metrics accurately" time="0">
      <failure>Error: thrown: &quot;Exceeded timeout of 30000 ms for a hook while waiting for `done()` to be called.
Add a timeout value to this test to increase the timeout, if this is a long-running test. See https://jestjs.io/docs/api#testname-fn-timeout.&quot;
    at beforeAll (/Users/brianlong/Documents/GitHub/intelgraph/server/src/tests/warRoomSync.test.js:17:3)
    at _dispatchDescribe (/Users/brianlong/Documents/GitHub/intelgraph/server/node_modules/jest-circus/build/index.js:91:26)
    at describe (/Users/brianlong/Documents/GitHub/intelgraph/server/node_modules/jest-circus/build/index.js:55:5)
    at Object.describe (/Users/brianlong/Documents/GitHub/intelgraph/server/src/tests/warRoomSync.test.js:11:1)
    at Runtime._execModule (/Users/brianlong/Documents/GitHub/intelgraph/server/node_modules/jest-runtime/build/index.js:1439:24)
    at Runtime._loadModule (/Users/brianlong/Documents/GitHub/intelgraph/server/node_modules/jest-runtime/build/index.js:1022:12)
    at Runtime.requireModule (/Users/brianlong/Documents/GitHub/intelgraph/server/node_modules/jest-runtime/build/index.js:882:12)
    at jestAdapter (/Users/brianlong/Documents/GitHub/intelgraph/server/node_modules/jest-circus/build/legacy-code-todo-rewrite/jestAdapter.js:77:13)
    at processTicksAndRejections (node:internal/process/task_queues:105:5)
    at runTestInternal (/Users/brianlong/Documents/GitHub/intelgraph/server/node_modules/jest-runner/build/runTest.js:367:16)
    at runTest (/Users/brianlong/Documents/GitHub/intelgraph/server/node_modules/jest-runner/build/runTest.js:444:34)
    at Object.worker (/Users/brianlong/Documents/GitHub/intelgraph/server/node_modules/jest-runner/build/testWorker.js:106:12)</failure>
    </testcase>
    <testcase classname="War Room Graph Sync - P0 Critical MVP1 › Performance Metrics" name="should provide room statistics" time="0">
      <failure>Error: thrown: &quot;Exceeded timeout of 30000 ms for a hook while waiting for `done()` to be called.
Add a timeout value to this test to increase the timeout, if this is a long-running test. See https://jestjs.io/docs/api#testname-fn-timeout.&quot;
    at beforeAll (/Users/brianlong/Documents/GitHub/intelgraph/server/src/tests/warRoomSync.test.js:17:3)
    at _dispatchDescribe (/Users/brianlong/Documents/GitHub/intelgraph/server/node_modules/jest-circus/build/index.js:91:26)
    at describe (/Users/brianlong/Documents/GitHub/intelgraph/server/node_modules/jest-circus/build/index.js:55:5)
    at Object.describe (/Users/brianlong/Documents/GitHub/intelgraph/server/src/tests/warRoomSync.test.js:11:1)
    at Runtime._execModule (/Users/brianlong/Documents/GitHub/intelgraph/server/node_modules/jest-runtime/build/index.js:1439:24)
    at Runtime._loadModule (/Users/brianlong/Documents/GitHub/intelgraph/server/node_modules/jest-runtime/build/index.js:1022:12)
    at Runtime.requireModule (/Users/brianlong/Documents/GitHub/intelgraph/server/node_modules/jest-runtime/build/index.js:882:12)
    at jestAdapter (/Users/brianlong/Documents/GitHub/intelgraph/server/node_modules/jest-circus/build/legacy-code-todo-rewrite/jestAdapter.js:77:13)
    at processTicksAndRejections (node:internal/process/task_queues:105:5)
    at runTestInternal (/Users/brianlong/Documents/GitHub/intelgraph/server/node_modules/jest-runner/build/runTest.js:367:16)
    at runTest (/Users/brianlong/Documents/GitHub/intelgraph/server/node_modules/jest-runner/build/runTest.js:444:34)
    at Object.worker (/Users/brianlong/Documents/GitHub/intelgraph/server/node_modules/jest-runner/build/testWorker.js:106:12)</failure>
    </testcase>
    <testcase classname="War Room Graph Sync - P0 Critical MVP1 › Error Handling" name="should handle invalid operations gracefully" time="0">
      <failure>Error: thrown: &quot;Exceeded timeout of 30000 ms for a hook while waiting for `done()` to be called.
Add a timeout value to this test to increase the timeout, if this is a long-running test. See https://jestjs.io/docs/api#testname-fn-timeout.&quot;
    at beforeAll (/Users/brianlong/Documents/GitHub/intelgraph/server/src/tests/warRoomSync.test.js:17:3)
    at _dispatchDescribe (/Users/brianlong/Documents/GitHub/intelgraph/server/node_modules/jest-circus/build/index.js:91:26)
    at describe (/Users/brianlong/Documents/GitHub/intelgraph/server/node_modules/jest-circus/build/index.js:55:5)
    at Object.describe (/Users/brianlong/Documents/GitHub/intelgraph/server/src/tests/warRoomSync.test.js:11:1)
    at Runtime._execModule (/Users/brianlong/Documents/GitHub/intelgraph/server/node_modules/jest-runtime/build/index.js:1439:24)
    at Runtime._loadModule (/Users/brianlong/Documents/GitHub/intelgraph/server/node_modules/jest-runtime/build/index.js:1022:12)
    at Runtime.requireModule (/Users/brianlong/Documents/GitHub/intelgraph/server/node_modules/jest-runtime/build/index.js:882:12)
    at jestAdapter (/Users/brianlong/Documents/GitHub/intelgraph/server/node_modules/jest-circus/build/legacy-code-todo-rewrite/jestAdapter.js:77:13)
    at processTicksAndRejections (node:internal/process/task_queues:105:5)
    at runTestInternal (/Users/brianlong/Documents/GitHub/intelgraph/server/node_modules/jest-runner/build/runTest.js:367:16)
    at runTest (/Users/brianlong/Documents/GitHub/intelgraph/server/node_modules/jest-runner/build/runTest.js:444:34)
    at Object.worker (/Users/brianlong/Documents/GitHub/intelgraph/server/node_modules/jest-runner/build/testWorker.js:106:12)</failure>
    </testcase>
    <testcase classname="War Room Graph Sync - P0 Critical MVP1 › Error Handling" name="should handle user permission violations" time="0">
      <failure>Error: thrown: &quot;Exceeded timeout of 30000 ms for a hook while waiting for `done()` to be called.
Add a timeout value to this test to increase the timeout, if this is a long-running test. See https://jestjs.io/docs/api#testname-fn-timeout.&quot;
    at beforeAll (/Users/brianlong/Documents/GitHub/intelgraph/server/src/tests/warRoomSync.test.js:17:3)
    at _dispatchDescribe (/Users/brianlong/Documents/GitHub/intelgraph/server/node_modules/jest-circus/build/index.js:91:26)
    at describe (/Users/brianlong/Documents/GitHub/intelgraph/server/node_modules/jest-circus/build/index.js:55:5)
    at Object.describe (/Users/brianlong/Documents/GitHub/intelgraph/server/src/tests/warRoomSync.test.js:11:1)
    at Runtime._execModule (/Users/brianlong/Documents/GitHub/intelgraph/server/node_modules/jest-runtime/build/index.js:1439:24)
    at Runtime._loadModule (/Users/brianlong/Documents/GitHub/intelgraph/server/node_modules/jest-runtime/build/index.js:1022:12)
    at Runtime.requireModule (/Users/brianlong/Documents/GitHub/intelgraph/server/node_modules/jest-runtime/build/index.js:882:12)
    at jestAdapter (/Users/brianlong/Documents/GitHub/intelgraph/server/node_modules/jest-circus/build/legacy-code-todo-rewrite/jestAdapter.js:77:13)
    at processTicksAndRejections (node:internal/process/task_queues:105:5)
    at runTestInternal (/Users/brianlong/Documents/GitHub/intelgraph/server/node_modules/jest-runner/build/runTest.js:367:16)
    at runTest (/Users/brianlong/Documents/GitHub/intelgraph/server/node_modules/jest-runner/build/runTest.js:444:34)
    at Object.worker (/Users/brianlong/Documents/GitHub/intelgraph/server/node_modules/jest-runner/build/testWorker.js:106:12)</failure>
    </testcase>
  </testsuite>
  <testsuite name="Multimodal Data Service - P0 Critical MVP1" errors="0" failures="0" skipped="0" timestamp="2025-08-14T19:30:10" time="2.074" tests="15">
    <testcase classname="Multimodal Data Service - P0 Critical MVP1 › Media Source Management" name="should upload and register media source" time="0.001">
    </testcase>
    <testcase classname="Multimodal Data Service - P0 Critical MVP1 › Media Source Management" name="should generate unique checksum for content deduplication" time="0">
    </testcase>
    <testcase classname="Multimodal Data Service - P0 Critical MVP1 › Multimodal Entity Creation" name="should create multimodal entity with extraction context" time="0">
    </testcase>
    <testcase classname="Multimodal Data Service - P0 Critical MVP1 › Multimodal Entity Creation" name="should determine confidence levels correctly" time="0">
    </testcase>
    <testcase classname="Multimodal Data Service - P0 Critical MVP1 › Cross-Modal Matching" name="should find cross-modal matches based on similarity" time="0.001">
    </testcase>
    <testcase classname="Multimodal Data Service - P0 Critical MVP1 › Cross-Modal Matching" name="should calculate similarity between entities" time="0">
    </testcase>
    <testcase classname="Multimodal Data Service - P0 Critical MVP1 › Extraction Pipeline" name="should start extraction job for supported media types" time="0">
    </testcase>
    <testcase classname="Multimodal Data Service - P0 Critical MVP1 › Extraction Pipeline" name="should reject invalid extraction methods" time="0.01">
    </testcase>
    <testcase classname="Multimodal Data Service - P0 Critical MVP1 › Extraction Pipeline" name="should initialize extractors with correct capabilities" time="0">
    </testcase>
    <testcase classname="Multimodal Data Service - P0 Critical MVP1 › Multimodal Search" name="should perform multimodal search with filters" time="0.001">
    </testcase>
    <testcase classname="Multimodal Data Service - P0 Critical MVP1 › Quality Thresholds" name="should have appropriate quality thresholds" time="0">
    </testcase>
    <testcase classname="Multimodal Data Service - P0 Critical MVP1 › Levenshtein Distance" name="should calculate edit distance correctly" time="0">
    </testcase>
    <testcase classname="Multimodal Data Service - P0 Critical MVP1 › Error Handling" name="should handle database connection errors gracefully" time="0.001">
    </testcase>
    <testcase classname="Multimodal Data Service - P0 Critical MVP1 › Error Handling" name="should handle storage service failures" time="0">
    </testcase>
    <testcase classname="Multimodal Data Service - P0 Critical MVP1 › Processing Simulation" name="should simulate extraction for different media types" time="2.002">
    </testcase>
  </testsuite>
  <testsuite name="Multimodal Data Service - P0 Critical MVP1" errors="0" failures="0" skipped="0" timestamp="2025-08-14T19:30:11" time="2.04" tests="15">
    <testcase classname="Multimodal Data Service - P0 Critical MVP1 › Media Source Management" name="should upload and register media source" time="0.001">
    </testcase>
    <testcase classname="Multimodal Data Service - P0 Critical MVP1 › Media Source Management" name="should generate unique checksum for content deduplication" time="0">
    </testcase>
    <testcase classname="Multimodal Data Service - P0 Critical MVP1 › Multimodal Entity Creation" name="should create multimodal entity with extraction context" time="0">
    </testcase>
    <testcase classname="Multimodal Data Service - P0 Critical MVP1 › Multimodal Entity Creation" name="should determine confidence levels correctly" time="0">
    </testcase>
    <testcase classname="Multimodal Data Service - P0 Critical MVP1 › Cross-Modal Matching" name="should find cross-modal matches based on similarity" time="0.001">
    </testcase>
    <testcase classname="Multimodal Data Service - P0 Critical MVP1 › Cross-Modal Matching" name="should calculate similarity between entities" time="0">
    </testcase>
    <testcase classname="Multimodal Data Service - P0 Critical MVP1 › Extraction Pipeline" name="should start extraction job for supported media types" time="0.001">
    </testcase>
    <testcase classname="Multimodal Data Service - P0 Critical MVP1 › Extraction Pipeline" name="should reject invalid extraction methods" time="0.009">
    </testcase>
    <testcase classname="Multimodal Data Service - P0 Critical MVP1 › Extraction Pipeline" name="should initialize extractors with correct capabilities" time="0">
    </testcase>
    <testcase classname="Multimodal Data Service - P0 Critical MVP1 › Multimodal Search" name="should perform multimodal search with filters" time="0.001">
    </testcase>
    <testcase classname="Multimodal Data Service - P0 Critical MVP1 › Quality Thresholds" name="should have appropriate quality thresholds" time="0">
    </testcase>
    <testcase classname="Multimodal Data Service - P0 Critical MVP1 › Levenshtein Distance" name="should calculate edit distance correctly" time="0.001">
    </testcase>
    <testcase classname="Multimodal Data Service - P0 Critical MVP1 › Error Handling" name="should handle database connection errors gracefully" time="0">
    </testcase>
    <testcase classname="Multimodal Data Service - P0 Critical MVP1 › Error Handling" name="should handle storage service failures" time="0">
    </testcase>
    <testcase classname="Multimodal Data Service - P0 Critical MVP1 › Processing Simulation" name="should simulate extraction for different media types" time="2.003">
    </testcase>
  </testsuite>
  <testsuite name="Entity Model System" errors="0" failures="12" skipped="0" timestamp="2025-08-14T19:30:13" time="0.326" tests="12">
    <testcase classname="Entity Model System › Migration System" name="should initialize migration tracking table" time="0.001">
      <failure>AggregateError: 
    at /Users/brianlong/Documents/GitHub/intelgraph/server/node_modules/pg-pool/index.js:45:11
    at processTicksAndRejections (node:internal/process/task_queues:105:5)
    at connectPostgres (/Users/brianlong/Documents/GitHub/intelgraph/server/src/config/database.js:112:20)
    at Object.&lt;anonymous&gt; (/Users/brianlong/Documents/GitHub/intelgraph/server/src/tests/entityModel.test.js:13:5)</failure>
    </testcase>
    <testcase classname="Entity Model System › Migration System" name="should get migration status" time="0">
      <failure>AggregateError: 
    at /Users/brianlong/Documents/GitHub/intelgraph/server/node_modules/pg-pool/index.js:45:11
    at processTicksAndRejections (node:internal/process/task_queues:105:5)
    at connectPostgres (/Users/brianlong/Documents/GitHub/intelgraph/server/src/config/database.js:112:20)
    at Object.&lt;anonymous&gt; (/Users/brianlong/Documents/GitHub/intelgraph/server/src/tests/entityModel.test.js:13:5)</failure>
    </testcase>
    <testcase classname="Entity Model System › Migration System" name="should track applied migrations" time="0">
      <failure>AggregateError: 
    at /Users/brianlong/Documents/GitHub/intelgraph/server/node_modules/pg-pool/index.js:45:11
    at processTicksAndRejections (node:internal/process/task_queues:105:5)
    at connectPostgres (/Users/brianlong/Documents/GitHub/intelgraph/server/src/config/database.js:112:20)
    at Object.&lt;anonymous&gt; (/Users/brianlong/Documents/GitHub/intelgraph/server/src/tests/entityModel.test.js:13:5)</failure>
    </testcase>
    <testcase classname="Entity Model System › Entity Model Constraints" name="should enforce unique entity IDs" time="0">
      <failure>AggregateError: 
    at /Users/brianlong/Documents/GitHub/intelgraph/server/node_modules/pg-pool/index.js:45:11
    at processTicksAndRejections (node:internal/process/task_queues:105:5)
    at connectPostgres (/Users/brianlong/Documents/GitHub/intelgraph/server/src/config/database.js:112:20)
    at Object.&lt;anonymous&gt; (/Users/brianlong/Documents/GitHub/intelgraph/server/src/tests/entityModel.test.js:13:5)</failure>
    </testcase>
    <testcase classname="Entity Model System › Entity Model Constraints" name="should enforce required fields" time="0">
      <failure>AggregateError: 
    at /Users/brianlong/Documents/GitHub/intelgraph/server/node_modules/pg-pool/index.js:45:11
    at processTicksAndRejections (node:internal/process/task_queues:105:5)
    at connectPostgres (/Users/brianlong/Documents/GitHub/intelgraph/server/src/config/database.js:112:20)
    at Object.&lt;anonymous&gt; (/Users/brianlong/Documents/GitHub/intelgraph/server/src/tests/entityModel.test.js:13:5)</failure>
    </testcase>
    <testcase classname="Entity Model System › Entity Model Constraints" name="should enforce email format for EMAIL entities" time="0">
      <failure>AggregateError: 
    at /Users/brianlong/Documents/GitHub/intelgraph/server/node_modules/pg-pool/index.js:45:11
    at processTicksAndRejections (node:internal/process/task_queues:105:5)
    at connectPostgres (/Users/brianlong/Documents/GitHub/intelgraph/server/src/config/database.js:112:20)
    at Object.&lt;anonymous&gt; (/Users/brianlong/Documents/GitHub/intelgraph/server/src/tests/entityModel.test.js:13:5)</failure>
    </testcase>
    <testcase classname="Entity Model System › Entity Model Service" name="should get entity statistics" time="0">
      <failure>AggregateError: 
    at /Users/brianlong/Documents/GitHub/intelgraph/server/node_modules/pg-pool/index.js:45:11
    at processTicksAndRejections (node:internal/process/task_queues:105:5)
    at connectPostgres (/Users/brianlong/Documents/GitHub/intelgraph/server/src/config/database.js:112:20)
    at Object.&lt;anonymous&gt; (/Users/brianlong/Documents/GitHub/intelgraph/server/src/tests/entityModel.test.js:13:5)</failure>
      <failure>Error: Neo4j driver not initialized
    at getNeo4jDriver (/Users/brianlong/Documents/GitHub/intelgraph/server/src/config/database.js:266:27)
    at Object.getNeo4jDriver (/Users/brianlong/Documents/GitHub/intelgraph/server/src/tests/entityModel.test.js:181:22)
    at Promise.then.completed (/Users/brianlong/Documents/GitHub/intelgraph/server/node_modules/jest-circus/build/utils.js:298:28)
    at new Promise (&lt;anonymous&gt;)
    at callAsyncCircusFn (/Users/brianlong/Documents/GitHub/intelgraph/server/node_modules/jest-circus/build/utils.js:231:10)
    at _callCircusHook (/Users/brianlong/Documents/GitHub/intelgraph/server/node_modules/jest-circus/build/run.js:281:40)
    at processTicksAndRejections (node:internal/process/task_queues:105:5)
    at _runTest (/Users/brianlong/Documents/GitHub/intelgraph/server/node_modules/jest-circus/build/run.js:254:5)
    at _runTestsForDescribeBlock (/Users/brianlong/Documents/GitHub/intelgraph/server/node_modules/jest-circus/build/run.js:126:9)
    at _runTestsForDescribeBlock (/Users/brianlong/Documents/GitHub/intelgraph/server/node_modules/jest-circus/build/run.js:121:9)
    at _runTestsForDescribeBlock (/Users/brianlong/Documents/GitHub/intelgraph/server/node_modules/jest-circus/build/run.js:121:9)
    at run (/Users/brianlong/Documents/GitHub/intelgraph/server/node_modules/jest-circus/build/run.js:71:3)
    at runAndTransformResultsToJestFormat (/Users/brianlong/Documents/GitHub/intelgraph/server/node_modules/jest-circus/build/legacy-code-todo-rewrite/jestAdapterInit.js:122:21)
    at jestAdapter (/Users/brianlong/Documents/GitHub/intelgraph/server/node_modules/jest-circus/build/legacy-code-todo-rewrite/jestAdapter.js:79:19)
    at runTestInternal (/Users/brianlong/Documents/GitHub/intelgraph/server/node_modules/jest-runner/build/runTest.js:367:16)
    at runTest (/Users/brianlong/Documents/GitHub/intelgraph/server/node_modules/jest-runner/build/runTest.js:444:34)
    at Object.worker (/Users/brianlong/Documents/GitHub/intelgraph/server/node_modules/jest-runner/build/testWorker.js:106:12)</failure>
    </testcase>
    <testcase classname="Entity Model System › Entity Model Service" name="should find hub entities" time="0">
      <failure>AggregateError: 
    at /Users/brianlong/Documents/GitHub/intelgraph/server/node_modules/pg-pool/index.js:45:11
    at processTicksAndRejections (node:internal/process/task_queues:105:5)
    at connectPostgres (/Users/brianlong/Documents/GitHub/intelgraph/server/src/config/database.js:112:20)
    at Object.&lt;anonymous&gt; (/Users/brianlong/Documents/GitHub/intelgraph/server/src/tests/entityModel.test.js:13:5)</failure>
      <failure>Error: Neo4j driver not initialized
    at getNeo4jDriver (/Users/brianlong/Documents/GitHub/intelgraph/server/src/config/database.js:266:27)
    at Object.getNeo4jDriver (/Users/brianlong/Documents/GitHub/intelgraph/server/src/tests/entityModel.test.js:181:22)
    at Promise.then.completed (/Users/brianlong/Documents/GitHub/intelgraph/server/node_modules/jest-circus/build/utils.js:298:28)
    at new Promise (&lt;anonymous&gt;)
    at callAsyncCircusFn (/Users/brianlong/Documents/GitHub/intelgraph/server/node_modules/jest-circus/build/utils.js:231:10)
    at _callCircusHook (/Users/brianlong/Documents/GitHub/intelgraph/server/node_modules/jest-circus/build/run.js:281:40)
    at processTicksAndRejections (node:internal/process/task_queues:105:5)
    at _runTest (/Users/brianlong/Documents/GitHub/intelgraph/server/node_modules/jest-circus/build/run.js:254:5)
    at _runTestsForDescribeBlock (/Users/brianlong/Documents/GitHub/intelgraph/server/node_modules/jest-circus/build/run.js:126:9)
    at _runTestsForDescribeBlock (/Users/brianlong/Documents/GitHub/intelgraph/server/node_modules/jest-circus/build/run.js:121:9)
    at _runTestsForDescribeBlock (/Users/brianlong/Documents/GitHub/intelgraph/server/node_modules/jest-circus/build/run.js:121:9)
    at run (/Users/brianlong/Documents/GitHub/intelgraph/server/node_modules/jest-circus/build/run.js:71:3)
    at runAndTransformResultsToJestFormat (/Users/brianlong/Documents/GitHub/intelgraph/server/node_modules/jest-circus/build/legacy-code-todo-rewrite/jestAdapterInit.js:122:21)
    at jestAdapter (/Users/brianlong/Documents/GitHub/intelgraph/server/node_modules/jest-circus/build/legacy-code-todo-rewrite/jestAdapter.js:79:19)
    at runTestInternal (/Users/brianlong/Documents/GitHub/intelgraph/server/node_modules/jest-runner/build/runTest.js:367:16)
    at runTest (/Users/brianlong/Documents/GitHub/intelgraph/server/node_modules/jest-runner/build/runTest.js:444:34)
    at Object.worker (/Users/brianlong/Documents/GitHub/intelgraph/server/node_modules/jest-runner/build/testWorker.js:106:12)</failure>
    </testcase>
    <testcase classname="Entity Model System › Entity Model Service" name="should validate model integrity" time="0">
      <failure>AggregateError: 
    at /Users/brianlong/Documents/GitHub/intelgraph/server/node_modules/pg-pool/index.js:45:11
    at processTicksAndRejections (node:internal/process/task_queues:105:5)
    at connectPostgres (/Users/brianlong/Documents/GitHub/intelgraph/server/src/config/database.js:112:20)
    at Object.&lt;anonymous&gt; (/Users/brianlong/Documents/GitHub/intelgraph/server/src/tests/entityModel.test.js:13:5)</failure>
      <failure>Error: Neo4j driver not initialized
    at getNeo4jDriver (/Users/brianlong/Documents/GitHub/intelgraph/server/src/config/database.js:266:27)
    at Object.getNeo4jDriver (/Users/brianlong/Documents/GitHub/intelgraph/server/src/tests/entityModel.test.js:181:22)
    at Promise.then.completed (/Users/brianlong/Documents/GitHub/intelgraph/server/node_modules/jest-circus/build/utils.js:298:28)
    at new Promise (&lt;anonymous&gt;)
    at callAsyncCircusFn (/Users/brianlong/Documents/GitHub/intelgraph/server/node_modules/jest-circus/build/utils.js:231:10)
    at _callCircusHook (/Users/brianlong/Documents/GitHub/intelgraph/server/node_modules/jest-circus/build/run.js:281:40)
    at processTicksAndRejections (node:internal/process/task_queues:105:5)
    at _runTest (/Users/brianlong/Documents/GitHub/intelgraph/server/node_modules/jest-circus/build/run.js:254:5)
    at _runTestsForDescribeBlock (/Users/brianlong/Documents/GitHub/intelgraph/server/node_modules/jest-circus/build/run.js:126:9)
    at _runTestsForDescribeBlock (/Users/brianlong/Documents/GitHub/intelgraph/server/node_modules/jest-circus/build/run.js:121:9)
    at _runTestsForDescribeBlock (/Users/brianlong/Documents/GitHub/intelgraph/server/node_modules/jest-circus/build/run.js:121:9)
    at run (/Users/brianlong/Documents/GitHub/intelgraph/server/node_modules/jest-circus/build/run.js:71:3)
    at runAndTransformResultsToJestFormat (/Users/brianlong/Documents/GitHub/intelgraph/server/node_modules/jest-circus/build/legacy-code-todo-rewrite/jestAdapterInit.js:122:21)
    at jestAdapter (/Users/brianlong/Documents/GitHub/intelgraph/server/node_modules/jest-circus/build/legacy-code-todo-rewrite/jestAdapter.js:79:19)
    at runTestInternal (/Users/brianlong/Documents/GitHub/intelgraph/server/node_modules/jest-runner/build/runTest.js:367:16)
    at runTest (/Users/brianlong/Documents/GitHub/intelgraph/server/node_modules/jest-runner/build/runTest.js:444:34)
    at Object.worker (/Users/brianlong/Documents/GitHub/intelgraph/server/node_modules/jest-runner/build/testWorker.js:106:12)</failure>
    </testcase>
    <testcase classname="Entity Model System › Entity Model Service" name="should get query performance stats" time="0">
      <failure>AggregateError: 
    at /Users/brianlong/Documents/GitHub/intelgraph/server/node_modules/pg-pool/index.js:45:11
    at processTicksAndRejections (node:internal/process/task_queues:105:5)
    at connectPostgres (/Users/brianlong/Documents/GitHub/intelgraph/server/src/config/database.js:112:20)
    at Object.&lt;anonymous&gt; (/Users/brianlong/Documents/GitHub/intelgraph/server/src/tests/entityModel.test.js:13:5)</failure>
      <failure>Error: Neo4j driver not initialized
    at getNeo4jDriver (/Users/brianlong/Documents/GitHub/intelgraph/server/src/config/database.js:266:27)
    at Object.getNeo4jDriver (/Users/brianlong/Documents/GitHub/intelgraph/server/src/tests/entityModel.test.js:181:22)
    at Promise.then.completed (/Users/brianlong/Documents/GitHub/intelgraph/server/node_modules/jest-circus/build/utils.js:298:28)
    at new Promise (&lt;anonymous&gt;)
    at callAsyncCircusFn (/Users/brianlong/Documents/GitHub/intelgraph/server/node_modules/jest-circus/build/utils.js:231:10)
    at _callCircusHook (/Users/brianlong/Documents/GitHub/intelgraph/server/node_modules/jest-circus/build/run.js:281:40)
    at processTicksAndRejections (node:internal/process/task_queues:105:5)
    at _runTest (/Users/brianlong/Documents/GitHub/intelgraph/server/node_modules/jest-circus/build/run.js:254:5)
    at _runTestsForDescribeBlock (/Users/brianlong/Documents/GitHub/intelgraph/server/node_modules/jest-circus/build/run.js:126:9)
    at _runTestsForDescribeBlock (/Users/brianlong/Documents/GitHub/intelgraph/server/node_modules/jest-circus/build/run.js:121:9)
    at _runTestsForDescribeBlock (/Users/brianlong/Documents/GitHub/intelgraph/server/node_modules/jest-circus/build/run.js:121:9)
    at run (/Users/brianlong/Documents/GitHub/intelgraph/server/node_modules/jest-circus/build/run.js:71:3)
    at runAndTransformResultsToJestFormat (/Users/brianlong/Documents/GitHub/intelgraph/server/node_modules/jest-circus/build/legacy-code-todo-rewrite/jestAdapterInit.js:122:21)
    at jestAdapter (/Users/brianlong/Documents/GitHub/intelgraph/server/node_modules/jest-circus/build/legacy-code-todo-rewrite/jestAdapter.js:79:19)
    at runTestInternal (/Users/brianlong/Documents/GitHub/intelgraph/server/node_modules/jest-runner/build/runTest.js:367:16)
    at runTest (/Users/brianlong/Documents/GitHub/intelgraph/server/node_modules/jest-runner/build/runTest.js:444:34)
    at Object.worker (/Users/brianlong/Documents/GitHub/intelgraph/server/node_modules/jest-runner/build/testWorker.js:106:12)</failure>
    </testcase>
    <testcase classname="Entity Model System › Index Performance" name="should have efficient entity type queries" time="0">
      <failure>AggregateError: 
    at /Users/brianlong/Documents/GitHub/intelgraph/server/node_modules/pg-pool/index.js:45:11
    at processTicksAndRejections (node:internal/process/task_queues:105:5)
    at connectPostgres (/Users/brianlong/Documents/GitHub/intelgraph/server/src/config/database.js:112:20)
    at Object.&lt;anonymous&gt; (/Users/brianlong/Documents/GitHub/intelgraph/server/src/tests/entityModel.test.js:13:5)</failure>
    </testcase>
    <testcase classname="Entity Model System › Index Performance" name="should have efficient investigation queries" time="0">
      <failure>AggregateError: 
    at /Users/brianlong/Documents/GitHub/intelgraph/server/node_modules/pg-pool/index.js:45:11
    at processTicksAndRejections (node:internal/process/task_queues:105:5)
    at connectPostgres (/Users/brianlong/Documents/GitHub/intelgraph/server/src/config/database.js:112:20)
    at Object.&lt;anonymous&gt; (/Users/brianlong/Documents/GitHub/intelgraph/server/src/tests/entityModel.test.js:13:5)</failure>
    </testcase>
  </testsuite>
  <testsuite name="Entity Model System" errors="0" failures="12" skipped="0" timestamp="2025-08-14T19:30:13" time="0.077" tests="12">
    <testcase classname="Entity Model System › Migration System" name="should initialize migration tracking table" time="0">
      <failure>AggregateError: 
    at /Users/brianlong/Documents/GitHub/intelgraph/server/node_modules/pg-pool/index.js:45:11
    at processTicksAndRejections (node:internal/process/task_queues:105:5)
    at connectPostgres (/Users/brianlong/Documents/GitHub/intelgraph/server/src/config/database.js:112:20)
    at Object.&lt;anonymous&gt; (/Users/brianlong/Documents/GitHub/intelgraph/server/src/tests/entityModel.test.js:13:5)</failure>
    </testcase>
    <testcase classname="Entity Model System › Migration System" name="should get migration status" time="0">
      <failure>AggregateError: 
    at /Users/brianlong/Documents/GitHub/intelgraph/server/node_modules/pg-pool/index.js:45:11
    at processTicksAndRejections (node:internal/process/task_queues:105:5)
    at connectPostgres (/Users/brianlong/Documents/GitHub/intelgraph/server/src/config/database.js:112:20)
    at Object.&lt;anonymous&gt; (/Users/brianlong/Documents/GitHub/intelgraph/server/src/tests/entityModel.test.js:13:5)</failure>
    </testcase>
    <testcase classname="Entity Model System › Migration System" name="should track applied migrations" time="0">
      <failure>AggregateError: 
    at /Users/brianlong/Documents/GitHub/intelgraph/server/node_modules/pg-pool/index.js:45:11
    at processTicksAndRejections (node:internal/process/task_queues:105:5)
    at connectPostgres (/Users/brianlong/Documents/GitHub/intelgraph/server/src/config/database.js:112:20)
    at Object.&lt;anonymous&gt; (/Users/brianlong/Documents/GitHub/intelgraph/server/src/tests/entityModel.test.js:13:5)</failure>
    </testcase>
    <testcase classname="Entity Model System › Entity Model Constraints" name="should enforce unique entity IDs" time="0">
      <failure>AggregateError: 
    at /Users/brianlong/Documents/GitHub/intelgraph/server/node_modules/pg-pool/index.js:45:11
    at processTicksAndRejections (node:internal/process/task_queues:105:5)
    at connectPostgres (/Users/brianlong/Documents/GitHub/intelgraph/server/src/config/database.js:112:20)
    at Object.&lt;anonymous&gt; (/Users/brianlong/Documents/GitHub/intelgraph/server/src/tests/entityModel.test.js:13:5)</failure>
    </testcase>
    <testcase classname="Entity Model System › Entity Model Constraints" name="should enforce required fields" time="0">
      <failure>AggregateError: 
    at /Users/brianlong/Documents/GitHub/intelgraph/server/node_modules/pg-pool/index.js:45:11
    at processTicksAndRejections (node:internal/process/task_queues:105:5)
    at connectPostgres (/Users/brianlong/Documents/GitHub/intelgraph/server/src/config/database.js:112:20)
    at Object.&lt;anonymous&gt; (/Users/brianlong/Documents/GitHub/intelgraph/server/src/tests/entityModel.test.js:13:5)</failure>
    </testcase>
    <testcase classname="Entity Model System › Entity Model Constraints" name="should enforce email format for EMAIL entities" time="0">
      <failure>AggregateError: 
    at /Users/brianlong/Documents/GitHub/intelgraph/server/node_modules/pg-pool/index.js:45:11
    at processTicksAndRejections (node:internal/process/task_queues:105:5)
    at connectPostgres (/Users/brianlong/Documents/GitHub/intelgraph/server/src/config/database.js:112:20)
    at Object.&lt;anonymous&gt; (/Users/brianlong/Documents/GitHub/intelgraph/server/src/tests/entityModel.test.js:13:5)</failure>
    </testcase>
    <testcase classname="Entity Model System › Entity Model Service" name="should get entity statistics" time="0">
      <failure>AggregateError: 
    at /Users/brianlong/Documents/GitHub/intelgraph/server/node_modules/pg-pool/index.js:45:11
    at processTicksAndRejections (node:internal/process/task_queues:105:5)
    at connectPostgres (/Users/brianlong/Documents/GitHub/intelgraph/server/src/config/database.js:112:20)
    at Object.&lt;anonymous&gt; (/Users/brianlong/Documents/GitHub/intelgraph/server/src/tests/entityModel.test.js:13:5)</failure>
      <failure>Error: Neo4j driver not initialized
    at getNeo4jDriver (/Users/brianlong/Documents/GitHub/intelgraph/server/src/config/database.js:266:27)
    at Object.getNeo4jDriver (/Users/brianlong/Documents/GitHub/intelgraph/server/src/tests/entityModel.test.js:181:22)
    at Promise.then.completed (/Users/brianlong/Documents/GitHub/intelgraph/server/node_modules/jest-circus/build/utils.js:298:28)
    at new Promise (&lt;anonymous&gt;)
    at callAsyncCircusFn (/Users/brianlong/Documents/GitHub/intelgraph/server/node_modules/jest-circus/build/utils.js:231:10)
    at _callCircusHook (/Users/brianlong/Documents/GitHub/intelgraph/server/node_modules/jest-circus/build/run.js:281:40)
    at processTicksAndRejections (node:internal/process/task_queues:105:5)
    at _runTest (/Users/brianlong/Documents/GitHub/intelgraph/server/node_modules/jest-circus/build/run.js:254:5)
    at _runTestsForDescribeBlock (/Users/brianlong/Documents/GitHub/intelgraph/server/node_modules/jest-circus/build/run.js:126:9)
    at _runTestsForDescribeBlock (/Users/brianlong/Documents/GitHub/intelgraph/server/node_modules/jest-circus/build/run.js:121:9)
    at _runTestsForDescribeBlock (/Users/brianlong/Documents/GitHub/intelgraph/server/node_modules/jest-circus/build/run.js:121:9)
    at run (/Users/brianlong/Documents/GitHub/intelgraph/server/node_modules/jest-circus/build/run.js:71:3)
    at runAndTransformResultsToJestFormat (/Users/brianlong/Documents/GitHub/intelgraph/server/node_modules/jest-circus/build/legacy-code-todo-rewrite/jestAdapterInit.js:122:21)
    at jestAdapter (/Users/brianlong/Documents/GitHub/intelgraph/server/node_modules/jest-circus/build/legacy-code-todo-rewrite/jestAdapter.js:79:19)
    at runTestInternal (/Users/brianlong/Documents/GitHub/intelgraph/server/node_modules/jest-runner/build/runTest.js:367:16)
    at runTest (/Users/brianlong/Documents/GitHub/intelgraph/server/node_modules/jest-runner/build/runTest.js:444:34)
    at Object.worker (/Users/brianlong/Documents/GitHub/intelgraph/server/node_modules/jest-runner/build/testWorker.js:106:12)</failure>
    </testcase>
    <testcase classname="Entity Model System › Entity Model Service" name="should find hub entities" time="0">
      <failure>AggregateError: 
    at /Users/brianlong/Documents/GitHub/intelgraph/server/node_modules/pg-pool/index.js:45:11
    at processTicksAndRejections (node:internal/process/task_queues:105:5)
    at connectPostgres (/Users/brianlong/Documents/GitHub/intelgraph/server/src/config/database.js:112:20)
    at Object.&lt;anonymous&gt; (/Users/brianlong/Documents/GitHub/intelgraph/server/src/tests/entityModel.test.js:13:5)</failure>
      <failure>Error: Neo4j driver not initialized
    at getNeo4jDriver (/Users/brianlong/Documents/GitHub/intelgraph/server/src/config/database.js:266:27)
    at Object.getNeo4jDriver (/Users/brianlong/Documents/GitHub/intelgraph/server/src/tests/entityModel.test.js:181:22)
    at Promise.then.completed (/Users/brianlong/Documents/GitHub/intelgraph/server/node_modules/jest-circus/build/utils.js:298:28)
    at new Promise (&lt;anonymous&gt;)
    at callAsyncCircusFn (/Users/brianlong/Documents/GitHub/intelgraph/server/node_modules/jest-circus/build/utils.js:231:10)
    at _callCircusHook (/Users/brianlong/Documents/GitHub/intelgraph/server/node_modules/jest-circus/build/run.js:281:40)
    at processTicksAndRejections (node:internal/process/task_queues:105:5)
    at _runTest (/Users/brianlong/Documents/GitHub/intelgraph/server/node_modules/jest-circus/build/run.js:254:5)
    at _runTestsForDescribeBlock (/Users/brianlong/Documents/GitHub/intelgraph/server/node_modules/jest-circus/build/run.js:126:9)
    at _runTestsForDescribeBlock (/Users/brianlong/Documents/GitHub/intelgraph/server/node_modules/jest-circus/build/run.js:121:9)
    at _runTestsForDescribeBlock (/Users/brianlong/Documents/GitHub/intelgraph/server/node_modules/jest-circus/build/run.js:121:9)
    at run (/Users/brianlong/Documents/GitHub/intelgraph/server/node_modules/jest-circus/build/run.js:71:3)
    at runAndTransformResultsToJestFormat (/Users/brianlong/Documents/GitHub/intelgraph/server/node_modules/jest-circus/build/legacy-code-todo-rewrite/jestAdapterInit.js:122:21)
    at jestAdapter (/Users/brianlong/Documents/GitHub/intelgraph/server/node_modules/jest-circus/build/legacy-code-todo-rewrite/jestAdapter.js:79:19)
    at runTestInternal (/Users/brianlong/Documents/GitHub/intelgraph/server/node_modules/jest-runner/build/runTest.js:367:16)
    at runTest (/Users/brianlong/Documents/GitHub/intelgraph/server/node_modules/jest-runner/build/runTest.js:444:34)
    at Object.worker (/Users/brianlong/Documents/GitHub/intelgraph/server/node_modules/jest-runner/build/testWorker.js:106:12)</failure>
    </testcase>
    <testcase classname="Entity Model System › Entity Model Service" name="should validate model integrity" time="0">
      <failure>AggregateError: 
    at /Users/brianlong/Documents/GitHub/intelgraph/server/node_modules/pg-pool/index.js:45:11
    at processTicksAndRejections (node:internal/process/task_queues:105:5)
    at connectPostgres (/Users/brianlong/Documents/GitHub/intelgraph/server/src/config/database.js:112:20)
    at Object.&lt;anonymous&gt; (/Users/brianlong/Documents/GitHub/intelgraph/server/src/tests/entityModel.test.js:13:5)</failure>
      <failure>Error: Neo4j driver not initialized
    at getNeo4jDriver (/Users/brianlong/Documents/GitHub/intelgraph/server/src/config/database.js:266:27)
    at Object.getNeo4jDriver (/Users/brianlong/Documents/GitHub/intelgraph/server/src/tests/entityModel.test.js:181:22)
    at Promise.then.completed (/Users/brianlong/Documents/GitHub/intelgraph/server/node_modules/jest-circus/build/utils.js:298:28)
    at new Promise (&lt;anonymous&gt;)
    at callAsyncCircusFn (/Users/brianlong/Documents/GitHub/intelgraph/server/node_modules/jest-circus/build/utils.js:231:10)
    at _callCircusHook (/Users/brianlong/Documents/GitHub/intelgraph/server/node_modules/jest-circus/build/run.js:281:40)
    at processTicksAndRejections (node:internal/process/task_queues:105:5)
    at _runTest (/Users/brianlong/Documents/GitHub/intelgraph/server/node_modules/jest-circus/build/run.js:254:5)
    at _runTestsForDescribeBlock (/Users/brianlong/Documents/GitHub/intelgraph/server/node_modules/jest-circus/build/run.js:126:9)
    at _runTestsForDescribeBlock (/Users/brianlong/Documents/GitHub/intelgraph/server/node_modules/jest-circus/build/run.js:121:9)
    at _runTestsForDescribeBlock (/Users/brianlong/Documents/GitHub/intelgraph/server/node_modules/jest-circus/build/run.js:121:9)
    at run (/Users/brianlong/Documents/GitHub/intelgraph/server/node_modules/jest-circus/build/run.js:71:3)
    at runAndTransformResultsToJestFormat (/Users/brianlong/Documents/GitHub/intelgraph/server/node_modules/jest-circus/build/legacy-code-todo-rewrite/jestAdapterInit.js:122:21)
    at jestAdapter (/Users/brianlong/Documents/GitHub/intelgraph/server/node_modules/jest-circus/build/legacy-code-todo-rewrite/jestAdapter.js:79:19)
    at runTestInternal (/Users/brianlong/Documents/GitHub/intelgraph/server/node_modules/jest-runner/build/runTest.js:367:16)
    at runTest (/Users/brianlong/Documents/GitHub/intelgraph/server/node_modules/jest-runner/build/runTest.js:444:34)
    at Object.worker (/Users/brianlong/Documents/GitHub/intelgraph/server/node_modules/jest-runner/build/testWorker.js:106:12)</failure>
    </testcase>
    <testcase classname="Entity Model System › Entity Model Service" name="should get query performance stats" time="0">
      <failure>AggregateError: 
    at /Users/brianlong/Documents/GitHub/intelgraph/server/node_modules/pg-pool/index.js:45:11
    at processTicksAndRejections (node:internal/process/task_queues:105:5)
    at connectPostgres (/Users/brianlong/Documents/GitHub/intelgraph/server/src/config/database.js:112:20)
    at Object.&lt;anonymous&gt; (/Users/brianlong/Documents/GitHub/intelgraph/server/src/tests/entityModel.test.js:13:5)</failure>
      <failure>Error: Neo4j driver not initialized
    at getNeo4jDriver (/Users/brianlong/Documents/GitHub/intelgraph/server/src/config/database.js:266:27)
    at Object.getNeo4jDriver (/Users/brianlong/Documents/GitHub/intelgraph/server/src/tests/entityModel.test.js:181:22)
    at Promise.then.completed (/Users/brianlong/Documents/GitHub/intelgraph/server/node_modules/jest-circus/build/utils.js:298:28)
    at new Promise (&lt;anonymous&gt;)
    at callAsyncCircusFn (/Users/brianlong/Documents/GitHub/intelgraph/server/node_modules/jest-circus/build/utils.js:231:10)
    at _callCircusHook (/Users/brianlong/Documents/GitHub/intelgraph/server/node_modules/jest-circus/build/run.js:281:40)
    at processTicksAndRejections (node:internal/process/task_queues:105:5)
    at _runTest (/Users/brianlong/Documents/GitHub/intelgraph/server/node_modules/jest-circus/build/run.js:254:5)
    at _runTestsForDescribeBlock (/Users/brianlong/Documents/GitHub/intelgraph/server/node_modules/jest-circus/build/run.js:126:9)
    at _runTestsForDescribeBlock (/Users/brianlong/Documents/GitHub/intelgraph/server/node_modules/jest-circus/build/run.js:121:9)
    at _runTestsForDescribeBlock (/Users/brianlong/Documents/GitHub/intelgraph/server/node_modules/jest-circus/build/run.js:121:9)
    at run (/Users/brianlong/Documents/GitHub/intelgraph/server/node_modules/jest-circus/build/run.js:71:3)
    at runAndTransformResultsToJestFormat (/Users/brianlong/Documents/GitHub/intelgraph/server/node_modules/jest-circus/build/legacy-code-todo-rewrite/jestAdapterInit.js:122:21)
    at jestAdapter (/Users/brianlong/Documents/GitHub/intelgraph/server/node_modules/jest-circus/build/legacy-code-todo-rewrite/jestAdapter.js:79:19)
    at runTestInternal (/Users/brianlong/Documents/GitHub/intelgraph/server/node_modules/jest-runner/build/runTest.js:367:16)
    at runTest (/Users/brianlong/Documents/GitHub/intelgraph/server/node_modules/jest-runner/build/runTest.js:444:34)
    at Object.worker (/Users/brianlong/Documents/GitHub/intelgraph/server/node_modules/jest-runner/build/testWorker.js:106:12)</failure>
    </testcase>
    <testcase classname="Entity Model System › Index Performance" name="should have efficient entity type queries" time="0">
      <failure>AggregateError: 
    at /Users/brianlong/Documents/GitHub/intelgraph/server/node_modules/pg-pool/index.js:45:11
    at processTicksAndRejections (node:internal/process/task_queues:105:5)
    at connectPostgres (/Users/brianlong/Documents/GitHub/intelgraph/server/src/config/database.js:112:20)
    at Object.&lt;anonymous&gt; (/Users/brianlong/Documents/GitHub/intelgraph/server/src/tests/entityModel.test.js:13:5)</failure>
    </testcase>
    <testcase classname="Entity Model System › Index Performance" name="should have efficient investigation queries" time="0">
      <failure>AggregateError: 
    at /Users/brianlong/Documents/GitHub/intelgraph/server/node_modules/pg-pool/index.js:45:11
    at processTicksAndRejections (node:internal/process/task_queues:105:5)
    at connectPostgres (/Users/brianlong/Documents/GitHub/intelgraph/server/src/config/database.js:112:20)
    at Object.&lt;anonymous&gt; (/Users/brianlong/Documents/GitHub/intelgraph/server/src/tests/entityModel.test.js:13:5)</failure>
    </testcase>
  </testsuite>
  <testsuite name="Entity Model Structure" errors="0" failures="0" skipped="0" timestamp="2025-08-14T19:30:13" time="0.049" tests="12">
    <testcase classname="Entity Model Structure › Migration System Structure" name="should have migration manager module" time="0.031">
    </testcase>
    <testcase classname="Entity Model Structure › Migration System Structure" name="should have migration files in correct format" time="0.003">
    </testcase>
    <testcase classname="Entity Model Structure › Migration System Structure" name="migration files should follow naming convention" time="0">
    </testcase>
    <testcase classname="Entity Model Structure › Entity Model Service Structure" name="should have EntityModelService class" time="0">
    </testcase>
    <testcase classname="Entity Model Structure › Entity Model Service Structure" name="should have required service methods" time="0.001">
    </testcase>
    <testcase classname="Entity Model Structure › Migration Scripts" name="should have migration CLI script" time="0.001">
    </testcase>
    <testcase classname="Entity Model Structure › Migration Scripts" name="should have npm script commands" time="0">
    </testcase>
    <testcase classname="Entity Model Structure › Migration Content Validation" name="initial migration should have comprehensive constraints" time="0.001">
    </testcase>
    <testcase classname="Entity Model Structure › Migration Content Validation" name="specialization migration should have type-specific constraints" time="0">
    </testcase>
    <testcase classname="Entity Model Structure › Entity Model Constants and Types" name="should define entity types from GraphQL schema file" time="0">
    </testcase>
    <testcase classname="Entity Model Structure › Entity Model Constants and Types" name="should define relationship types from GraphQL schema file" time="0">
    </testcase>
    <testcase classname="Entity Model Structure › Database Configuration Integration" name="should integrate migration system with database config" time="0">
    </testcase>
  </testsuite>
  <testsuite name="Entity Model Structure" errors="0" failures="0" skipped="0" timestamp="2025-08-14T19:30:13" time="0.047" tests="12">
    <testcase classname="Entity Model Structure › Migration System Structure" name="should have migration manager module" time="0.028">
    </testcase>
    <testcase classname="Entity Model Structure › Migration System Structure" name="should have migration files in correct format" time="0.002">
    </testcase>
    <testcase classname="Entity Model Structure › Migration System Structure" name="migration files should follow naming convention" time="0.003">
    </testcase>
    <testcase classname="Entity Model Structure › Entity Model Service Structure" name="should have EntityModelService class" time="0">
    </testcase>
    <testcase classname="Entity Model Structure › Entity Model Service Structure" name="should have required service methods" time="0">
    </testcase>
    <testcase classname="Entity Model Structure › Migration Scripts" name="should have migration CLI script" time="0">
    </testcase>
    <testcase classname="Entity Model Structure › Migration Scripts" name="should have npm script commands" time="0.001">
    </testcase>
    <testcase classname="Entity Model Structure › Migration Content Validation" name="initial migration should have comprehensive constraints" time="0">
    </testcase>
    <testcase classname="Entity Model Structure › Migration Content Validation" name="specialization migration should have type-specific constraints" time="0">
    </testcase>
    <testcase classname="Entity Model Structure › Entity Model Constants and Types" name="should define entity types from GraphQL schema file" time="0.001">
    </testcase>
    <testcase classname="Entity Model Structure › Entity Model Constants and Types" name="should define relationship types from GraphQL schema file" time="0">
    </testcase>
    <testcase classname="Entity Model Structure › Database Configuration Integration" name="should integrate migration system with database config" time="0">
    </testcase>
  </testsuite>
  <testsuite name="Entity Model Structure" errors="0" failures="0" skipped="0" timestamp="2025-08-14T19:30:13" time="0.069" tests="12">
    <testcase classname="Entity Model Structure › Migration System Structure" name="should have migration manager module" time="0.052">
    </testcase>
    <testcase classname="Entity Model Structure › Migration System Structure" name="should have migration files in correct format" time="0.002">
    </testcase>
    <testcase classname="Entity Model Structure › Migration System Structure" name="migration files should follow naming convention" time="0">
    </testcase>
    <testcase classname="Entity Model Structure › Entity Model Service Structure" name="should have EntityModelService class" time="0.001">
    </testcase>
    <testcase classname="Entity Model Structure › Entity Model Service Structure" name="should have required service methods" time="0">
    </testcase>
    <testcase classname="Entity Model Structure › Migration Scripts" name="should have migration CLI script" time="0.001">
    </testcase>
    <testcase classname="Entity Model Structure › Migration Scripts" name="should have npm script commands" time="0">
    </testcase>
    <testcase classname="Entity Model Structure › Migration Content Validation" name="initial migration should have comprehensive constraints" time="0">
    </testcase>
    <testcase classname="Entity Model Structure › Migration Content Validation" name="specialization migration should have type-specific constraints" time="0.001">
    </testcase>
    <testcase classname="Entity Model Structure › Entity Model Constants and Types" name="should define entity types from GraphQL schema file" time="0">
    </testcase>
    <testcase classname="Entity Model Structure › Entity Model Constants and Types" name="should define relationship types from GraphQL schema file" time="0">
    </testcase>
    <testcase classname="Entity Model Structure › Database Configuration Integration" name="should integrate migration system with database config" time="0">
    </testcase>
  </testsuite>
  <testsuite name="Notification Service - P1 Priority" errors="0" failures="0" skipped="0" timestamp="2025-08-14T19:30:14" time="0.017" tests="9">
    <testcase classname="Notification Service - P1 Priority › Notification Templates" name="should initialize all required notification templates" time="0">
    </testcase>
    <testcase classname="Notification Service - P1 Priority › Notification Templates" name="should configure template priorities correctly" time="0">
    </testcase>
    <testcase classname="Notification Service - P1 Priority › Notification Creation and Delivery" name="should create and send notifications successfully" time="0">
    </testcase>
    <testcase classname="Notification Service - P1 Priority › Notification Creation and Delivery" name="should handle multiple delivery channels" time="0.001">
    </testcase>
    <testcase classname="Notification Service - P1 Priority › Notification Creation and Delivery" name="should validate notification data before sending" time="0">
    </testcase>
    <testcase classname="Notification Service - P1 Priority › Notification Creation and Delivery" name="should handle delivery failures gracefully" time="0">
    </testcase>
    <testcase classname="Notification Service - P1 Priority › WebSocket Real-time Delivery" name="should deliver websocket notifications in real-time" time="0">
    </testcase>
    <testcase classname="Notification Service - P1 Priority › WebSocket Real-time Delivery" name="should broadcast to investigation rooms" time="0.001">
    </testcase>
    <testcase classname="Notification Service - P1 Priority › WebSocket Real-time Delivery" name="should handle user presence checking" time="0">
    </testcase>
  </testsuite>
  <testsuite name="Notification Service - P1 Priority" errors="0" failures="0" skipped="0" timestamp="2025-08-14T19:30:14" time="0.014" tests="9">
    <testcase classname="Notification Service - P1 Priority › Notification Templates" name="should initialize all required notification templates" time="0.001">
    </testcase>
    <testcase classname="Notification Service - P1 Priority › Notification Templates" name="should configure template priorities correctly" time="0">
    </testcase>
    <testcase classname="Notification Service - P1 Priority › Notification Creation and Delivery" name="should create and send notifications successfully" time="0">
    </testcase>
    <testcase classname="Notification Service - P1 Priority › Notification Creation and Delivery" name="should handle multiple delivery channels" time="0.001">
    </testcase>
    <testcase classname="Notification Service - P1 Priority › Notification Creation and Delivery" name="should validate notification data before sending" time="0">
    </testcase>
    <testcase classname="Notification Service - P1 Priority › Notification Creation and Delivery" name="should handle delivery failures gracefully" time="0">
    </testcase>
    <testcase classname="Notification Service - P1 Priority › WebSocket Real-time Delivery" name="should deliver websocket notifications in real-time" time="0">
    </testcase>
    <testcase classname="Notification Service - P1 Priority › WebSocket Real-time Delivery" name="should broadcast to investigation rooms" time="0">
    </testcase>
    <testcase classname="Notification Service - P1 Priority › WebSocket Real-time Delivery" name="should handle user presence checking" time="0">
    </testcase>
  </testsuite>
  <testsuite name="Notification Service - P1 Priority" errors="0" failures="0" skipped="0" timestamp="2025-08-14T19:30:14" time="0.015" tests="9">
    <testcase classname="Notification Service - P1 Priority › Notification Templates" name="should initialize all required notification templates" time="0.001">
    </testcase>
    <testcase classname="Notification Service - P1 Priority › Notification Templates" name="should configure template priorities correctly" time="0">
    </testcase>
    <testcase classname="Notification Service - P1 Priority › Notification Creation and Delivery" name="should create and send notifications successfully" time="0.001">
    </testcase>
    <testcase classname="Notification Service - P1 Priority › Notification Creation and Delivery" name="should handle multiple delivery channels" time="0">
    </testcase>
    <testcase classname="Notification Service - P1 Priority › Notification Creation and Delivery" name="should validate notification data before sending" time="0">
    </testcase>
    <testcase classname="Notification Service - P1 Priority › Notification Creation and Delivery" name="should handle delivery failures gracefully" time="0">
    </testcase>
    <testcase classname="Notification Service - P1 Priority › WebSocket Real-time Delivery" name="should deliver websocket notifications in real-time" time="0.001">
    </testcase>
    <testcase classname="Notification Service - P1 Priority › WebSocket Real-time Delivery" name="should broadcast to investigation rooms" time="0">
    </testcase>
    <testcase classname="Notification Service - P1 Priority › WebSocket Real-time Delivery" name="should handle user presence checking" time="0">
    </testcase>
  </testsuite>
  <testsuite name="Multimodal Data Service - P0 Critical MVP1" errors="0" failures="0" skipped="0" timestamp="2025-08-14T19:30:12" time="2.039" tests="15">
    <testcase classname="Multimodal Data Service - P0 Critical MVP1 › Media Source Management" name="should upload and register media source" time="0.001">
    </testcase>
    <testcase classname="Multimodal Data Service - P0 Critical MVP1 › Media Source Management" name="should generate unique checksum for content deduplication" time="0">
    </testcase>
    <testcase classname="Multimodal Data Service - P0 Critical MVP1 › Multimodal Entity Creation" name="should create multimodal entity with extraction context" time="0">
    </testcase>
    <testcase classname="Multimodal Data Service - P0 Critical MVP1 › Multimodal Entity Creation" name="should determine confidence levels correctly" time="0">
    </testcase>
    <testcase classname="Multimodal Data Service - P0 Critical MVP1 › Cross-Modal Matching" name="should find cross-modal matches based on similarity" time="0.001">
    </testcase>
    <testcase classname="Multimodal Data Service - P0 Critical MVP1 › Cross-Modal Matching" name="should calculate similarity between entities" time="0">
    </testcase>
    <testcase classname="Multimodal Data Service - P0 Critical MVP1 › Extraction Pipeline" name="should start extraction job for supported media types" time="0">
    </testcase>
    <testcase classname="Multimodal Data Service - P0 Critical MVP1 › Extraction Pipeline" name="should reject invalid extraction methods" time="0.009">
    </testcase>
    <testcase classname="Multimodal Data Service - P0 Critical MVP1 › Extraction Pipeline" name="should initialize extractors with correct capabilities" time="0.001">
    </testcase>
    <testcase classname="Multimodal Data Service - P0 Critical MVP1 › Multimodal Search" name="should perform multimodal search with filters" time="0">
    </testcase>
    <testcase classname="Multimodal Data Service - P0 Critical MVP1 › Quality Thresholds" name="should have appropriate quality thresholds" time="0.001">
    </testcase>
    <testcase classname="Multimodal Data Service - P0 Critical MVP1 › Levenshtein Distance" name="should calculate edit distance correctly" time="0">
    </testcase>
    <testcase classname="Multimodal Data Service - P0 Critical MVP1 › Error Handling" name="should handle database connection errors gracefully" time="0">
    </testcase>
    <testcase classname="Multimodal Data Service - P0 Critical MVP1 › Error Handling" name="should handle storage service failures" time="0">
    </testcase>
    <testcase classname="Multimodal Data Service - P0 Critical MVP1 › Processing Simulation" name="should simulate extraction for different media types" time="2.002">
    </testcase>
  </testsuite>
  <testsuite name="Plugin Service - P2 Priority" errors="0" failures="0" skipped="0" timestamp="2025-08-14T19:30:14" time="3.079" tests="40">
    <testcase classname="Plugin Service - P2 Priority › Extension Points Initialization" name="should initialize all required extension points" time="0.001">
    </testcase>
    <testcase classname="Plugin Service - P2 Priority › Extension Points Initialization" name="should configure extension point interfaces correctly" time="0">
    </testcase>
    <testcase classname="Plugin Service - P2 Priority › Extension Points Initialization" name="should define security requirements for extension points" time="0">
    </testcase>
    <testcase classname="Plugin Service - P2 Priority › Plugin Registration" name="should register valid plugins successfully" time="0.001">
    </testcase>
    <testcase classname="Plugin Service - P2 Priority › Plugin Registration" name="should validate plugin data during registration" time="0.012">
    </testcase>
    <testcase classname="Plugin Service - P2 Priority › Plugin Registration" name="should check plugin dependencies" time="0">
    </testcase>
    <testcase classname="Plugin Service - P2 Priority › Plugin Registration" name="should reject plugins with missing dependencies" time="0.001">
    </testcase>
    <testcase classname="Plugin Service - P2 Priority › Plugin Loading and Sandboxing" name="should create secure sandboxes for plugins" time="0">
    </testcase>
    <testcase classname="Plugin Service - P2 Priority › Plugin Loading and Sandboxing" name="should provide restricted API to sandboxed plugins" time="0.001">
    </testcase>
    <testcase classname="Plugin Service - P2 Priority › Plugin Loading and Sandboxing" name="should restrict API access based on permissions" time="0">
    </testcase>
    <testcase classname="Plugin Service - P2 Priority › Plugin Loading and Sandboxing" name="should validate required modules in sandbox" time="0.009">
    </testcase>
    <testcase classname="Plugin Service - P2 Priority › Plugin Lifecycle Management" name="should load plugins correctly" time="0">
    </testcase>
    <testcase classname="Plugin Service - P2 Priority › Plugin Lifecycle Management" name="should activate plugins successfully" time="0.001">
    </testcase>
    <testcase classname="Plugin Service - P2 Priority › Plugin Lifecycle Management" name="should deactivate plugins cleanly" time="0.001">
    </testcase>
    <testcase classname="Plugin Service - P2 Priority › Plugin Lifecycle Management" name="should handle plugin loading failures" time="0">
    </testcase>
    <testcase classname="Plugin Service - P2 Priority › Hook System" name="should register and execute plugin hooks" time="0.001">
    </testcase>
    <testcase classname="Plugin Service - P2 Priority › Hook System" name="should handle hook execution failures gracefully" time="0">
    </testcase>
    <testcase classname="Plugin Service - P2 Priority › Hook System" name="should respect hook priorities" time="0.001">
    </testcase>
    <testcase classname="Plugin Service - P2 Priority › Extension System" name="should register plugin extensions" time="0.001">
    </testcase>
    <testcase classname="Plugin Service - P2 Priority › Extension System" name="should execute extensions" time="0">
    </testcase>
    <testcase classname="Plugin Service - P2 Priority › Extension System" name="should validate extension permissions" time="0">
    </testcase>
    <testcase classname="Plugin Service - P2 Priority › Plugin Installation and Updates" name="should install plugin packages" time="0.001">
    </testcase>
    <testcase classname="Plugin Service - P2 Priority › Plugin Installation and Updates" name="should update existing plugins" time="0.001">
    </testcase>
    <testcase classname="Plugin Service - P2 Priority › Plugin Installation and Updates" name="should restore backup on update failure" time="0">
    </testcase>
    <testcase classname="Plugin Service - P2 Priority › Plugin Configuration" name="should save and load plugin configurations" time="0">
    </testcase>
    <testcase classname="Plugin Service - P2 Priority › Plugin Configuration" name="should handle configuration loading errors" time="0">
    </testcase>
    <testcase classname="Plugin Service - P2 Priority › Security and Access Control" name="should encrypt and decrypt plugin data" time="0">
    </testcase>
    <testcase classname="Plugin Service - P2 Priority › Security and Access Control" name="should validate plugin API access" time="0">
    </testcase>
    <testcase classname="Plugin Service - P2 Priority › Security and Access Control" name="should audit plugin security operations" time="0">
    </testcase>
    <testcase classname="Plugin Service - P2 Priority › Plugin Management API" name="should list plugins with filtering" time="0.001">
    </testcase>
    <testcase classname="Plugin Service - P2 Priority › Plugin Management API" name="should get plugin details" time="0">
    </testcase>
    <testcase classname="Plugin Service - P2 Priority › Plugin Management API" name="should remove plugins completely" time="0">
    </testcase>
    <testcase classname="Plugin Service - P2 Priority › Metrics and Monitoring" name="should track plugin system metrics" time="0.002">
    </testcase>
    <testcase classname="Plugin Service - P2 Priority › Metrics and Monitoring" name="should provide plugin performance data" time="0">
    </testcase>
    <testcase classname="Plugin Service - P2 Priority › Error Handling and Recovery" name="should handle sandbox creation failures" time="0.001">
    </testcase>
    <testcase classname="Plugin Service - P2 Priority › Error Handling and Recovery" name="should handle plugin timeout scenarios" time="3.001">
    </testcase>
    <testcase classname="Plugin Service - P2 Priority › Version Compatibility" name="should check semantic version compatibility" time="0">
    </testcase>
    <testcase classname="Plugin Service - P2 Priority › Version Compatibility" name="should handle version range specifications" time="0">
    </testcase>
    <testcase classname="Plugin Service Performance" name="should handle many plugins efficiently" time="0">
    </testcase>
    <testcase classname="Plugin Service Performance" name="should execute hooks efficiently with many plugins" time="0.012">
    </testcase>
  </testsuite>
  <testsuite name="Multimodal Data Service - P0 Critical MVP1" errors="0" failures="0" skipped="0" timestamp="2025-08-14T19:30:17" time="2.031" tests="15">
    <testcase classname="Multimodal Data Service - P0 Critical MVP1 › Media Source Management" name="should upload and register media source" time="0">
    </testcase>
    <testcase classname="Multimodal Data Service - P0 Critical MVP1 › Media Source Management" name="should generate unique checksum for content deduplication" time="0.001">
    </testcase>
    <testcase classname="Multimodal Data Service - P0 Critical MVP1 › Multimodal Entity Creation" name="should create multimodal entity with extraction context" time="0">
    </testcase>
    <testcase classname="Multimodal Data Service - P0 Critical MVP1 › Multimodal Entity Creation" name="should determine confidence levels correctly" time="0">
    </testcase>
    <testcase classname="Multimodal Data Service - P0 Critical MVP1 › Cross-Modal Matching" name="should find cross-modal matches based on similarity" time="0">
    </testcase>
    <testcase classname="Multimodal Data Service - P0 Critical MVP1 › Cross-Modal Matching" name="should calculate similarity between entities" time="0">
    </testcase>
    <testcase classname="Multimodal Data Service - P0 Critical MVP1 › Extraction Pipeline" name="should start extraction job for supported media types" time="0.001">
    </testcase>
    <testcase classname="Multimodal Data Service - P0 Critical MVP1 › Extraction Pipeline" name="should reject invalid extraction methods" time="0.009">
    </testcase>
    <testcase classname="Multimodal Data Service - P0 Critical MVP1 › Extraction Pipeline" name="should initialize extractors with correct capabilities" time="0.002">
    </testcase>
    <testcase classname="Multimodal Data Service - P0 Critical MVP1 › Multimodal Search" name="should perform multimodal search with filters" time="0">
    </testcase>
    <testcase classname="Multimodal Data Service - P0 Critical MVP1 › Quality Thresholds" name="should have appropriate quality thresholds" time="0">
    </testcase>
    <testcase classname="Multimodal Data Service - P0 Critical MVP1 › Levenshtein Distance" name="should calculate edit distance correctly" time="0">
    </testcase>
    <testcase classname="Multimodal Data Service - P0 Critical MVP1 › Error Handling" name="should handle database connection errors gracefully" time="0.001">
    </testcase>
    <testcase classname="Multimodal Data Service - P0 Critical MVP1 › Error Handling" name="should handle storage service failures" time="0">
    </testcase>
    <testcase classname="Multimodal Data Service - P0 Critical MVP1 › Processing Simulation" name="should simulate extraction for different media types" time="2.002">
    </testcase>
  </testsuite>
  <testsuite name="Simulation Engine Service - P0 Critical MVP1" errors="0" failures="0" skipped="0" timestamp="2025-08-14T19:30:19" time="1.7" tests="41">
    <testcase classname="Simulation Engine Service - P0 Critical MVP1 › Simulation Engine Initialization" name="should initialize all required simulation engines" time="0.002">
    </testcase>
    <testcase classname="Simulation Engine Service - P0 Critical MVP1 › Simulation Engine Initialization" name="should configure engine parameters correctly" time="0">
    </testcase>
    <testcase classname="Simulation Engine Service - P0 Critical MVP1 › Simulation Engine Initialization" name="should load scenario templates" time="0">
    </testcase>
    <testcase classname="Simulation Engine Service - P0 Critical MVP1 › Simulation Configuration and Validation" name="should validate simulation configuration" time="0.001">
    </testcase>
    <testcase classname="Simulation Engine Service - P0 Critical MVP1 › Simulation Configuration and Validation" name="should reject unknown engines" time="0.016">
    </testcase>
    <testcase classname="Simulation Engine Service - P0 Critical MVP1 › Simulation Configuration and Validation" name="should validate engine parameters" time="0.001">
    </testcase>
    <testcase classname="Simulation Engine Service - P0 Critical MVP1 › Simulation Configuration and Validation" name="should reject simulations with no graph data" time="0">
    </testcase>
    <testcase classname="Simulation Engine Service - P0 Critical MVP1 › Graph Data Loading" name="should load graph data from Neo4j" time="0">
    </testcase>
    <testcase classname="Simulation Engine Service - P0 Critical MVP1 › Graph Data Loading" name="should handle database connection errors" time="0">
    </testcase>
    <testcase classname="Simulation Engine Service - P0 Critical MVP1 › Simulation Execution" name="should run complete simulation successfully" time="0.001">
    </testcase>
    <testcase classname="Simulation Engine Service - P0 Critical MVP1 › Simulation Execution" name="should handle simulation initialization failure" time="0">
    </testcase>
    <testcase classname="Simulation Engine Service - P0 Critical MVP1 › Simulation Execution" name="should emit simulation lifecycle events" time="0.001">
    </testcase>
    <testcase classname="Simulation Engine Service - P0 Critical MVP1 › Network Propagation Engine" name="should simulate network propagation correctly" time="0">
    </testcase>
    <testcase classname="Simulation Engine Service - P0 Critical MVP1 › Network Propagation Engine" name="should handle convergence detection" time="0">
    </testcase>
    <testcase classname="Simulation Engine Service - P0 Critical MVP1 › Behavioral Prediction Engine" name="should generate behavioral predictions" time="0.001">
    </testcase>
    <testcase classname="Simulation Engine Service - P0 Critical MVP1 › Behavioral Prediction Engine" name="should include temporal factors in predictions" time="0">
    </testcase>
    <testcase classname="Simulation Engine Service - P0 Critical MVP1 › Risk Assessment Engine" name="should assess risk for entities" time="0">
    </testcase>
    <testcase classname="Simulation Engine Service - P0 Critical MVP1 › Risk Assessment Engine" name="should identify risk clusters" time="0.001">
    </testcase>
    <testcase classname="Simulation Engine Service - P0 Critical MVP1 › Monte Carlo Engine" name="should run Monte Carlo simulation" time="1.155">
    </testcase>
    <testcase classname="Simulation Engine Service - P0 Critical MVP1 › Monte Carlo Engine" name="should calculate statistical measures correctly" time="0.001">
    </testcase>
    <testcase classname="Simulation Engine Service - P0 Critical MVP1 › Monte Carlo Engine" name="should handle parallel execution" time="0.117">
    </testcase>
    <testcase classname="Simulation Engine Service - P0 Critical MVP1 › Event Cascade Engine" name="should simulate event cascades" time="0.002">
    </testcase>
    <testcase classname="Simulation Engine Service - P0 Critical MVP1 › Event Cascade Engine" name="should respect cascade depth limits" time="0.001">
    </testcase>
    <testcase classname="Simulation Engine Service - P0 Critical MVP1 › Resource Allocation Engine" name="should optimize resource allocation" time="0.001">
    </testcase>
    <testcase classname="Simulation Engine Service - P0 Critical MVP1 › Resource Allocation Engine" name="should track resource utilization over time" time="0.002">
    </testcase>
    <testcase classname="Simulation Engine Service - P0 Critical MVP1 › Simulation Management" name="should track active simulations" time="0">
    </testcase>
    <testcase classname="Simulation Engine Service - P0 Critical MVP1 › Simulation Management" name="should get simulation status" time="0.001">
    </testcase>
    <testcase classname="Simulation Engine Service - P0 Critical MVP1 › Simulation Management" name="should cancel running simulation" time="0.119">
    </testcase>
    <testcase classname="Simulation Engine Service - P0 Critical MVP1 › Performance Metrics" name="should track simulation metrics" time="0">
    </testcase>
    <testcase classname="Simulation Engine Service - P0 Critical MVP1 › Performance Metrics" name="should calculate success rate" time="0">
    </testcase>
    <testcase classname="Simulation Engine Service - P0 Critical MVP1 › Error Handling" name="should handle engine execution failures gracefully" time="0.001">
    </testcase>
    <testcase classname="Simulation Engine Service - P0 Critical MVP1 › Error Handling" name="should validate parameter ranges" time="0.001">
    </testcase>
    <testcase classname="Simulation Engine Service - P0 Critical MVP1 › Utility Functions" name="should calculate statistical measures correctly" time="0.001">
    </testcase>
    <testcase classname="Simulation Engine Service - P0 Critical MVP1 › Utility Functions" name="should calculate Value at Risk correctly" time="0">
    </testcase>
    <testcase classname="Simulation Engine Service - P0 Critical MVP1 › Utility Functions" name="should calculate Conditional Value at Risk correctly" time="0">
    </testcase>
    <testcase classname="Simulation Engine Service - P0 Critical MVP1 › Utility Functions" name="should create proper delay promises" time="0.102">
    </testcase>
    <testcase classname="Simulation Engine Service - P0 Critical MVP1 › Scenario Templates" name="should provide threat propagation scenario" time="0.001">
    </testcase>
    <testcase classname="Simulation Engine Service - P0 Critical MVP1 › Scenario Templates" name="should provide operational planning scenario" time="0">
    </testcase>
    <testcase classname="Simulation Engine Service - P0 Critical MVP1 › Scenario Templates" name="should provide crisis response scenario" time="0">
    </testcase>
    <testcase classname="Simulation Engine Performance - P0 Critical" name="should complete network propagation simulation within reasonable time" time="0.025">
    </testcase>
    <testcase classname="Simulation Engine Performance - P0 Critical" name="should handle Monte Carlo simulation with many iterations efficiently" time="0.118">
    </testcase>
  </testsuite>
  <testsuite name="Advanced Analytics Service - P1 Priority" errors="0" failures="0" skipped="0" timestamp="2025-08-14T19:30:21" time="1.2" tests="27">
    <testcase classname="Advanced Analytics Service - P1 Priority › ML Model Initialization" name="should initialize all required ML models" time="0.001">
    </testcase>
    <testcase classname="Advanced Analytics Service - P1 Priority › ML Model Initialization" name="should configure model parameters correctly" time="0.001">
    </testcase>
    <testcase classname="Advanced Analytics Service - P1 Priority › Anomaly Detection" name="should initialize anomaly detectors" time="0">
    </testcase>
    <testcase classname="Advanced Analytics Service - P1 Priority › Anomaly Detection" name="should configure detector thresholds" time="0">
    </testcase>
    <testcase classname="Advanced Analytics Service - P1 Priority › Link Prediction" name="should perform link prediction analysis" time="0.001">
    </testcase>
    <testcase classname="Advanced Analytics Service - P1 Priority › Link Prediction" name="should calculate link prediction features" time="0">
    </testcase>
    <testcase classname="Advanced Analytics Service - P1 Priority › Link Prediction" name="should predict link probability" time="0">
    </testcase>
    <testcase classname="Advanced Analytics Service - P1 Priority › Entity Classification" name="should classify entities using ML features" time="0">
    </testcase>
    <testcase classname="Advanced Analytics Service - P1 Priority › Entity Classification" name="should extract entity features" time="0.001">
    </testcase>
    <testcase classname="Advanced Analytics Service - P1 Priority › Entity Classification" name="should classify entity based on features" time="0">
    </testcase>
    <testcase classname="Advanced Analytics Service - P1 Priority › Behavior Prediction" name="should predict behavioral patterns" time="0">
    </testcase>
    <testcase classname="Advanced Analytics Service - P1 Priority › Behavior Prediction" name="should analyze historical patterns" time="0.001">
    </testcase>
    <testcase classname="Advanced Analytics Service - P1 Priority › Behavior Prediction" name="should predict future behavior" time="0">
    </testcase>
    <testcase classname="Advanced Analytics Service - P1 Priority › Risk Scoring" name="should calculate comprehensive risk scores" time="0">
    </testcase>
    <testcase classname="Advanced Analytics Service - P1 Priority › Risk Scoring" name="should calculate risk components" time="0">
    </testcase>
    <testcase classname="Advanced Analytics Service - P1 Priority › Community Detection" name="should detect communities in networks" time="0.001">
    </testcase>
    <testcase classname="Advanced Analytics Service - P1 Priority › Community Detection" name="should build adjacency list from edges" time="0">
    </testcase>
    <testcase classname="Advanced Analytics Service - P1 Priority › Community Detection" name="should calculate community density" time="0">
    </testcase>
    <testcase classname="Advanced Analytics Service - P1 Priority › Analytics Job Management" name="should queue and track analytics jobs" time="0">
    </testcase>
    <testcase classname="Advanced Analytics Service - P1 Priority › Analytics Job Management" name="should retrieve job status" time="0.001">
    </testcase>
    <testcase classname="Advanced Analytics Service - P1 Priority › Analytics Job Management" name="should get active jobs" time="0">
    </testcase>
    <testcase classname="Advanced Analytics Service - P1 Priority › Metrics and Performance" name="should track analytics metrics" time="0">
    </testcase>
    <testcase classname="Advanced Analytics Service - P1 Priority › Metrics and Performance" name="should calculate success rate correctly" time="0">
    </testcase>
    <testcase classname="Advanced Analytics Service - P1 Priority › Utility Functions" name="should calculate shortest path correctly" time="0">
    </testcase>
    <testcase classname="Advanced Analytics Service - P1 Priority › Utility Functions" name="should handle no path found" time="0.001">
    </testcase>
    <testcase classname="Advanced Analytics Service - P1 Priority › Utility Functions" name="should check behavior type matching" time="0">
    </testcase>
    <testcase classname="Advanced Analytics Performance" name="should handle large datasets efficiently" time="1.164">
    </testcase>
  </testsuite>
  <testsuite name="Integration Service - P2 Priority" errors="0" failures="0" skipped="0" timestamp="2025-08-14T19:30:22" time="1.149" tests="49">
    <testcase classname="Integration Service - P2 Priority › Connector Initialization" name="should initialize all enterprise connectors" time="0.002">
    </testcase>
    <testcase classname="Integration Service - P2 Priority › Connector Initialization" name="should configure connector categories correctly" time="0">
    </testcase>
    <testcase classname="Integration Service - P2 Priority › Connector Initialization" name="should define authentication methods for each connector" time="0">
    </testcase>
    <testcase classname="Integration Service - P2 Priority › Connector Initialization" name="should configure data types for each connector" time="0">
    </testcase>
    <testcase classname="Integration Service - P2 Priority › Connection Management" name="should create connections successfully" time="0.001">
    </testcase>
    <testcase classname="Integration Service - P2 Priority › Connection Management" name="should validate authentication before creating connections" time="0.014">
    </testcase>
    <testcase classname="Integration Service - P2 Priority › Connection Management" name="should reject connections with invalid connectors" time="0">
    </testcase>
    <testcase classname="Integration Service - P2 Priority › Connection Management" name="should fail connection creation on test failure" time="0.001">
    </testcase>
    <testcase classname="Integration Service - P2 Priority › Connection Management" name="should update existing connections" time="0">
    </testcase>
    <testcase classname="Integration Service - P2 Priority › Connection Management" name="should delete connections and cleanup sync jobs" time="0">
    </testcase>
    <testcase classname="Integration Service - P2 Priority › Authentication Validation" name="should validate API key authentication" time="0">
    </testcase>
    <testcase classname="Integration Service - P2 Priority › Authentication Validation" name="should validate username/password authentication" time="0">
    </testcase>
    <testcase classname="Integration Service - P2 Priority › Authentication Validation" name="should validate OAuth2 authentication" time="0">
    </testcase>
    <testcase classname="Integration Service - P2 Priority › Authentication Validation" name="should validate AWS credentials" time="0.001">
    </testcase>
    <testcase classname="Integration Service - P2 Priority › Authentication Validation" name="should reject unsupported authentication types" time="0">
    </testcase>
    <testcase classname="Integration Service - P2 Priority › Authentication Validation" name="should reject incomplete credentials" time="0">
    </testcase>
    <testcase classname="Integration Service - P2 Priority › Connection Testing" name="should test connections successfully" time="0">
    </testcase>
    <testcase classname="Integration Service - P2 Priority › Connection Testing" name="should handle connection test failures" time="0">
    </testcase>
    <testcase classname="Integration Service - P2 Priority › Connection Testing" name="should use appropriate test endpoints for each connector" time="0.001">
    </testcase>
    <testcase classname="Integration Service - P2 Priority › Data Operations" name="should execute queries on active connections" time="0">
    </testcase>
    <testcase classname="Integration Service - P2 Priority › Data Operations" name="should reject queries on inactive connections" time="0">
    </testcase>
    <testcase classname="Integration Service - P2 Priority › Data Operations" name="should handle query execution failures" time="0">
    </testcase>
    <testcase classname="Integration Service - P2 Priority › Sync Job Management" name="should create sync jobs" time="0.001">
    </testcase>
    <testcase classname="Integration Service - P2 Priority › Sync Job Management" name="should run sync jobs successfully" time="0">
    </testcase>
    <testcase classname="Integration Service - P2 Priority › Sync Job Management" name="should handle sync job failures" time="0">
    </testcase>
    <testcase classname="Integration Service - P2 Priority › Sync Job Management" name="should process scheduled syncs" time="0.002">
    </testcase>
    <testcase classname="Integration Service - P2 Priority › Webhook Management" name="should create webhooks" time="0">
    </testcase>
    <testcase classname="Integration Service - P2 Priority › Webhook Management" name="should trigger webhooks for matching events" time="0.001">
    </testcase>
    <testcase classname="Integration Service - P2 Priority › Webhook Management" name="should handle webhook delivery failures with retry" time="1.102">
    </testcase>
    <testcase classname="Integration Service - P2 Priority › Webhook Management" name="should skip disabled webhooks" time="0">
    </testcase>
    <testcase classname="Integration Service - P2 Priority › Webhook Management" name="should filter events based on webhook configuration" time="0">
    </testcase>
    <testcase classname="Integration Service - P2 Priority › Security and Encryption" name="should encrypt and decrypt credentials" time="0">
    </testcase>
    <testcase classname="Integration Service - P2 Priority › Security and Encryption" name="should generate webhook signatures" time="0.001">
    </testcase>
    <testcase classname="Integration Service - P2 Priority › Security and Encryption" name="should generate consistent signatures" time="0">
    </testcase>
    <testcase classname="Integration Service - P2 Priority › Connection Health and Metrics" name="should track connection metrics" time="0">
    </testcase>
    <testcase classname="Integration Service - P2 Priority › Connection Health and Metrics" name="should calculate connection health percentage" time="0">
    </testcase>
    <testcase classname="Integration Service - P2 Priority › Connection Health and Metrics" name="should provide connector breakdown statistics" time="0">
    </testcase>
    <testcase classname="Integration Service - P2 Priority › API Methods" name="should list connectors" time="0">
    </testcase>
    <testcase classname="Integration Service - P2 Priority › API Methods" name="should get specific connector details" time="0.001">
    </testcase>
    <testcase classname="Integration Service - P2 Priority › API Methods" name="should list connections with user filtering" time="0">
    </testcase>
    <testcase classname="Integration Service - P2 Priority › API Methods" name="should list webhooks with user filtering" time="0">
    </testcase>
    <testcase classname="Integration Service - P2 Priority › API Methods" name="should list sync jobs with connection filtering" time="0">
    </testcase>
    <testcase classname="Integration Service - P2 Priority › Error Handling" name="should handle connection not found errors" time="0">
    </testcase>
    <testcase classname="Integration Service - P2 Priority › Error Handling" name="should handle sync job not found errors" time="0">
    </testcase>
    <testcase classname="Integration Service - P2 Priority › Error Handling" name="should handle webhook not found gracefully" time="0.001">
    </testcase>
    <testcase classname="Integration Service - P2 Priority › Utility Methods" name="should calculate next run times" time="0">
    </testcase>
    <testcase classname="Integration Service - P2 Priority › Utility Methods" name="should make HTTP requests" time="0">
    </testcase>
    <testcase classname="Integration Service Performance" name="should handle many concurrent connections efficiently" time="0.001">
    </testcase>
    <testcase classname="Integration Service Performance" name="should efficiently process webhook deliveries" time="0.001">
    </testcase>
  </testsuite>
  <testsuite name="Reporting Service - P1 Priority" errors="0" failures="0" skipped="0" timestamp="2025-08-14T19:30:23" time="0.272" tests="30">
    <testcase classname="Reporting Service - P1 Priority › Report Template Management" name="should initialize all required report templates" time="0.001">
    </testcase>
    <testcase classname="Reporting Service - P1 Priority › Report Template Management" name="should configure template metadata correctly" time="0">
    </testcase>
    <testcase classname="Reporting Service - P1 Priority › Report Template Management" name="should validate template sections and parameters" time="0">
    </testcase>
    <testcase classname="Reporting Service - P1 Priority › Report Generation" name="should generate comprehensive investigation report" time="0.001">
    </testcase>
    <testcase classname="Reporting Service - P1 Priority › Report Generation" name="should handle entity analysis reports" time="0">
    </testcase>
    <testcase classname="Reporting Service - P1 Priority › Report Generation" name="should generate network analysis reports" time="0">
    </testcase>
    <testcase classname="Reporting Service - P1 Priority › Export Format Support" name="should export reports to PDF format" time="0">
    </testcase>
    <testcase classname="Reporting Service - P1 Priority › Export Format Support" name="should export reports to DOCX format" time="0.001">
    </testcase>
    <testcase classname="Reporting Service - P1 Priority › Export Format Support" name="should export reports to HTML format" time="0">
    </testcase>
    <testcase classname="Reporting Service - P1 Priority › Export Format Support" name="should export reports to JSON format" time="0">
    </testcase>
    <testcase classname="Reporting Service - P1 Priority › Export Format Support" name="should export reports to CSV format" time="0">
    </testcase>
    <testcase classname="Reporting Service - P1 Priority › Export Format Support" name="should export reports to Excel format" time="0.001">
    </testcase>
    <testcase classname="Reporting Service - P1 Priority › Advanced Export Formats" name="should export reports to PowerPoint format" time="0">
    </testcase>
    <testcase classname="Reporting Service - P1 Priority › Advanced Export Formats" name="should export reports to Gephi format" time="0">
    </testcase>
    <testcase classname="Reporting Service - P1 Priority › Report Scheduling" name="should create scheduled reports" time="0">
    </testcase>
    <testcase classname="Reporting Service - P1 Priority › Report Scheduling" name="should execute scheduled reports" time="0">
    </testcase>
    <testcase classname="Reporting Service - P1 Priority › Report Scheduling" name="should handle scheduled report failures gracefully" time="0.004">
    </testcase>
    <testcase classname="Reporting Service - P1 Priority › Report Templates and Customization" name="should allow custom template creation" time="0">
    </testcase>
    <testcase classname="Reporting Service - P1 Priority › Report Templates and Customization" name="should validate template configurations" time="0.016">
    </testcase>
    <testcase classname="Reporting Service - P1 Priority › Report Templates and Customization" name="should support template inheritance" time="0">
    </testcase>
    <testcase classname="Reporting Service - P1 Priority › Data Processing and Analysis" name="should process complex investigation data" time="0">
    </testcase>
    <testcase classname="Reporting Service - P1 Priority › Data Processing and Analysis" name="should calculate network metrics for reports" time="0.001">
    </testcase>
    <testcase classname="Reporting Service - P1 Priority › Report Management" name="should list user reports with filtering" time="0">
    </testcase>
    <testcase classname="Reporting Service - P1 Priority › Report Management" name="should delete reports and cleanup files" time="0">
    </testcase>
    <testcase classname="Reporting Service - P1 Priority › Report Management" name="should get report download URLs" time="0">
    </testcase>
    <testcase classname="Reporting Service - P1 Priority › Metrics and Analytics" name="should track reporting metrics" time="0">
    </testcase>
    <testcase classname="Reporting Service - P1 Priority › Metrics and Analytics" name="should provide usage analytics" time="0">
    </testcase>
    <testcase classname="Reporting Service - P1 Priority › Error Handling and Recovery" name="should handle data source failures gracefully" time="0.001">
    </testcase>
    <testcase classname="Reporting Service - P1 Priority › Error Handling and Recovery" name="should retry failed report generation" time="0">
    </testcase>
    <testcase classname="Reporting Service Performance" name="should handle large dataset processing efficiently" time="0">
    </testcase>
  </testsuite>
  <testsuite name="Copilot Orchestration Service - P0 Critical MVP1" errors="0" failures="0" skipped="0" timestamp="2025-08-14T19:30:14" time="10.058" tests="37">
    <testcase classname="Copilot Orchestration Service - P0 Critical MVP1 › Query Planner Initialization" name="should initialize all required query planners" time="0.001">
    </testcase>
    <testcase classname="Copilot Orchestration Service - P0 Critical MVP1 › Query Planner Initialization" name="should configure planner patterns correctly" time="0">
    </testcase>
    <testcase classname="Copilot Orchestration Service - P0 Critical MVP1 › Natural Language Query Analysis" name="should analyze entity-focused queries" time="0.001">
    </testcase>
    <testcase classname="Copilot Orchestration Service - P0 Critical MVP1 › Natural Language Query Analysis" name="should analyze relationship discovery queries" time="0">
    </testcase>
    <testcase classname="Copilot Orchestration Service - P0 Critical MVP1 › Natural Language Query Analysis" name="should analyze temporal queries" time="0">
    </testcase>
    <testcase classname="Copilot Orchestration Service - P0 Critical MVP1 › Natural Language Query Analysis" name="should classify query intents correctly" time="0.001">
    </testcase>
    <testcase classname="Copilot Orchestration Service - P0 Critical MVP1 › Natural Language Query Analysis" name="should extract keywords from query text" time="0">
    </testcase>
    <testcase classname="Copilot Orchestration Service - P0 Critical MVP1 › Natural Language Query Analysis" name="should identify query types using pattern matching" time="0">
    </testcase>
    <testcase classname="Copilot Orchestration Service - P0 Critical MVP1 › Execution Plan Generation" name="should generate entity analysis plan" time="0.001">
    </testcase>
    <testcase classname="Copilot Orchestration Service - P0 Critical MVP1 › Execution Plan Generation" name="should generate relationship discovery plan" time="0">
    </testcase>
    <testcase classname="Copilot Orchestration Service - P0 Critical MVP1 › Execution Plan Generation" name="should generate multi-source investigation plan" time="0">
    </testcase>
    <testcase classname="Copilot Orchestration Service - P0 Critical MVP1 › Execution Plan Generation" name="should handle unknown query type" time="0.011">
    </testcase>
    <testcase classname="Copilot Orchestration Service - P0 Critical MVP1 › Query Orchestration End-to-End" name="should orchestrate simple entity query" time="1.203">
    </testcase>
    <testcase classname="Copilot Orchestration Service - P0 Critical MVP1 › Query Orchestration End-to-End" name="should handle query orchestration failure" time="1.203">
    </testcase>
    <testcase classname="Copilot Orchestration Service - P0 Critical MVP1 › Query Orchestration End-to-End" name="should track active queries" time="1.201">
    </testcase>
    <testcase classname="Copilot Orchestration Service - P0 Critical MVP1 › Query Orchestration End-to-End" name="should emit query lifecycle events" time="1.202">
    </testcase>
    <testcase classname="Copilot Orchestration Service - P0 Critical MVP1 › Step Execution" name="should execute graph query steps" time="0.502">
    </testcase>
    <testcase classname="Copilot Orchestration Service - P0 Critical MVP1 › Step Execution" name="should execute multimodal search steps" time="1.504">
    </testcase>
    <testcase classname="Copilot Orchestration Service - P0 Critical MVP1 › Step Execution" name="should execute federated search steps" time="2.004">
    </testcase>
    <testcase classname="Copilot Orchestration Service - P0 Critical MVP1 › Step Execution" name="should handle step execution errors" time="0.001">
    </testcase>
    <testcase classname="Copilot Orchestration Service - P0 Critical MVP1 › Domain Knowledge and Understanding" name="should load entity type knowledge" time="0">
    </testcase>
    <testcase classname="Copilot Orchestration Service - P0 Critical MVP1 › Domain Knowledge and Understanding" name="should load relationship type knowledge" time="0.001">
    </testcase>
    <testcase classname="Copilot Orchestration Service - P0 Critical MVP1 › Domain Knowledge and Understanding" name="should extract entity mentions from text" time="0">
    </testcase>
    <testcase classname="Copilot Orchestration Service - P0 Critical MVP1 › Domain Knowledge and Understanding" name="should extract relationship mentions" time="0.001">
    </testcase>
    <testcase classname="Copilot Orchestration Service - P0 Critical MVP1 › Domain Knowledge and Understanding" name="should extract temporal scope from queries" time="0">
    </testcase>
    <testcase classname="Copilot Orchestration Service - P0 Critical MVP1 › Domain Knowledge and Understanding" name="should extract spatial scope from queries" time="0">
    </testcase>
    <testcase classname="Copilot Orchestration Service - P0 Critical MVP1 › Query Complexity and Confidence Calculation" name="should calculate query complexity correctly" time="0.001">
    </testcase>
    <testcase classname="Copilot Orchestration Service - P0 Critical MVP1 › Query Complexity and Confidence Calculation" name="should calculate analysis confidence" time="0">
    </testcase>
    <testcase classname="Copilot Orchestration Service - P0 Critical MVP1 › Results Processing and Insights" name="should merge step results correctly" time="0">
    </testcase>
    <testcase classname="Copilot Orchestration Service - P0 Critical MVP1 › Results Processing and Insights" name="should generate query summary" time="0.001">
    </testcase>
    <testcase classname="Copilot Orchestration Service - P0 Critical MVP1 › Results Processing and Insights" name="should generate insights from results" time="0">
    </testcase>
    <testcase classname="Copilot Orchestration Service - P0 Critical MVP1 › Performance Metrics" name="should track orchestration metrics" time="0">
    </testcase>
    <testcase classname="Copilot Orchestration Service - P0 Critical MVP1 › Performance Metrics" name="should calculate success rate correctly" time="0.001">
    </testcase>
    <testcase classname="Copilot Orchestration Service - P0 Critical MVP1 › Performance Metrics" name="should update execution time metrics" time="0">
    </testcase>
    <testcase classname="Copilot Orchestration Service - P0 Critical MVP1 › Query Management" name="should get query status" time="0">
    </testcase>
    <testcase classname="Copilot Orchestration Service - P0 Critical MVP1 › Query Management" name="should cancel active query" time="1.202">
    </testcase>
    <testcase classname="Copilot Orchestration Service - P0 Critical MVP1 › Query Management" name="should return false for cancelling non-existent query" time="0.001">
    </testcase>
  </testsuite>
  <testsuite name="Enterprise Security Service - P1 Priority" errors="0" failures="0" skipped="0" timestamp="2025-08-14T19:30:23" time="0.202" tests="31">
    <testcase classname="Enterprise Security Service - P1 Priority › RBAC System Initialization" name="should initialize all system permissions" time="0.001">
    </testcase>
    <testcase classname="Enterprise Security Service - P1 Priority › RBAC System Initialization" name="should initialize system roles with correct permissions" time="0">
    </testcase>
    <testcase classname="Enterprise Security Service - P1 Priority › RBAC System Initialization" name="should configure role hierarchy correctly" time="0">
    </testcase>
    <testcase classname="Enterprise Security Service - P1 Priority › Authentication System" name="should authenticate valid user credentials" time="0.003">
    </testcase>
    <testcase classname="Enterprise Security Service - P1 Priority › Authentication System" name="should reject invalid credentials" time="0.013">
    </testcase>
    <testcase classname="Enterprise Security Service - P1 Priority › Authentication System" name="should enforce rate limiting" time="0">
    </testcase>
    <testcase classname="Enterprise Security Service - P1 Priority › Authentication System" name="should reject disabled accounts" time="0">
    </testcase>
    <testcase classname="Enterprise Security Service - P1 Priority › Session Management" name="should create secure sessions" time="0.001">
    </testcase>
    <testcase classname="Enterprise Security Service - P1 Priority › Session Management" name="should verify valid sessions" time="0">
    </testcase>
    <testcase classname="Enterprise Security Service - P1 Priority › Session Management" name="should reject expired sessions" time="0">
    </testcase>
    <testcase classname="Enterprise Security Service - P1 Priority › Session Management" name="should handle idle timeout" time="0">
    </testcase>
    <testcase classname="Enterprise Security Service - P1 Priority › Permission System" name="should grant access with valid permissions" time="0.001">
    </testcase>
    <testcase classname="Enterprise Security Service - P1 Priority › Permission System" name="should deny access without required permissions" time="0">
    </testcase>
    <testcase classname="Enterprise Security Service - P1 Priority › Permission System" name="should deny access to higher classification data" time="0">
    </testcase>
    <testcase classname="Enterprise Security Service - P1 Priority › User Management" name="should create new users with proper validation" time="0.046">
    </testcase>
    <testcase classname="Enterprise Security Service - P1 Priority › User Management" name="should validate user data before creation" time="0">
    </testcase>
    <testcase classname="Enterprise Security Service - P1 Priority › User Management" name="should validate password strength" time="0.001">
    </testcase>
    <testcase classname="Enterprise Security Service - P1 Priority › Audit Logging" name="should log security events with required fields" time="0">
    </testcase>
    <testcase classname="Enterprise Security Service - P1 Priority › Audit Logging" name="should determine compliance flags correctly" time="0">
    </testcase>
    <testcase classname="Enterprise Security Service - P1 Priority › Audit Logging" name="should track metrics for audit events" time="0">
    </testcase>
    <testcase classname="Enterprise Security Service - P1 Priority › API Token Management" name="should generate secure API tokens" time="0.034">
    </testcase>
    <testcase classname="Enterprise Security Service - P1 Priority › API Token Management" name="should verify valid API tokens" time="0.04">
    </testcase>
    <testcase classname="Enterprise Security Service - P1 Priority › API Token Management" name="should reject expired API tokens" time="0">
    </testcase>
    <testcase classname="Enterprise Security Service - P1 Priority › Compliance Reporting" name="should generate SOC2 compliance reports" time="0.001">
    </testcase>
    <testcase classname="Enterprise Security Service - P1 Priority › Compliance Reporting" name="should calculate compliance scores accurately" time="0">
    </testcase>
    <testcase classname="Enterprise Security Service - P1 Priority › Security Monitoring" name="should detect brute force attacks" time="0">
    </testcase>
    <testcase classname="Enterprise Security Service - P1 Priority › Security Monitoring" name="should trigger security alerts for violations" time="0">
    </testcase>
    <testcase classname="Enterprise Security Service - P1 Priority › Metrics and Performance" name="should track security metrics accurately" time="0.001">
    </testcase>
    <testcase classname="Enterprise Security Service - P1 Priority › Metrics and Performance" name="should calculate success rate correctly" time="0">
    </testcase>
    <testcase classname="Enterprise Security Service - P1 Priority › Email Validation" name="should validate email addresses correctly" time="0">
    </testcase>
    <testcase classname="Enterprise Security Service - P1 Priority › Time Parsing" name="should parse time strings correctly" time="0">
    </testcase>
  </testsuite>
  <testsuite name="Mobile Service - P2 Priority" errors="0" failures="0" skipped="0" timestamp="2025-08-14T19:30:24" time="0.058" tests="39">
    <testcase classname="Mobile Service - P2 Priority › Mobile Client Registration" name="should register mobile clients successfully" time="0.001">
    </testcase>
    <testcase classname="Mobile Service - P2 Priority › Mobile Client Registration" name="should initialize offline data for new clients" time="0">
    </testcase>
    <testcase classname="Mobile Service - P2 Priority › Mobile Client Registration" name="should handle device token mapping" time="0.001">
    </testcase>
    <testcase classname="Mobile Service - P2 Priority › Offline Data Management" name="should provide offline investigations data" time="0">
    </testcase>
    <testcase classname="Mobile Service - P2 Priority › Offline Data Management" name="should provide lightweight entity data" time="0">
    </testcase>
    <testcase classname="Mobile Service - P2 Priority › Offline Data Management" name="should provide offline notifications" time="0.001">
    </testcase>
    <testcase classname="Mobile Service - P2 Priority › Offline Data Management" name="should provide user settings" time="0">
    </testcase>
    <testcase classname="Mobile Service - P2 Priority › Sync Operations" name="should handle full sync requests" time="0">
    </testcase>
    <testcase classname="Mobile Service - P2 Priority › Sync Operations" name="should handle incremental sync requests" time="0">
    </testcase>
    <testcase classname="Mobile Service - P2 Priority › Sync Operations" name="should process offline operations during sync" time="0.001">
    </testcase>
    <testcase classname="Mobile Service - P2 Priority › Sync Operations" name="should optimize changes for mobile consumption" time="0">
    </testcase>
    <testcase classname="Mobile Service - P2 Priority › Sync Operations" name="should handle sync failures gracefully" time="0.008">
    </testcase>
    <testcase classname="Mobile Service - P2 Priority › Offline Operations Processing" name="should process entity creation operations" time="0.001">
    </testcase>
    <testcase classname="Mobile Service - P2 Priority › Offline Operations Processing" name="should handle invalid operations gracefully" time="0">
    </testcase>
    <testcase classname="Mobile Service - P2 Priority › Offline Operations Processing" name="should process multiple operation types" time="0">
    </testcase>
    <testcase classname="Mobile Service - P2 Priority › Mobile-Optimized API Endpoints" name="should provide investigation summaries" time="0">
    </testcase>
    <testcase classname="Mobile Service - P2 Priority › Mobile-Optimized API Endpoints" name="should provide lightweight entity data" time="0.001">
    </testcase>
    <testcase classname="Mobile Service - P2 Priority › Mobile-Optimized API Endpoints" name="should provide mobile-optimized notifications" time="0">
    </testcase>
    <testcase classname="Mobile Service - P2 Priority › Push Notification Support" name="should send push notifications to mobile devices" time="0">
    </testcase>
    <testcase classname="Mobile Service - P2 Priority › Push Notification Support" name="should customize notifications for iOS platform" time="0">
    </testcase>
    <testcase classname="Mobile Service - P2 Priority › Push Notification Support" name="should customize notifications for Android platform" time="0.001">
    </testcase>
    <testcase classname="Mobile Service - P2 Priority › Push Notification Support" name="should handle push notification failures" time="0">
    </testcase>
    <testcase classname="Mobile Service - P2 Priority › Mobile Client Management" name="should update mobile client information" time="0">
    </testcase>
    <testcase classname="Mobile Service - P2 Priority › Mobile Client Management" name="should deregister mobile clients" time="0">
    </testcase>
    <testcase classname="Mobile Service - P2 Priority › Background Sync and Cleanup" name="should perform background sync for clients" time="0.001">
    </testcase>
    <testcase classname="Mobile Service - P2 Priority › Background Sync and Cleanup" name="should skip background sync for disabled clients" time="0">
    </testcase>
    <testcase classname="Mobile Service - P2 Priority › Background Sync and Cleanup" name="should clean up expired sync data" time="0">
    </testcase>
    <testcase classname="Mobile Service - P2 Priority › Helper Methods" name="should generate current sync version" time="0">
    </testcase>
    <testcase classname="Mobile Service - P2 Priority › Helper Methods" name="should get appropriate notification icons" time="0">
    </testcase>
    <testcase classname="Mobile Service - P2 Priority › Helper Methods" name="should detect important changes" time="0">
    </testcase>
    <testcase classname="Mobile Service - P2 Priority › Helper Methods" name="should calculate unread notification count" time="0.001">
    </testcase>
    <testcase classname="Mobile Service - P2 Priority › Analytics and Metrics" name="should track mobile service metrics" time="0">
    </testcase>
    <testcase classname="Mobile Service - P2 Priority › Analytics and Metrics" name="should provide platform breakdown" time="0">
    </testcase>
    <testcase classname="Mobile Service - P2 Priority › Analytics and Metrics" name="should calculate average sync interval" time="0">
    </testcase>
    <testcase classname="Mobile Service - P2 Priority › Error Handling" name="should handle client not found errors" time="0.004">
    </testcase>
    <testcase classname="Mobile Service - P2 Priority › Error Handling" name="should handle push notification errors gracefully" time="0">
    </testcase>
    <testcase classname="Mobile Service - P2 Priority › Error Handling" name="should handle background sync failures" time="0.001">
    </testcase>
    <testcase classname="Mobile Service Performance" name="should handle many concurrent sync operations" time="0">
    </testcase>
    <testcase classname="Mobile Service Performance" name="should efficiently manage large offline datasets" time="0.017">
    </testcase>
  </testsuite>
  <testsuite name="Entity Model Structure" errors="0" failures="0" skipped="0" timestamp="2025-08-14T19:30:24" time="0.097" tests="12">
    <testcase classname="Entity Model Structure › Migration System Structure" name="should have migration manager module" time="0.073">
    </testcase>
    <testcase classname="Entity Model Structure › Migration System Structure" name="should have migration files in correct format" time="0.003">
    </testcase>
    <testcase classname="Entity Model Structure › Migration System Structure" name="migration files should follow naming convention" time="0">
    </testcase>
    <testcase classname="Entity Model Structure › Entity Model Service Structure" name="should have EntityModelService class" time="0.001">
    </testcase>
    <testcase classname="Entity Model Structure › Entity Model Service Structure" name="should have required service methods" time="0">
    </testcase>
    <testcase classname="Entity Model Structure › Migration Scripts" name="should have migration CLI script" time="0.001">
    </testcase>
    <testcase classname="Entity Model Structure › Migration Scripts" name="should have npm script commands" time="0">
    </testcase>
    <testcase classname="Entity Model Structure › Migration Content Validation" name="initial migration should have comprehensive constraints" time="0.001">
    </testcase>
    <testcase classname="Entity Model Structure › Migration Content Validation" name="specialization migration should have type-specific constraints" time="0">
    </testcase>
    <testcase classname="Entity Model Structure › Entity Model Constants and Types" name="should define entity types from GraphQL schema file" time="0">
    </testcase>
    <testcase classname="Entity Model Structure › Entity Model Constants and Types" name="should define relationship types from GraphQL schema file" time="0">
    </testcase>
    <testcase classname="Entity Model Structure › Database Configuration Integration" name="should integrate migration system with database config" time="0.001">
    </testcase>
  </testsuite>
  <testsuite name="Docker Security Configuration" errors="0" failures="0" skipped="0" timestamp="2025-08-14T19:30:24" time="0.02" tests="14">
    <testcase classname="Docker Security Configuration › Dockerfile Security" name="Dockerfile.secure should implement security best practices" time="0.001">
    </testcase>
    <testcase classname="Docker Security Configuration › Dockerfile Security" name="production Dockerfile should be secure" time="0">
    </testcase>
    <testcase classname="Docker Security Configuration › Docker Compose Security" name="docker-compose.secure.yml should implement security hardening" time="0">
    </testcase>
    <testcase classname="Docker Security Configuration › Docker Compose Security" name="volumes should have security mount options" time="0.001">
    </testcase>
    <testcase classname="Docker Security Configuration › Nginx Security Configuration" name="nginx-secure.conf should implement security headers" time="0">
    </testcase>
    <testcase classname="Docker Security Configuration › Nginx Security Configuration" name="security-headers.conf should have comprehensive headers" time="0.001">
    </testcase>
    <testcase classname="Docker Security Configuration › Falco Security Rules" name="Falco rules should monitor IntelGraph containers" time="0.001">
    </testcase>
    <testcase classname="Docker Security Configuration › Security Scripts" name="docker-security-audit.sh should be executable and comprehensive" time="0">
    </testcase>
    <testcase classname="Docker Security Configuration › Security Scripts" name="generate-secrets.sh should create secure secrets" time="0.001">
    </testcase>
    <testcase classname="Docker Security Configuration › Package.json Security Scripts" name="should have Docker security npm scripts" time="0">
    </testcase>
    <testcase classname="Docker Security Configuration › Security Best Practices" name="should use secure secrets management in secure configurations" time="0.001">
    </testcase>
    <testcase classname="Docker Security Configuration › Security Best Practices" name="should have proper .dockerignore" time="0">
    </testcase>
    <testcase classname="Docker Security Configuration › Security Best Practices" name="should use proper file structure for security" time="0">
    </testcase>
    <testcase classname="Docker Security Configuration › Security Documentation" name="should have security documentation" time="0">
    </testcase>
  </testsuite>
  <testsuite name="Notification Service - P1 Priority" errors="0" failures="0" skipped="0" timestamp="2025-08-14T19:30:24" time="0.015" tests="9">
    <testcase classname="Notification Service - P1 Priority › Notification Templates" name="should initialize all required notification templates" time="0.001">
    </testcase>
    <testcase classname="Notification Service - P1 Priority › Notification Templates" name="should configure template priorities correctly" time="0">
    </testcase>
    <testcase classname="Notification Service - P1 Priority › Notification Creation and Delivery" name="should create and send notifications successfully" time="0">
    </testcase>
    <testcase classname="Notification Service - P1 Priority › Notification Creation and Delivery" name="should handle multiple delivery channels" time="0.001">
    </testcase>
    <testcase classname="Notification Service - P1 Priority › Notification Creation and Delivery" name="should validate notification data before sending" time="0">
    </testcase>
    <testcase classname="Notification Service - P1 Priority › Notification Creation and Delivery" name="should handle delivery failures gracefully" time="0">
    </testcase>
    <testcase classname="Notification Service - P1 Priority › WebSocket Real-time Delivery" name="should deliver websocket notifications in real-time" time="0">
    </testcase>
    <testcase classname="Notification Service - P1 Priority › WebSocket Real-time Delivery" name="should broadcast to investigation rooms" time="0">
    </testcase>
    <testcase classname="Notification Service - P1 Priority › WebSocket Real-time Delivery" name="should handle user presence checking" time="0">
    </testcase>
  </testsuite>
  <testsuite name="AI Extraction Service - P0 Critical MVP1" errors="0" failures="4" skipped="0" timestamp="2025-08-14T19:29:11" time="77.591" tests="24">
    <testcase classname="AI Extraction Service - P0 Critical MVP1 › Pipeline Initialization" name="should initialize all required extraction pipelines" time="0.001">
    </testcase>
    <testcase classname="AI Extraction Service - P0 Critical MVP1 › Pipeline Initialization" name="should configure pipeline capabilities correctly" time="0.001">
    </testcase>
    <testcase classname="AI Extraction Service - P0 Critical MVP1 › Job Submission and Queue Management" name="should queue extraction job successfully" time="0">
    </testcase>
    <testcase classname="AI Extraction Service - P0 Critical MVP1 › Job Submission and Queue Management" name="should handle concurrent job submissions" time="0">
    </testcase>
    <testcase classname="AI Extraction Service - P0 Critical MVP1 › Job Submission and Queue Management" name="should enforce maximum concurrent jobs limit" time="0">
    </testcase>
    <testcase classname="AI Extraction Service - P0 Critical MVP1 › Text Processing Pipelines" name="should extract entities from text using spaCy pipeline" time="0.502">
    </testcase>
    <testcase classname="AI Extraction Service - P0 Critical MVP1 › Text Processing Pipelines" name="should extract entities using Transformers pipeline" time="2.002">
    </testcase>
    <testcase classname="AI Extraction Service - P0 Critical MVP1 › Computer Vision Pipeline" name="should extract entities from images" time="3.001">
    </testcase>
    <testcase classname="AI Extraction Service - P0 Critical MVP1 › Computer Vision Pipeline" name="should detect vehicles in images" time="3.002">
    </testcase>
    <testcase classname="AI Extraction Service - P0 Critical MVP1 › OCR Pipeline" name="should extract text and entities from images using OCR" time="4.002">
    </testcase>
    <testcase classname="AI Extraction Service - P0 Critical MVP1 › Speech-to-Text Pipeline" name="should extract entities from audio transcription" time="8.002">
    </testcase>
    <testcase classname="AI Extraction Service - P0 Critical MVP1 › Hybrid AI Pipeline" name="should combine multiple extraction methods" time="21.005">
    </testcase>
    <testcase classname="AI Extraction Service - P0 Critical MVP1 › Hybrid AI Pipeline" name="should boost confidence for consensus entities" time="0.001">
    </testcase>
    <testcase classname="AI Extraction Service - P0 Critical MVP1 › Processing Loop and Job Execution" name="should execute extraction job with proper lifecycle" time="30.004">
      <failure>Error: thrown: &quot;Exceeded timeout of 30000 ms for a test.
Add a timeout value to this test to increase the timeout, if this is a long-running test. See https://jestjs.io/docs/api#testname-fn-timeout.&quot;
    at test (/Users/brianlong/Documents/GitHub/intelgraph/server/src/tests/aiExtraction.test.js:293:5)
    at _dispatchDescribe (/Users/brianlong/Documents/GitHub/intelgraph/server/node_modules/jest-circus/build/index.js:91:26)
    at describe (/Users/brianlong/Documents/GitHub/intelgraph/server/node_modules/jest-circus/build/index.js:55:5)
    at describe (/Users/brianlong/Documents/GitHub/intelgraph/server/src/tests/aiExtraction.test.js:292:3)
    at _dispatchDescribe (/Users/brianlong/Documents/GitHub/intelgraph/server/node_modules/jest-circus/build/index.js:91:26)
    at describe (/Users/brianlong/Documents/GitHub/intelgraph/server/node_modules/jest-circus/build/index.js:55:5)
    at Object.describe (/Users/brianlong/Documents/GitHub/intelgraph/server/src/tests/aiExtraction.test.js:8:1)
    at Runtime._execModule (/Users/brianlong/Documents/GitHub/intelgraph/server/node_modules/jest-runtime/build/index.js:1439:24)
    at Runtime._loadModule (/Users/brianlong/Documents/GitHub/intelgraph/server/node_modules/jest-runtime/build/index.js:1022:12)
    at Runtime.requireModule (/Users/brianlong/Documents/GitHub/intelgraph/server/node_modules/jest-runtime/build/index.js:882:12)
    at jestAdapter (/Users/brianlong/Documents/GitHub/intelgraph/server/node_modules/jest-circus/build/legacy-code-todo-rewrite/jestAdapter.js:77:13)
    at processTicksAndRejections (node:internal/process/task_queues:105:5)
    at runTestInternal (/Users/brianlong/Documents/GitHub/intelgraph/server/node_modules/jest-runner/build/runTest.js:367:16)
    at runTest (/Users/brianlong/Documents/GitHub/intelgraph/server/node_modules/jest-runner/build/runTest.js:444:34)
    at Object.worker (/Users/brianlong/Documents/GitHub/intelgraph/server/node_modules/jest-runner/build/testWorker.js:106:12)</failure>
    </testcase>
    <testcase classname="AI Extraction Service - P0 Critical MVP1 › Processing Loop and Job Execution" name="should handle job failures gracefully" time="2.002">
      <failure>TypeError: Cannot read properties of null (reading &apos;status&apos;)
    at Object.status (/Users/brianlong/Documents/GitHub/intelgraph/server/src/tests/aiExtraction.test.js:351:24)</failure>
    </testcase>
    <testcase classname="AI Extraction Service - P0 Critical MVP1 › Performance Metrics" name="should track extraction metrics accurately" time="1.503">
    </testcase>
    <testcase classname="AI Extraction Service - P0 Critical MVP1 › Performance Metrics" name="should calculate success rate correctly" time="0">
    </testcase>
    <testcase classname="AI Extraction Service - P0 Critical MVP1 › Performance Metrics" name="should track entities and relationships extracted" time="0">
    </testcase>
    <testcase classname="AI Extraction Service - P0 Critical MVP1 › Entity Similarity and Fusion" name="should identify similar entities correctly" time="0">
    </testcase>
    <testcase classname="AI Extraction Service - P0 Critical MVP1 › Entity Similarity and Fusion" name="should calculate string similarity accurately" time="0.001">
    </testcase>
    <testcase classname="AI Extraction Service - P0 Critical MVP1 › Entity Similarity and Fusion" name="should group similar entities for fusion" time="0">
    </testcase>
    <testcase classname="AI Extraction Service - P0 Critical MVP1 › Error Handling and Validation" name="should validate extraction methods" time="0.001">
      <failure>Error: expect(received).toContain(expected) // indexOf

Expected value: &quot;Unknown extraction method: NONEXISTENT_METHOD&quot;
Received array: []
    at Object.toContain (/Users/brianlong/Documents/GitHub/intelgraph/server/src/tests/aiExtraction.test.js:431:28)
    at runNextTicks (node:internal/process/task_queues:65:5)
    at processTimers (node:internal/timers:540:9)</failure>
    </testcase>
    <testcase classname="AI Extraction Service - P0 Critical MVP1 › Error Handling and Validation" name="should handle media source not found" time="1.001">
      <failure>TypeError: Cannot read properties of null (reading &apos;status&apos;)
    at Object.status (/Users/brianlong/Documents/GitHub/intelgraph/server/src/tests/aiExtraction.test.js:449:24)</failure>
    </testcase>
    <testcase classname="AI Extraction Service - P0 Critical MVP1 › Event Emission" name="should emit job lifecycle events" time="1.503">
    </testcase>
  </testsuite>
  <testsuite name="AI Extraction Service - P0 Critical MVP1" errors="0" failures="4" skipped="0" timestamp="2025-08-14T19:29:21" time="77.606" tests="24">
    <testcase classname="AI Extraction Service - P0 Critical MVP1 › Pipeline Initialization" name="should initialize all required extraction pipelines" time="0.002">
    </testcase>
    <testcase classname="AI Extraction Service - P0 Critical MVP1 › Pipeline Initialization" name="should configure pipeline capabilities correctly" time="0">
    </testcase>
    <testcase classname="AI Extraction Service - P0 Critical MVP1 › Job Submission and Queue Management" name="should queue extraction job successfully" time="0.001">
    </testcase>
    <testcase classname="AI Extraction Service - P0 Critical MVP1 › Job Submission and Queue Management" name="should handle concurrent job submissions" time="0">
    </testcase>
    <testcase classname="AI Extraction Service - P0 Critical MVP1 › Job Submission and Queue Management" name="should enforce maximum concurrent jobs limit" time="0">
    </testcase>
    <testcase classname="AI Extraction Service - P0 Critical MVP1 › Text Processing Pipelines" name="should extract entities from text using spaCy pipeline" time="0.502">
    </testcase>
    <testcase classname="AI Extraction Service - P0 Critical MVP1 › Text Processing Pipelines" name="should extract entities using Transformers pipeline" time="2.003">
    </testcase>
    <testcase classname="AI Extraction Service - P0 Critical MVP1 › Computer Vision Pipeline" name="should extract entities from images" time="3.003">
    </testcase>
    <testcase classname="AI Extraction Service - P0 Critical MVP1 › Computer Vision Pipeline" name="should detect vehicles in images" time="3.003">
    </testcase>
    <testcase classname="AI Extraction Service - P0 Critical MVP1 › OCR Pipeline" name="should extract text and entities from images using OCR" time="4.004">
    </testcase>
    <testcase classname="AI Extraction Service - P0 Critical MVP1 › Speech-to-Text Pipeline" name="should extract entities from audio transcription" time="8.002">
    </testcase>
    <testcase classname="AI Extraction Service - P0 Critical MVP1 › Hybrid AI Pipeline" name="should combine multiple extraction methods" time="21.005">
    </testcase>
    <testcase classname="AI Extraction Service - P0 Critical MVP1 › Hybrid AI Pipeline" name="should boost confidence for consensus entities" time="0.001">
    </testcase>
    <testcase classname="AI Extraction Service - P0 Critical MVP1 › Processing Loop and Job Execution" name="should execute extraction job with proper lifecycle" time="30.003">
      <failure>Error: thrown: &quot;Exceeded timeout of 30000 ms for a test.
Add a timeout value to this test to increase the timeout, if this is a long-running test. See https://jestjs.io/docs/api#testname-fn-timeout.&quot;
    at test (/Users/brianlong/Documents/GitHub/intelgraph/server/src/tests/aiExtraction.test.js:293:5)
    at _dispatchDescribe (/Users/brianlong/Documents/GitHub/intelgraph/server/node_modules/jest-circus/build/index.js:91:26)
    at describe (/Users/brianlong/Documents/GitHub/intelgraph/server/node_modules/jest-circus/build/index.js:55:5)
    at describe (/Users/brianlong/Documents/GitHub/intelgraph/server/src/tests/aiExtraction.test.js:292:3)
    at _dispatchDescribe (/Users/brianlong/Documents/GitHub/intelgraph/server/node_modules/jest-circus/build/index.js:91:26)
    at describe (/Users/brianlong/Documents/GitHub/intelgraph/server/node_modules/jest-circus/build/index.js:55:5)
    at Object.describe (/Users/brianlong/Documents/GitHub/intelgraph/server/src/tests/aiExtraction.test.js:8:1)
    at Runtime._execModule (/Users/brianlong/Documents/GitHub/intelgraph/server/node_modules/jest-runtime/build/index.js:1439:24)
    at Runtime._loadModule (/Users/brianlong/Documents/GitHub/intelgraph/server/node_modules/jest-runtime/build/index.js:1022:12)
    at Runtime.requireModule (/Users/brianlong/Documents/GitHub/intelgraph/server/node_modules/jest-runtime/build/index.js:882:12)
    at jestAdapter (/Users/brianlong/Documents/GitHub/intelgraph/server/node_modules/jest-circus/build/legacy-code-todo-rewrite/jestAdapter.js:77:13)
    at processTicksAndRejections (node:internal/process/task_queues:105:5)
    at runTestInternal (/Users/brianlong/Documents/GitHub/intelgraph/server/node_modules/jest-runner/build/runTest.js:367:16)
    at runTest (/Users/brianlong/Documents/GitHub/intelgraph/server/node_modules/jest-runner/build/runTest.js:444:34)
    at Object.worker (/Users/brianlong/Documents/GitHub/intelgraph/server/node_modules/jest-runner/build/testWorker.js:106:12)</failure>
    </testcase>
    <testcase classname="AI Extraction Service - P0 Critical MVP1 › Processing Loop and Job Execution" name="should handle job failures gracefully" time="2.001">
      <failure>TypeError: Cannot read properties of null (reading &apos;status&apos;)
    at Object.status (/Users/brianlong/Documents/GitHub/intelgraph/server/src/tests/aiExtraction.test.js:351:24)</failure>
    </testcase>
    <testcase classname="AI Extraction Service - P0 Critical MVP1 › Performance Metrics" name="should track extraction metrics accurately" time="1.504">
    </testcase>
    <testcase classname="AI Extraction Service - P0 Critical MVP1 › Performance Metrics" name="should calculate success rate correctly" time="0.001">
    </testcase>
    <testcase classname="AI Extraction Service - P0 Critical MVP1 › Performance Metrics" name="should track entities and relationships extracted" time="0">
    </testcase>
    <testcase classname="AI Extraction Service - P0 Critical MVP1 › Entity Similarity and Fusion" name="should identify similar entities correctly" time="0.001">
    </testcase>
    <testcase classname="AI Extraction Service - P0 Critical MVP1 › Entity Similarity and Fusion" name="should calculate string similarity accurately" time="0.001">
    </testcase>
    <testcase classname="AI Extraction Service - P0 Critical MVP1 › Entity Similarity and Fusion" name="should group similar entities for fusion" time="0.001">
    </testcase>
    <testcase classname="AI Extraction Service - P0 Critical MVP1 › Error Handling and Validation" name="should validate extraction methods" time="0.002">
      <failure>Error: expect(received).toContain(expected) // indexOf

Expected value: &quot;Unknown extraction method: NONEXISTENT_METHOD&quot;
Received array: []
    at Object.toContain (/Users/brianlong/Documents/GitHub/intelgraph/server/src/tests/aiExtraction.test.js:431:28)
    at runNextTicks (node:internal/process/task_queues:65:5)
    at processTimers (node:internal/timers:540:9)</failure>
    </testcase>
    <testcase classname="AI Extraction Service - P0 Critical MVP1 › Error Handling and Validation" name="should handle media source not found" time="1.001">
      <failure>TypeError: Cannot read properties of null (reading &apos;status&apos;)
    at Object.status (/Users/brianlong/Documents/GitHub/intelgraph/server/src/tests/aiExtraction.test.js:449:24)</failure>
    </testcase>
    <testcase classname="AI Extraction Service - P0 Critical MVP1 › Event Emission" name="should emit job lifecycle events" time="1.503">
    </testcase>
  </testsuite>
</testsuites>